#
# A fatal error has been detected by the Java Runtime Environment:
#
#  EXCEPTION_ACCESS_VIOLATION (0xc0000005) at pc=0x00007ffa16fcc2c4, pid=16860, tid=21700
#
# JRE version: OpenJDK Runtime Environment (22.0.1+8) (build 22.0.1+8-16)
# Java VM: OpenJDK 64-Bit Server VM (22.0.1+8-16, mixed mode, sharing, tiered, compressed oops, compressed class ptrs, g1 gc, windows-amd64)
# Problematic frame:
# C  [cyjagent.dll+0xc2c4]
#
# No core dump will be written. Minidumps are not enabled by default on client versions of Windows
#
# If you would like to submit a bug report, please visit:
#   https://bugreport.java.com/bugreport/crash.jsp
# The crash happened outside the Java Virtual Machine in native code.
# See problematic frame for where to report the bug.
#

---------------  S U M M A R Y ------------

Command Line: -javaagent:C:\Program Files\JetBrains\IntelliJ IDEA Community Edition 2024.1.1\lib\idea_rt.jar=64313:C:\Program Files\JetBrains\IntelliJ IDEA Community Edition 2024.1.1\bin -Dfile.encoding=UTF-8 -Dsun.stdout.encoding=UTF-8 -Dsun.stderr.encoding=UTF-8 -agentpath:C:\Program Files\Palo Alto Networks\Traps\cyjagent.dll LatestTest

Host: 13th Gen Intel(R) Core(TM) i5-1335U, 12 cores, 15G,  Windows 10 , 64 bit Build 19041 (10.0.19041.3636)
Time: Wed Jul 17 15:21:27 2024 India Standard Time elapsed time: 0.134191 seconds (0d 0h 0m 0s)

---------------  T H R E A D  ---------------

Current thread (0x00000212da268b90):  JavaThread "Monitor Ctrl-Break" daemon [_thread_in_native, id=21700, stack(0x000000f574100000,0x000000f574200000) (1024K)]

Stack: [0x000000f574100000,0x000000f574200000],  sp=0x000000f5741fe560,  free space=1017k
Native frames: (J=compiled Java code, j=interpreted, Vv=VM code, C=native code)
C  [cyjagent.dll+0xc2c4]  (no source info available)
V  [jvm.dll+0x5a820e]  (no source info available)
V  [jvm.dll+0x59f7d2]  (no source info available)
V  [jvm.dll+0x59f8cb]  (no source info available)
V  [jvm.dll+0x5c4590]  (no source info available)
V  [jvm.dll+0x21cc6a]  (no source info available)
V  [jvm.dll+0x7eb6dc]  (no source info available)
V  [jvm.dll+0x7ec776]  (no source info available)
V  [jvm.dll+0x7ecd84]  (no source info available)
V  [jvm.dll+0x7eca08]  (no source info available)
V  [jvm.dll+0x26d79b]  (no source info available)
V  [jvm.dll+0x26d9ca]  (no source info available)
V  [jvm.dll+0x5e7d27]  (no source info available)
V  [jvm.dll+0x5ead26]  (no source info available)
V  [jvm.dll+0x3dd89d]  (no source info available)
V  [jvm.dll+0x3dce9d]  (no source info available)
C  0x0000021287549991  (no source info available)

The last pc belongs to invokestatic (printed below).
Java frames: (J=compiled Java code, j=interpreted, Vv=VM code)
j  sun.nio.ch.NioSocketImpl.create(Z)V+66 java.base@22.0.1
j  java.net.DelegatingSocketImpl.create(Z)V+5 java.base@22.0.1
j  java.net.Socket.<init>(Ljava/net/SocketAddress;Ljava/net/SocketAddress;Z)V+28 java.base@22.0.1
j  java.net.Socket.<init>(Ljava/lang/String;I)V+34 java.base@22.0.1
j  com.intellij.rt.execution.application.AppMainV2$1.run()V+10
v  ~StubRoutines::call_stub 0x000002128753100d

siginfo: EXCEPTION_ACCESS_VIOLATION (0xc0000005), reading address 0x0000000000000000


Registers:
RAX=0x0000000000000000, RBX=0x00000212da268f50, RCX=0x0000000000000000, RDX=0x00000212f2c65fa0
RSP=0x000000f5741fe560, RBP=0x00000212f4d1f8d0, RSI=0x0000000000000000, RDI=0x00000212da12a508
R8 =0x000000f5741fe3a8, R9 =0x00000212f4d1f8d0, R10=0x0000000000000000, R11=0x0000000000000246
R12=0x00000212da12a508, R13=0x00000212da125c00, R14=0x00000212da268b90, R15=0x0000000000000000
RIP=0x00007ffa16fcc2c4, EFLAGS=0x0000000000010202


Register to memory mapping:

RAX=0x0 is null
RBX=0x00000212da268f50 points into unknown readable memory: 0x00007ff9bc10dac0 | c0 da 10 bc f9 7f 00 00
RCX=0x0 is null
RDX=0x00000212f2c65fa0 points into unknown readable memory: 0x00000212da268b90 | 90 8b 26 da 12 02 00 00
RSP=0x000000f5741fe560 is pointing into the stack for thread: 0x00000212da268b90
RBP=0x00000212f4d1f8d0 points into unknown readable memory: 0x00000212f4c96ec0 | c0 6e c9 f4 12 02 00 00
RSI=0x0 is null
RDI=0x00000212da12a508 points into unknown readable memory: 0x2f6f696e2f6e7573 | 73 75 6e 2f 6e 69 6f 2f
R8 =0x000000f5741fe3a8 is pointing into the stack for thread: 0x00000212da268b90
R9 =0x00000212f4d1f8d0 points into unknown readable memory: 0x00000212f4c96ec0 | c0 6e c9 f4 12 02 00 00
R10=0x0 is null
R11=0x0000000000000246 is an unknown value
R12=0x00000212da12a508 points into unknown readable memory: 0x2f6f696e2f6e7573 | 73 75 6e 2f 6e 69 6f 2f
R13=0x00000212da125c00 points into unknown readable memory: 0x0000000000000000 | 00 00 00 00 00 00 00 00
R14=0x00000212da268b90 is a thread
R15=0x0 is null

Top of Stack: (sp=0x000000f5741fe560)
0x000000f5741fe560:   00000212da12a508 00000212da268f50
0x000000f5741fe570:   000000000000001c 000000070000001c
0x000000f5741fe580:   0000000000000000 00000000ffffffff
0x000000f5741fe590:   00000212fefcb5c8 00000212f4d1f8d0
0x000000f5741fe5a0:   000000000000000e 000000f5741fe780
0x000000f5741fe5b0:   00000212f52da6a0 0000000000000000
0x000000f5741fe5c0:   000000f5741fe7b8 00007ff9bbad820e
0x000000f5741fe5d0:   00000212f52da6a0 0000000000000000
0x000000f5741fe5e0:   000000f5741fe780 ffffffff00000000
0x000000f5741fe5f0:   00000212da12a508 0000000000000000
0x000000f5741fe600:   00007ff9000048c2 00000212da125c10
0x000000f5741fe610:   000000f5741fe708 000000f5741fe628
0x000000f5741fe620:   0000000000000000 0000000000000000
0x000000f5741fe630:   0000000000000000 00000212da20ffd0
0x000000f5741fe640:   00000212da20ffd0 00000212da125c00
0x000000f5741fe650:   00000212da12a518 00000212da12dbe8
0x000000f5741fe660:   00000000000083b0 00000212da268b90
0x000000f5741fe670:   00000212da268b90 00000212da20fdd0
0x000000f5741fe680:   00000212da083820 00000212da083838
0x000000f5741fe690:   00000212da083908 00000000000000d8
0x000000f5741fe6a0:   000000f5741fe898 000000f5741fe7a0
0x000000f5741fe6b0:   0000000000000070 00000212da125c00
0x000000f5741fe6c0:   0000000000000004 00000212f52da6a0
0x000000f5741fe6d0:   000000f5741fe780 00000212da20ffd0
0x000000f5741fe6e0:   0000000000000020 00007ff9bbacf7d2
0x000000f5741fe6f0:   00000212da037b01 0000021200000002
0x000000f5741fe700:   00000212d60b0201 0000021200000000
0x000000f5741fe710:   00000212da20ffd0 00000212fefcb5c8
0x000000f5741fe720:   000000f5741feb40 00000212da037b50
0x000000f5741fe730:   0000000000000000 00007ff9bbacf8cb
0x000000f5741fe740:   000000f5741fe848 0000000000000000
0x000000f5741fe750:   00000212da125c00 00000212da037b50 

Instructions: (pc=0x00007ffa16fcc2c4)
0x00007ffa16fcc1c4:   00 00 03 72 2d 44 8b ce 48 8d 05 3d df 01 00 ba
0x00007ffa16fcc1d4:   2f 00 00 00 4e 8b 0c c8 48 8b 89 10 03 00 00 4c
0x00007ffa16fcc1e4:   8d 05 56 de 01 00 e8 51 4f ff ff 48 8b 0d ea 37
0x00007ffa16fcc1f4:   02 00 48 3b cb 74 68 f6 81 1c 03 00 00 10 74 5f
0x00007ffa16fcc204:   80 b9 19 03 00 00 02 72 56 4c 8b 8c 24 90 00 00
0x00007ffa16fcc214:   00 4c 8d 05 24 de 01 00 48 8b 89 10 03 00 00 ba
0x00007ffa16fcc224:   31 00 00 00 e8 13 4f ff ff eb 34 49 8b 0f 4c 8b
0x00007ffa16fcc234:   c3 48 8b d6 e8 f3 63 00 00 48 8b 84 24 b0 00 00
0x00007ffa16fcc244:   00 89 18 48 8b 0d 7a 4b 02 00 4c 8b c6 33 d2 ff
0x00007ffa16fcc254:   15 a7 4f 01 00 eb 08 a8 02 75 04 c6 47 40 01 b8
0x00007ffa16fcc264:   ff ff ff ff f0 0f c1 47 10 4c 8b b4 24 88 00 00
0x00007ffa16fcc274:   00 83 f8 01 75 42 48 8b 4f 18 48 81 c1 70 01 00
0x00007ffa16fcc284:   00 ff 15 1d 50 01 00 48 8b 0f 48 8b 47 08 48 89
0x00007ffa16fcc294:   08 48 89 41 08 48 8b 4f 18 48 81 c1 70 01 00 00
0x00007ffa16fcc2a4:   ff 15 06 50 01 00 48 8b 0d 17 4b 02 00 4c 8b c7
0x00007ffa16fcc2b4:   33 d2 ff 15 44 4f 01 00 48 8b 4d 20 48 8b 55 10
0x00007ffa16fcc2c4:   48 8b 01 48 8b 80 08 01 00 00 ff 15 0c 50 01 00
0x00007ffa16fcc2d4:   85 c0 74 40 48 8b 0d 01 37 02 00 48 8d 15 fa 36
0x00007ffa16fcc2e4:   02 00 48 3b ca 74 2d f6 81 1c 03 00 00 10 74 24
0x00007ffa16fcc2f4:   80 b9 19 03 00 00 03 72 1b 48 8b 89 10 03 00 00
0x00007ffa16fcc304:   4c 8d 05 35 dd 01 00 ba 15 00 00 00 44 8b c8 e8
0x00007ffa16fcc314:   68 4d ff ff 48 8b 6c 24 78 48 8b b4 24 80 00 00
0x00007ffa16fcc324:   00 48 83 c4 50 41 5f 5f 5b c3 cc cc 40 57 48 83
0x00007ffa16fcc334:   ec 30 f6 81 78 01 00 00 04 48 8b f9 0f 85 87 02
0x00007ffa16fcc344:   00 00 48 89 5c 24 40 45 33 c9 48 89 6c 24 48 33
0x00007ffa16fcc354:   d2 48 89 74 24 50 48 8b 71 20 45 8d 41 32 48 8b
0x00007ffa16fcc364:   ce 48 8b 06 48 8b 40 08 ff 15 6e 4f 01 00 48 8d
0x00007ffa16fcc374:   2d 67 36 02 00 85 c0 74 37 48 8b 0d 5c 36 02 00
0x00007ffa16fcc384:   48 3b cd 74 2b f6 81 1c 03 00 00 10 74 22 80 b9
0x00007ffa16fcc394:   19 03 00 00 02 72 19 48 8b 89 10 03 00 00 ba 11
0x00007ffa16fcc3a4:   00 00 00 89 44 24 20 44 8d 4a 21 e8 7c dc ff ff
0x00007ffa16fcc3b4:   48 8b 06 45 33 c9 33 d2 48 8b ce 48 8b 40 08 45 


Stack slot to memory mapping:

stack at sp + 0 slots: 0x00000212da12a508 points into unknown readable memory: 0x2f6f696e2f6e7573 | 73 75 6e 2f 6e 69 6f 2f
stack at sp + 1 slots: 0x00000212da268f50 points into unknown readable memory: 0x00007ff9bc10dac0 | c0 da 10 bc f9 7f 00 00
stack at sp + 2 slots: 0x000000000000001c is an unknown value
stack at sp + 3 slots: 0x000000070000001c is an unknown value
stack at sp + 4 slots: 0x0 is null
stack at sp + 5 slots: 0x00000000ffffffff is an unknown value
stack at sp + 6 slots: 0x00000212fefcb5c8 points into unknown readable memory: 0x7573000e3a75ffff | ff ff 75 3a 0e 00 73 75
stack at sp + 7 slots: 0x00000212f4d1f8d0 points into unknown readable memory: 0x00000212f4c96ec0 | c0 6e c9 f4 12 02 00 00

invokestatic  184 invokestatic  [0x00000212875498e0, 0x0000021287549bc0]  736 bytes
[MachCode]
  0x00000212875498e0: 4883 ec08 | c5fa 1104 | 24eb 1f48 | 83ec 10c5 | fb11 0424 | eb14 4883 | ec10 4889 | 0424 48c7 
  0x0000021287549900: 4424 0800 | 0000 00eb | 0150 488b | 4dd0 410f | b755 0148 | 8b49 306b | d218 488d | 4c11 080f 
  0x0000021287549920: b659 1681 | fbb8 0000 | 000f 84bd | 0000 00bb | b800 0000 | e805 0000 | 00e9 9900 | 0000 488b 
  0x0000021287549940: d348 8d44 | 2408 4c89 | 6dc0 498b | cfc5 f877 | 4989 afb0 | 0300 0049 | 8987 a003 | 0000 4883 
  0x0000021287549960: ec20 40f6 | c40f 0f84 | 1900 0000 | 4883 ec08 | 48b8 30ce | 90bb f97f | 0000 ffd0 | 4883 c408 
  0x0000021287549980: e90c 0000 | 0048 b830 | ce90 bbf9 | 7f00 00ff | d048 83c4 | 2049 c787 | a003 0000 | 0000 0000 
  0x00000212875499a0: 49c7 87b0 | 0300 0000 | 0000 0049 | c787 a803 | 0000 0000 | 0000 c5f8 | 7749 837f | 0800 0f84 
  0x00000212875499c0: 0500 0000 | e937 75fe | ff4c 8b6d | c04c 8b75 | c84e 8d74 | f500 c348 | 8b4d d041 | 0fb7 5501 
  0x00000212875499e0: 488b 4930 | 6bd2 1848 | 8d4c 1108 | 488b 1948 | 8b5b 0848 | 8b5b 0848 | 8b5b 1880 | bb20 0100 
  0x0000021287549a00: 0005 0f84 | 0d00 0000 | 4c3b bb30 | 0100 000f | 851a ffff | ff0f b651 | 1548 8b19 | 4c89 6dc0 
  0x0000021287549a20: 448b ea0f | b651 1449 | ba00 b91a | bcf9 7f00 | 0049 8b14 | d252 418b | d54c 8b6d | c048 8b45 
  0x0000021287549a40: d848 85c0 | 0f84 1200 | 0000 4883 | 4008 0148 | 8358 0800 | 4883 c010 | 4889 45d8 | 488b 45d8 
  0x0000021287549a60: 4885 c00f | 843d 0100 | 0080 78f0 | 0a0f 8533 | 0100 0048 | 83c0 084c | 8b68 f841 | 83ed 0041 
  0x0000021287549a80: 83fd 020f | 8c12 0100 | 004c 8b6b | 0845 0fb7 | 6d2e 4c2b | 2841 83ed | 014e 8b6c | ec08 4d85 
  0x0000021287549aa0: ed75 0ef6 | 4008 0175 | 58f0 4883 | 4808 01eb | 5045 8b6d | 0849 ba00 | 0000 9512 | 0200 004d 
  0x0000021287549ac0: 03ea 4d8b | d54c 3368 | 0849 f7c5 | fcff ffff | 742f 41f6 | c502 7529 | 4883 7808 | 0074 1e48 
  0x0000021287549ae0: 8378 0801 | 7417 4d8b | ea4c 3368 | 0849 f7c5 | fcff ffff | 740b 4883 | 4808 02eb | 044c 8968 
  0x0000021287549b00: 0848 83c0 | 104c 8b68 | e841 83ed | 0241 83fd | 020f 8c84 | 0000 004c | 8b6b 0845 | 0fb7 6d2e 
  0x0000021287549b20: 4c2b 2841 | 83ed 014e | 8b6c ec08 | 4d85 ed75 | 0ef6 4008 | 0175 58f0 | 4883 4808 | 01eb 5045 
  0x0000021287549b40: 8b6d 0849 | ba00 0000 | 9512 0200 | 004d 03ea | 4d8b d54c | 3368 0849 | f7c5 fcff | ffff 742f 
  0x0000021287549b60: 41f6 c502 | 7529 4883 | 7808 0074 | 1e48 8378 | 0801 7417 | 4d8b ea4c | 3368 0849 | f7c5 fcff 
  0x0000021287549b80: ffff 740b | 4883 4808 | 02eb 044c | 8968 0848 | 83c0 104c | 8b68 d841 | 83ed 0441 | c1e5 0349 
  0x0000021287549ba0: 03c5 4889 | 45d8 4c8d | 6c24 0849 | 8bcd 482b | cd48 c1f9 | 0348 894d | f0ff 6350 | 0f1f 4000 
[/MachCode]

---------------  P R O C E S S  ---------------

Threads class SMR info:
_java_thread_list=0x00000212da01a660, length=10, elements={
0x00000212da016dc0, 0x00000212da017a80, 0x00000212da0249e0, 0x00000212da025850,
0x00000212da0266d0, 0x00000212da027c80, 0x00000212da02ab50, 0x00000212da13b080,
0x00000212da268b90, 0x00000212da2b5ec0
}

Java Threads: ( => current thread )
  0x00000212da016dc0 JavaThread "Reference Handler"          daemon [_thread_blocked, id=24528, stack(0x000000f573800000,0x000000f573900000) (1024K)]
  0x00000212da017a80 JavaThread "Finalizer"                  daemon [_thread_blocked, id=17548, stack(0x000000f573900000,0x000000f573a00000) (1024K)]
  0x00000212da0249e0 JavaThread "Attach Listener"            daemon [_thread_blocked, id=24716, stack(0x000000f573b00000,0x000000f573c00000) (1024K)]
  0x00000212da025850 JavaThread "Service Thread"             daemon [_thread_blocked, id=23448, stack(0x000000f573c00000,0x000000f573d00000) (1024K)]
  0x00000212da0266d0 JavaThread "Monitor Deflation Thread"   daemon [_thread_blocked, id=18236, stack(0x000000f573d00000,0x000000f573e00000) (1024K)]
  0x00000212da027c80 JavaThread "C2 CompilerThread0"         daemon [_thread_blocked, id=17560, stack(0x000000f573e00000,0x000000f573f00000) (1024K)]
  0x00000212da02ab50 JavaThread "C1 CompilerThread0"         daemon [_thread_blocked, id=11156, stack(0x000000f573f00000,0x000000f574000000) (1024K)]
  0x00000212da13b080 JavaThread "Common-Cleaner"             daemon [_thread_blocked, id=25012, stack(0x000000f574000000,0x000000f574100000) (1024K)]
=>0x00000212da268b90 JavaThread "Monitor Ctrl-Break"         daemon [_thread_in_native, id=21700, stack(0x000000f574100000,0x000000f574200000) (1024K)]
  0x00000212da2b5ec0 JavaThread "Notification Thread"        daemon [_thread_blocked, id=24884, stack(0x000000f574200000,0x000000f574300000) (1024K)]
Total: 10

Other Threads:
  0x00000212ff0c3110 VMThread "VM Thread"                           [id=20744, stack(0x000000f573700000,0x000000f573800000) (1024K)] _threads_hazard_ptr=0x00000212da01a660
  0x00000212f5352ff0 WorkerThread "GC Thread#0"                     [id=18976, stack(0x000000f573100000,0x000000f573200000) (1024K)]
  0x00000212f5363940 ConcurrentGCThread "G1 Main Marker"            terminated
  0x00000212f5364510 WorkerThread "G1 Conc#0"                       [id=16596, stack(0x000000f573300000,0x000000f573400000) (1024K)]
  0x00000212fef735e0 ConcurrentGCThread "G1 Refine#0"               terminated
  0x00000212fef73f70 ConcurrentGCThread "G1 Service"                terminated
Total: 6

Threads with active compile tasks:
Total: 0

VM state: at safepoint (normal execution)

VM Mutex/Monitor currently owned by a thread:  ([mutex/lock_event])
[0x00007ff9bc19bbb8] Threads_lock - owner thread: 0x00000212ff0c3110
[0x00007ff9bc19bcb8] Heap_lock - owner thread: 0x00000212f52e8bf0

Heap address: 0x0000000705a00000, size: 4006 MB, Compressed Oops mode: Zero based, Oop shift amount: 3

CDS archive(s) mapped at: [0x0000021295000000-0x0000021295c50000-0x0000021295c50000), size 12910592, SharedBaseAddress: 0x0000021295000000, ArchiveRelocationMode: 1.
Compressed class space mapped at: 0x0000021296000000-0x00000212d6000000, reserved size: 1073741824
Narrow klass base: 0x0000021295000000, Narrow klass shift: 0, Narrow klass range: 0x41000000

GC Precious Log:
 CardTable entry size: 512
 Card Set container configuration: InlinePtr #cards 4 size 8 Array Of Cards #cards 16 size 48 Howl #buckets 8 coarsen threshold 3686 Howl Bitmap #cards 512 size 80 coarsen threshold 460 Card regions per heap region 1 cards per card region 4096
 CPUs: 12 total, 12 available
 Memory: 16016M
 Large Page Support: Disabled
 NUMA Support: Disabled
 Compressed Oops: Enabled (Zero based)
 Heap Region Size: 2M
 Heap Min Capacity: 8M
 Heap Initial Capacity: 252M
 Heap Max Capacity: 4006M
 Pre-touch: Disabled
 Parallel Workers: 10
 Concurrent Workers: 3
 Concurrent Refinement Workers: 10
 Periodic GC: Disabled

Heap:
 garbage-first heap   total reserved 4102144K, committed 258048K, used 4096K [0x0000000705a00000, 0x0000000800000000)
  region size 2048K, 3 young (6144K), 0 survivors (0K)
 Metaspace       used 796K, committed 960K, reserved 1114112K
  class space    used 45K, committed 128K, reserved 1048576K

Heap Regions: E=young(eden), S=young(survivor), O=old, HS=humongous(starts), HC=humongous(continues), CS=collection set, F=free, TAMS=top-at-mark-start, PB=parsable bottom
|   0|0x0000000705a00000, 0x0000000705a00000, 0x0000000705c00000|  0%| F|  |TAMS 0x0000000705a00000| PB 0x0000000705a00000| Untracked |  0
|   1|0x0000000705c00000, 0x0000000705c00000, 0x0000000705e00000|  0%| F|  |TAMS 0x0000000705c00000| PB 0x0000000705c00000| Untracked |  0
|   2|0x0000000705e00000, 0x0000000705e00000, 0x0000000706000000|  0%| F|  |TAMS 0x0000000705e00000| PB 0x0000000705e00000| Untracked |  0
|   3|0x0000000706000000, 0x0000000706000000, 0x0000000706200000|  0%| F|  |TAMS 0x0000000706000000| PB 0x0000000706000000| Untracked |  0
|   4|0x0000000706200000, 0x0000000706200000, 0x0000000706400000|  0%| F|  |TAMS 0x0000000706200000| PB 0x0000000706200000| Untracked |  0
|   5|0x0000000706400000, 0x0000000706400000, 0x0000000706600000|  0%| F|  |TAMS 0x0000000706400000| PB 0x0000000706400000| Untracked |  0
|   6|0x0000000706600000, 0x0000000706600000, 0x0000000706800000|  0%| F|  |TAMS 0x0000000706600000| PB 0x0000000706600000| Untracked |  0
|   7|0x0000000706800000, 0x0000000706800000, 0x0000000706a00000|  0%| F|  |TAMS 0x0000000706800000| PB 0x0000000706800000| Untracked |  0
|   8|0x0000000706a00000, 0x0000000706a00000, 0x0000000706c00000|  0%| F|  |TAMS 0x0000000706a00000| PB 0x0000000706a00000| Untracked |  0
|   9|0x0000000706c00000, 0x0000000706c00000, 0x0000000706e00000|  0%| F|  |TAMS 0x0000000706c00000| PB 0x0000000706c00000| Untracked |  0
|  10|0x0000000706e00000, 0x0000000706e00000, 0x0000000707000000|  0%| F|  |TAMS 0x0000000706e00000| PB 0x0000000706e00000| Untracked |  0
|  11|0x0000000707000000, 0x0000000707000000, 0x0000000707200000|  0%| F|  |TAMS 0x0000000707000000| PB 0x0000000707000000| Untracked |  0
|  12|0x0000000707200000, 0x0000000707200000, 0x0000000707400000|  0%| F|  |TAMS 0x0000000707200000| PB 0x0000000707200000| Untracked |  0
|  13|0x0000000707400000, 0x0000000707400000, 0x0000000707600000|  0%| F|  |TAMS 0x0000000707400000| PB 0x0000000707400000| Untracked |  0
|  14|0x0000000707600000, 0x0000000707600000, 0x0000000707800000|  0%| F|  |TAMS 0x0000000707600000| PB 0x0000000707600000| Untracked |  0
|  15|0x0000000707800000, 0x0000000707800000, 0x0000000707a00000|  0%| F|  |TAMS 0x0000000707800000| PB 0x0000000707800000| Untracked |  0
|  16|0x0000000707a00000, 0x0000000707a00000, 0x0000000707c00000|  0%| F|  |TAMS 0x0000000707a00000| PB 0x0000000707a00000| Untracked |  0
|  17|0x0000000707c00000, 0x0000000707c00000, 0x0000000707e00000|  0%| F|  |TAMS 0x0000000707c00000| PB 0x0000000707c00000| Untracked |  0
|  18|0x0000000707e00000, 0x0000000707e00000, 0x0000000708000000|  0%| F|  |TAMS 0x0000000707e00000| PB 0x0000000707e00000| Untracked |  0
|  19|0x0000000708000000, 0x0000000708000000, 0x0000000708200000|  0%| F|  |TAMS 0x0000000708000000| PB 0x0000000708000000| Untracked |  0
|  20|0x0000000708200000, 0x0000000708200000, 0x0000000708400000|  0%| F|  |TAMS 0x0000000708200000| PB 0x0000000708200000| Untracked |  0
|  21|0x0000000708400000, 0x0000000708400000, 0x0000000708600000|  0%| F|  |TAMS 0x0000000708400000| PB 0x0000000708400000| Untracked |  0
|  22|0x0000000708600000, 0x0000000708600000, 0x0000000708800000|  0%| F|  |TAMS 0x0000000708600000| PB 0x0000000708600000| Untracked |  0
|  23|0x0000000708800000, 0x0000000708800000, 0x0000000708a00000|  0%| F|  |TAMS 0x0000000708800000| PB 0x0000000708800000| Untracked |  0
|  24|0x0000000708a00000, 0x0000000708a00000, 0x0000000708c00000|  0%| F|  |TAMS 0x0000000708a00000| PB 0x0000000708a00000| Untracked |  0
|  25|0x0000000708c00000, 0x0000000708c00000, 0x0000000708e00000|  0%| F|  |TAMS 0x0000000708c00000| PB 0x0000000708c00000| Untracked |  0
|  26|0x0000000708e00000, 0x0000000708e00000, 0x0000000709000000|  0%| F|  |TAMS 0x0000000708e00000| PB 0x0000000708e00000| Untracked |  0
|  27|0x0000000709000000, 0x0000000709000000, 0x0000000709200000|  0%| F|  |TAMS 0x0000000709000000| PB 0x0000000709000000| Untracked |  0
|  28|0x0000000709200000, 0x0000000709200000, 0x0000000709400000|  0%| F|  |TAMS 0x0000000709200000| PB 0x0000000709200000| Untracked |  0
|  29|0x0000000709400000, 0x0000000709400000, 0x0000000709600000|  0%| F|  |TAMS 0x0000000709400000| PB 0x0000000709400000| Untracked |  0
|  30|0x0000000709600000, 0x0000000709600000, 0x0000000709800000|  0%| F|  |TAMS 0x0000000709600000| PB 0x0000000709600000| Untracked |  0
|  31|0x0000000709800000, 0x0000000709800000, 0x0000000709a00000|  0%| F|  |TAMS 0x0000000709800000| PB 0x0000000709800000| Untracked |  0
|  32|0x0000000709a00000, 0x0000000709a00000, 0x0000000709c00000|  0%| F|  |TAMS 0x0000000709a00000| PB 0x0000000709a00000| Untracked |  0
|  33|0x0000000709c00000, 0x0000000709c00000, 0x0000000709e00000|  0%| F|  |TAMS 0x0000000709c00000| PB 0x0000000709c00000| Untracked |  0
|  34|0x0000000709e00000, 0x0000000709e00000, 0x000000070a000000|  0%| F|  |TAMS 0x0000000709e00000| PB 0x0000000709e00000| Untracked |  0
|  35|0x000000070a000000, 0x000000070a000000, 0x000000070a200000|  0%| F|  |TAMS 0x000000070a000000| PB 0x000000070a000000| Untracked |  0
|  36|0x000000070a200000, 0x000000070a200000, 0x000000070a400000|  0%| F|  |TAMS 0x000000070a200000| PB 0x000000070a200000| Untracked |  0
|  37|0x000000070a400000, 0x000000070a400000, 0x000000070a600000|  0%| F|  |TAMS 0x000000070a400000| PB 0x000000070a400000| Untracked |  0
|  38|0x000000070a600000, 0x000000070a600000, 0x000000070a800000|  0%| F|  |TAMS 0x000000070a600000| PB 0x000000070a600000| Untracked |  0
|  39|0x000000070a800000, 0x000000070a800000, 0x000000070aa00000|  0%| F|  |TAMS 0x000000070a800000| PB 0x000000070a800000| Untracked |  0
|  40|0x000000070aa00000, 0x000000070aa00000, 0x000000070ac00000|  0%| F|  |TAMS 0x000000070aa00000| PB 0x000000070aa00000| Untracked |  0
|  41|0x000000070ac00000, 0x000000070ac00000, 0x000000070ae00000|  0%| F|  |TAMS 0x000000070ac00000| PB 0x000000070ac00000| Untracked |  0
|  42|0x000000070ae00000, 0x000000070ae00000, 0x000000070b000000|  0%| F|  |TAMS 0x000000070ae00000| PB 0x000000070ae00000| Untracked |  0
|  43|0x000000070b000000, 0x000000070b000000, 0x000000070b200000|  0%| F|  |TAMS 0x000000070b000000| PB 0x000000070b000000| Untracked |  0
|  44|0x000000070b200000, 0x000000070b200000, 0x000000070b400000|  0%| F|  |TAMS 0x000000070b200000| PB 0x000000070b200000| Untracked |  0
|  45|0x000000070b400000, 0x000000070b400000, 0x000000070b600000|  0%| F|  |TAMS 0x000000070b400000| PB 0x000000070b400000| Untracked |  0
|  46|0x000000070b600000, 0x000000070b600000, 0x000000070b800000|  0%| F|  |TAMS 0x000000070b600000| PB 0x000000070b600000| Untracked |  0
|  47|0x000000070b800000, 0x000000070b800000, 0x000000070ba00000|  0%| F|  |TAMS 0x000000070b800000| PB 0x000000070b800000| Untracked |  0
|  48|0x000000070ba00000, 0x000000070ba00000, 0x000000070bc00000|  0%| F|  |TAMS 0x000000070ba00000| PB 0x000000070ba00000| Untracked |  0
|  49|0x000000070bc00000, 0x000000070bc00000, 0x000000070be00000|  0%| F|  |TAMS 0x000000070bc00000| PB 0x000000070bc00000| Untracked |  0
|  50|0x000000070be00000, 0x000000070be00000, 0x000000070c000000|  0%| F|  |TAMS 0x000000070be00000| PB 0x000000070be00000| Untracked |  0
|  51|0x000000070c000000, 0x000000070c000000, 0x000000070c200000|  0%| F|  |TAMS 0x000000070c000000| PB 0x000000070c000000| Untracked |  0
|  52|0x000000070c200000, 0x000000070c200000, 0x000000070c400000|  0%| F|  |TAMS 0x000000070c200000| PB 0x000000070c200000| Untracked |  0
|  53|0x000000070c400000, 0x000000070c400000, 0x000000070c600000|  0%| F|  |TAMS 0x000000070c400000| PB 0x000000070c400000| Untracked |  0
|  54|0x000000070c600000, 0x000000070c600000, 0x000000070c800000|  0%| F|  |TAMS 0x000000070c600000| PB 0x000000070c600000| Untracked |  0
|  55|0x000000070c800000, 0x000000070c800000, 0x000000070ca00000|  0%| F|  |TAMS 0x000000070c800000| PB 0x000000070c800000| Untracked |  0
|  56|0x000000070ca00000, 0x000000070ca00000, 0x000000070cc00000|  0%| F|  |TAMS 0x000000070ca00000| PB 0x000000070ca00000| Untracked |  0
|  57|0x000000070cc00000, 0x000000070cc00000, 0x000000070ce00000|  0%| F|  |TAMS 0x000000070cc00000| PB 0x000000070cc00000| Untracked |  0
|  58|0x000000070ce00000, 0x000000070ce00000, 0x000000070d000000|  0%| F|  |TAMS 0x000000070ce00000| PB 0x000000070ce00000| Untracked |  0
|  59|0x000000070d000000, 0x000000070d000000, 0x000000070d200000|  0%| F|  |TAMS 0x000000070d000000| PB 0x000000070d000000| Untracked |  0
|  60|0x000000070d200000, 0x000000070d200000, 0x000000070d400000|  0%| F|  |TAMS 0x000000070d200000| PB 0x000000070d200000| Untracked |  0
|  61|0x000000070d400000, 0x000000070d400000, 0x000000070d600000|  0%| F|  |TAMS 0x000000070d400000| PB 0x000000070d400000| Untracked |  0
|  62|0x000000070d600000, 0x000000070d600000, 0x000000070d800000|  0%| F|  |TAMS 0x000000070d600000| PB 0x000000070d600000| Untracked |  0
|  63|0x000000070d800000, 0x000000070d800000, 0x000000070da00000|  0%| F|  |TAMS 0x000000070d800000| PB 0x000000070d800000| Untracked |  0
|  64|0x000000070da00000, 0x000000070da00000, 0x000000070dc00000|  0%| F|  |TAMS 0x000000070da00000| PB 0x000000070da00000| Untracked |  0
|  65|0x000000070dc00000, 0x000000070dc00000, 0x000000070de00000|  0%| F|  |TAMS 0x000000070dc00000| PB 0x000000070dc00000| Untracked |  0
|  66|0x000000070de00000, 0x000000070de00000, 0x000000070e000000|  0%| F|  |TAMS 0x000000070de00000| PB 0x000000070de00000| Untracked |  0
|  67|0x000000070e000000, 0x000000070e000000, 0x000000070e200000|  0%| F|  |TAMS 0x000000070e000000| PB 0x000000070e000000| Untracked |  0
|  68|0x000000070e200000, 0x000000070e200000, 0x000000070e400000|  0%| F|  |TAMS 0x000000070e200000| PB 0x000000070e200000| Untracked |  0
|  69|0x000000070e400000, 0x000000070e400000, 0x000000070e600000|  0%| F|  |TAMS 0x000000070e400000| PB 0x000000070e400000| Untracked |  0
|  70|0x000000070e600000, 0x000000070e600000, 0x000000070e800000|  0%| F|  |TAMS 0x000000070e600000| PB 0x000000070e600000| Untracked |  0
|  71|0x000000070e800000, 0x000000070e800000, 0x000000070ea00000|  0%| F|  |TAMS 0x000000070e800000| PB 0x000000070e800000| Untracked |  0
|  72|0x000000070ea00000, 0x000000070ea00000, 0x000000070ec00000|  0%| F|  |TAMS 0x000000070ea00000| PB 0x000000070ea00000| Untracked |  0
|  73|0x000000070ec00000, 0x000000070ec00000, 0x000000070ee00000|  0%| F|  |TAMS 0x000000070ec00000| PB 0x000000070ec00000| Untracked |  0
|  74|0x000000070ee00000, 0x000000070ee00000, 0x000000070f000000|  0%| F|  |TAMS 0x000000070ee00000| PB 0x000000070ee00000| Untracked |  0
|  75|0x000000070f000000, 0x000000070f000000, 0x000000070f200000|  0%| F|  |TAMS 0x000000070f000000| PB 0x000000070f000000| Untracked |  0
|  76|0x000000070f200000, 0x000000070f200000, 0x000000070f400000|  0%| F|  |TAMS 0x000000070f200000| PB 0x000000070f200000| Untracked |  0
|  77|0x000000070f400000, 0x000000070f400000, 0x000000070f600000|  0%| F|  |TAMS 0x000000070f400000| PB 0x000000070f400000| Untracked |  0
|  78|0x000000070f600000, 0x000000070f600000, 0x000000070f800000|  0%| F|  |TAMS 0x000000070f600000| PB 0x000000070f600000| Untracked |  0
|  79|0x000000070f800000, 0x000000070f800000, 0x000000070fa00000|  0%| F|  |TAMS 0x000000070f800000| PB 0x000000070f800000| Untracked |  0
|  80|0x000000070fa00000, 0x000000070fa00000, 0x000000070fc00000|  0%| F|  |TAMS 0x000000070fa00000| PB 0x000000070fa00000| Untracked |  0
|  81|0x000000070fc00000, 0x000000070fc00000, 0x000000070fe00000|  0%| F|  |TAMS 0x000000070fc00000| PB 0x000000070fc00000| Untracked |  0
|  82|0x000000070fe00000, 0x000000070fe00000, 0x0000000710000000|  0%| F|  |TAMS 0x000000070fe00000| PB 0x000000070fe00000| Untracked |  0
|  83|0x0000000710000000, 0x0000000710000000, 0x0000000710200000|  0%| F|  |TAMS 0x0000000710000000| PB 0x0000000710000000| Untracked |  0
|  84|0x0000000710200000, 0x0000000710200000, 0x0000000710400000|  0%| F|  |TAMS 0x0000000710200000| PB 0x0000000710200000| Untracked |  0
|  85|0x0000000710400000, 0x0000000710400000, 0x0000000710600000|  0%| F|  |TAMS 0x0000000710400000| PB 0x0000000710400000| Untracked |  0
|  86|0x0000000710600000, 0x0000000710600000, 0x0000000710800000|  0%| F|  |TAMS 0x0000000710600000| PB 0x0000000710600000| Untracked |  0
|  87|0x0000000710800000, 0x0000000710800000, 0x0000000710a00000|  0%| F|  |TAMS 0x0000000710800000| PB 0x0000000710800000| Untracked |  0
|  88|0x0000000710a00000, 0x0000000710a00000, 0x0000000710c00000|  0%| F|  |TAMS 0x0000000710a00000| PB 0x0000000710a00000| Untracked |  0
|  89|0x0000000710c00000, 0x0000000710c00000, 0x0000000710e00000|  0%| F|  |TAMS 0x0000000710c00000| PB 0x0000000710c00000| Untracked |  0
|  90|0x0000000710e00000, 0x0000000710e00000, 0x0000000711000000|  0%| F|  |TAMS 0x0000000710e00000| PB 0x0000000710e00000| Untracked |  0
|  91|0x0000000711000000, 0x0000000711000000, 0x0000000711200000|  0%| F|  |TAMS 0x0000000711000000| PB 0x0000000711000000| Untracked |  0
|  92|0x0000000711200000, 0x0000000711200000, 0x0000000711400000|  0%| F|  |TAMS 0x0000000711200000| PB 0x0000000711200000| Untracked |  0
|  93|0x0000000711400000, 0x0000000711400000, 0x0000000711600000|  0%| F|  |TAMS 0x0000000711400000| PB 0x0000000711400000| Untracked |  0
|  94|0x0000000711600000, 0x0000000711600000, 0x0000000711800000|  0%| F|  |TAMS 0x0000000711600000| PB 0x0000000711600000| Untracked |  0
|  95|0x0000000711800000, 0x0000000711800000, 0x0000000711a00000|  0%| F|  |TAMS 0x0000000711800000| PB 0x0000000711800000| Untracked |  0
|  96|0x0000000711a00000, 0x0000000711a00000, 0x0000000711c00000|  0%| F|  |TAMS 0x0000000711a00000| PB 0x0000000711a00000| Untracked |  0
|  97|0x0000000711c00000, 0x0000000711c00000, 0x0000000711e00000|  0%| F|  |TAMS 0x0000000711c00000| PB 0x0000000711c00000| Untracked |  0
|  98|0x0000000711e00000, 0x0000000711e00000, 0x0000000712000000|  0%| F|  |TAMS 0x0000000711e00000| PB 0x0000000711e00000| Untracked |  0
|  99|0x0000000712000000, 0x0000000712000000, 0x0000000712200000|  0%| F|  |TAMS 0x0000000712000000| PB 0x0000000712000000| Untracked |  0
| 100|0x0000000712200000, 0x0000000712200000, 0x0000000712400000|  0%| F|  |TAMS 0x0000000712200000| PB 0x0000000712200000| Untracked |  0
| 101|0x0000000712400000, 0x0000000712400000, 0x0000000712600000|  0%| F|  |TAMS 0x0000000712400000| PB 0x0000000712400000| Untracked |  0
| 102|0x0000000712600000, 0x0000000712600000, 0x0000000712800000|  0%| F|  |TAMS 0x0000000712600000| PB 0x0000000712600000| Untracked |  0
| 103|0x0000000712800000, 0x0000000712800000, 0x0000000712a00000|  0%| F|  |TAMS 0x0000000712800000| PB 0x0000000712800000| Untracked |  0
| 104|0x0000000712a00000, 0x0000000712a00000, 0x0000000712c00000|  0%| F|  |TAMS 0x0000000712a00000| PB 0x0000000712a00000| Untracked |  0
| 105|0x0000000712c00000, 0x0000000712c00000, 0x0000000712e00000|  0%| F|  |TAMS 0x0000000712c00000| PB 0x0000000712c00000| Untracked |  0
| 106|0x0000000712e00000, 0x0000000712e00000, 0x0000000713000000|  0%| F|  |TAMS 0x0000000712e00000| PB 0x0000000712e00000| Untracked |  0
| 107|0x0000000713000000, 0x0000000713000000, 0x0000000713200000|  0%| F|  |TAMS 0x0000000713000000| PB 0x0000000713000000| Untracked |  0
| 108|0x0000000713200000, 0x0000000713200000, 0x0000000713400000|  0%| F|  |TAMS 0x0000000713200000| PB 0x0000000713200000| Untracked |  0
| 109|0x0000000713400000, 0x0000000713400000, 0x0000000713600000|  0%| F|  |TAMS 0x0000000713400000| PB 0x0000000713400000| Untracked |  0
| 110|0x0000000713600000, 0x0000000713600000, 0x0000000713800000|  0%| F|  |TAMS 0x0000000713600000| PB 0x0000000713600000| Untracked |  0
| 111|0x0000000713800000, 0x0000000713800000, 0x0000000713a00000|  0%| F|  |TAMS 0x0000000713800000| PB 0x0000000713800000| Untracked |  0
| 112|0x0000000713a00000, 0x0000000713a00000, 0x0000000713c00000|  0%| F|  |TAMS 0x0000000713a00000| PB 0x0000000713a00000| Untracked |  0
| 113|0x0000000713c00000, 0x0000000713c00000, 0x0000000713e00000|  0%| F|  |TAMS 0x0000000713c00000| PB 0x0000000713c00000| Untracked |  0
| 114|0x0000000713e00000, 0x0000000713e00000, 0x0000000714000000|  0%| F|  |TAMS 0x0000000713e00000| PB 0x0000000713e00000| Untracked |  0
| 115|0x0000000714000000, 0x0000000714000000, 0x0000000714200000|  0%| F|  |TAMS 0x0000000714000000| PB 0x0000000714000000| Untracked |  0
| 116|0x0000000714200000, 0x0000000714200000, 0x0000000714400000|  0%| F|  |TAMS 0x0000000714200000| PB 0x0000000714200000| Untracked |  0
| 117|0x0000000714400000, 0x0000000714400000, 0x0000000714600000|  0%| F|  |TAMS 0x0000000714400000| PB 0x0000000714400000| Untracked |  0
| 118|0x0000000714600000, 0x0000000714600000, 0x0000000714800000|  0%| F|  |TAMS 0x0000000714600000| PB 0x0000000714600000| Untracked |  0
| 119|0x0000000714800000, 0x0000000714800000, 0x0000000714a00000|  0%| F|  |TAMS 0x0000000714800000| PB 0x0000000714800000| Untracked |  0
| 120|0x0000000714a00000, 0x0000000714a00000, 0x0000000714c00000|  0%| F|  |TAMS 0x0000000714a00000| PB 0x0000000714a00000| Untracked |  0
| 121|0x0000000714c00000, 0x0000000714c00000, 0x0000000714e00000|  0%| F|  |TAMS 0x0000000714c00000| PB 0x0000000714c00000| Untracked |  0
| 122|0x0000000714e00000, 0x0000000714e00000, 0x0000000715000000|  0%| F|  |TAMS 0x0000000714e00000| PB 0x0000000714e00000| Untracked |  0
| 123|0x0000000715000000, 0x000000071507ae88, 0x0000000715200000| 24%| E|  |TAMS 0x0000000715000000| PB 0x0000000715000000| Complete |  0
| 124|0x0000000715200000, 0x0000000715400000, 0x0000000715400000|100%| E|CS|TAMS 0x0000000715200000| PB 0x0000000715200000| Complete |  0
| 125|0x0000000715400000, 0x0000000715600000, 0x0000000715600000|100%| E|CS|TAMS 0x0000000715400000| PB 0x0000000715400000| Complete |  0

Card table byte_map: [0x00000212fe440000,0x00000212fec20000] _byte_map_base: 0x00000212fac13000

Marking Bits: (CMBitMap*) 0x00000212f5353610
 Bits: [0x000002128f000000, 0x0000021292e98000)

Polling page: 0x00000212f4a70000

Metaspace:

Usage:
  Non-class:    751.18 KB used.
      Class:     45.72 KB used.
       Both:    796.90 KB used.

Virtual space:
  Non-class space:       64.00 MB reserved,     832.00 KB (  1%) committed,  1 nodes.
      Class space:        1.00 GB reserved,     128.00 KB ( <1%) committed,  1 nodes.
             Both:        1.06 GB reserved,     960.00 KB ( <1%) committed. 

Chunk freelists:
   Non-Class:  11.95 MB
       Class:  15.73 MB
        Both:  27.68 MB

MaxMetaspaceSize: unlimited
CompressedClassSpaceSize: 1.00 GB
Initial GC threshold: 21.00 MB
Current GC threshold: 21.00 MB
CDS: on
 - commit_granule_bytes: 65536.
 - commit_granule_words: 8192.
 - virtual_space_node_default_size: 8388608.
 - enlarge_chunks_in_place: 1.
 - use_allocation_guard: 0.


Internal statistics:

num_allocs_failed_limit: 0.
num_arena_births: 34.
num_arena_deaths: 0.
num_vsnodes_births: 2.
num_vsnodes_deaths: 0.
num_space_committed: 15.
num_space_uncommitted: 0.
num_chunks_returned_to_freelist: 0.
num_chunks_taken_from_freelist: 40.
num_chunk_merges: 0.
num_chunk_splits: 27.
num_chunks_enlarged: 16.
num_inconsistent_stats: 0.

CodeHeap 'non-profiled nmethods': size=120000Kb used=93Kb max_used=93Kb free=119906Kb
 bounds [0x0000021287ad0000, 0x0000021287d40000, 0x000002128f000000]
CodeHeap 'profiled nmethods': size=120000Kb used=249Kb max_used=249Kb free=119750Kb
 bounds [0x0000021280000000, 0x0000021280270000, 0x0000021287530000]
CodeHeap 'non-nmethods': size=5760Kb used=1302Kb max_used=1302Kb free=4457Kb
 bounds [0x0000021287530000, 0x00000212877a0000, 0x0000021287ad0000]
 total_blobs=670 nmethods=255 adapters=320
 compilation: enabled
              stopped_count=0, restarted_count=0
 full_count=0

Compilation events (20 events):
Event: 0.118 Thread 0x00000212da02ab50  239       3       java.lang.invoke.LambdaForm$BasicType::basicType (187 bytes)
Event: 0.118 Thread 0x00000212da02ab50 nmethod 239 0x0000021280039090 code [0x0000021280039320, 0x0000021280039d68]
Event: 0.118 Thread 0x00000212da02ab50  232       3       java.lang.invoke.MethodType::<init> (15 bytes)
Event: 0.118 Thread 0x00000212da02ab50 nmethod 232 0x000002128003a010 code [0x000002128003a1c0, 0x000002128003a3f0]
Event: 0.118 Thread 0x00000212da02ab50  233       3       java.lang.invoke.MethodType::makeImpl (109 bytes)
Event: 0.119 Thread 0x00000212da02ab50 nmethod 233 0x000002128003a490 code [0x000002128003a7e0, 0x000002128003bce0]
Event: 0.119 Thread 0x00000212da02ab50  244       3       java.lang.Number::<init> (5 bytes)
Event: 0.119 Thread 0x00000212da02ab50 nmethod 244 0x000002128003c410 code [0x000002128003c5a0, 0x000002128003c708]
Event: 0.119 Thread 0x00000212da02ab50  234       3       jdk.internal.util.ReferencedKeySet::get (27 bytes)
Event: 0.119 Thread 0x00000212da02ab50 nmethod 234 0x000002128003c810 code [0x000002128003ca60, 0x000002128003d4c8]
Event: 0.119 Thread 0x00000212da02ab50  240       1       java.lang.invoke.LambdaForm$Name::index (5 bytes)
Event: 0.119 Thread 0x00000212da02ab50 nmethod 240 0x0000021287ae5d90 code [0x0000021287ae5f20, 0x0000021287ae5fe8]
Event: 0.119 Thread 0x00000212da02ab50  247       3       java.lang.AbstractStringBuilder::<init> (39 bytes)
Event: 0.119 Thread 0x00000212da02ab50 nmethod 247 0x000002128003d810 code [0x000002128003d9c0, 0x000002128003dc50]
Event: 0.119 Thread 0x00000212da02ab50  251       3       jdk.internal.org.objectweb.asm.Frame::push (109 bytes)
Event: 0.119 Thread 0x00000212da02ab50 nmethod 251 0x000002128003dd10 code [0x000002128003dee0, 0x000002128003e450]
Event: 0.119 Thread 0x00000212da02ab50  250       1       sun.invoke.util.Wrapper::basicTypeChar (5 bytes)
Event: 0.119 Thread 0x00000212da02ab50 nmethod 250 0x0000021287ae6b90 code [0x0000021287ae6d20, 0x0000021287ae6df0]
Event: 0.119 Thread 0x00000212da02ab50  254       1       java.lang.invoke.LambdaForm$BasicType::basicTypeClass (5 bytes)
Event: 0.119 Thread 0x00000212da02ab50 nmethod 254 0x0000021287ae7190 code [0x0000021287ae7320, 0x0000021287ae73f0]

GC Heap History (0 events):
No events

Dll operation events (8 events):
Event: 0.021 Loaded shared library C:\Users\saimouli.maruvada\.jdks\openjdk-22.0.1\bin\java.dll
Event: 0.052 Loaded shared library C:\Users\saimouli.maruvada\.jdks\openjdk-22.0.1\bin\jsvml.dll
Event: 0.079 Loaded shared library C:\Users\saimouli.maruvada\.jdks\openjdk-22.0.1\bin\zip.dll
Event: 0.082 Loaded shared library C:\Users\saimouli.maruvada\.jdks\openjdk-22.0.1\bin\instrument.dll
Event: 0.088 Loaded shared library C:\Users\saimouli.maruvada\.jdks\openjdk-22.0.1\bin\net.dll
Event: 0.093 Loaded shared library C:\Users\saimouli.maruvada\.jdks\openjdk-22.0.1\bin\nio.dll
Event: 0.096 Loaded shared library C:\Users\saimouli.maruvada\.jdks\openjdk-22.0.1\bin\zip.dll
Event: 0.105 Loaded shared library C:\Program Files\JetBrains\IntelliJ IDEA Community Edition 2024.1.1\bin\breakgen64.dll

Deoptimization events (4 events):
Event: 0.115 Thread 0x00000212f52e8bf0 Uncommon trap: trap_request=0xffffff45 fr.pc=0x0000021287ae0de4 relative=0x00000000000000c4
Event: 0.115 Thread 0x00000212f52e8bf0 Uncommon trap: reason=unstable_if action=reinterpret pc=0x0000021287ae0de4 method=java.lang.String.isLatin1()Z @ 10 c2
Event: 0.115 Thread 0x00000212f52e8bf0 DEOPT PACKING pc=0x0000021287ae0de4 sp=0x000000f5730fed10
Event: 0.115 Thread 0x00000212f52e8bf0 DEOPT UNPACKING pc=0x00000212875846a2 sp=0x000000f5730fec50 mode 2

Classes loaded (20 events):
Event: 0.116 Loading class java/net/SocketOptions
Event: 0.116 Loading class java/net/SocketOptions done
Event: 0.116 Loading class java/net/SocketImpl done
Event: 0.116 Loading class sun/nio/ch/NioSocketImpl
Event: 0.116 Loading class sun/net/PlatformSocketImpl
Event: 0.116 Loading class sun/net/PlatformSocketImpl done
Event: 0.117 Loading class sun/nio/ch/NioSocketImpl done
Event: 0.117 Loading class sun/nio/ch/SocketDispatcher
Event: 0.117 Loading class sun/nio/ch/NativeDispatcher
Event: 0.117 Loading class sun/nio/ch/NativeDispatcher done
Event: 0.117 Loading class sun/nio/ch/SocketDispatcher done
Event: 0.117 Loading class sun/nio/ch/IOUtil
Event: 0.117 Loading class sun/nio/ch/IOUtil done
Event: 0.119 Loading class java/net/SocksSocketImpl
Event: 0.119 Loading class java/net/SocksConsts
Event: 0.119 Loading class java/net/SocksConsts done
Event: 0.119 Loading class java/net/DelegatingSocketImpl
Event: 0.119 Loading class java/net/DelegatingSocketImpl done
Event: 0.119 Loading class java/net/SocksSocketImpl done
Event: 0.120 Loading class sun/nio/ch/Net

Classes unloaded (0 events):
No events

Classes redefined (4 events):
Event: 0.110 Thread 0x00000212ff0c3110 redefined class name=java.io.FileOutputStream, count=1
Event: 0.111 Thread 0x00000212ff0c3110 redefined class name=java.nio.file.Files, count=1
Event: 0.112 Thread 0x00000212ff0c3110 redefined class name=java.io.File, count=1
Event: 0.113 Thread 0x00000212ff0c3110 redefined class name=java.net.URLStreamHandler, count=1

Internal exceptions (2 events):
Event: 0.097 Thread 0x00000212f52e8bf0 Exception <a 'java/lang/NoSuchMethodError'{0x0000000715325940}: 'void java.lang.invoke.DirectMethodHandle$Holder.invokeStatic(java.lang.Object, java.lang.Object, java.lang.Object)'> (0x0000000715325940) 
thrown [s\open\src\hotspot\share\interpreter\linkResolver.cpp, line 774]
Event: 0.100 Thread 0x00000212f52e8bf0 Exception <a 'java/lang/NoSuchMethodError'{0x000000071533d3d8}: 'java.lang.Object java.lang.invoke.Invokers$Holder.invokeExact_MT(java.lang.Object, java.lang.Object, java.lang.Object, java.lang.Object, java.lang.Object)'> (0x000000071533d3d8) 
thrown [s\open\src\hotspot\share\interpreter\linkResolver.cpp, line 774]

ZGC Phase Switch (0 events):
No events

VM Operations (8 events):
Event: 0.110 Executing VM operation: RedefineClasses
Event: 0.110 Executing VM operation: RedefineClasses done
Event: 0.111 Executing VM operation: RedefineClasses
Event: 0.112 Executing VM operation: RedefineClasses done
Event: 0.112 Executing VM operation: RedefineClasses
Event: 0.113 Executing VM operation: RedefineClasses done
Event: 0.113 Executing VM operation: RedefineClasses
Event: 0.114 Executing VM operation: RedefineClasses done

Events (16 events):
Event: 0.036 Thread 0x00000212f52e8bf0 Thread added: 0x00000212f52e8bf0
Event: 0.046 Thread 0x00000212da016dc0 Thread added: 0x00000212da016dc0
Event: 0.046 Thread 0x00000212da017a80 Thread added: 0x00000212da017a80
Event: 0.046 Thread 0x00000212da01c740 Thread added: 0x00000212da01c740
Event: 0.046 Thread 0x00000212da0249e0 Thread added: 0x00000212da0249e0
Event: 0.046 Thread 0x00000212da025850 Thread added: 0x00000212da025850
Event: 0.047 Thread 0x00000212da0266d0 Thread added: 0x00000212da0266d0
Event: 0.047 Thread 0x00000212da027c80 Thread added: 0x00000212da027c80
Event: 0.047 Thread 0x00000212da02ab50 Thread added: 0x00000212da02ab50
Event: 0.062 Thread 0x00000212da13b080 Thread added: 0x00000212da13b080
Event: 0.106 Thread 0x00000212da268b90 Thread added: 0x00000212da268b90
Event: 0.114 Thread 0x00000212da2b5ec0 Thread added: 0x00000212da2b5ec0
Event: 0.119 Thread 0x00000212f52e8bf0 Thread exited: 0x00000212f52e8bf0
Event: 0.119 Thread 0x00000212f52e8bf0 Thread added: 0x00000212f52e8bf0
Event: 0.120 Thread 0x00000212f52e8bf0 Thread exited: 0x00000212f52e8bf0
Event: 0.120 Thread 0x00000212da01c740 Thread exited: 0x00000212da01c740


Dynamic libraries:
0x00007ff6697d0000 - 0x00007ff6697de000 	C:\Users\saimouli.maruvada\.jdks\openjdk-22.0.1\bin\java.exe
0x00007ffa177b0000 - 0x00007ffa179a8000 	C:\Windows\SYSTEM32\ntdll.dll
0x00007ffa17510000 - 0x00007ffa175cd000 	C:\Windows\System32\KERNEL32.DLL
0x00007ffa17210000 - 0x00007ffa17506000 	C:\Windows\System32\KERNELBASE.dll
0x000000007a1b0000 - 0x000000007a1ec000 	C:\Windows\System32\cyinjct.dll
0x00007ffa17090000 - 0x00007ffa17099000 	C:\Windows\System32\ntnativeapi.dll
0x00007ffa10eb0000 - 0x00007ffa10ec7000 	C:\Users\saimouli.maruvada\.jdks\openjdk-22.0.1\bin\jli.dll
0x00000212f2d40000 - 0x00000212f2edf000 	C:\Windows\System32\USER32.dll
0x00007ffa15120000 - 0x00007ffa15142000 	C:\Windows\System32\win32u.dll
0x00007ffa16d90000 - 0x00007ffa16dbb000 	C:\Windows\System32\GDI32.dll
0x00007ffa14e50000 - 0x00007ffa14f67000 	C:\Windows\System32\gdi32full.dll
0x00007ffa14f70000 - 0x00007ffa1500d000 	C:\Windows\System32\msvcp_win.dll
0x00000212f2ee0000 - 0x00000212f2fe0000 	C:\Windows\System32\ucrtbase.dll
0x00007ffa10600000 - 0x00007ffa1061b000 	C:\Users\saimouli.maruvada\.jdks\openjdk-22.0.1\bin\VCRUNTIME140.dll
0x00007ff9f4980000 - 0x00007ff9f4c1a000 	C:\Windows\WinSxS\amd64_microsoft.windows.common-controls_6595b64144ccf1df_6.0.19041.4355_none_60b8b9eb71f62e16\COMCTL32.dll
0x00007ffa163b0000 - 0x00007ffa1644e000 	C:\Windows\System32\msvcrt.dll
0x00007ffa17070000 - 0x00007ffa1708e000 	C:\Windows\System32\cyvera.dll
0x00007ffa17000000 - 0x00007ffa17070000 	C:\Windows\System32\cyvrtrap.dll
0x00007ffa16590000 - 0x00007ffa165bf000 	C:\Windows\System32\IMM32.DLL
0x00000000511b0000 - 0x0000000051222000 	C:\Windows\System32\QIPCAP64.dll
0x00007ffa158f0000 - 0x00007ffa1605c000 	C:\Windows\System32\SHELL32.dll
0x00007ffa16300000 - 0x00007ffa163b0000 	C:\Windows\System32\ADVAPI32.dll
0x00007ffa16cf0000 - 0x00007ffa16d90000 	C:\Windows\System32\sechost.dll
0x00007ffa170e0000 - 0x00007ffa17203000 	C:\Windows\System32\RPCRT4.dll
0x00007ffa15010000 - 0x00007ffa15037000 	C:\Windows\System32\bcrypt.dll
0x00007ffa140f0000 - 0x00007ffa141ba000 	C:\Windows\SYSTEM32\DNSAPI.dll
0x00007ffa140a0000 - 0x00007ffa140db000 	C:\Windows\SYSTEM32\IPHLPAPI.DLL
0x00007ffa16720000 - 0x00007ffa16728000 	C:\Windows\System32\NSI.dll
0x00007ffa10f30000 - 0x00007ffa10f3c000 	C:\Users\saimouli.maruvada\.jdks\openjdk-22.0.1\bin\vcruntime140_1.dll
0x00007ff9f5f90000 - 0x00007ff9f601e000 	C:\Users\saimouli.maruvada\.jdks\openjdk-22.0.1\bin\msvcp140.dll
0x00007ff9bb530000 - 0x00007ff9bc277000 	C:\Users\saimouli.maruvada\.jdks\openjdk-22.0.1\bin\server\jvm.dll
0x00007ffa16130000 - 0x00007ffa1619b000 	C:\Windows\System32\WS2_32.dll
0x00007ffa14ac0000 - 0x00007ffa14b0b000 	C:\Windows\SYSTEM32\POWRPROF.dll
0x00007ffa03e10000 - 0x00007ffa03e37000 	C:\Windows\SYSTEM32\WINMM.dll
0x00007ffa0d6b0000 - 0x00007ffa0d6ba000 	C:\Windows\SYSTEM32\VERSION.dll
0x00007ffa14a60000 - 0x00007ffa14a72000 	C:\Windows\SYSTEM32\UMPDC.dll
0x00007ffa13570000 - 0x00007ffa13582000 	C:\Windows\SYSTEM32\kernel.appcore.dll
0x00007ffa10f10000 - 0x00007ffa10f1a000 	C:\Users\saimouli.maruvada\.jdks\openjdk-22.0.1\bin\jimage.dll
0x00007ffa12660000 - 0x00007ffa12844000 	C:\Windows\SYSTEM32\DBGHELP.DLL
0x00007ff9edef0000 - 0x00007ff9edf24000 	C:\Windows\SYSTEM32\dbgcore.DLL
0x00007ffa15040000 - 0x00007ffa150c2000 	C:\Windows\System32\bcryptPrimitives.dll
0x00007ffa10ef0000 - 0x00007ffa10eff000 	C:\Users\saimouli.maruvada\.jdks\openjdk-22.0.1\bin\instrument.dll
0x00007ffa10550000 - 0x00007ffa1056e000 	C:\Users\saimouli.maruvada\.jdks\openjdk-22.0.1\bin\java.dll
0x00007ffa165c0000 - 0x00007ffa166eb000 	C:\Windows\System32\ole32.dll
0x00007ffa16730000 - 0x00007ffa16a83000 	C:\Windows\System32\combase.dll
0x00007ffa16fc0000 - 0x00007ffa16ff7000 	C:\Program Files\Palo Alto Networks\Traps\cyjagent.dll
0x00007ffa12850000 - 0x00007ffa12fed000 	C:\Windows\SYSTEM32\windows.storage.dll
0x00007ffa145c0000 - 0x00007ffa145ee000 	C:\Windows\SYSTEM32\Wldp.dll
0x00007ffa16230000 - 0x00007ffa162fd000 	C:\Windows\System32\OLEAUT32.dll
0x00007ffa15840000 - 0x00007ffa158ed000 	C:\Windows\System32\SHCORE.dll
0x00007ffa16060000 - 0x00007ffa160b5000 	C:\Windows\System32\shlwapi.dll
0x00007ffa14c80000 - 0x00007ffa14ca4000 	C:\Windows\SYSTEM32\profapi.dll
0x00007ff9ee770000 - 0x00007ff9ee847000 	C:\Users\saimouli.maruvada\.jdks\openjdk-22.0.1\bin\jsvml.dll
0x00007ffa10520000 - 0x00007ffa10537000 	C:\Users\saimouli.maruvada\.jdks\openjdk-22.0.1\bin\zip.dll
0x00007ffa104e0000 - 0x00007ffa104f0000 	C:\Users\saimouli.maruvada\.jdks\openjdk-22.0.1\bin\net.dll
0x00007ffa143a0000 - 0x00007ffa1440a000 	C:\Windows\system32\mswsock.dll
0x00007ffa0e9a0000 - 0x00007ffa0e9b6000 	C:\Users\saimouli.maruvada\.jdks\openjdk-22.0.1\bin\nio.dll
0x00007ffa0e7f0000 - 0x00007ffa0e80a000 	C:\Program Files\JetBrains\IntelliJ IDEA Community Edition 2024.1.1\bin\breakgen64.dll

dbghelp: loaded successfully - version: 4.0.5 - missing functions: none
symbol engine: initialized successfully - sym options: 0x614 - pdb path: .;C:\Users\saimouli.maruvada\.jdks\openjdk-22.0.1\bin;C:\Windows\SYSTEM32;C:\Windows\WinSxS\amd64_microsoft.windows.common-controls_6595b64144ccf1df_6.0.19041.4355_none_60b8b9eb71f62e16;C:\Users\saimouli.maruvada\.jdks\openjdk-22.0.1\bin\server;C:\Program Files\Palo Alto Networks\Traps;C:\Program Files\JetBrains\IntelliJ IDEA Community Edition 2024.1.1\bin

VM Arguments:
jvm_args: -javaagent:C:\Program Files\JetBrains\IntelliJ IDEA Community Edition 2024.1.1\lib\idea_rt.jar=64313:C:\Program Files\JetBrains\IntelliJ IDEA Community Edition 2024.1.1\bin -Dfile.encoding=UTF-8 -Dsun.stdout.encoding=UTF-8 -Dsun.stderr.encoding=UTF-8 -agentpath:C:\Program Files\Palo Alto Networks\Traps\cyjagent.dll 
java_command: LatestTest
java_class_path (initial): C:\Users\saimouli.maruvada\IdeaProjects\Test2\out\production\Test2
Launcher Type: SUN_STANDARD

[Global flags]
     intx CICompilerCount                          = 4                                         {product} {ergonomic}
     uint ConcGCThreads                            = 3                                         {product} {ergonomic}
     uint G1ConcRefinementThreads                  = 10                                        {product} {ergonomic}
   size_t G1HeapRegionSize                         = 2097152                                   {product} {ergonomic}
   size_t InitialHeapSize                          = 264241152                                 {product} {ergonomic}
   size_t MarkStackSize                            = 4194304                                   {product} {ergonomic}
   size_t MaxHeapSize                              = 4200595456                                {product} {ergonomic}
   size_t MaxNewSize                               = 2518679552                                {product} {ergonomic}
   size_t MinHeapDeltaBytes                        = 2097152                                   {product} {ergonomic}
   size_t MinHeapSize                              = 8388608                                   {product} {ergonomic}
    uintx NonNMethodCodeHeapSize                   = 5839372                                {pd product} {ergonomic}
    uintx NonProfiledCodeHeapSize                  = 122909434                              {pd product} {ergonomic}
    uintx ProfiledCodeHeapSize                     = 122909434                              {pd product} {ergonomic}
    uintx ReservedCodeCacheSize                    = 251658240                              {pd product} {ergonomic}
     bool SegmentedCodeCache                       = true                                      {product} {ergonomic}
   size_t SoftMaxHeapSize                          = 4200595456                             {manageable} {ergonomic}
     bool UseCompressedOops                        = true                           {product lp64_product} {ergonomic}
     bool UseG1GC                                  = true                                      {product} {ergonomic}
     bool UseLargePagesIndividualAllocation        = false                                  {pd product} {ergonomic}

Logging:
Log output configuration:
 #0: stdout all=warning uptime,level,tags foldmultilines=false
 #1: stderr all=off uptime,level,tags foldmultilines=false

Environment Variables:
PATH=C:\Program Files (x86)\Common Files\Oracle\Java\java8path;C:\Program Files (x86)\Common Files\Oracle\Java\javapath;C:\Windows\system32;C:\Windows;C:\Windows\System32\Wbem;C:\Windows\System32\WindowsPowerShell\v1.0\;C:\Windows\System32\OpenSSH\;C:\Program Files\dotnet\;C:\Program Files (x86)\Java\jre-1.8;C:\Users\saimouli.maruvada\AppData\Local\Microsoft\WindowsApps;
USERNAME=Saimouli.Maruvada
OS=Windows_NT
PROCESSOR_IDENTIFIER=Intel64 Family 6 Model 186 Stepping 3, GenuineIntel
TMP=C:\Users\SAIMOU~1.MAR\AppData\Local\Temp
TEMP=C:\Users\SAIMOU~1.MAR\AppData\Local\Temp




Periodic native trim disabled

---------------  S Y S T E M  ---------------

OS:
 Windows 10 , 64 bit Build 19041 (10.0.19041.3636)
OS uptime: 5 days 0:13 hours
Hyper-V role detected

CPU: total 12 (initial active 12) (6 cores per cpu, 2 threads per core) family 6 model 186 stepping 3 microcode 0x411d, cx8, cmov, fxsr, ht, mmx, 3dnowpref, sse, sse2, sse3, ssse3, sse4.1, sse4.2, popcnt, lzcnt, tsc, tscinvbit, avx, avx2, aes, erms, clmul, bmi1, bmi2, adx, sha, fma, vzeroupper, clflush, clflushopt, clwb, hv, rdtscp, rdpid, fsrm, f16c, cet_ibt, cet_ss
Processor Information for processor 0
  Max Mhz: 1300, Current Mhz: 1300, Mhz Limit: 897
Processor Information for processor 1
  Max Mhz: 1300, Current Mhz: 1300, Mhz Limit: 897
Processor Information for processor 2
  Max Mhz: 1300, Current Mhz: 1300, Mhz Limit: 1300
Processor Information for processor 3
  Max Mhz: 1300, Current Mhz: 1300, Mhz Limit: 1300
Processor Information for processor 4
  Max Mhz: 1300, Current Mhz: 900, Mhz Limit: 897
Processor Information for processor 5
  Max Mhz: 1300, Current Mhz: 900, Mhz Limit: 897
Processor Information for processor 6
  Max Mhz: 1300, Current Mhz: 900, Mhz Limit: 897
Processor Information for processor 7
  Max Mhz: 1300, Current Mhz: 900, Mhz Limit: 897
Processor Information for processor 8
  Max Mhz: 1300, Current Mhz: 900, Mhz Limit: 897
Processor Information for processor 9
  Max Mhz: 1300, Current Mhz: 900, Mhz Limit: 897
Processor Information for processor 10
  Max Mhz: 1300, Current Mhz: 900, Mhz Limit: 897
Processor Information for processor 11
  Max Mhz: 1300, Current Mhz: 900, Mhz Limit: 897

Memory: 4k page, system-wide physical 16016M (4640M free)
TotalPageFile size 21136M (AvailPageFile size 4242M)
current process WorkingSet (physical memory assigned to process): 42M, peak: 42M
current process commit charge ("private bytes"): 344M, peak: 344M

vm_info: OpenJDK 64-Bit Server VM (22.0.1+8-16) for windows-amd64 JRE (22.0.1+8-16), built on 2024-03-12T10:33:16Z by "mach5one" with MS VC++ 17.6 (VS2022)

END.
