#
# A fatal error has been detected by the Java Runtime Environment:
#
#  EXCEPTION_ACCESS_VIOLATION (0xc0000005) at pc=0x00007ff99d08c2c4, pid=23832, tid=26024
#
# JRE version: OpenJDK Runtime Environment (22.0.1+8) (build 22.0.1+8-16)
# Java VM: OpenJDK 64-Bit Server VM (22.0.1+8-16, mixed mode, sharing, tiered, compressed oops, compressed class ptrs, g1 gc, windows-amd64)
# Problematic frame:
# C  [cyjagent.dll+0xc2c4]
#
# No core dump will be written. Minidumps are not enabled by default on client versions of Windows
#
# If you would like to submit a bug report, please visit:
#   https://bugreport.java.com/bugreport/crash.jsp
# The crash happened outside the Java Virtual Machine in native code.
# See problematic frame for where to report the bug.
#

---------------  S U M M A R Y ------------

Command Line: -javaagent:C:\Program Files\JetBrains\IntelliJ IDEA Community Edition 2024.1.1\lib\idea_rt.jar=61768:C:\Program Files\JetBrains\IntelliJ IDEA Community Edition 2024.1.1\bin -Dfile.encoding=UTF-8 -Dsun.stdout.encoding=UTF-8 -Dsun.stderr.encoding=UTF-8 -agentpath:C:\Program Files\Palo Alto Networks\Traps\cyjagent.dll longestSubstringLengthAndIndex

Host: 13th Gen Intel(R) Core(TM) i5-1335U, 12 cores, 15G,  Windows 10 , 64 bit Build 19041 (10.0.19041.4842)
Time: Mon Oct  7 14:55:11 2024 India Standard Time elapsed time: 0.287849 seconds (0d 0h 0m 0s)

---------------  T H R E A D  ---------------

Current thread (0x00000201e750e0f0):  JavaThread "Monitor Ctrl-Break" daemon [_thread_in_native, id=26024, stack(0x0000003193f00000,0x0000003194000000) (1024K)]

Stack: [0x0000003193f00000,0x0000003194000000],  sp=0x0000003193ffb660,  free space=1005k
Native frames: (J=compiled Java code, j=interpreted, Vv=VM code, C=native code)
C  [cyjagent.dll+0xc2c4]  (no source info available)
V  [jvm.dll+0x5a820e]  (no source info available)
V  [jvm.dll+0x59f7d2]  (no source info available)
V  [jvm.dll+0x59f8cb]  (no source info available)
V  [jvm.dll+0x5c4590]  (no source info available)
V  [jvm.dll+0x21cc6a]  (no source info available)
V  [jvm.dll+0x7eb6dc]  (no source info available)
V  [jvm.dll+0x7ec776]  (no source info available)
V  [jvm.dll+0x7ecd84]  (no source info available)
V  [jvm.dll+0x7eca08]  (no source info available)
V  [jvm.dll+0x26d79b]  (no source info available)
V  [jvm.dll+0x26d9ca]  (no source info available)
V  [jvm.dll+0x5e7d27]  (no source info available)
V  [jvm.dll+0x5ead26]  (no source info available)
V  [jvm.dll+0x3dd89d]  (no source info available)
V  [jvm.dll+0x3dce9d]  (no source info available)
C  0x00000201d6f99991  (no source info available)

The last pc belongs to invokestatic (printed below).
Java frames: (J=compiled Java code, j=interpreted, Vv=VM code)
j  jdk.net.ExtendedSocketOptions$2.<clinit>()V+0 jdk.net@22.0.1
v  ~StubRoutines::call_stub 0x00000201d6f8100d
j  jdk.net.ExtendedSocketOptions$PlatformSocketOptions.create()Ljdk/net/ExtendedSocketOptions$PlatformSocketOptions;+0 jdk.net@22.0.1
j  jdk.net.ExtendedSocketOptions$PlatformSocketOptions.<clinit>()V+0 jdk.net@22.0.1
v  ~StubRoutines::call_stub 0x00000201d6f8100d
j  jdk.net.ExtendedSocketOptions.<clinit>()V+98 jdk.net@22.0.1
v  ~StubRoutines::call_stub 0x00000201d6f8100d
j  java.lang.Class.forName0(Ljava/lang/String;ZLjava/lang/ClassLoader;Ljava/lang/Class;)Ljava/lang/Class;+0 java.base@22.0.1
j  java.lang.Class.forName(Ljava/lang/String;Ljava/lang/Class;)Ljava/lang/Class;+19 java.base@22.0.1
j  java.lang.Class.forName(Ljava/lang/String;)Ljava/lang/Class;+6 java.base@22.0.1
j  sun.net.ext.ExtendedSocketOptions.getInstance()Lsun/net/ext/ExtendedSocketOptions;+12 java.base@22.0.1
j  sun.nio.ch.Net.<clinit>()V+210 java.base@22.0.1
v  ~StubRoutines::call_stub 0x00000201d6f8100d
j  sun.nio.ch.NioSocketImpl.create(Z)V+66 java.base@22.0.1
j  java.net.DelegatingSocketImpl.create(Z)V+5 java.base@22.0.1
j  java.net.Socket.<init>(Ljava/net/SocketAddress;Ljava/net/SocketAddress;Z)V+28 java.base@22.0.1
j  java.net.Socket.<init>(Ljava/lang/String;I)V+34 java.base@22.0.1
j  com.intellij.rt.execution.application.AppMainV2$1.run()V+10
v  ~StubRoutines::call_stub 0x00000201d6f8100d

siginfo: EXCEPTION_ACCESS_VIOLATION (0xc0000005), reading address 0x0000000000000000


Registers:
RAX=0x0000000000000000, RBX=0x00000201e750e4b0, RCX=0x0000000000000000, RDX=0x00000201c55a77b0
RSP=0x0000003193ffb660, RBP=0x00000201cf9cf8d0, RSI=0x0000000000000000, RDI=0x00000201e75b36e0
R8 =0x0000003193ffb4a8, R9 =0x00000201cf9cf8d0, R10=0x0000000000000000, R11=0x0000000000000246
R12=0x00000201e75b36e0, R13=0x00000201e75b2ef0, R14=0x00000201e750e0f0, R15=0x0000000000000000
RIP=0x00007ff99d08c2c4, EFLAGS=0x0000000000010202


Register to memory mapping:

RAX=0x0 is null
RBX=0x00000201e750e4b0 points into unknown readable memory: 0x00007ff8ded8dac0 | c0 da d8 de f8 7f 00 00
RCX=0x0 is null
RDX=0x00000201c55a77b0 points into unknown readable memory: 0x00000201e750e0f0 | f0 e0 50 e7 01 02 00 00
RSP=0x0000003193ffb660 is pointing into the stack for thread: 0x00000201e750e0f0
RBP=0x00000201cf9cf8d0 points into unknown readable memory: 0x00000201cf946ee0 | e0 6e 94 cf 01 02 00 00
RSI=0x0 is null
RDI=0x00000201e75b36e0 points into unknown readable memory: 0x65746e692f6b646a | 6a 64 6b 2f 69 6e 74 65
R8 =0x0000003193ffb4a8 is pointing into the stack for thread: 0x00000201e750e0f0
R9 =0x00000201cf9cf8d0 points into unknown readable memory: 0x00000201cf946ee0 | e0 6e 94 cf 01 02 00 00
R10=0x0 is null
R11=0x0000000000000246 is an unknown value
R12=0x00000201e75b36e0 points into unknown readable memory: 0x65746e692f6b646a | 6a 64 6b 2f 69 6e 74 65
R13=0x00000201e75b2ef0 points into unknown readable memory: 0x0000000000000000 | 00 00 00 00 00 00 00 00
R14=0x00000201e750e0f0 is a thread
R15=0x0 is null

Top of Stack: (sp=0x0000003193ffb660)
0x0000003193ffb660:   00000201e75b36e0 00000201e750e4b0
0x0000003193ffb670:   0000000000000000 0000003193ffb880
0x0000003193ffb680:   0000000000000000 00000000ffffffff
0x0000003193ffb690:   0000020180597898 00000201cf9cf8d0
0x0000003193ffb6a0:   0000000000000021 0000003193ffb880
0x0000003193ffb6b0:   00000201c567a340 0000000000000000
0x0000003193ffb6c0:   0000003193ffb8b8 00007ff8de75820e
0x0000003193ffb6d0:   00000201c567a340 0000000000000000
0x0000003193ffb6e0:   0000003193ffb880 0000000000000025
0x0000003193ffb6f0:   00000201e75b36e0 0000000000000000
0x0000003193ffb700:   00000000000007ab 00000201e75b2f00
0x0000003193ffb710:   0000003193ffb808 0000003193ffb728
0x0000003193ffb720:   0000000000000000 0000000000000000
0x0000003193ffb730:   0000000000000000 74656e2f6b646a2f
0x0000003193ffb740:   00000201e7483520 00000201e75b2ef0
0x0000003193ffb750:   00000201e75b3708 00000201e75baed8
0x0000003193ffb760:   00000000000083b0 00000201e750e0f0
0x0000003193ffb770:   00000201e750e0f0 00000201e74831a0
0x0000003193ffb780:   00000201e7314380 00000201e7314398
0x0000003193ffb790:   00000201e7314468 00000000000000d8
0x0000003193ffb7a0:   0000003193ffb998 00000201e750e0f0
0x0000003193ffb7b0:   0000000000000070 00000201e75b2ef0
0x0000003193ffb7c0:   0000000000000004 00000201c567a340
0x0000003193ffb7d0:   0000003193ffb880 00000201e7483520
0x0000003193ffb7e0:   0000000000000020 00007ff8de74f7d2
0x0000003193ffb7f0:   00000201e73c2c01 00000201e7314398
0x0000003193ffb800:   00000201e7314401 00007ff800000000
0x0000003193ffb810:   00000201e7483520 0000020180597898
0x0000003193ffb820:   0000003193ffbc40 00000201e73c2c70
0x0000003193ffb830:   0000000000000000 00007ff8de74f8cb
0x0000003193ffb840:   0000003193ffb948 0000000000000000
0x0000003193ffb850:   00000201e75b2ef0 00000201e73c2c70 

Instructions: (pc=0x00007ff99d08c2c4)
0x00007ff99d08c1c4:   00 00 03 72 2d 44 8b ce 48 8d 05 3d df 01 00 ba
0x00007ff99d08c1d4:   2f 00 00 00 4e 8b 0c c8 48 8b 89 10 03 00 00 4c
0x00007ff99d08c1e4:   8d 05 56 de 01 00 e8 51 4f ff ff 48 8b 0d ea 37
0x00007ff99d08c1f4:   02 00 48 3b cb 74 68 f6 81 1c 03 00 00 10 74 5f
0x00007ff99d08c204:   80 b9 19 03 00 00 02 72 56 4c 8b 8c 24 90 00 00
0x00007ff99d08c214:   00 4c 8d 05 24 de 01 00 48 8b 89 10 03 00 00 ba
0x00007ff99d08c224:   31 00 00 00 e8 13 4f ff ff eb 34 49 8b 0f 4c 8b
0x00007ff99d08c234:   c3 48 8b d6 e8 f3 63 00 00 48 8b 84 24 b0 00 00
0x00007ff99d08c244:   00 89 18 48 8b 0d 7a 4b 02 00 4c 8b c6 33 d2 ff
0x00007ff99d08c254:   15 a7 4f 01 00 eb 08 a8 02 75 04 c6 47 40 01 b8
0x00007ff99d08c264:   ff ff ff ff f0 0f c1 47 10 4c 8b b4 24 88 00 00
0x00007ff99d08c274:   00 83 f8 01 75 42 48 8b 4f 18 48 81 c1 70 01 00
0x00007ff99d08c284:   00 ff 15 1d 50 01 00 48 8b 0f 48 8b 47 08 48 89
0x00007ff99d08c294:   08 48 89 41 08 48 8b 4f 18 48 81 c1 70 01 00 00
0x00007ff99d08c2a4:   ff 15 06 50 01 00 48 8b 0d 17 4b 02 00 4c 8b c7
0x00007ff99d08c2b4:   33 d2 ff 15 44 4f 01 00 48 8b 4d 20 48 8b 55 10
0x00007ff99d08c2c4:   48 8b 01 48 8b 80 08 01 00 00 ff 15 0c 50 01 00
0x00007ff99d08c2d4:   85 c0 74 40 48 8b 0d 01 37 02 00 48 8d 15 fa 36
0x00007ff99d08c2e4:   02 00 48 3b ca 74 2d f6 81 1c 03 00 00 10 74 24
0x00007ff99d08c2f4:   80 b9 19 03 00 00 03 72 1b 48 8b 89 10 03 00 00
0x00007ff99d08c304:   4c 8d 05 35 dd 01 00 ba 15 00 00 00 44 8b c8 e8
0x00007ff99d08c314:   68 4d ff ff 48 8b 6c 24 78 48 8b b4 24 80 00 00
0x00007ff99d08c324:   00 48 83 c4 50 41 5f 5f 5b c3 cc cc 40 57 48 83
0x00007ff99d08c334:   ec 30 f6 81 78 01 00 00 04 48 8b f9 0f 85 87 02
0x00007ff99d08c344:   00 00 48 89 5c 24 40 45 33 c9 48 89 6c 24 48 33
0x00007ff99d08c354:   d2 48 89 74 24 50 48 8b 71 20 45 8d 41 32 48 8b
0x00007ff99d08c364:   ce 48 8b 06 48 8b 40 08 ff 15 6e 4f 01 00 48 8d
0x00007ff99d08c374:   2d 67 36 02 00 85 c0 74 37 48 8b 0d 5c 36 02 00
0x00007ff99d08c384:   48 3b cd 74 2b f6 81 1c 03 00 00 10 74 22 80 b9
0x00007ff99d08c394:   19 03 00 00 02 72 19 48 8b 89 10 03 00 00 ba 11
0x00007ff99d08c3a4:   00 00 00 89 44 24 20 44 8d 4a 21 e8 7c dc ff ff
0x00007ff99d08c3b4:   48 8b 06 45 33 c9 33 d2 48 8b ce 48 8b 40 08 45 


Stack slot to memory mapping:

stack at sp + 0 slots: 0x00000201e75b36e0 points into unknown readable memory: 0x65746e692f6b646a | 6a 64 6b 2f 69 6e 74 65
stack at sp + 1 slots: 0x00000201e750e4b0 points into unknown readable memory: 0x00007ff8ded8dac0 | c0 da d8 de f8 7f 00 00
stack at sp + 2 slots: 0x0 is null
stack at sp + 3 slots: 0x0000003193ffb880 is pointing into the stack for thread: 0x00000201e750e0f0
stack at sp + 4 slots: 0x0 is null
stack at sp + 5 slots: 0x00000000ffffffff is an unknown value
stack at sp + 6 slots: 0x0000020180597898 is pointing into metadata
stack at sp + 7 slots: 0x00000201cf9cf8d0 points into unknown readable memory: 0x00000201cf946ee0 | e0 6e 94 cf 01 02 00 00

invokestatic  184 invokestatic  [0x00000201d6f998e0, 0x00000201d6f99bc0]  736 bytes
[MachCode]
  0x00000201d6f998e0: 4883 ec08 | c5fa 1104 | 24eb 1f48 | 83ec 10c5 | fb11 0424 | eb14 4883 | ec10 4889 | 0424 48c7 
  0x00000201d6f99900: 4424 0800 | 0000 00eb | 0150 488b | 4dd0 410f | b755 0148 | 8b49 306b | d218 488d | 4c11 080f 
  0x00000201d6f99920: b659 1681 | fbb8 0000 | 000f 84bd | 0000 00bb | b800 0000 | e805 0000 | 00e9 9900 | 0000 488b 
  0x00000201d6f99940: d348 8d44 | 2408 4c89 | 6dc0 498b | cfc5 f877 | 4989 afb0 | 0300 0049 | 8987 a003 | 0000 4883 
  0x00000201d6f99960: ec20 40f6 | c40f 0f84 | 1900 0000 | 4883 ec08 | 48b8 30ce | 58de f87f | 0000 ffd0 | 4883 c408 
  0x00000201d6f99980: e90c 0000 | 0048 b830 | ce58 def8 | 7f00 00ff | d048 83c4 | 2049 c787 | a003 0000 | 0000 0000 
  0x00000201d6f999a0: 49c7 87b0 | 0300 0000 | 0000 0049 | c787 a803 | 0000 0000 | 0000 c5f8 | 7749 837f | 0800 0f84 
  0x00000201d6f999c0: 0500 0000 | e937 75fe | ff4c 8b6d | c04c 8b75 | c84e 8d74 | f500 c348 | 8b4d d041 | 0fb7 5501 
  0x00000201d6f999e0: 488b 4930 | 6bd2 1848 | 8d4c 1108 | 488b 1948 | 8b5b 0848 | 8b5b 0848 | 8b5b 1880 | bb20 0100 
  0x00000201d6f99a00: 0005 0f84 | 0d00 0000 | 4c3b bb30 | 0100 000f | 851a ffff | ff0f b651 | 1548 8b19 | 4c89 6dc0 
  0x00000201d6f99a20: 448b ea0f | b651 1449 | ba00 b9e2 | def8 7f00 | 0049 8b14 | d252 418b | d54c 8b6d | c048 8b45 
  0x00000201d6f99a40: d848 85c0 | 0f84 1200 | 0000 4883 | 4008 0148 | 8358 0800 | 4883 c010 | 4889 45d8 | 488b 45d8 
  0x00000201d6f99a60: 4885 c00f | 843d 0100 | 0080 78f0 | 0a0f 8533 | 0100 0048 | 83c0 084c | 8b68 f841 | 83ed 0041 
  0x00000201d6f99a80: 83fd 020f | 8c12 0100 | 004c 8b6b | 0845 0fb7 | 6d2e 4c2b | 2841 83ed | 014e 8b6c | ec08 4d85 
  0x00000201d6f99aa0: ed75 0ef6 | 4008 0175 | 58f0 4883 | 4808 01eb | 5045 8b6d | 0849 ba00 | 0000 8001 | 0200 004d 
  0x00000201d6f99ac0: 03ea 4d8b | d54c 3368 | 0849 f7c5 | fcff ffff | 742f 41f6 | c502 7529 | 4883 7808 | 0074 1e48 
  0x00000201d6f99ae0: 8378 0801 | 7417 4d8b | ea4c 3368 | 0849 f7c5 | fcff ffff | 740b 4883 | 4808 02eb | 044c 8968 
  0x00000201d6f99b00: 0848 83c0 | 104c 8b68 | e841 83ed | 0241 83fd | 020f 8c84 | 0000 004c | 8b6b 0845 | 0fb7 6d2e 
  0x00000201d6f99b20: 4c2b 2841 | 83ed 014e | 8b6c ec08 | 4d85 ed75 | 0ef6 4008 | 0175 58f0 | 4883 4808 | 01eb 5045 
  0x00000201d6f99b40: 8b6d 0849 | ba00 0000 | 8001 0200 | 004d 03ea | 4d8b d54c | 3368 0849 | f7c5 fcff | ffff 742f 
  0x00000201d6f99b60: 41f6 c502 | 7529 4883 | 7808 0074 | 1e48 8378 | 0801 7417 | 4d8b ea4c | 3368 0849 | f7c5 fcff 
  0x00000201d6f99b80: ffff 740b | 4883 4808 | 02eb 044c | 8968 0848 | 83c0 104c | 8b68 d841 | 83ed 0441 | c1e5 0349 
  0x00000201d6f99ba0: 03c5 4889 | 45d8 4c8d | 6c24 0849 | 8bcd 482b | cd48 c1f9 | 0348 894d | f0ff 6350 | 0f1f 4000 
[/MachCode]

---------------  P R O C E S S  ---------------

Threads class SMR info:
_java_thread_list=0x00000201e7517170, length=12, elements={
0x00000201e69edc40, 0x00000201e728c0b0, 0x00000201e7295010, 0x00000201e7298a90,
0x00000201e729a0b0, 0x00000201e729ab10, 0x00000201e729bb70, 0x00000201e729d1d0,
0x00000201e73b1f40, 0x00000201e7448560, 0x00000201e750e0f0, 0x00000201e7511d00
}

Java Threads: ( => current thread )
  0x00000201e69edc40 JavaThread "Reference Handler"          daemon [_thread_blocked, id=5296, stack(0x0000003193500000,0x0000003193600000) (1024K)]
  0x00000201e728c0b0 JavaThread "Finalizer"                  daemon [_thread_blocked, id=27092, stack(0x0000003193600000,0x0000003193700000) (1024K)]
  0x00000201e7295010 JavaThread "Signal Dispatcher"          daemon [_thread_blocked, id=23176, stack(0x0000003193700000,0x0000003193800000) (1024K)]
  0x00000201e7298a90 JavaThread "Attach Listener"            daemon [_thread_blocked, id=8640, stack(0x0000003193800000,0x0000003193900000) (1024K)]
  0x00000201e729a0b0 JavaThread "Service Thread"             daemon [_thread_blocked, id=17860, stack(0x0000003193900000,0x0000003193a00000) (1024K)]
  0x00000201e729ab10 JavaThread "Monitor Deflation Thread"   daemon [_thread_blocked, id=22644, stack(0x0000003193a00000,0x0000003193b00000) (1024K)]
  0x00000201e729bb70 JavaThread "C2 CompilerThread0"         daemon [_thread_blocked, id=25176, stack(0x0000003193b00000,0x0000003193c00000) (1024K)]
  0x00000201e729d1d0 JavaThread "C1 CompilerThread0"         daemon [_thread_blocked, id=11932, stack(0x0000003193c00000,0x0000003193d00000) (1024K)]
  0x00000201e73b1f40 JavaThread "Common-Cleaner"             daemon [_thread_blocked, id=27432, stack(0x0000003193d00000,0x0000003193e00000) (1024K)]
  0x00000201e7448560 JavaThread "C2 CompilerThread1"         daemon [_thread_blocked, id=26016, stack(0x0000003193e00000,0x0000003193f00000) (1024K)]
=>0x00000201e750e0f0 JavaThread "Monitor Ctrl-Break"         daemon [_thread_in_native, id=26024, stack(0x0000003193f00000,0x0000003194000000) (1024K)]
  0x00000201e7511d00 JavaThread "Notification Thread"        daemon [_thread_blocked, id=2564, stack(0x0000003194000000,0x0000003194100000) (1024K)]
Total: 12

Other Threads:
  0x00000201e69d7980 VMThread "VM Thread"                           [id=20600, stack(0x0000003193400000,0x0000003193500000) (1024K)] _threads_hazard_ptr=0x00000201e7517170
  0x00000201c5f44d80 WorkerThread "GC Thread#0"                     [id=12700, stack(0x0000003192e00000,0x0000003192f00000) (1024K)]
  0x00000201c5f556d0 ConcurrentGCThread "G1 Main Marker"            terminated
  0x00000201c5f56ab0 WorkerThread "G1 Conc#0"                       [id=27984, stack(0x0000003193000000,0x0000003193100000) (1024K)]
  0x00000201e688e270 ConcurrentGCThread "G1 Refine#0"               terminated
  0x00000201e688ed00 ConcurrentGCThread "G1 Service"                terminated
Total: 6

Threads with active compile tasks:
C1 CompilerThread0  632  264       3       jdk.internal.org.objectweb.asm.Frame::execute (2305 bytes)
Total: 1

VM state: at safepoint (normal execution)

VM Mutex/Monitor currently owned by a thread:  ([mutex/lock_event])
[0x00007ff8dee1bbb8] Threads_lock - owner thread: 0x00000201e69d7980
[0x00007ff8dee1bcb8] Heap_lock - owner thread: 0x00000201c5ed9bb0

Heap address: 0x0000000705a00000, size: 4006 MB, Compressed Oops mode: Zero based, Oop shift amount: 3

CDS archive(s) mapped at: [0x0000020180000000-0x0000020180c50000-0x0000020180c50000), size 12910592, SharedBaseAddress: 0x0000020180000000, ArchiveRelocationMode: 1.
Compressed class space mapped at: 0x0000020181000000-0x00000201c1000000, reserved size: 1073741824
Narrow klass base: 0x0000020180000000, Narrow klass shift: 0, Narrow klass range: 0x41000000

GC Precious Log:
 CardTable entry size: 512
 Card Set container configuration: InlinePtr #cards 4 size 8 Array Of Cards #cards 16 size 48 Howl #buckets 8 coarsen threshold 3686 Howl Bitmap #cards 512 size 80 coarsen threshold 460 Card regions per heap region 1 cards per card region 4096
 CPUs: 12 total, 12 available
 Memory: 16016M
 Large Page Support: Disabled
 NUMA Support: Disabled
 Compressed Oops: Enabled (Zero based)
 Heap Region Size: 2M
 Heap Min Capacity: 8M
 Heap Initial Capacity: 252M
 Heap Max Capacity: 4006M
 Pre-touch: Disabled
 Parallel Workers: 10
 Concurrent Workers: 3
 Concurrent Refinement Workers: 10
 Periodic GC: Disabled

Heap:
 garbage-first heap   total reserved 4102144K, committed 258048K, used 4096K [0x0000000705a00000, 0x0000000800000000)
  region size 2048K, 3 young (6144K), 0 survivors (0K)
 Metaspace       used 887K, committed 1024K, reserved 1114112K
  class space    used 53K, committed 128K, reserved 1048576K

Heap Regions: E=young(eden), S=young(survivor), O=old, HS=humongous(starts), HC=humongous(continues), CS=collection set, F=free, TAMS=top-at-mark-start, PB=parsable bottom
|   0|0x0000000705a00000, 0x0000000705a00000, 0x0000000705c00000|  0%| F|  |TAMS 0x0000000705a00000| PB 0x0000000705a00000| Untracked |  0
|   1|0x0000000705c00000, 0x0000000705c00000, 0x0000000705e00000|  0%| F|  |TAMS 0x0000000705c00000| PB 0x0000000705c00000| Untracked |  0
|   2|0x0000000705e00000, 0x0000000705e00000, 0x0000000706000000|  0%| F|  |TAMS 0x0000000705e00000| PB 0x0000000705e00000| Untracked |  0
|   3|0x0000000706000000, 0x0000000706000000, 0x0000000706200000|  0%| F|  |TAMS 0x0000000706000000| PB 0x0000000706000000| Untracked |  0
|   4|0x0000000706200000, 0x0000000706200000, 0x0000000706400000|  0%| F|  |TAMS 0x0000000706200000| PB 0x0000000706200000| Untracked |  0
|   5|0x0000000706400000, 0x0000000706400000, 0x0000000706600000|  0%| F|  |TAMS 0x0000000706400000| PB 0x0000000706400000| Untracked |  0
|   6|0x0000000706600000, 0x0000000706600000, 0x0000000706800000|  0%| F|  |TAMS 0x0000000706600000| PB 0x0000000706600000| Untracked |  0
|   7|0x0000000706800000, 0x0000000706800000, 0x0000000706a00000|  0%| F|  |TAMS 0x0000000706800000| PB 0x0000000706800000| Untracked |  0
|   8|0x0000000706a00000, 0x0000000706a00000, 0x0000000706c00000|  0%| F|  |TAMS 0x0000000706a00000| PB 0x0000000706a00000| Untracked |  0
|   9|0x0000000706c00000, 0x0000000706c00000, 0x0000000706e00000|  0%| F|  |TAMS 0x0000000706c00000| PB 0x0000000706c00000| Untracked |  0
|  10|0x0000000706e00000, 0x0000000706e00000, 0x0000000707000000|  0%| F|  |TAMS 0x0000000706e00000| PB 0x0000000706e00000| Untracked |  0
|  11|0x0000000707000000, 0x0000000707000000, 0x0000000707200000|  0%| F|  |TAMS 0x0000000707000000| PB 0x0000000707000000| Untracked |  0
|  12|0x0000000707200000, 0x0000000707200000, 0x0000000707400000|  0%| F|  |TAMS 0x0000000707200000| PB 0x0000000707200000| Untracked |  0
|  13|0x0000000707400000, 0x0000000707400000, 0x0000000707600000|  0%| F|  |TAMS 0x0000000707400000| PB 0x0000000707400000| Untracked |  0
|  14|0x0000000707600000, 0x0000000707600000, 0x0000000707800000|  0%| F|  |TAMS 0x0000000707600000| PB 0x0000000707600000| Untracked |  0
|  15|0x0000000707800000, 0x0000000707800000, 0x0000000707a00000|  0%| F|  |TAMS 0x0000000707800000| PB 0x0000000707800000| Untracked |  0
|  16|0x0000000707a00000, 0x0000000707a00000, 0x0000000707c00000|  0%| F|  |TAMS 0x0000000707a00000| PB 0x0000000707a00000| Untracked |  0
|  17|0x0000000707c00000, 0x0000000707c00000, 0x0000000707e00000|  0%| F|  |TAMS 0x0000000707c00000| PB 0x0000000707c00000| Untracked |  0
|  18|0x0000000707e00000, 0x0000000707e00000, 0x0000000708000000|  0%| F|  |TAMS 0x0000000707e00000| PB 0x0000000707e00000| Untracked |  0
|  19|0x0000000708000000, 0x0000000708000000, 0x0000000708200000|  0%| F|  |TAMS 0x0000000708000000| PB 0x0000000708000000| Untracked |  0
|  20|0x0000000708200000, 0x0000000708200000, 0x0000000708400000|  0%| F|  |TAMS 0x0000000708200000| PB 0x0000000708200000| Untracked |  0
|  21|0x0000000708400000, 0x0000000708400000, 0x0000000708600000|  0%| F|  |TAMS 0x0000000708400000| PB 0x0000000708400000| Untracked |  0
|  22|0x0000000708600000, 0x0000000708600000, 0x0000000708800000|  0%| F|  |TAMS 0x0000000708600000| PB 0x0000000708600000| Untracked |  0
|  23|0x0000000708800000, 0x0000000708800000, 0x0000000708a00000|  0%| F|  |TAMS 0x0000000708800000| PB 0x0000000708800000| Untracked |  0
|  24|0x0000000708a00000, 0x0000000708a00000, 0x0000000708c00000|  0%| F|  |TAMS 0x0000000708a00000| PB 0x0000000708a00000| Untracked |  0
|  25|0x0000000708c00000, 0x0000000708c00000, 0x0000000708e00000|  0%| F|  |TAMS 0x0000000708c00000| PB 0x0000000708c00000| Untracked |  0
|  26|0x0000000708e00000, 0x0000000708e00000, 0x0000000709000000|  0%| F|  |TAMS 0x0000000708e00000| PB 0x0000000708e00000| Untracked |  0
|  27|0x0000000709000000, 0x0000000709000000, 0x0000000709200000|  0%| F|  |TAMS 0x0000000709000000| PB 0x0000000709000000| Untracked |  0
|  28|0x0000000709200000, 0x0000000709200000, 0x0000000709400000|  0%| F|  |TAMS 0x0000000709200000| PB 0x0000000709200000| Untracked |  0
|  29|0x0000000709400000, 0x0000000709400000, 0x0000000709600000|  0%| F|  |TAMS 0x0000000709400000| PB 0x0000000709400000| Untracked |  0
|  30|0x0000000709600000, 0x0000000709600000, 0x0000000709800000|  0%| F|  |TAMS 0x0000000709600000| PB 0x0000000709600000| Untracked |  0
|  31|0x0000000709800000, 0x0000000709800000, 0x0000000709a00000|  0%| F|  |TAMS 0x0000000709800000| PB 0x0000000709800000| Untracked |  0
|  32|0x0000000709a00000, 0x0000000709a00000, 0x0000000709c00000|  0%| F|  |TAMS 0x0000000709a00000| PB 0x0000000709a00000| Untracked |  0
|  33|0x0000000709c00000, 0x0000000709c00000, 0x0000000709e00000|  0%| F|  |TAMS 0x0000000709c00000| PB 0x0000000709c00000| Untracked |  0
|  34|0x0000000709e00000, 0x0000000709e00000, 0x000000070a000000|  0%| F|  |TAMS 0x0000000709e00000| PB 0x0000000709e00000| Untracked |  0
|  35|0x000000070a000000, 0x000000070a000000, 0x000000070a200000|  0%| F|  |TAMS 0x000000070a000000| PB 0x000000070a000000| Untracked |  0
|  36|0x000000070a200000, 0x000000070a200000, 0x000000070a400000|  0%| F|  |TAMS 0x000000070a200000| PB 0x000000070a200000| Untracked |  0
|  37|0x000000070a400000, 0x000000070a400000, 0x000000070a600000|  0%| F|  |TAMS 0x000000070a400000| PB 0x000000070a400000| Untracked |  0
|  38|0x000000070a600000, 0x000000070a600000, 0x000000070a800000|  0%| F|  |TAMS 0x000000070a600000| PB 0x000000070a600000| Untracked |  0
|  39|0x000000070a800000, 0x000000070a800000, 0x000000070aa00000|  0%| F|  |TAMS 0x000000070a800000| PB 0x000000070a800000| Untracked |  0
|  40|0x000000070aa00000, 0x000000070aa00000, 0x000000070ac00000|  0%| F|  |TAMS 0x000000070aa00000| PB 0x000000070aa00000| Untracked |  0
|  41|0x000000070ac00000, 0x000000070ac00000, 0x000000070ae00000|  0%| F|  |TAMS 0x000000070ac00000| PB 0x000000070ac00000| Untracked |  0
|  42|0x000000070ae00000, 0x000000070ae00000, 0x000000070b000000|  0%| F|  |TAMS 0x000000070ae00000| PB 0x000000070ae00000| Untracked |  0
|  43|0x000000070b000000, 0x000000070b000000, 0x000000070b200000|  0%| F|  |TAMS 0x000000070b000000| PB 0x000000070b000000| Untracked |  0
|  44|0x000000070b200000, 0x000000070b200000, 0x000000070b400000|  0%| F|  |TAMS 0x000000070b200000| PB 0x000000070b200000| Untracked |  0
|  45|0x000000070b400000, 0x000000070b400000, 0x000000070b600000|  0%| F|  |TAMS 0x000000070b400000| PB 0x000000070b400000| Untracked |  0
|  46|0x000000070b600000, 0x000000070b600000, 0x000000070b800000|  0%| F|  |TAMS 0x000000070b600000| PB 0x000000070b600000| Untracked |  0
|  47|0x000000070b800000, 0x000000070b800000, 0x000000070ba00000|  0%| F|  |TAMS 0x000000070b800000| PB 0x000000070b800000| Untracked |  0
|  48|0x000000070ba00000, 0x000000070ba00000, 0x000000070bc00000|  0%| F|  |TAMS 0x000000070ba00000| PB 0x000000070ba00000| Untracked |  0
|  49|0x000000070bc00000, 0x000000070bc00000, 0x000000070be00000|  0%| F|  |TAMS 0x000000070bc00000| PB 0x000000070bc00000| Untracked |  0
|  50|0x000000070be00000, 0x000000070be00000, 0x000000070c000000|  0%| F|  |TAMS 0x000000070be00000| PB 0x000000070be00000| Untracked |  0
|  51|0x000000070c000000, 0x000000070c000000, 0x000000070c200000|  0%| F|  |TAMS 0x000000070c000000| PB 0x000000070c000000| Untracked |  0
|  52|0x000000070c200000, 0x000000070c200000, 0x000000070c400000|  0%| F|  |TAMS 0x000000070c200000| PB 0x000000070c200000| Untracked |  0
|  53|0x000000070c400000, 0x000000070c400000, 0x000000070c600000|  0%| F|  |TAMS 0x000000070c400000| PB 0x000000070c400000| Untracked |  0
|  54|0x000000070c600000, 0x000000070c600000, 0x000000070c800000|  0%| F|  |TAMS 0x000000070c600000| PB 0x000000070c600000| Untracked |  0
|  55|0x000000070c800000, 0x000000070c800000, 0x000000070ca00000|  0%| F|  |TAMS 0x000000070c800000| PB 0x000000070c800000| Untracked |  0
|  56|0x000000070ca00000, 0x000000070ca00000, 0x000000070cc00000|  0%| F|  |TAMS 0x000000070ca00000| PB 0x000000070ca00000| Untracked |  0
|  57|0x000000070cc00000, 0x000000070cc00000, 0x000000070ce00000|  0%| F|  |TAMS 0x000000070cc00000| PB 0x000000070cc00000| Untracked |  0
|  58|0x000000070ce00000, 0x000000070ce00000, 0x000000070d000000|  0%| F|  |TAMS 0x000000070ce00000| PB 0x000000070ce00000| Untracked |  0
|  59|0x000000070d000000, 0x000000070d000000, 0x000000070d200000|  0%| F|  |TAMS 0x000000070d000000| PB 0x000000070d000000| Untracked |  0
|  60|0x000000070d200000, 0x000000070d200000, 0x000000070d400000|  0%| F|  |TAMS 0x000000070d200000| PB 0x000000070d200000| Untracked |  0
|  61|0x000000070d400000, 0x000000070d400000, 0x000000070d600000|  0%| F|  |TAMS 0x000000070d400000| PB 0x000000070d400000| Untracked |  0
|  62|0x000000070d600000, 0x000000070d600000, 0x000000070d800000|  0%| F|  |TAMS 0x000000070d600000| PB 0x000000070d600000| Untracked |  0
|  63|0x000000070d800000, 0x000000070d800000, 0x000000070da00000|  0%| F|  |TAMS 0x000000070d800000| PB 0x000000070d800000| Untracked |  0
|  64|0x000000070da00000, 0x000000070da00000, 0x000000070dc00000|  0%| F|  |TAMS 0x000000070da00000| PB 0x000000070da00000| Untracked |  0
|  65|0x000000070dc00000, 0x000000070dc00000, 0x000000070de00000|  0%| F|  |TAMS 0x000000070dc00000| PB 0x000000070dc00000| Untracked |  0
|  66|0x000000070de00000, 0x000000070de00000, 0x000000070e000000|  0%| F|  |TAMS 0x000000070de00000| PB 0x000000070de00000| Untracked |  0
|  67|0x000000070e000000, 0x000000070e000000, 0x000000070e200000|  0%| F|  |TAMS 0x000000070e000000| PB 0x000000070e000000| Untracked |  0
|  68|0x000000070e200000, 0x000000070e200000, 0x000000070e400000|  0%| F|  |TAMS 0x000000070e200000| PB 0x000000070e200000| Untracked |  0
|  69|0x000000070e400000, 0x000000070e400000, 0x000000070e600000|  0%| F|  |TAMS 0x000000070e400000| PB 0x000000070e400000| Untracked |  0
|  70|0x000000070e600000, 0x000000070e600000, 0x000000070e800000|  0%| F|  |TAMS 0x000000070e600000| PB 0x000000070e600000| Untracked |  0
|  71|0x000000070e800000, 0x000000070e800000, 0x000000070ea00000|  0%| F|  |TAMS 0x000000070e800000| PB 0x000000070e800000| Untracked |  0
|  72|0x000000070ea00000, 0x000000070ea00000, 0x000000070ec00000|  0%| F|  |TAMS 0x000000070ea00000| PB 0x000000070ea00000| Untracked |  0
|  73|0x000000070ec00000, 0x000000070ec00000, 0x000000070ee00000|  0%| F|  |TAMS 0x000000070ec00000| PB 0x000000070ec00000| Untracked |  0
|  74|0x000000070ee00000, 0x000000070ee00000, 0x000000070f000000|  0%| F|  |TAMS 0x000000070ee00000| PB 0x000000070ee00000| Untracked |  0
|  75|0x000000070f000000, 0x000000070f000000, 0x000000070f200000|  0%| F|  |TAMS 0x000000070f000000| PB 0x000000070f000000| Untracked |  0
|  76|0x000000070f200000, 0x000000070f200000, 0x000000070f400000|  0%| F|  |TAMS 0x000000070f200000| PB 0x000000070f200000| Untracked |  0
|  77|0x000000070f400000, 0x000000070f400000, 0x000000070f600000|  0%| F|  |TAMS 0x000000070f400000| PB 0x000000070f400000| Untracked |  0
|  78|0x000000070f600000, 0x000000070f600000, 0x000000070f800000|  0%| F|  |TAMS 0x000000070f600000| PB 0x000000070f600000| Untracked |  0
|  79|0x000000070f800000, 0x000000070f800000, 0x000000070fa00000|  0%| F|  |TAMS 0x000000070f800000| PB 0x000000070f800000| Untracked |  0
|  80|0x000000070fa00000, 0x000000070fa00000, 0x000000070fc00000|  0%| F|  |TAMS 0x000000070fa00000| PB 0x000000070fa00000| Untracked |  0
|  81|0x000000070fc00000, 0x000000070fc00000, 0x000000070fe00000|  0%| F|  |TAMS 0x000000070fc00000| PB 0x000000070fc00000| Untracked |  0
|  82|0x000000070fe00000, 0x000000070fe00000, 0x0000000710000000|  0%| F|  |TAMS 0x000000070fe00000| PB 0x000000070fe00000| Untracked |  0
|  83|0x0000000710000000, 0x0000000710000000, 0x0000000710200000|  0%| F|  |TAMS 0x0000000710000000| PB 0x0000000710000000| Untracked |  0
|  84|0x0000000710200000, 0x0000000710200000, 0x0000000710400000|  0%| F|  |TAMS 0x0000000710200000| PB 0x0000000710200000| Untracked |  0
|  85|0x0000000710400000, 0x0000000710400000, 0x0000000710600000|  0%| F|  |TAMS 0x0000000710400000| PB 0x0000000710400000| Untracked |  0
|  86|0x0000000710600000, 0x0000000710600000, 0x0000000710800000|  0%| F|  |TAMS 0x0000000710600000| PB 0x0000000710600000| Untracked |  0
|  87|0x0000000710800000, 0x0000000710800000, 0x0000000710a00000|  0%| F|  |TAMS 0x0000000710800000| PB 0x0000000710800000| Untracked |  0
|  88|0x0000000710a00000, 0x0000000710a00000, 0x0000000710c00000|  0%| F|  |TAMS 0x0000000710a00000| PB 0x0000000710a00000| Untracked |  0
|  89|0x0000000710c00000, 0x0000000710c00000, 0x0000000710e00000|  0%| F|  |TAMS 0x0000000710c00000| PB 0x0000000710c00000| Untracked |  0
|  90|0x0000000710e00000, 0x0000000710e00000, 0x0000000711000000|  0%| F|  |TAMS 0x0000000710e00000| PB 0x0000000710e00000| Untracked |  0
|  91|0x0000000711000000, 0x0000000711000000, 0x0000000711200000|  0%| F|  |TAMS 0x0000000711000000| PB 0x0000000711000000| Untracked |  0
|  92|0x0000000711200000, 0x0000000711200000, 0x0000000711400000|  0%| F|  |TAMS 0x0000000711200000| PB 0x0000000711200000| Untracked |  0
|  93|0x0000000711400000, 0x0000000711400000, 0x0000000711600000|  0%| F|  |TAMS 0x0000000711400000| PB 0x0000000711400000| Untracked |  0
|  94|0x0000000711600000, 0x0000000711600000, 0x0000000711800000|  0%| F|  |TAMS 0x0000000711600000| PB 0x0000000711600000| Untracked |  0
|  95|0x0000000711800000, 0x0000000711800000, 0x0000000711a00000|  0%| F|  |TAMS 0x0000000711800000| PB 0x0000000711800000| Untracked |  0
|  96|0x0000000711a00000, 0x0000000711a00000, 0x0000000711c00000|  0%| F|  |TAMS 0x0000000711a00000| PB 0x0000000711a00000| Untracked |  0
|  97|0x0000000711c00000, 0x0000000711c00000, 0x0000000711e00000|  0%| F|  |TAMS 0x0000000711c00000| PB 0x0000000711c00000| Untracked |  0
|  98|0x0000000711e00000, 0x0000000711e00000, 0x0000000712000000|  0%| F|  |TAMS 0x0000000711e00000| PB 0x0000000711e00000| Untracked |  0
|  99|0x0000000712000000, 0x0000000712000000, 0x0000000712200000|  0%| F|  |TAMS 0x0000000712000000| PB 0x0000000712000000| Untracked |  0
| 100|0x0000000712200000, 0x0000000712200000, 0x0000000712400000|  0%| F|  |TAMS 0x0000000712200000| PB 0x0000000712200000| Untracked |  0
| 101|0x0000000712400000, 0x0000000712400000, 0x0000000712600000|  0%| F|  |TAMS 0x0000000712400000| PB 0x0000000712400000| Untracked |  0
| 102|0x0000000712600000, 0x0000000712600000, 0x0000000712800000|  0%| F|  |TAMS 0x0000000712600000| PB 0x0000000712600000| Untracked |  0
| 103|0x0000000712800000, 0x0000000712800000, 0x0000000712a00000|  0%| F|  |TAMS 0x0000000712800000| PB 0x0000000712800000| Untracked |  0
| 104|0x0000000712a00000, 0x0000000712a00000, 0x0000000712c00000|  0%| F|  |TAMS 0x0000000712a00000| PB 0x0000000712a00000| Untracked |  0
| 105|0x0000000712c00000, 0x0000000712c00000, 0x0000000712e00000|  0%| F|  |TAMS 0x0000000712c00000| PB 0x0000000712c00000| Untracked |  0
| 106|0x0000000712e00000, 0x0000000712e00000, 0x0000000713000000|  0%| F|  |TAMS 0x0000000712e00000| PB 0x0000000712e00000| Untracked |  0
| 107|0x0000000713000000, 0x0000000713000000, 0x0000000713200000|  0%| F|  |TAMS 0x0000000713000000| PB 0x0000000713000000| Untracked |  0
| 108|0x0000000713200000, 0x0000000713200000, 0x0000000713400000|  0%| F|  |TAMS 0x0000000713200000| PB 0x0000000713200000| Untracked |  0
| 109|0x0000000713400000, 0x0000000713400000, 0x0000000713600000|  0%| F|  |TAMS 0x0000000713400000| PB 0x0000000713400000| Untracked |  0
| 110|0x0000000713600000, 0x0000000713600000, 0x0000000713800000|  0%| F|  |TAMS 0x0000000713600000| PB 0x0000000713600000| Untracked |  0
| 111|0x0000000713800000, 0x0000000713800000, 0x0000000713a00000|  0%| F|  |TAMS 0x0000000713800000| PB 0x0000000713800000| Untracked |  0
| 112|0x0000000713a00000, 0x0000000713a00000, 0x0000000713c00000|  0%| F|  |TAMS 0x0000000713a00000| PB 0x0000000713a00000| Untracked |  0
| 113|0x0000000713c00000, 0x0000000713c00000, 0x0000000713e00000|  0%| F|  |TAMS 0x0000000713c00000| PB 0x0000000713c00000| Untracked |  0
| 114|0x0000000713e00000, 0x0000000713e00000, 0x0000000714000000|  0%| F|  |TAMS 0x0000000713e00000| PB 0x0000000713e00000| Untracked |  0
| 115|0x0000000714000000, 0x0000000714000000, 0x0000000714200000|  0%| F|  |TAMS 0x0000000714000000| PB 0x0000000714000000| Untracked |  0
| 116|0x0000000714200000, 0x0000000714200000, 0x0000000714400000|  0%| F|  |TAMS 0x0000000714200000| PB 0x0000000714200000| Untracked |  0
| 117|0x0000000714400000, 0x0000000714400000, 0x0000000714600000|  0%| F|  |TAMS 0x0000000714400000| PB 0x0000000714400000| Untracked |  0
| 118|0x0000000714600000, 0x0000000714600000, 0x0000000714800000|  0%| F|  |TAMS 0x0000000714600000| PB 0x0000000714600000| Untracked |  0
| 119|0x0000000714800000, 0x0000000714800000, 0x0000000714a00000|  0%| F|  |TAMS 0x0000000714800000| PB 0x0000000714800000| Untracked |  0
| 120|0x0000000714a00000, 0x0000000714a00000, 0x0000000714c00000|  0%| F|  |TAMS 0x0000000714a00000| PB 0x0000000714a00000| Untracked |  0
| 121|0x0000000714c00000, 0x0000000714c00000, 0x0000000714e00000|  0%| F|  |TAMS 0x0000000714c00000| PB 0x0000000714c00000| Untracked |  0
| 122|0x0000000714e00000, 0x0000000714e00000, 0x0000000715000000|  0%| F|  |TAMS 0x0000000714e00000| PB 0x0000000714e00000| Untracked |  0
| 123|0x0000000715000000, 0x000000071507ae88, 0x0000000715200000| 24%| E|  |TAMS 0x0000000715000000| PB 0x0000000715000000| Complete |  0
| 124|0x0000000715200000, 0x0000000715400000, 0x0000000715400000|100%| E|CS|TAMS 0x0000000715200000| PB 0x0000000715200000| Complete |  0
| 125|0x0000000715400000, 0x0000000715600000, 0x0000000715600000|100%| E|CS|TAMS 0x0000000715400000| PB 0x0000000715400000| Complete |  0

Card table byte_map: [0x00000201dfec0000,0x00000201e06a0000] _byte_map_base: 0x00000201dc693000

Marking Bits: (CMBitMap*) 0x00000201c5f453a0
 Bits: [0x00000201e06a0000, 0x00000201e4538000)

Polling page: 0x00000201c5f60000

Metaspace:

Usage:
  Non-class:    833.05 KB used.
      Class:     53.95 KB used.
       Both:    887.00 KB used.

Virtual space:
  Non-class space:       64.00 MB reserved,     896.00 KB (  1%) committed,  1 nodes.
      Class space:        1.00 GB reserved,     128.00 KB ( <1%) committed,  1 nodes.
             Both:        1.06 GB reserved,       1.00 MB ( <1%) committed. 

Chunk freelists:
   Non-Class:  11.94 MB
       Class:  15.72 MB
        Both:  27.66 MB

MaxMetaspaceSize: unlimited
CompressedClassSpaceSize: 1.00 GB
Initial GC threshold: 21.00 MB
Current GC threshold: 21.00 MB
CDS: on
 - commit_granule_bytes: 65536.
 - commit_granule_words: 8192.
 - virtual_space_node_default_size: 8388608.
 - enlarge_chunks_in_place: 1.
 - use_allocation_guard: 0.


Internal statistics:

num_allocs_failed_limit: 0.
num_arena_births: 46.
num_arena_deaths: 0.
num_vsnodes_births: 2.
num_vsnodes_deaths: 0.
num_space_committed: 16.
num_space_uncommitted: 0.
num_chunks_returned_to_freelist: 0.
num_chunks_taken_from_freelist: 52.
num_chunk_merges: 0.
num_chunk_splits: 35.
num_chunks_enlarged: 20.
num_inconsistent_stats: 0.

CodeHeap 'non-profiled nmethods': size=120000Kb used=100Kb max_used=100Kb free=119899Kb
 bounds [0x00000201d7520000, 0x00000201d7790000, 0x00000201dea50000]
CodeHeap 'profiled nmethods': size=120000Kb used=256Kb max_used=256Kb free=119744Kb
 bounds [0x00000201cfa50000, 0x00000201cfcc0000, 0x00000201d6f80000]
CodeHeap 'non-nmethods': size=5760Kb used=1305Kb max_used=1315Kb free=4455Kb
 bounds [0x00000201d6f80000, 0x00000201d71f0000, 0x00000201d7520000]
 total_blobs=685 nmethods=267 adapters=323
 compilation: enabled
              stopped_count=0, restarted_count=0
 full_count=0

Compilation events (20 events):
Event: 0.246 Thread 0x00000201e729d1d0 nmethod 232 0x00000201d7536790 code [0x00000201d7536920, 0x00000201d75369f0]
Event: 0.246 Thread 0x00000201e729d1d0  252       3       java.lang.invoke.LambdaForm::parameterType (9 bytes)
Event: 0.247 Thread 0x00000201e729d1d0 nmethod 252 0x00000201cfa8eb90 code [0x00000201cfa8ed40, 0x00000201cfa8eea0]
Event: 0.247 Thread 0x00000201e729d1d0  254       1       java.lang.invoke.LambdaForm$BasicType::basicTypeClass (5 bytes)
Event: 0.247 Thread 0x00000201e729d1d0 nmethod 254 0x00000201d7536a90 code [0x00000201d7536c20, 0x00000201d7536cf0]
Event: 0.247 Thread 0x00000201e729d1d0  253       1       java.lang.invoke.LambdaForm$Name::type (5 bytes)
Event: 0.247 Thread 0x00000201e729d1d0 nmethod 253 0x00000201d7536d90 code [0x00000201d7536f20, 0x00000201d7536ff0]
Event: 0.247 Thread 0x00000201e729d1d0  255       1       java.lang.invoke.MethodHandles$Lookup::lookupClass (5 bytes)
Event: 0.247 Thread 0x00000201e729d1d0 nmethod 255 0x00000201d7537090 code [0x00000201d7537220, 0x00000201d75372f0]
Event: 0.247 Thread 0x00000201e729d1d0  256       3       java.lang.reflect.Modifier::isStatic (13 bytes)
Event: 0.248 Thread 0x00000201e729d1d0 nmethod 256 0x00000201cfa8ef90 code [0x00000201cfa8f120, 0x00000201cfa8f260]
Event: 0.248 Thread 0x00000201e729d1d0  258       3       java.lang.StringBuilder::<init> (7 bytes)
Event: 0.248 Thread 0x00000201e729d1d0 nmethod 258 0x00000201cfa8f310 code [0x00000201cfa8f4c0, 0x00000201cfa8f600]
Event: 0.248 Thread 0x00000201e729d1d0  260       3       java.lang.invoke.MemberName::isStatic (8 bytes)
Event: 0.248 Thread 0x00000201e729d1d0 nmethod 260 0x00000201cfa8f690 code [0x00000201cfa8f820, 0x00000201cfa8f9e0]
Event: 0.248 Thread 0x00000201e729d1d0  262       3       java.lang.invoke.LambdaForm$Name::<init> (66 bytes)
Event: 0.249 Thread 0x00000201e729d1d0 nmethod 262 0x00000201cfa8fa90 code [0x00000201cfa8fc40, 0x00000201cfa8ff18]
Event: 0.249 Thread 0x00000201e729d1d0  264       3       jdk.internal.org.objectweb.asm.Frame::execute (2305 bytes)
Event: 0.249 Thread 0x00000201e7448560  265       4       jdk.internal.org.objectweb.asm.SymbolTable::get (13 bytes)
Event: 0.251 Thread 0x00000201e7448560 nmethod 265 0x00000201d7538790 code [0x00000201d7538920, 0x00000201d7538a28]

GC Heap History (0 events):
No events

Dll operation events (8 events):
Event: 0.038 Loaded shared library C:\Users\saimouli.maruvada\.jdks\openjdk-22.0.1\bin\java.dll
Event: 0.083 Loaded shared library C:\Users\saimouli.maruvada\.jdks\openjdk-22.0.1\bin\jsvml.dll
Event: 0.161 Loaded shared library C:\Users\saimouli.maruvada\.jdks\openjdk-22.0.1\bin\zip.dll
Event: 0.168 Loaded shared library C:\Users\saimouli.maruvada\.jdks\openjdk-22.0.1\bin\instrument.dll
Event: 0.179 Loaded shared library C:\Users\saimouli.maruvada\.jdks\openjdk-22.0.1\bin\net.dll
Event: 0.183 Loaded shared library C:\Users\saimouli.maruvada\.jdks\openjdk-22.0.1\bin\nio.dll
Event: 0.192 Loaded shared library C:\Users\saimouli.maruvada\.jdks\openjdk-22.0.1\bin\zip.dll
Event: 0.208 Loaded shared library C:\Program Files\JetBrains\IntelliJ IDEA Community Edition 2024.1.1\bin\breakgen64.dll

Deoptimization events (4 events):
Event: 0.232 Thread 0x00000201c5ed9bb0 Uncommon trap: trap_request=0xffffff45 fr.pc=0x00000201d7530ee4 relative=0x00000000000000c4
Event: 0.232 Thread 0x00000201c5ed9bb0 Uncommon trap: reason=unstable_if action=reinterpret pc=0x00000201d7530ee4 method=java.lang.String.isLatin1()Z @ 10 c2
Event: 0.232 Thread 0x00000201c5ed9bb0 DEOPT PACKING pc=0x00000201d7530ee4 sp=0x0000003192dfefa0
Event: 0.232 Thread 0x00000201c5ed9bb0 DEOPT UNPACKING pc=0x00000201d6fd46a2 sp=0x0000003192dfeee0 mode 2

Classes loaded (20 events):
Event: 0.252 Loading class sun/nio/ch/Net done
Event: 0.252 Loading class sun/nio/ch/Net$1
Event: 0.253 Loading class java/net/ProtocolFamily
Event: 0.253 Loading class java/net/ProtocolFamily done
Event: 0.253 Loading class sun/nio/ch/Net$1 done
Event: 0.253 Loading class sun/net/ext/ExtendedSocketOptions
Event: 0.254 Loading class sun/net/ext/ExtendedSocketOptions done
Event: 0.254 Loading class jdk/net/ExtendedSocketOptions
Event: 0.254 Loading class jdk/net/ExtendedSocketOptions done
Event: 0.254 Loading class jdk/net/ExtendedSocketOptions$ExtSocketOption
Event: 0.254 Loading class java/net/SocketOption
Event: 0.254 Loading class java/net/SocketOption done
Event: 0.254 Loading class jdk/net/ExtendedSocketOptions$ExtSocketOption done
Event: 0.255 Loading class jdk/net/UnixDomainPrincipal
Event: 0.255 Loading class jdk/net/UnixDomainPrincipal done
Event: 0.255 Loading class jdk/net/ExtendedSocketOptions$PlatformSocketOptions
Event: 0.255 Loading class jdk/net/ExtendedSocketOptions$PlatformSocketOptions done
Event: 0.255 Loading class jdk/net/ExtendedSocketOptions$2
Event: 0.255 Loading class jdk/net/ExtendedSocketOptions$2 done
Event: 0.255 Loading class jdk/internal/util/OperatingSystem

Classes unloaded (0 events):
No events

Classes redefined (4 events):
Event: 0.220 Thread 0x00000201e69d7980 redefined class name=java.io.FileOutputStream, count=1
Event: 0.224 Thread 0x00000201e69d7980 redefined class name=java.nio.file.Files, count=1
Event: 0.228 Thread 0x00000201e69d7980 redefined class name=java.io.File, count=1
Event: 0.229 Thread 0x00000201e69d7980 redefined class name=java.net.URLStreamHandler, count=1

Internal exceptions (2 events):
Event: 0.194 Thread 0x00000201c5ed9bb0 Exception <a 'java/lang/NoSuchMethodError'{0x0000000715325ac8}: 'void java.lang.invoke.DirectMethodHandle$Holder.invokeStatic(java.lang.Object, java.lang.Object, java.lang.Object)'> (0x0000000715325ac8) 
thrown [s\open\src\hotspot\share\interpreter\linkResolver.cpp, line 774]
Event: 0.203 Thread 0x00000201c5ed9bb0 Exception <a 'java/lang/NoSuchMethodError'{0x000000071533d560}: 'java.lang.Object java.lang.invoke.Invokers$Holder.invokeExact_MT(java.lang.Object, java.lang.Object, java.lang.Object, java.lang.Object, java.lang.Object)'> (0x000000071533d560) 
thrown [s\open\src\hotspot\share\interpreter\linkResolver.cpp, line 774]

ZGC Phase Switch (0 events):
No events

VM Operations (10 events):
Event: 0.133 Executing VM operation: HandshakeAllThreads (Deoptimize)
Event: 0.133 Executing VM operation: HandshakeAllThreads (Deoptimize) done
Event: 0.219 Executing VM operation: RedefineClasses
Event: 0.221 Executing VM operation: RedefineClasses done
Event: 0.224 Executing VM operation: RedefineClasses
Event: 0.226 Executing VM operation: RedefineClasses done
Event: 0.227 Executing VM operation: RedefineClasses
Event: 0.228 Executing VM operation: RedefineClasses done
Event: 0.229 Executing VM operation: RedefineClasses
Event: 0.230 Executing VM operation: RedefineClasses done

Events (16 events):
Event: 0.058 Thread 0x00000201c5ed9bb0 Thread added: 0x00000201c5ed9bb0
Event: 0.077 Thread 0x00000201e69edc40 Thread added: 0x00000201e69edc40
Event: 0.077 Thread 0x00000201e728c0b0 Thread added: 0x00000201e728c0b0
Event: 0.078 Thread 0x00000201e7295010 Thread added: 0x00000201e7295010
Event: 0.078 Thread 0x00000201e7298a90 Thread added: 0x00000201e7298a90
Event: 0.078 Thread 0x00000201e729a0b0 Thread added: 0x00000201e729a0b0
Event: 0.078 Thread 0x00000201e729ab10 Thread added: 0x00000201e729ab10
Event: 0.078 Thread 0x00000201e729bb70 Thread added: 0x00000201e729bb70
Event: 0.078 Thread 0x00000201e729d1d0 Thread added: 0x00000201e729d1d0
Event: 0.114 Thread 0x00000201e73b1f40 Thread added: 0x00000201e73b1f40
Event: 0.150 Thread 0x00000201e7448560 Thread added: 0x00000201e7448560
Event: 0.209 Thread 0x00000201e750e0f0 Thread added: 0x00000201e750e0f0
Event: 0.231 Thread 0x00000201e7511d00 Thread added: 0x00000201e7511d00
Event: 0.254 Thread 0x00000201c5ed9bb0 Thread exited: 0x00000201c5ed9bb0
Event: 0.255 Thread 0x00000201c5ed9bb0 Thread added: 0x00000201c5ed9bb0
Event: 0.256 Thread 0x00000201c5ed9bb0 Thread exited: 0x00000201c5ed9bb0


Dynamic libraries:
0x00007ff709240000 - 0x00007ff70924e000 	C:\Users\saimouli.maruvada\.jdks\openjdk-22.0.1\bin\java.exe
0x00007ff99d890000 - 0x00007ff99da88000 	C:\Windows\SYSTEM32\ntdll.dll
0x00007ff99d5e0000 - 0x00007ff99d6a1000 	C:\Windows\System32\KERNEL32.DLL
0x00007ff99d2e0000 - 0x00007ff99d5dd000 	C:\Windows\System32\KERNELBASE.dll
0x0000000077400000 - 0x000000007743c000 	C:\Windows\System32\cyinjct.dll
0x00007ff99d160000 - 0x00007ff99d169000 	C:\Windows\System32\ntnativeapi.dll
0x00007ff996fa0000 - 0x00007ff996fb7000 	C:\Users\saimouli.maruvada\.jdks\openjdk-22.0.1\bin\jli.dll
0x00000201c5750000 - 0x00000201c58ed000 	C:\Windows\System32\USER32.dll
0x00007ff99afc0000 - 0x00007ff99afe2000 	C:\Windows\System32\win32u.dll
0x00007ff99bd20000 - 0x00007ff99bd4b000 	C:\Windows\System32\GDI32.dll
0x00007ff99b190000 - 0x00007ff99b2a7000 	C:\Windows\System32\gdi32full.dll
0x00007ff99b060000 - 0x00007ff99b0fd000 	C:\Windows\System32\msvcp_win.dll
0x00000201c58f0000 - 0x00000201c59f0000 	C:\Windows\System32\ucrtbase.dll
0x00007ff996f40000 - 0x00007ff996f5b000 	C:\Users\saimouli.maruvada\.jdks\openjdk-22.0.1\bin\VCRUNTIME140.dll
0x00007ff97b800000 - 0x00007ff97ba9a000 	C:\Windows\WinSxS\amd64_microsoft.windows.common-controls_6595b64144ccf1df_6.0.19041.4355_none_60b8b9eb71f62e16\COMCTL32.dll
0x00007ff99bf60000 - 0x00007ff99bffe000 	C:\Windows\System32\msvcrt.dll
0x00007ff99d140000 - 0x00007ff99d15e000 	C:\Windows\System32\cyvera.dll
0x00007ff99d0c0000 - 0x00007ff99d135000 	C:\Windows\System32\cyvrtrap.dll
0x00007ff99c010000 - 0x00007ff99c03f000 	C:\Windows\System32\IMM32.DLL
0x0000000075e90000 - 0x0000000075f02000 	C:\Windows\System32\QIPCAP64.dll
0x00007ff99b5b0000 - 0x00007ff99bd1f000 	C:\Windows\System32\SHELL32.dll
0x00007ff99b490000 - 0x00007ff99b540000 	C:\Windows\System32\ADVAPI32.dll
0x00007ff99c470000 - 0x00007ff99c510000 	C:\Windows\System32\sechost.dll
0x00007ff99d1b0000 - 0x00007ff99d2d3000 	C:\Windows\System32\RPCRT4.dll
0x00007ff99b2b0000 - 0x00007ff99b2d7000 	C:\Windows\System32\bcrypt.dll
0x00007ff99a1c0000 - 0x00007ff99a28a000 	C:\Windows\SYSTEM32\DNSAPI.dll
0x00007ff99a170000 - 0x00007ff99a1ab000 	C:\Windows\SYSTEM32\IPHLPAPI.DLL
0x00007ff99c000000 - 0x00007ff99c008000 	C:\Windows\System32\NSI.dll
0x00007ff9965e0000 - 0x00007ff9965ec000 	C:\Users\saimouli.maruvada\.jdks\openjdk-22.0.1\bin\vcruntime140_1.dll
0x00007ff94b410000 - 0x00007ff94b49e000 	C:\Users\saimouli.maruvada\.jdks\openjdk-22.0.1\bin\msvcp140.dll
0x00007ff8de1b0000 - 0x00007ff8deef7000 	C:\Users\saimouli.maruvada\.jdks\openjdk-22.0.1\bin\server\jvm.dll
0x00007ff99c1b0000 - 0x00007ff99c21b000 	C:\Windows\System32\WS2_32.dll
0x00007ff99ac70000 - 0x00007ff99acbb000 	C:\Windows\SYSTEM32\POWRPROF.dll
0x00007ff98f8b0000 - 0x00007ff98f8d7000 	C:\Windows\SYSTEM32\WINMM.dll
0x00007ff993150000 - 0x00007ff99315a000 	C:\Windows\SYSTEM32\VERSION.dll
0x00007ff99ac50000 - 0x00007ff99ac62000 	C:\Windows\SYSTEM32\UMPDC.dll
0x00007ff999320000 - 0x00007ff999332000 	C:\Windows\SYSTEM32\kernel.appcore.dll
0x00007ff9965d0000 - 0x00007ff9965da000 	C:\Users\saimouli.maruvada\.jdks\openjdk-22.0.1\bin\jimage.dll
0x00007ff998ed0000 - 0x00007ff9990b4000 	C:\Windows\SYSTEM32\DBGHELP.DLL
0x00007ff973a70000 - 0x00007ff973aa4000 	C:\Windows\SYSTEM32\dbgcore.DLL
0x00007ff99b100000 - 0x00007ff99b182000 	C:\Windows\System32\bcryptPrimitives.dll
0x00007ff996590000 - 0x00007ff99659f000 	C:\Users\saimouli.maruvada\.jdks\openjdk-22.0.1\bin\instrument.dll
0x00007ff9965b0000 - 0x00007ff9965ce000 	C:\Users\saimouli.maruvada\.jdks\openjdk-22.0.1\bin\java.dll
0x00007ff99cf50000 - 0x00007ff99d07b000 	C:\Windows\System32\ole32.dll
0x00007ff99c660000 - 0x00007ff99c9b3000 	C:\Windows\System32\combase.dll
0x00007ff99d080000 - 0x00007ff99d0b7000 	C:\Program Files\Palo Alto Networks\Traps\cyjagent.dll
0x00007ff998720000 - 0x00007ff998ec3000 	C:\Windows\SYSTEM32\windows.storage.dll
0x00007ff99a690000 - 0x00007ff99a6be000 	C:\Windows\SYSTEM32\Wldp.dll
0x00007ff99c590000 - 0x00007ff99c65d000 	C:\Windows\System32\OLEAUT32.dll
0x00007ff99c340000 - 0x00007ff99c3ed000 	C:\Windows\System32\SHCORE.dll
0x00007ff99bf00000 - 0x00007ff99bf55000 	C:\Windows\System32\shlwapi.dll
0x00007ff99ad40000 - 0x00007ff99ad64000 	C:\Windows\SYSTEM32\profapi.dll
0x00007ff947b70000 - 0x00007ff947c47000 	C:\Users\saimouli.maruvada\.jdks\openjdk-22.0.1\bin\jsvml.dll
0x00007ff992650000 - 0x00007ff992667000 	C:\Users\saimouli.maruvada\.jdks\openjdk-22.0.1\bin\zip.dll
0x00007ff996580000 - 0x00007ff996590000 	C:\Users\saimouli.maruvada\.jdks\openjdk-22.0.1\bin\net.dll
0x00007ff99a470000 - 0x00007ff99a4da000 	C:\Windows\system32\mswsock.dll
0x00007ff992bf0000 - 0x00007ff992c06000 	C:\Users\saimouli.maruvada\.jdks\openjdk-22.0.1\bin\nio.dll
0x00007ff97bc40000 - 0x00007ff97bc5a000 	C:\Program Files\JetBrains\IntelliJ IDEA Community Edition 2024.1.1\bin\breakgen64.dll

dbghelp: loaded successfully - version: 4.0.5 - missing functions: none
symbol engine: initialized successfully - sym options: 0x614 - pdb path: .;C:\Users\saimouli.maruvada\.jdks\openjdk-22.0.1\bin;C:\Windows\SYSTEM32;C:\Windows\WinSxS\amd64_microsoft.windows.common-controls_6595b64144ccf1df_6.0.19041.4355_none_60b8b9eb71f62e16;C:\Users\saimouli.maruvada\.jdks\openjdk-22.0.1\bin\server;C:\Program Files\Palo Alto Networks\Traps;C:\Program Files\JetBrains\IntelliJ IDEA Community Edition 2024.1.1\bin

VM Arguments:
jvm_args: -javaagent:C:\Program Files\JetBrains\IntelliJ IDEA Community Edition 2024.1.1\lib\idea_rt.jar=61768:C:\Program Files\JetBrains\IntelliJ IDEA Community Edition 2024.1.1\bin -Dfile.encoding=UTF-8 -Dsun.stdout.encoding=UTF-8 -Dsun.stderr.encoding=UTF-8 -agentpath:C:\Program Files\Palo Alto Networks\Traps\cyjagent.dll 
java_command: longestSubstringLengthAndIndex
java_class_path (initial): C:\Users\saimouli.maruvada\IdeaProjects\Test2\out\production\Test2
Launcher Type: SUN_STANDARD

[Global flags]
     intx CICompilerCount                          = 4                                         {product} {ergonomic}
     uint ConcGCThreads                            = 3                                         {product} {ergonomic}
     uint G1ConcRefinementThreads                  = 10                                        {product} {ergonomic}
   size_t G1HeapRegionSize                         = 2097152                                   {product} {ergonomic}
   size_t InitialHeapSize                          = 264241152                                 {product} {ergonomic}
   size_t MarkStackSize                            = 4194304                                   {product} {ergonomic}
   size_t MaxHeapSize                              = 4200595456                                {product} {ergonomic}
   size_t MaxNewSize                               = 2518679552                                {product} {ergonomic}
   size_t MinHeapDeltaBytes                        = 2097152                                   {product} {ergonomic}
   size_t MinHeapSize                              = 8388608                                   {product} {ergonomic}
    uintx NonNMethodCodeHeapSize                   = 5839372                                {pd product} {ergonomic}
    uintx NonProfiledCodeHeapSize                  = 122909434                              {pd product} {ergonomic}
    uintx ProfiledCodeHeapSize                     = 122909434                              {pd product} {ergonomic}
    uintx ReservedCodeCacheSize                    = 251658240                              {pd product} {ergonomic}
     bool SegmentedCodeCache                       = true                                      {product} {ergonomic}
   size_t SoftMaxHeapSize                          = 4200595456                             {manageable} {ergonomic}
     bool UseCompressedOops                        = true                           {product lp64_product} {ergonomic}
     bool UseG1GC                                  = true                                      {product} {ergonomic}
     bool UseLargePagesIndividualAllocation        = false                                  {pd product} {ergonomic}

Logging:
Log output configuration:
 #0: stdout all=warning uptime,level,tags foldmultilines=false
 #1: stderr all=off uptime,level,tags foldmultilines=false

Environment Variables:
PATH=C:\Program Files (x86)\Common Files\Oracle\Java\java8path;C:\Program Files (x86)\Common Files\Oracle\Java\javapath;C:\Windows\system32;C:\Windows;C:\Windows\System32\Wbem;C:\Windows\System32\WindowsPowerShell\v1.0\;C:\Windows\System32\OpenSSH\;C:\Program Files\dotnet\;C:\Program Files (x86)\Java\jre-1.8;C:\Users\saimouli.maruvada\Downloads\apache-maven-3.9.9-bin\apache-maven-3.9.9\bin;C:\Users\saimouli.maruvada\AppData\Local\Microsoft\WindowsApps;C:\Users\saimouli.maruvada\AppData\Local\Programs\Git\cmd
USERNAME=Saimouli.Maruvada
OS=Windows_NT
PROCESSOR_IDENTIFIER=Intel64 Family 6 Model 186 Stepping 3, GenuineIntel
TMP=C:\Users\SAIMOU~1.MAR\AppData\Local\Temp
TEMP=C:\Users\SAIMOU~1.MAR\AppData\Local\Temp




Periodic native trim disabled

---------------  S Y S T E M  ---------------

OS:
 Windows 10 , 64 bit Build 19041 (10.0.19041.4842)
OS uptime: 2 days 23:10 hours
Hyper-V role detected

CPU: total 12 (initial active 12) (6 cores per cpu, 2 threads per core) family 6 model 186 stepping 3 microcode 0x411d, cx8, cmov, fxsr, ht, mmx, 3dnowpref, sse, sse2, sse3, ssse3, sse4.1, sse4.2, popcnt, lzcnt, tsc, tscinvbit, avx, avx2, aes, erms, clmul, bmi1, bmi2, adx, sha, fma, vzeroupper, clflush, clflushopt, clwb, hv, rdtscp, rdpid, fsrm, f16c, cet_ibt, cet_ss
Processor Information for processor 0
  Max Mhz: 1300, Current Mhz: 1300, Mhz Limit: 897
Processor Information for processor 1
  Max Mhz: 1300, Current Mhz: 1300, Mhz Limit: 897
Processor Information for processor 2
  Max Mhz: 1300, Current Mhz: 1300, Mhz Limit: 1300
Processor Information for processor 3
  Max Mhz: 1300, Current Mhz: 1300, Mhz Limit: 1300
Processor Information for processor 4
  Max Mhz: 1300, Current Mhz: 900, Mhz Limit: 897
Processor Information for processor 5
  Max Mhz: 1300, Current Mhz: 900, Mhz Limit: 897
Processor Information for processor 6
  Max Mhz: 1300, Current Mhz: 900, Mhz Limit: 897
Processor Information for processor 7
  Max Mhz: 1300, Current Mhz: 900, Mhz Limit: 897
Processor Information for processor 8
  Max Mhz: 1300, Current Mhz: 900, Mhz Limit: 897
Processor Information for processor 9
  Max Mhz: 1300, Current Mhz: 900, Mhz Limit: 897
Processor Information for processor 10
  Max Mhz: 1300, Current Mhz: 900, Mhz Limit: 897
Processor Information for processor 11
  Max Mhz: 1300, Current Mhz: 900, Mhz Limit: 897

Memory: 4k page, system-wide physical 16016M (4985M free)
TotalPageFile size 27792M (AvailPageFile size 10052M)
current process WorkingSet (physical memory assigned to process): 43M, peak: 43M
current process commit charge ("private bytes"): 345M, peak: 345M

vm_info: OpenJDK 64-Bit Server VM (22.0.1+8-16) for windows-amd64 JRE (22.0.1+8-16), built on 2024-03-12T10:33:16Z by "mach5one" with MS VC++ 17.6 (VS2022)

END.
