#
# A fatal error has been detected by the Java Runtime Environment:
#
#  EXCEPTION_ACCESS_VIOLATION (0xc0000005) at pc=0x00007ff848e0c2c4, pid=804, tid=19900
#
# JRE version: OpenJDK Runtime Environment (22.0.1+8) (build 22.0.1+8-16)
# Java VM: OpenJDK 64-Bit Server VM (22.0.1+8-16, mixed mode, sharing, tiered, compressed oops, compressed class ptrs, g1 gc, windows-amd64)
# Problematic frame:
# C  [cyjagent.dll+0xc2c4]
#
# No core dump will be written. Minidumps are not enabled by default on client versions of Windows
#
# If you would like to submit a bug report, please visit:
#   https://bugreport.java.com/bugreport/crash.jsp
# The crash happened outside the Java Virtual Machine in native code.
# See problematic frame for where to report the bug.
#

---------------  S U M M A R Y ------------

Command Line: -javaagent:C:\Program Files\JetBrains\IntelliJ IDEA Community Edition 2024.1.1\lib\idea_rt.jar=59986:C:\Program Files\JetBrains\IntelliJ IDEA Community Edition 2024.1.1\bin -Dfile.encoding=UTF-8 -Dsun.stdout.encoding=UTF-8 -Dsun.stderr.encoding=UTF-8 -agentpath:C:\Program Files\Palo Alto Networks\Traps\cyjagent.dll Test3

Host: 13th Gen Intel(R) Core(TM) i5-1335U, 12 cores, 15G,  Windows 10 , 64 bit Build 19041 (10.0.19041.4842)
Time: Thu Oct  3 21:36:18 2024 India Standard Time elapsed time: 0.247406 seconds (0d 0h 0m 0s)

---------------  T H R E A D  ---------------

Current thread (0x000001cdc52c6e00):  JavaThread "Monitor Ctrl-Break" daemon [_thread_in_native, id=19900, stack(0x00000074d2700000,0x00000074d2800000) (1024K)]

Stack: [0x00000074d2700000,0x00000074d2800000],  sp=0x00000074d27fd890,  free space=1014k
Native frames: (J=compiled Java code, j=interpreted, Vv=VM code, C=native code)
C  [cyjagent.dll+0xc2c4]  (no source info available)
V  [jvm.dll+0x5a820e]  (no source info available)
V  [jvm.dll+0x59f7d2]  (no source info available)
V  [jvm.dll+0x59f8cb]  (no source info available)
V  [jvm.dll+0x5c4590]  (no source info available)
V  [jvm.dll+0x21cc6a]  (no source info available)
V  [jvm.dll+0x7eb6dc]  (no source info available)
V  [jvm.dll+0x7ec776]  (no source info available)
V  [jvm.dll+0x7ecfa0]  (no source info available)
V  [jvm.dll+0x21392b]  (no source info available)
V  [jvm.dll+0x2160fe]  (no source info available)
V  [jvm.dll+0x20b4ee]  (no source info available)
V  [jvm.dll+0x5c462f]  (no source info available)
V  [jvm.dll+0x21cc6a]  (no source info available)
V  [jvm.dll+0x7eb6dc]  (no source info available)
V  [jvm.dll+0x7ec776]  (no source info available)
V  [jvm.dll+0x7ecd84]  (no source info available)
V  [jvm.dll+0x7eca08]  (no source info available)
V  [jvm.dll+0x26d79b]  (no source info available)
V  [jvm.dll+0x26d9ca]  (no source info available)
V  [jvm.dll+0x5e7d27]  (no source info available)
V  [jvm.dll+0x5ead26]  (no source info available)
V  [jvm.dll+0x3dd89d]  (no source info available)
V  [jvm.dll+0x3dce9d]  (no source info available)
C  0x000001cde874997c  (no source info available)

The last pc belongs to invokestatic (printed below).
Java frames: (J=compiled Java code, j=interpreted, Vv=VM code)
j  java.net.Socket.createImpl()Ljava/net/SocketImpl;+16 java.base@22.0.1
j  java.net.Socket.<init>(Ljava/net/SocketAddress;Ljava/net/SocketAddress;Z)V+20 java.base@22.0.1
j  java.net.Socket.<init>(Ljava/lang/String;I)V+34 java.base@22.0.1
j  com.intellij.rt.execution.application.AppMainV2$1.run()V+10
v  ~StubRoutines::call_stub 0x000001cde873100d

siginfo: EXCEPTION_ACCESS_VIOLATION (0xc0000005), reading address 0x0000000000000000


Registers:
RAX=0x0000000000000000, RBX=0x000001cdc52c71c0, RCX=0x0000000000000000, RDX=0x000001cdd6646cf0
RSP=0x00000074d27fd890, RBP=0x000001cdd8b2f8d0, RSI=0x0000000000000000, RDI=0x000001cdc50c54b0
R8 =0x00000074d27fd6d8, R9 =0x000001cdd8b2f8d0, R10=0x0000000000000000, R11=0x0000000000000246
R12=0x000001cdc50c54b0, R13=0x000001cdc50c40b0, R14=0x000001cdc52c6e00, R15=0x0000000000000000
RIP=0x00007ff848e0c2c4, EFLAGS=0x0000000000010202


Register to memory mapping:

RAX=0x0 is null
RBX=0x000001cdc52c71c0 points into unknown readable memory: 0x00007fff7c20dac0 | c0 da 20 7c ff 7f 00 00
RCX=0x0 is null
RDX=0x000001cdd6646cf0 points into unknown readable memory: 0x000001cdc52c6e00 | 00 6e 2c c5 cd 01 00 00
RSP=0x00000074d27fd890 is pointing into the stack for thread: 0x000001cdc52c6e00
RBP=0x000001cdd8b2f8d0 points into unknown readable memory: 0x000001cdd8aa6ee0 | e0 6e aa d8 cd 01 00 00
RSI=0x0 is null
RDI=0x000001cdc50c54b0 points into unknown readable memory: 0x74656e2f6176616a | 6a 61 76 61 2f 6e 65 74
R8 =0x00000074d27fd6d8 is pointing into the stack for thread: 0x000001cdc52c6e00
R9 =0x000001cdd8b2f8d0 points into unknown readable memory: 0x000001cdd8aa6ee0 | e0 6e aa d8 cd 01 00 00
R10=0x0 is null
R11=0x0000000000000246 is an unknown value
R12=0x000001cdc50c54b0 points into unknown readable memory: 0x74656e2f6176616a | 6a 61 76 61 2f 6e 65 74
R13=0x000001cdc50c40b0 points into unknown readable memory: 0x0000000000000000 | 00 00 00 00 00 00 00 00
R14=0x000001cdc52c6e00 is a thread
R15=0x0 is null

Top of Stack: (sp=0x00000074d27fd890)
0x00000074d27fd890:   000001cdc50c54b0 000001cdc52c71c0
0x00000074d27fd8a0:   0000000000000024 0000000700000024
0x00000074d27fd8b0:   0000000000000000 00000000ffffffff
0x00000074d27fd8c0:   000001cdf7dd5ed8 000001cdd8b2f8d0
0x00000074d27fd8d0:   0000000000000016 00000074d27fdab0
0x00000074d27fd8e0:   000001cdd671a490 0000000000000000
0x00000074d27fd8f0:   00000074d27fdae8 00007fff7bbd820e
0x00000074d27fd900:   000001cdd671a490 0000000000000000
0x00000074d27fd910:   00000074d27fdab0 000000000000d8f6
0x00000074d27fd920:   000001cdc50c54b0 0000000000000000
0x00000074d27fd930:   0000000000000335 000001cdc50c5148
0x00000074d27fd940:   00000074d27fda38 00000074d27fd958
0x00000074d27fd950:   000001cd00000000 0000000000000000
0x00000074d27fd960:   0000000000000000 00000074d27fea60
0x00000074d27fd970:   000001cdc51c6e70 000001cdc50c40b0
0x00000074d27fd980:   000001cdc50c54c8 000001cdc50cc098
0x00000074d27fd990:   00000000000083b0 000001cdc52c6e00
0x00000074d27fd9a0:   000001cdc52c6e00 000001cdc51c6a70
0x00000074d27fd9b0:   000001cdc5083e60 000001cdc5083e78
0x00000074d27fd9c0:   000001cdc5083f48 00000000000000d8
0x00000074d27fd9d0:   00000074d27fdbc8 0000000000007661
0x00000074d27fd9e0:   0000000000000070 000001cdc50c40b0
0x00000074d27fd9f0:   0000000000000004 000001cdd671a490
0x00000074d27fda00:   00000074d27fdab0 000001cdc51c6e70
0x00000074d27fda10:   0000000000000020 00007fff7bbcf7d2
0x00000074d27fda20:   000001cdc502d501 000001cdf7dd9378
0x00000074d27fda30:   00000074d27fe301 0000007400000000
0x00000074d27fda40:   000001cdc51c6e70 000001cdf7dd5ed8
0x00000074d27fda50:   00000074d27fde70 000001cdc502d570
0x00000074d27fda60:   0000000000000000 00007fff7bbcf8cb
0x00000074d27fda70:   00000074d27fdb78 0000000000000000
0x00000074d27fda80:   000001cdc50c40b0 000001cdc502d570 

Instructions: (pc=0x00007ff848e0c2c4)
0x00007ff848e0c1c4:   00 00 03 72 2d 44 8b ce 48 8d 05 3d df 01 00 ba
0x00007ff848e0c1d4:   2f 00 00 00 4e 8b 0c c8 48 8b 89 10 03 00 00 4c
0x00007ff848e0c1e4:   8d 05 56 de 01 00 e8 51 4f ff ff 48 8b 0d ea 37
0x00007ff848e0c1f4:   02 00 48 3b cb 74 68 f6 81 1c 03 00 00 10 74 5f
0x00007ff848e0c204:   80 b9 19 03 00 00 02 72 56 4c 8b 8c 24 90 00 00
0x00007ff848e0c214:   00 4c 8d 05 24 de 01 00 48 8b 89 10 03 00 00 ba
0x00007ff848e0c224:   31 00 00 00 e8 13 4f ff ff eb 34 49 8b 0f 4c 8b
0x00007ff848e0c234:   c3 48 8b d6 e8 f3 63 00 00 48 8b 84 24 b0 00 00
0x00007ff848e0c244:   00 89 18 48 8b 0d 7a 4b 02 00 4c 8b c6 33 d2 ff
0x00007ff848e0c254:   15 a7 4f 01 00 eb 08 a8 02 75 04 c6 47 40 01 b8
0x00007ff848e0c264:   ff ff ff ff f0 0f c1 47 10 4c 8b b4 24 88 00 00
0x00007ff848e0c274:   00 83 f8 01 75 42 48 8b 4f 18 48 81 c1 70 01 00
0x00007ff848e0c284:   00 ff 15 1d 50 01 00 48 8b 0f 48 8b 47 08 48 89
0x00007ff848e0c294:   08 48 89 41 08 48 8b 4f 18 48 81 c1 70 01 00 00
0x00007ff848e0c2a4:   ff 15 06 50 01 00 48 8b 0d 17 4b 02 00 4c 8b c7
0x00007ff848e0c2b4:   33 d2 ff 15 44 4f 01 00 48 8b 4d 20 48 8b 55 10
0x00007ff848e0c2c4:   48 8b 01 48 8b 80 08 01 00 00 ff 15 0c 50 01 00
0x00007ff848e0c2d4:   85 c0 74 40 48 8b 0d 01 37 02 00 48 8d 15 fa 36
0x00007ff848e0c2e4:   02 00 48 3b ca 74 2d f6 81 1c 03 00 00 10 74 24
0x00007ff848e0c2f4:   80 b9 19 03 00 00 03 72 1b 48 8b 89 10 03 00 00
0x00007ff848e0c304:   4c 8d 05 35 dd 01 00 ba 15 00 00 00 44 8b c8 e8
0x00007ff848e0c314:   68 4d ff ff 48 8b 6c 24 78 48 8b b4 24 80 00 00
0x00007ff848e0c324:   00 48 83 c4 50 41 5f 5f 5b c3 cc cc 40 57 48 83
0x00007ff848e0c334:   ec 30 f6 81 78 01 00 00 04 48 8b f9 0f 85 87 02
0x00007ff848e0c344:   00 00 48 89 5c 24 40 45 33 c9 48 89 6c 24 48 33
0x00007ff848e0c354:   d2 48 89 74 24 50 48 8b 71 20 45 8d 41 32 48 8b
0x00007ff848e0c364:   ce 48 8b 06 48 8b 40 08 ff 15 6e 4f 01 00 48 8d
0x00007ff848e0c374:   2d 67 36 02 00 85 c0 74 37 48 8b 0d 5c 36 02 00
0x00007ff848e0c384:   48 3b cd 74 2b f6 81 1c 03 00 00 10 74 22 80 b9
0x00007ff848e0c394:   19 03 00 00 02 72 19 48 8b 89 10 03 00 00 ba 11
0x00007ff848e0c3a4:   00 00 00 89 44 24 20 44 8d 4a 21 e8 7c dc ff ff
0x00007ff848e0c3b4:   48 8b 06 45 33 c9 33 d2 48 8b ce 48 8b 40 08 45 


Stack slot to memory mapping:

stack at sp + 0 slots: 0x000001cdc50c54b0 points into unknown readable memory: 0x74656e2f6176616a | 6a 61 76 61 2f 6e 65 74
stack at sp + 1 slots: 0x000001cdc52c71c0 points into unknown readable memory: 0x00007fff7c20dac0 | c0 da 20 7c ff 7f 00 00
stack at sp + 2 slots: 0x0000000000000024 is an unknown value
stack at sp + 3 slots: 0x0000000700000024 is an unknown value
stack at sp + 4 slots: 0x0 is null
stack at sp + 5 slots: 0x00000000ffffffff is an unknown value
stack at sp + 6 slots: 0x000001cdf7dd5ed8 points into unknown readable memory: 0x616a00164460ffff | ff ff 60 44 16 00 6a 61
stack at sp + 7 slots: 0x000001cdd8b2f8d0 points into unknown readable memory: 0x000001cdd8aa6ee0 | e0 6e aa d8 cd 01 00 00

invokestatic  184 invokestatic  [0x000001cde87498e0, 0x000001cde8749bc0]  736 bytes
[MachCode]
  0x000001cde87498e0: 4883 ec08 | c5fa 1104 | 24eb 1f48 | 83ec 10c5 | fb11 0424 | eb14 4883 | ec10 4889 | 0424 48c7 
  0x000001cde8749900: 4424 0800 | 0000 00eb | 0150 488b | 4dd0 410f | b755 0148 | 8b49 306b | d218 488d | 4c11 080f 
  0x000001cde8749920: b659 1681 | fbb8 0000 | 000f 84bd | 0000 00bb | b800 0000 | e805 0000 | 00e9 9900 | 0000 488b 
  0x000001cde8749940: d348 8d44 | 2408 4c89 | 6dc0 498b | cfc5 f877 | 4989 afb0 | 0300 0049 | 8987 a003 | 0000 4883 
  0x000001cde8749960: ec20 40f6 | c40f 0f84 | 1900 0000 | 4883 ec08 | 48b8 30ce | a07b ff7f | 0000 ffd0 | 4883 c408 
  0x000001cde8749980: e90c 0000 | 0048 b830 | cea0 7bff | 7f00 00ff | d048 83c4 | 2049 c787 | a003 0000 | 0000 0000 
  0x000001cde87499a0: 49c7 87b0 | 0300 0000 | 0000 0049 | c787 a803 | 0000 0000 | 0000 c5f8 | 7749 837f | 0800 0f84 
  0x000001cde87499c0: 0500 0000 | e937 75fe | ff4c 8b6d | c04c 8b75 | c84e 8d74 | f500 c348 | 8b4d d041 | 0fb7 5501 
  0x000001cde87499e0: 488b 4930 | 6bd2 1848 | 8d4c 1108 | 488b 1948 | 8b5b 0848 | 8b5b 0848 | 8b5b 1880 | bb20 0100 
  0x000001cde8749a00: 0005 0f84 | 0d00 0000 | 4c3b bb30 | 0100 000f | 851a ffff | ff0f b651 | 1548 8b19 | 4c89 6dc0 
  0x000001cde8749a20: 448b ea0f | b651 1449 | ba00 b92a | 7cff 7f00 | 0049 8b14 | d252 418b | d54c 8b6d | c048 8b45 
  0x000001cde8749a40: d848 85c0 | 0f84 1200 | 0000 4883 | 4008 0148 | 8358 0800 | 4883 c010 | 4889 45d8 | 488b 45d8 
  0x000001cde8749a60: 4885 c00f | 843d 0100 | 0080 78f0 | 0a0f 8533 | 0100 0048 | 83c0 084c | 8b68 f841 | 83ed 0041 
  0x000001cde8749a80: 83fd 020f | 8c12 0100 | 004c 8b6b | 0845 0fb7 | 6d2e 4c2b | 2841 83ed | 014e 8b6c | ec08 4d85 
  0x000001cde8749aa0: ed75 0ef6 | 4008 0175 | 58f0 4883 | 4808 01eb | 5045 8b6d | 0849 ba00 | 0000 80cd | 0100 004d 
  0x000001cde8749ac0: 03ea 4d8b | d54c 3368 | 0849 f7c5 | fcff ffff | 742f 41f6 | c502 7529 | 4883 7808 | 0074 1e48 
  0x000001cde8749ae0: 8378 0801 | 7417 4d8b | ea4c 3368 | 0849 f7c5 | fcff ffff | 740b 4883 | 4808 02eb | 044c 8968 
  0x000001cde8749b00: 0848 83c0 | 104c 8b68 | e841 83ed | 0241 83fd | 020f 8c84 | 0000 004c | 8b6b 0845 | 0fb7 6d2e 
  0x000001cde8749b20: 4c2b 2841 | 83ed 014e | 8b6c ec08 | 4d85 ed75 | 0ef6 4008 | 0175 58f0 | 4883 4808 | 01eb 5045 
  0x000001cde8749b40: 8b6d 0849 | ba00 0000 | 80cd 0100 | 004d 03ea | 4d8b d54c | 3368 0849 | f7c5 fcff | ffff 742f 
  0x000001cde8749b60: 41f6 c502 | 7529 4883 | 7808 0074 | 1e48 8378 | 0801 7417 | 4d8b ea4c | 3368 0849 | f7c5 fcff 
  0x000001cde8749b80: ffff 740b | 4883 4808 | 02eb 044c | 8968 0848 | 83c0 104c | 8b68 d841 | 83ed 0441 | c1e5 0349 
  0x000001cde8749ba0: 03c5 4889 | 45d8 4c8d | 6c24 0849 | 8bcd 482b | cd48 c1f9 | 0348 894d | f0ff 6350 | 0f1f 4000 
[/MachCode]

---------------  P R O C E S S  ---------------

Threads class SMR info:
_java_thread_list=0x000001cdc530e590, length=12, elements={
0x000001cdc501dfd0, 0x000001cdc501edf0, 0x000001cdc5026640, 0x000001cdc50294d0,
0x000001cdc502aae0, 0x000001cdc502b950, 0x000001cdc502ef00, 0x000001cdc50364d0,
0x000001cdc51529d0, 0x000001cdc51ca1a0, 0x000001cdc52c6e00, 0x000001cdc529e2c0
}

Java Threads: ( => current thread )
  0x000001cdc501dfd0 JavaThread "Reference Handler"          daemon [_thread_blocked, id=21584, stack(0x00000074d1d00000,0x00000074d1e00000) (1024K)]
  0x000001cdc501edf0 JavaThread "Finalizer"                  daemon [_thread_blocked, id=29732, stack(0x00000074d1e00000,0x00000074d1f00000) (1024K)]
  0x000001cdc5026640 JavaThread "Signal Dispatcher"          daemon [_thread_blocked, id=18692, stack(0x00000074d1f00000,0x00000074d2000000) (1024K)]
  0x000001cdc50294d0 JavaThread "Attach Listener"            daemon [_thread_blocked, id=1064, stack(0x00000074d2000000,0x00000074d2100000) (1024K)]
  0x000001cdc502aae0 JavaThread "Service Thread"             daemon [_thread_blocked, id=6048, stack(0x00000074d2100000,0x00000074d2200000) (1024K)]
  0x000001cdc502b950 JavaThread "Monitor Deflation Thread"   daemon [_thread_blocked, id=5636, stack(0x00000074d2200000,0x00000074d2300000) (1024K)]
  0x000001cdc502ef00 JavaThread "C2 CompilerThread0"         daemon [_thread_blocked, id=21060, stack(0x00000074d2300000,0x00000074d2400000) (1024K)]
  0x000001cdc50364d0 JavaThread "C1 CompilerThread0"         daemon [_thread_blocked, id=1752, stack(0x00000074d2400000,0x00000074d2500000) (1024K)]
  0x000001cdc51529d0 JavaThread "Common-Cleaner"             daemon [_thread_blocked, id=9116, stack(0x00000074d2500000,0x00000074d2600000) (1024K)]
  0x000001cdc51ca1a0 JavaThread "C2 CompilerThread1"         daemon [_thread_blocked, id=34416, stack(0x00000074d2600000,0x00000074d2700000) (1024K)]
=>0x000001cdc52c6e00 JavaThread "Monitor Ctrl-Break"         daemon [_thread_in_native, id=19900, stack(0x00000074d2700000,0x00000074d2800000) (1024K)]
  0x000001cdc529e2c0 JavaThread "Notification Thread"        daemon [_thread_blocked, id=24008, stack(0x00000074d2800000,0x00000074d2900000) (1024K)]
Total: 12

Other Threads:
  0x000001cdf7ec90d0 VMThread "VM Thread"                           [id=27988, stack(0x00000074d1c00000,0x00000074d1d00000) (1024K)] _threads_hazard_ptr=0x000001cdc530e590
  0x000001cdd8f65c00 WorkerThread "GC Thread#0"                     [id=23160, stack(0x00000074d1600000,0x00000074d1700000) (1024K)]
  0x000001cdd8f76550 ConcurrentGCThread "G1 Main Marker"            terminated
  0x000001cdd8f77120 WorkerThread "G1 Conc#0"                       [id=32172, stack(0x00000074d1800000,0x00000074d1900000) (1024K)]
  0x000001cdf7d70060 ConcurrentGCThread "G1 Refine#0"               terminated
  0x000001cdf7d70af0 ConcurrentGCThread "G1 Service"                terminated
Total: 6

Threads with active compile tasks:
Total: 0

VM state: at safepoint (normal execution)

VM Mutex/Monitor currently owned by a thread:  ([mutex/lock_event])
[0x00007fff7c29bbb8] Threads_lock - owner thread: 0x000001cdf7ec90d0
[0x00007fff7c29bcb8] Heap_lock - owner thread: 0x000001cdd8ef7700

Heap address: 0x0000000705a00000, size: 4006 MB, Compressed Oops mode: Zero based, Oop shift amount: 3

CDS archive(s) mapped at: [0x000001cd80000000-0x000001cd80c50000-0x000001cd80c50000), size 12910592, SharedBaseAddress: 0x000001cd80000000, ArchiveRelocationMode: 1.
Compressed class space mapped at: 0x000001cd81000000-0x000001cdc1000000, reserved size: 1073741824
Narrow klass base: 0x000001cd80000000, Narrow klass shift: 0, Narrow klass range: 0x41000000

GC Precious Log:
 CardTable entry size: 512
 Card Set container configuration: InlinePtr #cards 4 size 8 Array Of Cards #cards 16 size 48 Howl #buckets 8 coarsen threshold 3686 Howl Bitmap #cards 512 size 80 coarsen threshold 460 Card regions per heap region 1 cards per card region 4096
 CPUs: 12 total, 12 available
 Memory: 16016M
 Large Page Support: Disabled
 NUMA Support: Disabled
 Compressed Oops: Enabled (Zero based)
 Heap Region Size: 2M
 Heap Min Capacity: 8M
 Heap Initial Capacity: 252M
 Heap Max Capacity: 4006M
 Pre-touch: Disabled
 Parallel Workers: 10
 Concurrent Workers: 3
 Concurrent Refinement Workers: 10
 Periodic GC: Disabled

Heap:
 garbage-first heap   total reserved 4102144K, committed 258048K, used 2048K [0x0000000705a00000, 0x0000000800000000)
  region size 2048K, 2 young (4096K), 0 survivors (0K)
 Metaspace       used 661K, committed 832K, reserved 1114112K
  class space    used 36K, committed 128K, reserved 1048576K

Heap Regions: E=young(eden), S=young(survivor), O=old, HS=humongous(starts), HC=humongous(continues), CS=collection set, F=free, TAMS=top-at-mark-start, PB=parsable bottom
|   0|0x0000000705a00000, 0x0000000705a00000, 0x0000000705c00000|  0%| F|  |TAMS 0x0000000705a00000| PB 0x0000000705a00000| Untracked |  0
|   1|0x0000000705c00000, 0x0000000705c00000, 0x0000000705e00000|  0%| F|  |TAMS 0x0000000705c00000| PB 0x0000000705c00000| Untracked |  0
|   2|0x0000000705e00000, 0x0000000705e00000, 0x0000000706000000|  0%| F|  |TAMS 0x0000000705e00000| PB 0x0000000705e00000| Untracked |  0
|   3|0x0000000706000000, 0x0000000706000000, 0x0000000706200000|  0%| F|  |TAMS 0x0000000706000000| PB 0x0000000706000000| Untracked |  0
|   4|0x0000000706200000, 0x0000000706200000, 0x0000000706400000|  0%| F|  |TAMS 0x0000000706200000| PB 0x0000000706200000| Untracked |  0
|   5|0x0000000706400000, 0x0000000706400000, 0x0000000706600000|  0%| F|  |TAMS 0x0000000706400000| PB 0x0000000706400000| Untracked |  0
|   6|0x0000000706600000, 0x0000000706600000, 0x0000000706800000|  0%| F|  |TAMS 0x0000000706600000| PB 0x0000000706600000| Untracked |  0
|   7|0x0000000706800000, 0x0000000706800000, 0x0000000706a00000|  0%| F|  |TAMS 0x0000000706800000| PB 0x0000000706800000| Untracked |  0
|   8|0x0000000706a00000, 0x0000000706a00000, 0x0000000706c00000|  0%| F|  |TAMS 0x0000000706a00000| PB 0x0000000706a00000| Untracked |  0
|   9|0x0000000706c00000, 0x0000000706c00000, 0x0000000706e00000|  0%| F|  |TAMS 0x0000000706c00000| PB 0x0000000706c00000| Untracked |  0
|  10|0x0000000706e00000, 0x0000000706e00000, 0x0000000707000000|  0%| F|  |TAMS 0x0000000706e00000| PB 0x0000000706e00000| Untracked |  0
|  11|0x0000000707000000, 0x0000000707000000, 0x0000000707200000|  0%| F|  |TAMS 0x0000000707000000| PB 0x0000000707000000| Untracked |  0
|  12|0x0000000707200000, 0x0000000707200000, 0x0000000707400000|  0%| F|  |TAMS 0x0000000707200000| PB 0x0000000707200000| Untracked |  0
|  13|0x0000000707400000, 0x0000000707400000, 0x0000000707600000|  0%| F|  |TAMS 0x0000000707400000| PB 0x0000000707400000| Untracked |  0
|  14|0x0000000707600000, 0x0000000707600000, 0x0000000707800000|  0%| F|  |TAMS 0x0000000707600000| PB 0x0000000707600000| Untracked |  0
|  15|0x0000000707800000, 0x0000000707800000, 0x0000000707a00000|  0%| F|  |TAMS 0x0000000707800000| PB 0x0000000707800000| Untracked |  0
|  16|0x0000000707a00000, 0x0000000707a00000, 0x0000000707c00000|  0%| F|  |TAMS 0x0000000707a00000| PB 0x0000000707a00000| Untracked |  0
|  17|0x0000000707c00000, 0x0000000707c00000, 0x0000000707e00000|  0%| F|  |TAMS 0x0000000707c00000| PB 0x0000000707c00000| Untracked |  0
|  18|0x0000000707e00000, 0x0000000707e00000, 0x0000000708000000|  0%| F|  |TAMS 0x0000000707e00000| PB 0x0000000707e00000| Untracked |  0
|  19|0x0000000708000000, 0x0000000708000000, 0x0000000708200000|  0%| F|  |TAMS 0x0000000708000000| PB 0x0000000708000000| Untracked |  0
|  20|0x0000000708200000, 0x0000000708200000, 0x0000000708400000|  0%| F|  |TAMS 0x0000000708200000| PB 0x0000000708200000| Untracked |  0
|  21|0x0000000708400000, 0x0000000708400000, 0x0000000708600000|  0%| F|  |TAMS 0x0000000708400000| PB 0x0000000708400000| Untracked |  0
|  22|0x0000000708600000, 0x0000000708600000, 0x0000000708800000|  0%| F|  |TAMS 0x0000000708600000| PB 0x0000000708600000| Untracked |  0
|  23|0x0000000708800000, 0x0000000708800000, 0x0000000708a00000|  0%| F|  |TAMS 0x0000000708800000| PB 0x0000000708800000| Untracked |  0
|  24|0x0000000708a00000, 0x0000000708a00000, 0x0000000708c00000|  0%| F|  |TAMS 0x0000000708a00000| PB 0x0000000708a00000| Untracked |  0
|  25|0x0000000708c00000, 0x0000000708c00000, 0x0000000708e00000|  0%| F|  |TAMS 0x0000000708c00000| PB 0x0000000708c00000| Untracked |  0
|  26|0x0000000708e00000, 0x0000000708e00000, 0x0000000709000000|  0%| F|  |TAMS 0x0000000708e00000| PB 0x0000000708e00000| Untracked |  0
|  27|0x0000000709000000, 0x0000000709000000, 0x0000000709200000|  0%| F|  |TAMS 0x0000000709000000| PB 0x0000000709000000| Untracked |  0
|  28|0x0000000709200000, 0x0000000709200000, 0x0000000709400000|  0%| F|  |TAMS 0x0000000709200000| PB 0x0000000709200000| Untracked |  0
|  29|0x0000000709400000, 0x0000000709400000, 0x0000000709600000|  0%| F|  |TAMS 0x0000000709400000| PB 0x0000000709400000| Untracked |  0
|  30|0x0000000709600000, 0x0000000709600000, 0x0000000709800000|  0%| F|  |TAMS 0x0000000709600000| PB 0x0000000709600000| Untracked |  0
|  31|0x0000000709800000, 0x0000000709800000, 0x0000000709a00000|  0%| F|  |TAMS 0x0000000709800000| PB 0x0000000709800000| Untracked |  0
|  32|0x0000000709a00000, 0x0000000709a00000, 0x0000000709c00000|  0%| F|  |TAMS 0x0000000709a00000| PB 0x0000000709a00000| Untracked |  0
|  33|0x0000000709c00000, 0x0000000709c00000, 0x0000000709e00000|  0%| F|  |TAMS 0x0000000709c00000| PB 0x0000000709c00000| Untracked |  0
|  34|0x0000000709e00000, 0x0000000709e00000, 0x000000070a000000|  0%| F|  |TAMS 0x0000000709e00000| PB 0x0000000709e00000| Untracked |  0
|  35|0x000000070a000000, 0x000000070a000000, 0x000000070a200000|  0%| F|  |TAMS 0x000000070a000000| PB 0x000000070a000000| Untracked |  0
|  36|0x000000070a200000, 0x000000070a200000, 0x000000070a400000|  0%| F|  |TAMS 0x000000070a200000| PB 0x000000070a200000| Untracked |  0
|  37|0x000000070a400000, 0x000000070a400000, 0x000000070a600000|  0%| F|  |TAMS 0x000000070a400000| PB 0x000000070a400000| Untracked |  0
|  38|0x000000070a600000, 0x000000070a600000, 0x000000070a800000|  0%| F|  |TAMS 0x000000070a600000| PB 0x000000070a600000| Untracked |  0
|  39|0x000000070a800000, 0x000000070a800000, 0x000000070aa00000|  0%| F|  |TAMS 0x000000070a800000| PB 0x000000070a800000| Untracked |  0
|  40|0x000000070aa00000, 0x000000070aa00000, 0x000000070ac00000|  0%| F|  |TAMS 0x000000070aa00000| PB 0x000000070aa00000| Untracked |  0
|  41|0x000000070ac00000, 0x000000070ac00000, 0x000000070ae00000|  0%| F|  |TAMS 0x000000070ac00000| PB 0x000000070ac00000| Untracked |  0
|  42|0x000000070ae00000, 0x000000070ae00000, 0x000000070b000000|  0%| F|  |TAMS 0x000000070ae00000| PB 0x000000070ae00000| Untracked |  0
|  43|0x000000070b000000, 0x000000070b000000, 0x000000070b200000|  0%| F|  |TAMS 0x000000070b000000| PB 0x000000070b000000| Untracked |  0
|  44|0x000000070b200000, 0x000000070b200000, 0x000000070b400000|  0%| F|  |TAMS 0x000000070b200000| PB 0x000000070b200000| Untracked |  0
|  45|0x000000070b400000, 0x000000070b400000, 0x000000070b600000|  0%| F|  |TAMS 0x000000070b400000| PB 0x000000070b400000| Untracked |  0
|  46|0x000000070b600000, 0x000000070b600000, 0x000000070b800000|  0%| F|  |TAMS 0x000000070b600000| PB 0x000000070b600000| Untracked |  0
|  47|0x000000070b800000, 0x000000070b800000, 0x000000070ba00000|  0%| F|  |TAMS 0x000000070b800000| PB 0x000000070b800000| Untracked |  0
|  48|0x000000070ba00000, 0x000000070ba00000, 0x000000070bc00000|  0%| F|  |TAMS 0x000000070ba00000| PB 0x000000070ba00000| Untracked |  0
|  49|0x000000070bc00000, 0x000000070bc00000, 0x000000070be00000|  0%| F|  |TAMS 0x000000070bc00000| PB 0x000000070bc00000| Untracked |  0
|  50|0x000000070be00000, 0x000000070be00000, 0x000000070c000000|  0%| F|  |TAMS 0x000000070be00000| PB 0x000000070be00000| Untracked |  0
|  51|0x000000070c000000, 0x000000070c000000, 0x000000070c200000|  0%| F|  |TAMS 0x000000070c000000| PB 0x000000070c000000| Untracked |  0
|  52|0x000000070c200000, 0x000000070c200000, 0x000000070c400000|  0%| F|  |TAMS 0x000000070c200000| PB 0x000000070c200000| Untracked |  0
|  53|0x000000070c400000, 0x000000070c400000, 0x000000070c600000|  0%| F|  |TAMS 0x000000070c400000| PB 0x000000070c400000| Untracked |  0
|  54|0x000000070c600000, 0x000000070c600000, 0x000000070c800000|  0%| F|  |TAMS 0x000000070c600000| PB 0x000000070c600000| Untracked |  0
|  55|0x000000070c800000, 0x000000070c800000, 0x000000070ca00000|  0%| F|  |TAMS 0x000000070c800000| PB 0x000000070c800000| Untracked |  0
|  56|0x000000070ca00000, 0x000000070ca00000, 0x000000070cc00000|  0%| F|  |TAMS 0x000000070ca00000| PB 0x000000070ca00000| Untracked |  0
|  57|0x000000070cc00000, 0x000000070cc00000, 0x000000070ce00000|  0%| F|  |TAMS 0x000000070cc00000| PB 0x000000070cc00000| Untracked |  0
|  58|0x000000070ce00000, 0x000000070ce00000, 0x000000070d000000|  0%| F|  |TAMS 0x000000070ce00000| PB 0x000000070ce00000| Untracked |  0
|  59|0x000000070d000000, 0x000000070d000000, 0x000000070d200000|  0%| F|  |TAMS 0x000000070d000000| PB 0x000000070d000000| Untracked |  0
|  60|0x000000070d200000, 0x000000070d200000, 0x000000070d400000|  0%| F|  |TAMS 0x000000070d200000| PB 0x000000070d200000| Untracked |  0
|  61|0x000000070d400000, 0x000000070d400000, 0x000000070d600000|  0%| F|  |TAMS 0x000000070d400000| PB 0x000000070d400000| Untracked |  0
|  62|0x000000070d600000, 0x000000070d600000, 0x000000070d800000|  0%| F|  |TAMS 0x000000070d600000| PB 0x000000070d600000| Untracked |  0
|  63|0x000000070d800000, 0x000000070d800000, 0x000000070da00000|  0%| F|  |TAMS 0x000000070d800000| PB 0x000000070d800000| Untracked |  0
|  64|0x000000070da00000, 0x000000070da00000, 0x000000070dc00000|  0%| F|  |TAMS 0x000000070da00000| PB 0x000000070da00000| Untracked |  0
|  65|0x000000070dc00000, 0x000000070dc00000, 0x000000070de00000|  0%| F|  |TAMS 0x000000070dc00000| PB 0x000000070dc00000| Untracked |  0
|  66|0x000000070de00000, 0x000000070de00000, 0x000000070e000000|  0%| F|  |TAMS 0x000000070de00000| PB 0x000000070de00000| Untracked |  0
|  67|0x000000070e000000, 0x000000070e000000, 0x000000070e200000|  0%| F|  |TAMS 0x000000070e000000| PB 0x000000070e000000| Untracked |  0
|  68|0x000000070e200000, 0x000000070e200000, 0x000000070e400000|  0%| F|  |TAMS 0x000000070e200000| PB 0x000000070e200000| Untracked |  0
|  69|0x000000070e400000, 0x000000070e400000, 0x000000070e600000|  0%| F|  |TAMS 0x000000070e400000| PB 0x000000070e400000| Untracked |  0
|  70|0x000000070e600000, 0x000000070e600000, 0x000000070e800000|  0%| F|  |TAMS 0x000000070e600000| PB 0x000000070e600000| Untracked |  0
|  71|0x000000070e800000, 0x000000070e800000, 0x000000070ea00000|  0%| F|  |TAMS 0x000000070e800000| PB 0x000000070e800000| Untracked |  0
|  72|0x000000070ea00000, 0x000000070ea00000, 0x000000070ec00000|  0%| F|  |TAMS 0x000000070ea00000| PB 0x000000070ea00000| Untracked |  0
|  73|0x000000070ec00000, 0x000000070ec00000, 0x000000070ee00000|  0%| F|  |TAMS 0x000000070ec00000| PB 0x000000070ec00000| Untracked |  0
|  74|0x000000070ee00000, 0x000000070ee00000, 0x000000070f000000|  0%| F|  |TAMS 0x000000070ee00000| PB 0x000000070ee00000| Untracked |  0
|  75|0x000000070f000000, 0x000000070f000000, 0x000000070f200000|  0%| F|  |TAMS 0x000000070f000000| PB 0x000000070f000000| Untracked |  0
|  76|0x000000070f200000, 0x000000070f200000, 0x000000070f400000|  0%| F|  |TAMS 0x000000070f200000| PB 0x000000070f200000| Untracked |  0
|  77|0x000000070f400000, 0x000000070f400000, 0x000000070f600000|  0%| F|  |TAMS 0x000000070f400000| PB 0x000000070f400000| Untracked |  0
|  78|0x000000070f600000, 0x000000070f600000, 0x000000070f800000|  0%| F|  |TAMS 0x000000070f600000| PB 0x000000070f600000| Untracked |  0
|  79|0x000000070f800000, 0x000000070f800000, 0x000000070fa00000|  0%| F|  |TAMS 0x000000070f800000| PB 0x000000070f800000| Untracked |  0
|  80|0x000000070fa00000, 0x000000070fa00000, 0x000000070fc00000|  0%| F|  |TAMS 0x000000070fa00000| PB 0x000000070fa00000| Untracked |  0
|  81|0x000000070fc00000, 0x000000070fc00000, 0x000000070fe00000|  0%| F|  |TAMS 0x000000070fc00000| PB 0x000000070fc00000| Untracked |  0
|  82|0x000000070fe00000, 0x000000070fe00000, 0x0000000710000000|  0%| F|  |TAMS 0x000000070fe00000| PB 0x000000070fe00000| Untracked |  0
|  83|0x0000000710000000, 0x0000000710000000, 0x0000000710200000|  0%| F|  |TAMS 0x0000000710000000| PB 0x0000000710000000| Untracked |  0
|  84|0x0000000710200000, 0x0000000710200000, 0x0000000710400000|  0%| F|  |TAMS 0x0000000710200000| PB 0x0000000710200000| Untracked |  0
|  85|0x0000000710400000, 0x0000000710400000, 0x0000000710600000|  0%| F|  |TAMS 0x0000000710400000| PB 0x0000000710400000| Untracked |  0
|  86|0x0000000710600000, 0x0000000710600000, 0x0000000710800000|  0%| F|  |TAMS 0x0000000710600000| PB 0x0000000710600000| Untracked |  0
|  87|0x0000000710800000, 0x0000000710800000, 0x0000000710a00000|  0%| F|  |TAMS 0x0000000710800000| PB 0x0000000710800000| Untracked |  0
|  88|0x0000000710a00000, 0x0000000710a00000, 0x0000000710c00000|  0%| F|  |TAMS 0x0000000710a00000| PB 0x0000000710a00000| Untracked |  0
|  89|0x0000000710c00000, 0x0000000710c00000, 0x0000000710e00000|  0%| F|  |TAMS 0x0000000710c00000| PB 0x0000000710c00000| Untracked |  0
|  90|0x0000000710e00000, 0x0000000710e00000, 0x0000000711000000|  0%| F|  |TAMS 0x0000000710e00000| PB 0x0000000710e00000| Untracked |  0
|  91|0x0000000711000000, 0x0000000711000000, 0x0000000711200000|  0%| F|  |TAMS 0x0000000711000000| PB 0x0000000711000000| Untracked |  0
|  92|0x0000000711200000, 0x0000000711200000, 0x0000000711400000|  0%| F|  |TAMS 0x0000000711200000| PB 0x0000000711200000| Untracked |  0
|  93|0x0000000711400000, 0x0000000711400000, 0x0000000711600000|  0%| F|  |TAMS 0x0000000711400000| PB 0x0000000711400000| Untracked |  0
|  94|0x0000000711600000, 0x0000000711600000, 0x0000000711800000|  0%| F|  |TAMS 0x0000000711600000| PB 0x0000000711600000| Untracked |  0
|  95|0x0000000711800000, 0x0000000711800000, 0x0000000711a00000|  0%| F|  |TAMS 0x0000000711800000| PB 0x0000000711800000| Untracked |  0
|  96|0x0000000711a00000, 0x0000000711a00000, 0x0000000711c00000|  0%| F|  |TAMS 0x0000000711a00000| PB 0x0000000711a00000| Untracked |  0
|  97|0x0000000711c00000, 0x0000000711c00000, 0x0000000711e00000|  0%| F|  |TAMS 0x0000000711c00000| PB 0x0000000711c00000| Untracked |  0
|  98|0x0000000711e00000, 0x0000000711e00000, 0x0000000712000000|  0%| F|  |TAMS 0x0000000711e00000| PB 0x0000000711e00000| Untracked |  0
|  99|0x0000000712000000, 0x0000000712000000, 0x0000000712200000|  0%| F|  |TAMS 0x0000000712000000| PB 0x0000000712000000| Untracked |  0
| 100|0x0000000712200000, 0x0000000712200000, 0x0000000712400000|  0%| F|  |TAMS 0x0000000712200000| PB 0x0000000712200000| Untracked |  0
| 101|0x0000000712400000, 0x0000000712400000, 0x0000000712600000|  0%| F|  |TAMS 0x0000000712400000| PB 0x0000000712400000| Untracked |  0
| 102|0x0000000712600000, 0x0000000712600000, 0x0000000712800000|  0%| F|  |TAMS 0x0000000712600000| PB 0x0000000712600000| Untracked |  0
| 103|0x0000000712800000, 0x0000000712800000, 0x0000000712a00000|  0%| F|  |TAMS 0x0000000712800000| PB 0x0000000712800000| Untracked |  0
| 104|0x0000000712a00000, 0x0000000712a00000, 0x0000000712c00000|  0%| F|  |TAMS 0x0000000712a00000| PB 0x0000000712a00000| Untracked |  0
| 105|0x0000000712c00000, 0x0000000712c00000, 0x0000000712e00000|  0%| F|  |TAMS 0x0000000712c00000| PB 0x0000000712c00000| Untracked |  0
| 106|0x0000000712e00000, 0x0000000712e00000, 0x0000000713000000|  0%| F|  |TAMS 0x0000000712e00000| PB 0x0000000712e00000| Untracked |  0
| 107|0x0000000713000000, 0x0000000713000000, 0x0000000713200000|  0%| F|  |TAMS 0x0000000713000000| PB 0x0000000713000000| Untracked |  0
| 108|0x0000000713200000, 0x0000000713200000, 0x0000000713400000|  0%| F|  |TAMS 0x0000000713200000| PB 0x0000000713200000| Untracked |  0
| 109|0x0000000713400000, 0x0000000713400000, 0x0000000713600000|  0%| F|  |TAMS 0x0000000713400000| PB 0x0000000713400000| Untracked |  0
| 110|0x0000000713600000, 0x0000000713600000, 0x0000000713800000|  0%| F|  |TAMS 0x0000000713600000| PB 0x0000000713600000| Untracked |  0
| 111|0x0000000713800000, 0x0000000713800000, 0x0000000713a00000|  0%| F|  |TAMS 0x0000000713800000| PB 0x0000000713800000| Untracked |  0
| 112|0x0000000713a00000, 0x0000000713a00000, 0x0000000713c00000|  0%| F|  |TAMS 0x0000000713a00000| PB 0x0000000713a00000| Untracked |  0
| 113|0x0000000713c00000, 0x0000000713c00000, 0x0000000713e00000|  0%| F|  |TAMS 0x0000000713c00000| PB 0x0000000713c00000| Untracked |  0
| 114|0x0000000713e00000, 0x0000000713e00000, 0x0000000714000000|  0%| F|  |TAMS 0x0000000713e00000| PB 0x0000000713e00000| Untracked |  0
| 115|0x0000000714000000, 0x0000000714000000, 0x0000000714200000|  0%| F|  |TAMS 0x0000000714000000| PB 0x0000000714000000| Untracked |  0
| 116|0x0000000714200000, 0x0000000714200000, 0x0000000714400000|  0%| F|  |TAMS 0x0000000714200000| PB 0x0000000714200000| Untracked |  0
| 117|0x0000000714400000, 0x0000000714400000, 0x0000000714600000|  0%| F|  |TAMS 0x0000000714400000| PB 0x0000000714400000| Untracked |  0
| 118|0x0000000714600000, 0x0000000714600000, 0x0000000714800000|  0%| F|  |TAMS 0x0000000714600000| PB 0x0000000714600000| Untracked |  0
| 119|0x0000000714800000, 0x0000000714800000, 0x0000000714a00000|  0%| F|  |TAMS 0x0000000714800000| PB 0x0000000714800000| Untracked |  0
| 120|0x0000000714a00000, 0x0000000714a00000, 0x0000000714c00000|  0%| F|  |TAMS 0x0000000714a00000| PB 0x0000000714a00000| Untracked |  0
| 121|0x0000000714c00000, 0x0000000714c00000, 0x0000000714e00000|  0%| F|  |TAMS 0x0000000714c00000| PB 0x0000000714c00000| Untracked |  0
| 122|0x0000000714e00000, 0x0000000714e00000, 0x0000000715000000|  0%| F|  |TAMS 0x0000000714e00000| PB 0x0000000714e00000| Untracked |  0
| 123|0x0000000715000000, 0x0000000715000000, 0x0000000715200000|  0%| F|  |TAMS 0x0000000715000000| PB 0x0000000715000000| Untracked |  0
| 124|0x0000000715200000, 0x0000000715400000, 0x0000000715400000|100%| E|  |TAMS 0x0000000715200000| PB 0x0000000715200000| Complete |  0
| 125|0x0000000715400000, 0x0000000715600000, 0x0000000715600000|100%| E|CS|TAMS 0x0000000715400000| PB 0x0000000715400000| Complete |  0

Card table byte_map: [0x000001cdf1390000,0x000001cdf1b70000] _byte_map_base: 0x000001cdedb63000

Marking Bits: (CMBitMap*) 0x000001cdd8f66220
 Bits: [0x000001cdf1b70000, 0x000001cdf5a08000)

Polling page: 0x000001cdd6df0000

Metaspace:

Usage:
  Non-class:    624.96 KB used.
      Class:     36.48 KB used.
       Both:    661.45 KB used.

Virtual space:
  Non-class space:       64.00 MB reserved,     704.00 KB (  1%) committed,  1 nodes.
      Class space:        1.00 GB reserved,     128.00 KB ( <1%) committed,  1 nodes.
             Both:        1.06 GB reserved,     832.00 KB ( <1%) committed. 

Chunk freelists:
   Non-Class:  11.96 MB
       Class:  15.73 MB
        Both:  27.70 MB

MaxMetaspaceSize: unlimited
CompressedClassSpaceSize: 1.00 GB
Initial GC threshold: 21.00 MB
Current GC threshold: 21.00 MB
CDS: on
 - commit_granule_bytes: 65536.
 - commit_granule_words: 8192.
 - virtual_space_node_default_size: 8388608.
 - enlarge_chunks_in_place: 1.
 - use_allocation_guard: 0.


Internal statistics:

num_allocs_failed_limit: 0.
num_arena_births: 22.
num_arena_deaths: 0.
num_vsnodes_births: 2.
num_vsnodes_deaths: 0.
num_space_committed: 13.
num_space_uncommitted: 0.
num_chunks_returned_to_freelist: 0.
num_chunks_taken_from_freelist: 28.
num_chunk_merges: 0.
num_chunk_splits: 18.
num_chunks_enlarged: 10.
num_inconsistent_stats: 0.

CodeHeap 'non-profiled nmethods': size=120000Kb used=71Kb max_used=71Kb free=119929Kb
 bounds [0x000001cde8cd0000, 0x000001cde8f40000, 0x000001cdf0200000]
CodeHeap 'profiled nmethods': size=120000Kb used=215Kb max_used=215Kb free=119784Kb
 bounds [0x000001cde1200000, 0x000001cde1470000, 0x000001cde8730000]
CodeHeap 'non-nmethods': size=5760Kb used=1295Kb max_used=1306Kb free=4464Kb
 bounds [0x000001cde8730000, 0x000001cde89a0000, 0x000001cde8cd0000]
 total_blobs=616 nmethods=208 adapters=313
 compilation: enabled
              stopped_count=0, restarted_count=0
 full_count=0

Compilation events (20 events):
Event: 0.163 Thread 0x000001cdc50364d0  200       3       java.lang.AbstractStringBuilder::append (77 bytes)
Event: 0.164 Thread 0x000001cdc50364d0 nmethod 200 0x000001cde1232790 code [0x000001cde12329a0, 0x000001cde1233050]
Event: 0.164 Thread 0x000001cdc50364d0  194       3       jdk.internal.org.objectweb.asm.ByteVector::putByte (39 bytes)
Event: 0.164 Thread 0x000001cdc50364d0 nmethod 194 0x000001cde1233310 code [0x000001cde12334c0, 0x000001cde12336a8]
Event: 0.164 Thread 0x000001cdc50364d0  195       1       java.lang.invoke.MethodTypeForm::parameterSlotCount (5 bytes)
Event: 0.164 Thread 0x000001cdc50364d0 nmethod 195 0x000001cde8ce1290 code [0x000001cde8ce1420, 0x000001cde8ce14e8]
Event: 0.164 Thread 0x000001cdc50364d0  202       1       java.lang.invoke.MethodTypeForm::erasedType (5 bytes)
Event: 0.164 Thread 0x000001cdc50364d0 nmethod 202 0x000001cde8ce1590 code [0x000001cde8ce1720, 0x000001cde8ce17f0]
Event: 0.181 Thread 0x000001cdc50364d0  203       3       java.lang.System::getSecurityManager (12 bytes)
Event: 0.181 Thread 0x000001cdc50364d0 nmethod 203 0x000001cde1233810 code [0x000001cde12339a0, 0x000001cde1233b10]
Event: 0.182 Thread 0x000001cdc50364d0  204       3       java.lang.StringUTF16::getChar (60 bytes)
Event: 0.182 Thread 0x000001cdc51ca1a0  208       4       java.lang.StringLatin1::charAt (15 bytes)
Event: 0.182 Thread 0x000001cdc50364d0 nmethod 204 0x000001cde1233b90 code [0x000001cde1233d20, 0x000001cde1233e90]
Event: 0.182 Thread 0x000001cdc50364d0  207       3       java.lang.String::charAt (25 bytes)
Event: 0.183 Thread 0x000001cdc50364d0 nmethod 207 0x000001cde1233f90 code [0x000001cde1234180, 0x000001cde12346c8]
Event: 0.183 Thread 0x000001cdc50364d0  205       3       java.lang.invoke.MethodType::checkPtypes (76 bytes)
Event: 0.183 Thread 0x000001cdc51ca1a0 nmethod 208 0x000001cde8ce1890 code [0x000001cde8ce1a20, 0x000001cde8ce1ae8]
Event: 0.184 Thread 0x000001cdc50364d0 nmethod 205 0x000001cde1234990 code [0x000001cde1234c20, 0x000001cde12356b0]
Event: 0.184 Thread 0x000001cdc50364d0  206       3       java.lang.String::indexOf (7 bytes)
Event: 0.184 Thread 0x000001cdc50364d0 nmethod 206 0x000001cde1235b10 code [0x000001cde1235cc0, 0x000001cde1235e00]

GC Heap History (0 events):
No events

Dll operation events (8 events):
Event: 0.019 Loaded shared library C:\Users\saimouli.maruvada\.jdks\openjdk-22.0.1\bin\java.dll
Event: 0.067 Loaded shared library C:\Users\saimouli.maruvada\.jdks\openjdk-22.0.1\bin\jsvml.dll
Event: 0.125 Loaded shared library C:\Users\saimouli.maruvada\.jdks\openjdk-22.0.1\bin\zip.dll
Event: 0.130 Loaded shared library C:\Users\saimouli.maruvada\.jdks\openjdk-22.0.1\bin\instrument.dll
Event: 0.137 Loaded shared library C:\Users\saimouli.maruvada\.jdks\openjdk-22.0.1\bin\net.dll
Event: 0.142 Loaded shared library C:\Users\saimouli.maruvada\.jdks\openjdk-22.0.1\bin\nio.dll
Event: 0.151 Loaded shared library C:\Users\saimouli.maruvada\.jdks\openjdk-22.0.1\bin\zip.dll
Event: 0.167 Loaded shared library C:\Program Files\JetBrains\IntelliJ IDEA Community Edition 2024.1.1\bin\breakgen64.dll

Deoptimization events (4 events):
Event: 0.182 Thread 0x000001cdd8ef7700 Uncommon trap: trap_request=0xffffff45 fr.pc=0x000001cde8ce0ae4 relative=0x00000000000000c4
Event: 0.182 Thread 0x000001cdd8ef7700 Uncommon trap: reason=unstable_if action=reinterpret pc=0x000001cde8ce0ae4 method=java.lang.String.isLatin1()Z @ 10 c2
Event: 0.182 Thread 0x000001cdd8ef7700 DEOPT PACKING pc=0x000001cde8ce0ae4 sp=0x00000074d15fecf0
Event: 0.182 Thread 0x000001cdd8ef7700 DEOPT UNPACKING pc=0x000001cde87846a2 sp=0x00000074d15fec30 mode 2

Classes loaded (20 events):
Event: 0.174 Loading class java/lang/WeakPairMap$WeakRefPeer done
Event: 0.174 Loading class java/lang/WeakPairMap$Pair$Weak done
Event: 0.174 Loading class java/lang/WeakPairMap$Pair$Weak$1
Event: 0.174 Loading class java/lang/WeakPairMap$Pair$Weak$1 done
Event: 0.181 Loading class jdk/internal/vm/PostVMInitHook
Event: 0.181 Loading class jdk/internal/vm/PostVMInitHook done
Event: 0.181 Loading class java/lang/invoke/VarHandleInts$FieldInstanceReadWrite
Event: 0.181 Loading class java/lang/invoke/VarHandleInts$FieldInstanceReadOnly
Event: 0.181 Loading class java/lang/invoke/VarHandleInts$FieldInstanceReadOnly done
Event: 0.181 Loading class java/lang/invoke/VarHandleInts$FieldInstanceReadWrite done
Event: 0.182 Loading class java/net/InetSocketAddress
Event: 0.182 Loading class jdk/internal/loader/URLClassPath$FileLoader$1
Event: 0.182 Loading class java/net/SocketAddress
Event: 0.182 Loading class java/net/SocketAddress done
Event: 0.182 Loading class java/net/InetSocketAddress done
Event: 0.182 Loading class jdk/internal/loader/URLClassPath$FileLoader$1 done
Event: 0.185 Loading class java/net/InetSocketAddress$InetSocketAddressHolder
Event: 0.185 Loading class java/net/InetSocketAddress$InetSocketAddressHolder done
Event: 0.185 Loading class java/net/SocketImpl
Event: 0.186 Loading class java/net/SocketOptions

Classes unloaded (0 events):
No events

Classes redefined (4 events):
Event: 0.174 Thread 0x000001cdf7ec90d0 redefined class name=java.io.FileOutputStream, count=1
Event: 0.177 Thread 0x000001cdf7ec90d0 redefined class name=java.nio.file.Files, count=1
Event: 0.179 Thread 0x000001cdf7ec90d0 redefined class name=java.io.File, count=1
Event: 0.180 Thread 0x000001cdf7ec90d0 redefined class name=java.net.URLStreamHandler, count=1

Internal exceptions (2 events):
Event: 0.153 Thread 0x000001cdd8ef7700 Exception <a 'java/lang/NoSuchMethodError'{0x0000000715325ac8}: 'void java.lang.invoke.DirectMethodHandle$Holder.invokeStatic(java.lang.Object, java.lang.Object, java.lang.Object)'> (0x0000000715325ac8) 
thrown [s\open\src\hotspot\share\interpreter\linkResolver.cpp, line 774]
Event: 0.160 Thread 0x000001cdd8ef7700 Exception <a 'java/lang/NoSuchMethodError'{0x000000071533d560}: 'java.lang.Object java.lang.invoke.Invokers$Holder.invokeExact_MT(java.lang.Object, java.lang.Object, java.lang.Object, java.lang.Object, java.lang.Object)'> (0x000000071533d560) 
thrown [s\open\src\hotspot\share\interpreter\linkResolver.cpp, line 774]

ZGC Phase Switch (0 events):
No events

VM Operations (10 events):
Event: 0.110 Executing VM operation: HandshakeAllThreads (Deoptimize)
Event: 0.110 Executing VM operation: HandshakeAllThreads (Deoptimize) done
Event: 0.174 Executing VM operation: RedefineClasses
Event: 0.175 Executing VM operation: RedefineClasses done
Event: 0.177 Executing VM operation: RedefineClasses
Event: 0.178 Executing VM operation: RedefineClasses done
Event: 0.179 Executing VM operation: RedefineClasses
Event: 0.180 Executing VM operation: RedefineClasses done
Event: 0.180 Executing VM operation: RedefineClasses
Event: 0.181 Executing VM operation: RedefineClasses done

Events (16 events):
Event: 0.040 Thread 0x000001cdd8ef7700 Thread added: 0x000001cdd8ef7700
Event: 0.060 Thread 0x000001cdc501dfd0 Thread added: 0x000001cdc501dfd0
Event: 0.060 Thread 0x000001cdc501edf0 Thread added: 0x000001cdc501edf0
Event: 0.061 Thread 0x000001cdc5026640 Thread added: 0x000001cdc5026640
Event: 0.061 Thread 0x000001cdc50294d0 Thread added: 0x000001cdc50294d0
Event: 0.061 Thread 0x000001cdc502aae0 Thread added: 0x000001cdc502aae0
Event: 0.061 Thread 0x000001cdc502b950 Thread added: 0x000001cdc502b950
Event: 0.061 Thread 0x000001cdc502ef00 Thread added: 0x000001cdc502ef00
Event: 0.061 Thread 0x000001cdc50364d0 Thread added: 0x000001cdc50364d0
Event: 0.103 Thread 0x000001cdc51529d0 Thread added: 0x000001cdc51529d0
Event: 0.119 Thread 0x000001cdc51ca1a0 Thread added: 0x000001cdc51ca1a0
Event: 0.168 Thread 0x000001cdc52c6e00 Thread added: 0x000001cdc52c6e00
Event: 0.181 Thread 0x000001cdc529e2c0 Thread added: 0x000001cdc529e2c0
Event: 0.185 Thread 0x000001cdd8ef7700 Thread exited: 0x000001cdd8ef7700
Event: 0.185 Thread 0x000001cdd8ef7700 Thread added: 0x000001cdd8ef7700
Event: 0.186 Thread 0x000001cdd8ef7700 Thread exited: 0x000001cdd8ef7700


Dynamic libraries:
0x00007ff7cca50000 - 0x00007ff7cca5e000 	C:\Users\saimouli.maruvada\.jdks\openjdk-22.0.1\bin\java.exe
0x00007ff849610000 - 0x00007ff849808000 	C:\Windows\SYSTEM32\ntdll.dll
0x00007ff849360000 - 0x00007ff849421000 	C:\Windows\System32\KERNEL32.DLL
0x00007ff849060000 - 0x00007ff84935d000 	C:\Windows\System32\KERNELBASE.dll
0x0000000078530000 - 0x000000007856c000 	C:\Windows\System32\cyinjct.dll
0x00007ff848ee0000 - 0x00007ff848ee9000 	C:\Windows\System32\ntnativeapi.dll
0x00007ff842f00000 - 0x00007ff842f17000 	C:\Users\saimouli.maruvada\.jdks\openjdk-22.0.1\bin\jli.dll
0x000001cdd6860000 - 0x000001cdd69fd000 	C:\Windows\System32\USER32.dll
0x00007ff847150000 - 0x00007ff847172000 	C:\Windows\System32\win32u.dll
0x00007ff847c30000 - 0x00007ff847c5b000 	C:\Windows\System32\GDI32.dll
0x00007ff846f30000 - 0x00007ff847047000 	C:\Windows\System32\gdi32full.dll
0x00007ff846b90000 - 0x00007ff846c2d000 	C:\Windows\System32\msvcp_win.dll
0x000001cdd6a00000 - 0x000001cdd6b00000 	C:\Windows\System32\ucrtbase.dll
0x00007ff842ee0000 - 0x00007ff842efb000 	C:\Users\saimouli.maruvada\.jdks\openjdk-22.0.1\bin\VCRUNTIME140.dll
0x00007ff80d860000 - 0x00007ff80dafa000 	C:\Windows\WinSxS\amd64_microsoft.windows.common-controls_6595b64144ccf1df_6.0.19041.4355_none_60b8b9eb71f62e16\COMCTL32.dll
0x00007ff847570000 - 0x00007ff84760e000 	C:\Windows\System32\msvcrt.dll
0x00007ff848ec0000 - 0x00007ff848ede000 	C:\Windows\System32\cyvera.dll
0x00007ff848e40000 - 0x00007ff848eb5000 	C:\Windows\System32\cyvrtrap.dll
0x00007ff848c20000 - 0x00007ff848c4f000 	C:\Windows\System32\IMM32.DLL
0x0000000050840000 - 0x00000000508b2000 	C:\Windows\System32\QIPCAP64.dll
0x00007ff847de0000 - 0x00007ff84854f000 	C:\Windows\System32\SHELL32.dll
