#
# A fatal error has been detected by the Java Runtime Environment:
#
#  EXCEPTION_ACCESS_VIOLATION (0xc0000005) at pc=0x00007ff848e0c2c4, pid=22772, tid=10464
#
# JRE version: OpenJDK Runtime Environment (22.0.1+8) (build 22.0.1+8-16)
# Java VM: OpenJDK 64-Bit Server VM (22.0.1+8-16, mixed mode, sharing, tiered, compressed oops, compressed class ptrs, g1 gc, windows-amd64)
# Problematic frame:
# C  [cyjagent.dll+0xc2c4]
#
# No core dump will be written. Minidumps are not enabled by default on client versions of Windows
#
# If you would like to submit a bug report, please visit:
#   https://bugreport.java.com/bugreport/crash.jsp
# The crash happened outside the Java Virtual Machine in native code.
# See problematic frame for where to report the bug.
#

---------------  S U M M A R Y ------------

Command Line: -javaagent:C:\Program Files\JetBrains\IntelliJ IDEA Community Edition 2024.1.1\lib\idea_rt.jar=50622:C:\Program Files\JetBrains\IntelliJ IDEA Community Edition 2024.1.1\bin -Dfile.encoding=UTF-8 -Dsun.stdout.encoding=UTF-8 -Dsun.stderr.encoding=UTF-8 -agentpath:C:\Program Files\Palo Alto Networks\Traps\cyjagent.dll MedianSortedArray

Host: 13th Gen Intel(R) Core(TM) i5-1335U, 12 cores, 15G,  Windows 10 , 64 bit Build 19041 (10.0.19041.4842)
Time: Mon Sep 30 16:07:17 2024 India Standard Time elapsed time: 0.105188 seconds (0d 0h 0m 0s)

---------------  T H R E A D  ---------------

Current thread (0x00000191453fe6e0):  JavaThread "Monitor Ctrl-Break" daemon [_thread_in_native, id=10464, stack(0x00000048fcc00000,0x00000048fcd00000) (1024K)]

Stack: [0x00000048fcc00000,0x00000048fcd00000],  sp=0x00000048fccfd510,  free space=1013k
Native frames: (J=compiled Java code, j=interpreted, Vv=VM code, C=native code)
C  [cyjagent.dll+0xc2c4]  (no source info available)
V  [jvm.dll+0x5a820e]  (no source info available)
V  [jvm.dll+0x59f7d2]  (no source info available)
V  [jvm.dll+0x59f8cb]  (no source info available)
V  [jvm.dll+0x5c4590]  (no source info available)
V  [jvm.dll+0x21cc6a]  (no source info available)
V  [jvm.dll+0x7eb6dc]  (no source info available)
V  [jvm.dll+0x7ec776]  (no source info available)
V  [jvm.dll+0x7ecfa0]  (no source info available)
V  [jvm.dll+0x21392b]  (no source info available)
V  [jvm.dll+0x2160fe]  (no source info available)
V  [jvm.dll+0x20b4ee]  (no source info available)
V  [jvm.dll+0x5c462f]  (no source info available)
V  [jvm.dll+0x21cc6a]  (no source info available)
V  [jvm.dll+0x7eb6dc]  (no source info available)
V  [jvm.dll+0x7ec776]  (no source info available)
V  [jvm.dll+0x7ecd84]  (no source info available)
V  [jvm.dll+0x7eca08]  (no source info available)
V  [jvm.dll+0x26d79b]  (no source info available)
V  [jvm.dll+0x26d9ca]  (no source info available)
V  [jvm.dll+0x5e7d27]  (no source info available)
V  [jvm.dll+0x5ead26]  (no source info available)
V  [jvm.dll+0x3dd89d]  (no source info available)
V  [jvm.dll+0x3dce9d]  (no source info available)
C  0x00000191673a997c  (no source info available)

The last pc belongs to invokestatic (printed below).
Java frames: (J=compiled Java code, j=interpreted, Vv=VM code)
j  java.net.Socket.createImpl()Ljava/net/SocketImpl;+16 java.base@22.0.1
j  java.net.Socket.<init>(Ljava/net/SocketAddress;Ljava/net/SocketAddress;Z)V+20 java.base@22.0.1
j  java.net.Socket.<init>(Ljava/lang/String;I)V+34 java.base@22.0.1
j  com.intellij.rt.execution.application.AppMainV2$1.run()V+10
v  ~StubRoutines::call_stub 0x000001916739100d

siginfo: EXCEPTION_ACCESS_VIOLATION (0xc0000005), reading address 0x0000000000000000


Registers:
RAX=0x0000000000000000, RBX=0x00000191453feaa0, RCX=0x0000000000000000, RDX=0x00000191553f6df0
RSP=0x00000048fccfd510, RBP=0x000001915778f8d0, RSI=0x0000000000000000, RDI=0x0000019145341c20
R8 =0x00000048fccfd358, R9 =0x000001915778f8d0, R10=0x0000000000000000, R11=0x0000000000000246
R12=0x0000019145341c20, R13=0x0000019145340820, R14=0x00000191453fe6e0, R15=0x0000000000000000
RIP=0x00007ff848e0c2c4, EFLAGS=0x0000000000010202


Register to memory mapping:

RAX=0x0 is null
RBX=0x00000191453feaa0 points into unknown readable memory: 0x00007fffecb5dac0 | c0 da b5 ec ff 7f 00 00
RCX=0x0 is null
RDX=0x00000191553f6df0 points into unknown readable memory: 0x00000191453fe6e0 | e0 e6 3f 45 91 01 00 00
RSP=0x00000048fccfd510 is pointing into the stack for thread: 0x00000191453fe6e0
RBP=0x000001915778f8d0 points into unknown readable memory: 0x0000019157706ee0 | e0 6e 70 57 91 01 00 00
RSI=0x0 is null
RDI=0x0000019145341c20 points into unknown readable memory: 0x74656e2f6176616a | 6a 61 76 61 2f 6e 65 74
R8 =0x00000048fccfd358 is pointing into the stack for thread: 0x00000191453fe6e0
R9 =0x000001915778f8d0 points into unknown readable memory: 0x0000019157706ee0 | e0 6e 70 57 91 01 00 00
R10=0x0 is null
R11=0x0000000000000246 is an unknown value
R12=0x0000019145341c20 points into unknown readable memory: 0x74656e2f6176616a | 6a 61 76 61 2f 6e 65 74
R13=0x0000019145340820 points into unknown readable memory: 0x0000000000000000 | 00 00 00 00 00 00 00 00
R14=0x00000191453fe6e0 is a thread
R15=0x0 is null

Top of Stack: (sp=0x00000048fccfd510)
0x00000048fccfd510:   0000019145341c20 00000191453feaa0
0x00000048fccfd520:   0000000000000024 0000000700000024
0x00000048fccfd530:   0000000000000000 00000000ffffffff
0x00000048fccfd540:   0000019176a789e0 000001915778f8d0
0x00000048fccfd550:   0000000000000016 00000048fccfd730
0x00000048fccfd560:   00000191554ca4d0 0000000000000000
0x00000048fccfd570:   00000048fccfd768 00007fffec52820e
0x00000048fccfd580:   00000191554ca4d0 0000000000000000
0x00000048fccfd590:   00000048fccfd730 000000000000d8f6
0x00000048fccfd5a0:   0000019145341c20 0000000000000000
0x00000048fccfd5b0:   0000000000000335 00000191453418b8
0x00000048fccfd5c0:   00000048fccfd6b8 00000048fccfd5d8
0x00000048fccfd5d0:   0000019100000000 0000000000000000
0x00000048fccfd5e0:   0000000000000000 00000048fccfe6e0
0x00000048fccfd5f0:   00000191452c4a40 0000019145340820
0x00000048fccfd600:   0000019145341c38 0000019145348808
0x00000048fccfd610:   00000000000083b0 00000191453fe6e0
0x00000048fccfd620:   00000191453fe6e0 00000191452c5000
0x00000048fccfd630:   0000019145186350 0000019145186368
0x00000048fccfd640:   0000019145186438 00000000000000d8
0x00000048fccfd650:   00000048fccfd848 0000000000007661
0x00000048fccfd660:   0000000000000070 0000019145340820
0x00000048fccfd670:   0000000000000004 00000191554ca4d0
0x00000048fccfd680:   00000048fccfd730 00000191452c4a40
0x00000048fccfd690:   0000000000000020 00007fffec51f7d2
0x00000048fccfd6a0:   0000019145257a01 0000019176a7acb8
0x00000048fccfd6b0:   00000048fccfe001 0000004800000000
0x00000048fccfd6c0:   00000191452c4a40 0000019176a789e0
0x00000048fccfd6d0:   00000048fccfdaf0 0000019145257a90
0x00000048fccfd6e0:   0000000000000000 00007fffec51f8cb
0x00000048fccfd6f0:   00000048fccfd7f8 0000000000000000
0x00000048fccfd700:   0000019145340820 0000019145257a90 

Instructions: (pc=0x00007ff848e0c2c4)
0x00007ff848e0c1c4:   00 00 03 72 2d 44 8b ce 48 8d 05 3d df 01 00 ba
0x00007ff848e0c1d4:   2f 00 00 00 4e 8b 0c c8 48 8b 89 10 03 00 00 4c
0x00007ff848e0c1e4:   8d 05 56 de 01 00 e8 51 4f ff ff 48 8b 0d ea 37
0x00007ff848e0c1f4:   02 00 48 3b cb 74 68 f6 81 1c 03 00 00 10 74 5f
0x00007ff848e0c204:   80 b9 19 03 00 00 02 72 56 4c 8b 8c 24 90 00 00
0x00007ff848e0c214:   00 4c 8d 05 24 de 01 00 48 8b 89 10 03 00 00 ba
0x00007ff848e0c224:   31 00 00 00 e8 13 4f ff ff eb 34 49 8b 0f 4c 8b
0x00007ff848e0c234:   c3 48 8b d6 e8 f3 63 00 00 48 8b 84 24 b0 00 00
0x00007ff848e0c244:   00 89 18 48 8b 0d 7a 4b 02 00 4c 8b c6 33 d2 ff
0x00007ff848e0c254:   15 a7 4f 01 00 eb 08 a8 02 75 04 c6 47 40 01 b8
0x00007ff848e0c264:   ff ff ff ff f0 0f c1 47 10 4c 8b b4 24 88 00 00
0x00007ff848e0c274:   00 83 f8 01 75 42 48 8b 4f 18 48 81 c1 70 01 00
0x00007ff848e0c284:   00 ff 15 1d 50 01 00 48 8b 0f 48 8b 47 08 48 89
0x00007ff848e0c294:   08 48 89 41 08 48 8b 4f 18 48 81 c1 70 01 00 00
0x00007ff848e0c2a4:   ff 15 06 50 01 00 48 8b 0d 17 4b 02 00 4c 8b c7
0x00007ff848e0c2b4:   33 d2 ff 15 44 4f 01 00 48 8b 4d 20 48 8b 55 10
0x00007ff848e0c2c4:   48 8b 01 48 8b 80 08 01 00 00 ff 15 0c 50 01 00
0x00007ff848e0c2d4:   85 c0 74 40 48 8b 0d 01 37 02 00 48 8d 15 fa 36
0x00007ff848e0c2e4:   02 00 48 3b ca 74 2d f6 81 1c 03 00 00 10 74 24
0x00007ff848e0c2f4:   80 b9 19 03 00 00 03 72 1b 48 8b 89 10 03 00 00
0x00007ff848e0c304:   4c 8d 05 35 dd 01 00 ba 15 00 00 00 44 8b c8 e8
0x00007ff848e0c314:   68 4d ff ff 48 8b 6c 24 78 48 8b b4 24 80 00 00
0x00007ff848e0c324:   00 48 83 c4 50 41 5f 5f 5b c3 cc cc 40 57 48 83
0x00007ff848e0c334:   ec 30 f6 81 78 01 00 00 04 48 8b f9 0f 85 87 02
0x00007ff848e0c344:   00 00 48 89 5c 24 40 45 33 c9 48 89 6c 24 48 33
0x00007ff848e0c354:   d2 48 89 74 24 50 48 8b 71 20 45 8d 41 32 48 8b
0x00007ff848e0c364:   ce 48 8b 06 48 8b 40 08 ff 15 6e 4f 01 00 48 8d
0x00007ff848e0c374:   2d 67 36 02 00 85 c0 74 37 48 8b 0d 5c 36 02 00
0x00007ff848e0c384:   48 3b cd 74 2b f6 81 1c 03 00 00 10 74 22 80 b9
0x00007ff848e0c394:   19 03 00 00 02 72 19 48 8b 89 10 03 00 00 ba 11
0x00007ff848e0c3a4:   00 00 00 89 44 24 20 44 8d 4a 21 e8 7c dc ff ff
0x00007ff848e0c3b4:   48 8b 06 45 33 c9 33 d2 48 8b ce 48 8b 40 08 45 


Stack slot to memory mapping:

stack at sp + 0 slots: 0x0000019145341c20 points into unknown readable memory: 0x74656e2f6176616a | 6a 61 76 61 2f 6e 65 74
stack at sp + 1 slots: 0x00000191453feaa0 points into unknown readable memory: 0x00007fffecb5dac0 | c0 da b5 ec ff 7f 00 00
stack at sp + 2 slots: 0x0000000000000024 is an unknown value
stack at sp + 3 slots: 0x0000000700000024 is an unknown value
stack at sp + 4 slots: 0x0 is null
stack at sp + 5 slots: 0x00000000ffffffff is an unknown value
stack at sp + 6 slots: 0x0000019176a789e0 points into unknown readable memory: 0x616a0016b966ffff | ff ff 66 b9 16 00 6a 61
stack at sp + 7 slots: 0x000001915778f8d0 points into unknown readable memory: 0x0000019157706ee0 | e0 6e 70 57 91 01 00 00

invokestatic  184 invokestatic  [0x00000191673a98e0, 0x00000191673a9bc0]  736 bytes
[MachCode]
  0x00000191673a98e0: 4883 ec08 | c5fa 1104 | 24eb 1f48 | 83ec 10c5 | fb11 0424 | eb14 4883 | ec10 4889 | 0424 48c7 
  0x00000191673a9900: 4424 0800 | 0000 00eb | 0150 488b | 4dd0 410f | b755 0148 | 8b49 306b | d218 488d | 4c11 080f 
  0x00000191673a9920: b659 1681 | fbb8 0000 | 000f 84bd | 0000 00bb | b800 0000 | e805 0000 | 00e9 9900 | 0000 488b 
  0x00000191673a9940: d348 8d44 | 2408 4c89 | 6dc0 498b | cfc5 f877 | 4989 afb0 | 0300 0049 | 8987 a003 | 0000 4883 
  0x00000191673a9960: ec20 40f6 | c40f 0f84 | 1900 0000 | 4883 ec08 | 48b8 30ce | 35ec ff7f | 0000 ffd0 | 4883 c408 
  0x00000191673a9980: e90c 0000 | 0048 b830 | ce35 ecff | 7f00 00ff | d048 83c4 | 2049 c787 | a003 0000 | 0000 0000 
  0x00000191673a99a0: 49c7 87b0 | 0300 0000 | 0000 0049 | c787 a803 | 0000 0000 | 0000 c5f8 | 7749 837f | 0800 0f84 
  0x00000191673a99c0: 0500 0000 | e937 75fe | ff4c 8b6d | c04c 8b75 | c84e 8d74 | f500 c348 | 8b4d d041 | 0fb7 5501 
  0x00000191673a99e0: 488b 4930 | 6bd2 1848 | 8d4c 1108 | 488b 1948 | 8b5b 0848 | 8b5b 0848 | 8b5b 1880 | bb20 0100 
  0x00000191673a9a00: 0005 0f84 | 0d00 0000 | 4c3b bb30 | 0100 000f | 851a ffff | ff0f b651 | 1548 8b19 | 4c89 6dc0 
  0x00000191673a9a20: 448b ea0f | b651 1449 | ba00 b9bf | ecff 7f00 | 0049 8b14 | d252 418b | d54c 8b6d | c048 8b45 
  0x00000191673a9a40: d848 85c0 | 0f84 1200 | 0000 4883 | 4008 0148 | 8358 0800 | 4883 c010 | 4889 45d8 | 488b 45d8 
  0x00000191673a9a60: 4885 c00f | 843d 0100 | 0080 78f0 | 0a0f 8533 | 0100 0048 | 83c0 084c | 8b68 f841 | 83ed 0041 
  0x00000191673a9a80: 83fd 020f | 8c12 0100 | 004c 8b6b | 0845 0fb7 | 6d2e 4c2b | 2841 83ed | 014e 8b6c | ec08 4d85 
  0x00000191673a9aa0: ed75 0ef6 | 4008 0175 | 58f0 4883 | 4808 01eb | 5045 8b6d | 0849 ba00 | 0000 0091 | 0100 004d 
  0x00000191673a9ac0: 03ea 4d8b | d54c 3368 | 0849 f7c5 | fcff ffff | 742f 41f6 | c502 7529 | 4883 7808 | 0074 1e48 
  0x00000191673a9ae0: 8378 0801 | 7417 4d8b | ea4c 3368 | 0849 f7c5 | fcff ffff | 740b 4883 | 4808 02eb | 044c 8968 
  0x00000191673a9b00: 0848 83c0 | 104c 8b68 | e841 83ed | 0241 83fd | 020f 8c84 | 0000 004c | 8b6b 0845 | 0fb7 6d2e 
  0x00000191673a9b20: 4c2b 2841 | 83ed 014e | 8b6c ec08 | 4d85 ed75 | 0ef6 4008 | 0175 58f0 | 4883 4808 | 01eb 5045 
  0x00000191673a9b40: 8b6d 0849 | ba00 0000 | 0091 0100 | 004d 03ea | 4d8b d54c | 3368 0849 | f7c5 fcff | ffff 742f 
  0x00000191673a9b60: 41f6 c502 | 7529 4883 | 7808 0074 | 1e48 8378 | 0801 7417 | 4d8b ea4c | 3368 0849 | f7c5 fcff 
  0x00000191673a9b80: ffff 740b | 4883 4808 | 02eb 044c | 8968 0848 | 83c0 104c | 8b68 d841 | 83ed 0441 | c1e5 0349 
  0x00000191673a9ba0: 03c5 4889 | 45d8 4c8d | 6c24 0849 | 8bcd 482b | cd48 c1f9 | 0348 894d | f0ff 6350 | 0f1f 4000 
[/MachCode]

---------------  P R O C E S S  ---------------

Threads class SMR info:
_java_thread_list=0x00000191453ea700, length=11, elements={
0x0000019145124330, 0x0000019145125050, 0x000001914512df80, 0x000001914512e9e0,
0x000001914512f850, 0x0000019145132620, 0x0000019145132da0, 0x000001914524c550,
0x0000019145262400, 0x00000191453fe6e0, 0x00000191453c2bb0
}

Java Threads: ( => current thread )
  0x0000019145124330 JavaThread "Reference Handler"          daemon [_thread_blocked, id=19628, stack(0x00000048fc200000,0x00000048fc300000) (1024K)]
  0x0000019145125050 JavaThread "Finalizer"                  daemon [_thread_blocked, id=3060, stack(0x00000048fc300000,0x00000048fc400000) (1024K)]
  0x000001914512df80 JavaThread "Attach Listener"            daemon [_thread_blocked, id=8624, stack(0x00000048fc500000,0x00000048fc600000) (1024K)]
  0x000001914512e9e0 JavaThread "Service Thread"             daemon [_thread_blocked, id=29988, stack(0x00000048fc600000,0x00000048fc700000) (1024K)]
  0x000001914512f850 JavaThread "Monitor Deflation Thread"   daemon [_thread_blocked, id=21328, stack(0x00000048fc700000,0x00000048fc800000) (1024K)]
  0x0000019145132620 JavaThread "C2 CompilerThread0"         daemon [_thread_blocked, id=31928, stack(0x00000048fc800000,0x00000048fc900000) (1024K)]
  0x0000019145132da0 JavaThread "C1 CompilerThread0"         daemon [_thread_blocked, id=26232, stack(0x00000048fc900000,0x00000048fca00000) (1024K)]
  0x000001914524c550 JavaThread "Common-Cleaner"             daemon [_thread_blocked, id=32304, stack(0x00000048fca00000,0x00000048fcb00000) (1024K)]
  0x0000019145262400 JavaThread "C2 CompilerThread1"         daemon [_thread_blocked, id=19000, stack(0x00000048fcb00000,0x00000048fcc00000) (1024K)]
=>0x00000191453fe6e0 JavaThread "Monitor Ctrl-Break"         daemon [_thread_in_native, id=10464, stack(0x00000048fcc00000,0x00000048fcd00000) (1024K)]
  0x00000191453c2bb0 JavaThread "Notification Thread"        daemon [_thread_blocked, id=5500, stack(0x00000048fcd00000,0x00000048fce00000) (1024K)]
Total: 11

Other Threads:
  0x0000019176b6e1c0 VMThread "VM Thread"                           [id=21464, stack(0x00000048fc100000,0x00000048fc200000) (1024K)] _threads_hazard_ptr=0x00000191453ea700
  0x0000019157bc50c0 WorkerThread "GC Thread#0"                     [id=7308, stack(0x00000048fbb00000,0x00000048fbc00000) (1024K)]
  0x0000019157bd5a10 ConcurrentGCThread "G1 Main Marker"            terminated
  0x0000019157bd65e0 WorkerThread "G1 Conc#0"                       [id=7164, stack(0x00000048fbd00000,0x00000048fbe00000) (1024K)]
  0x0000019176a1de80 ConcurrentGCThread "G1 Refine#0"               terminated
  0x0000019176a1e810 ConcurrentGCThread "G1 Service"                terminated
Total: 6

Threads with active compile tasks:
Total: 0

VM state: at safepoint (normal execution)

VM Mutex/Monitor currently owned by a thread:  ([mutex/lock_event])
[0x00007fffecbebbb8] Threads_lock - owner thread: 0x0000019176b6e1c0
[0x00007fffecbebcb8] Heap_lock - owner thread: 0x0000019157b589f0

Heap address: 0x0000000705a00000, size: 4006 MB, Compressed Oops mode: Zero based, Oop shift amount: 3

CDS archive(s) mapped at: [0x0000019100000000-0x0000019100c50000-0x0000019100c50000), size 12910592, SharedBaseAddress: 0x0000019100000000, ArchiveRelocationMode: 1.
Compressed class space mapped at: 0x0000019101000000-0x0000019141000000, reserved size: 1073741824
Narrow klass base: 0x0000019100000000, Narrow klass shift: 0, Narrow klass range: 0x41000000

GC Precious Log:
 CardTable entry size: 512
 Card Set container configuration: InlinePtr #cards 4 size 8 Array Of Cards #cards 16 size 48 Howl #buckets 8 coarsen threshold 3686 Howl Bitmap #cards 512 size 80 coarsen threshold 460 Card regions per heap region 1 cards per card region 4096
 CPUs: 12 total, 12 available
 Memory: 16016M
 Large Page Support: Disabled
 NUMA Support: Disabled
 Compressed Oops: Enabled (Zero based)
 Heap Region Size: 2M
 Heap Min Capacity: 8M
 Heap Initial Capacity: 252M
 Heap Max Capacity: 4006M
 Pre-touch: Disabled
 Parallel Workers: 10
 Concurrent Workers: 3
 Concurrent Refinement Workers: 10
 Periodic GC: Disabled

Heap:
 garbage-first heap   total reserved 4102144K, committed 258048K, used 2048K [0x0000000705a00000, 0x0000000800000000)
  region size 2048K, 2 young (4096K), 0 survivors (0K)
 Metaspace       used 663K, committed 832K, reserved 1114112K
  class space    used 36K, committed 128K, reserved 1048576K

Heap Regions: E=young(eden), S=young(survivor), O=old, HS=humongous(starts), HC=humongous(continues), CS=collection set, F=free, TAMS=top-at-mark-start, PB=parsable bottom
|   0|0x0000000705a00000, 0x0000000705a00000, 0x0000000705c00000|  0%| F|  |TAMS 0x0000000705a00000| PB 0x0000000705a00000| Untracked |  0
|   1|0x0000000705c00000, 0x0000000705c00000, 0x0000000705e00000|  0%| F|  |TAMS 0x0000000705c00000| PB 0x0000000705c00000| Untracked |  0
|   2|0x0000000705e00000, 0x0000000705e00000, 0x0000000706000000|  0%| F|  |TAMS 0x0000000705e00000| PB 0x0000000705e00000| Untracked |  0
|   3|0x0000000706000000, 0x0000000706000000, 0x0000000706200000|  0%| F|  |TAMS 0x0000000706000000| PB 0x0000000706000000| Untracked |  0
|   4|0x0000000706200000, 0x0000000706200000, 0x0000000706400000|  0%| F|  |TAMS 0x0000000706200000| PB 0x0000000706200000| Untracked |  0
|   5|0x0000000706400000, 0x0000000706400000, 0x0000000706600000|  0%| F|  |TAMS 0x0000000706400000| PB 0x0000000706400000| Untracked |  0
|   6|0x0000000706600000, 0x0000000706600000, 0x0000000706800000|  0%| F|  |TAMS 0x0000000706600000| PB 0x0000000706600000| Untracked |  0
|   7|0x0000000706800000, 0x0000000706800000, 0x0000000706a00000|  0%| F|  |TAMS 0x0000000706800000| PB 0x0000000706800000| Untracked |  0
|   8|0x0000000706a00000, 0x0000000706a00000, 0x0000000706c00000|  0%| F|  |TAMS 0x0000000706a00000| PB 0x0000000706a00000| Untracked |  0
|   9|0x0000000706c00000, 0x0000000706c00000, 0x0000000706e00000|  0%| F|  |TAMS 0x0000000706c00000| PB 0x0000000706c00000| Untracked |  0
|  10|0x0000000706e00000, 0x0000000706e00000, 0x0000000707000000|  0%| F|  |TAMS 0x0000000706e00000| PB 0x0000000706e00000| Untracked |  0
|  11|0x0000000707000000, 0x0000000707000000, 0x0000000707200000|  0%| F|  |TAMS 0x0000000707000000| PB 0x0000000707000000| Untracked |  0
|  12|0x0000000707200000, 0x0000000707200000, 0x0000000707400000|  0%| F|  |TAMS 0x0000000707200000| PB 0x0000000707200000| Untracked |  0
|  13|0x0000000707400000, 0x0000000707400000, 0x0000000707600000|  0%| F|  |TAMS 0x0000000707400000| PB 0x0000000707400000| Untracked |  0
|  14|0x0000000707600000, 0x0000000707600000, 0x0000000707800000|  0%| F|  |TAMS 0x0000000707600000| PB 0x0000000707600000| Untracked |  0
|  15|0x0000000707800000, 0x0000000707800000, 0x0000000707a00000|  0%| F|  |TAMS 0x0000000707800000| PB 0x0000000707800000| Untracked |  0
|  16|0x0000000707a00000, 0x0000000707a00000, 0x0000000707c00000|  0%| F|  |TAMS 0x0000000707a00000| PB 0x0000000707a00000| Untracked |  0
|  17|0x0000000707c00000, 0x0000000707c00000, 0x0000000707e00000|  0%| F|  |TAMS 0x0000000707c00000| PB 0x0000000707c00000| Untracked |  0
|  18|0x0000000707e00000, 0x0000000707e00000, 0x0000000708000000|  0%| F|  |TAMS 0x0000000707e00000| PB 0x0000000707e00000| Untracked |  0
|  19|0x0000000708000000, 0x0000000708000000, 0x0000000708200000|  0%| F|  |TAMS 0x0000000708000000| PB 0x0000000708000000| Untracked |  0
|  20|0x0000000708200000, 0x0000000708200000, 0x0000000708400000|  0%| F|  |TAMS 0x0000000708200000| PB 0x0000000708200000| Untracked |  0
|  21|0x0000000708400000, 0x0000000708400000, 0x0000000708600000|  0%| F|  |TAMS 0x0000000708400000| PB 0x0000000708400000| Untracked |  0
|  22|0x0000000708600000, 0x0000000708600000, 0x0000000708800000|  0%| F|  |TAMS 0x0000000708600000| PB 0x0000000708600000| Untracked |  0
|  23|0x0000000708800000, 0x0000000708800000, 0x0000000708a00000|  0%| F|  |TAMS 0x0000000708800000| PB 0x0000000708800000| Untracked |  0
|  24|0x0000000708a00000, 0x0000000708a00000, 0x0000000708c00000|  0%| F|  |TAMS 0x0000000708a00000| PB 0x0000000708a00000| Untracked |  0
|  25|0x0000000708c00000, 0x0000000708c00000, 0x0000000708e00000|  0%| F|  |TAMS 0x0000000708c00000| PB 0x0000000708c00000| Untracked |  0
|  26|0x0000000708e00000, 0x0000000708e00000, 0x0000000709000000|  0%| F|  |TAMS 0x0000000708e00000| PB 0x0000000708e00000| Untracked |  0
|  27|0x0000000709000000, 0x0000000709000000, 0x0000000709200000|  0%| F|  |TAMS 0x0000000709000000| PB 0x0000000709000000| Untracked |  0
|  28|0x0000000709200000, 0x0000000709200000, 0x0000000709400000|  0%| F|  |TAMS 0x0000000709200000| PB 0x0000000709200000| Untracked |  0
|  29|0x0000000709400000, 0x0000000709400000, 0x0000000709600000|  0%| F|  |TAMS 0x0000000709400000| PB 0x0000000709400000| Untracked |  0
|  30|0x0000000709600000, 0x0000000709600000, 0x0000000709800000|  0%| F|  |TAMS 0x0000000709600000| PB 0x0000000709600000| Untracked |  0
|  31|0x0000000709800000, 0x0000000709800000, 0x0000000709a00000|  0%| F|  |TAMS 0x0000000709800000| PB 0x0000000709800000| Untracked |  0
|  32|0x0000000709a00000, 0x0000000709a00000, 0x0000000709c00000|  0%| F|  |TAMS 0x0000000709a00000| PB 0x0000000709a00000| Untracked |  0
|  33|0x0000000709c00000, 0x0000000709c00000, 0x0000000709e00000|  0%| F|  |TAMS 0x0000000709c00000| PB 0x0000000709c00000| Untracked |  0
|  34|0x0000000709e00000, 0x0000000709e00000, 0x000000070a000000|  0%| F|  |TAMS 0x0000000709e00000| PB 0x0000000709e00000| Untracked |  0
|  35|0x000000070a000000, 0x000000070a000000, 0x000000070a200000|  0%| F|  |TAMS 0x000000070a000000| PB 0x000000070a000000| Untracked |  0
|  36|0x000000070a200000, 0x000000070a200000, 0x000000070a400000|  0%| F|  |TAMS 0x000000070a200000| PB 0x000000070a200000| Untracked |  0
|  37|0x000000070a400000, 0x000000070a400000, 0x000000070a600000|  0%| F|  |TAMS 0x000000070a400000| PB 0x000000070a400000| Untracked |  0
|  38|0x000000070a600000, 0x000000070a600000, 0x000000070a800000|  0%| F|  |TAMS 0x000000070a600000| PB 0x000000070a600000| Untracked |  0
|  39|0x000000070a800000, 0x000000070a800000, 0x000000070aa00000|  0%| F|  |TAMS 0x000000070a800000| PB 0x000000070a800000| Untracked |  0
|  40|0x000000070aa00000, 0x000000070aa00000, 0x000000070ac00000|  0%| F|  |TAMS 0x000000070aa00000| PB 0x000000070aa00000| Untracked |  0
|  41|0x000000070ac00000, 0x000000070ac00000, 0x000000070ae00000|  0%| F|  |TAMS 0x000000070ac00000| PB 0x000000070ac00000| Untracked |  0
|  42|0x000000070ae00000, 0x000000070ae00000, 0x000000070b000000|  0%| F|  |TAMS 0x000000070ae00000| PB 0x000000070ae00000| Untracked |  0
|  43|0x000000070b000000, 0x000000070b000000, 0x000000070b200000|  0%| F|  |TAMS 0x000000070b000000| PB 0x000000070b000000| Untracked |  0
|  44|0x000000070b200000, 0x000000070b200000, 0x000000070b400000|  0%| F|  |TAMS 0x000000070b200000| PB 0x000000070b200000| Untracked |  0
|  45|0x000000070b400000, 0x000000070b400000, 0x000000070b600000|  0%| F|  |TAMS 0x000000070b400000| PB 0x000000070b400000| Untracked |  0
|  46|0x000000070b600000, 0x000000070b600000, 0x000000070b800000|  0%| F|  |TAMS 0x000000070b600000| PB 0x000000070b600000| Untracked |  0
|  47|0x000000070b800000, 0x000000070b800000, 0x000000070ba00000|  0%| F|  |TAMS 0x000000070b800000| PB 0x000000070b800000| Untracked |  0
|  48|0x000000070ba00000, 0x000000070ba00000, 0x000000070bc00000|  0%| F|  |TAMS 0x000000070ba00000| PB 0x000000070ba00000| Untracked |  0
|  49|0x000000070bc00000, 0x000000070bc00000, 0x000000070be00000|  0%| F|  |TAMS 0x000000070bc00000| PB 0x000000070bc00000| Untracked |  0
|  50|0x000000070be00000, 0x000000070be00000, 0x000000070c000000|  0%| F|  |TAMS 0x000000070be00000| PB 0x000000070be00000| Untracked |  0
|  51|0x000000070c000000, 0x000000070c000000, 0x000000070c200000|  0%| F|  |TAMS 0x000000070c000000| PB 0x000000070c000000| Untracked |  0
|  52|0x000000070c200000, 0x000000070c200000, 0x000000070c400000|  0%| F|  |TAMS 0x000000070c200000| PB 0x000000070c200000| Untracked |  0
|  53|0x000000070c400000, 0x000000070c400000, 0x000000070c600000|  0%| F|  |TAMS 0x000000070c400000| PB 0x000000070c400000| Untracked |  0
|  54|0x000000070c600000, 0x000000070c600000, 0x000000070c800000|  0%| F|  |TAMS 0x000000070c600000| PB 0x000000070c600000| Untracked |  0
|  55|0x000000070c800000, 0x000000070c800000, 0x000000070ca00000|  0%| F|  |TAMS 0x000000070c800000| PB 0x000000070c800000| Untracked |  0
|  56|0x000000070ca00000, 0x000000070ca00000, 0x000000070cc00000|  0%| F|  |TAMS 0x000000070ca00000| PB 0x000000070ca00000| Untracked |  0
|  57|0x000000070cc00000, 0x000000070cc00000, 0x000000070ce00000|  0%| F|  |TAMS 0x000000070cc00000| PB 0x000000070cc00000| Untracked |  0
|  58|0x000000070ce00000, 0x000000070ce00000, 0x000000070d000000|  0%| F|  |TAMS 0x000000070ce00000| PB 0x000000070ce00000| Untracked |  0
|  59|0x000000070d000000, 0x000000070d000000, 0x000000070d200000|  0%| F|  |TAMS 0x000000070d000000| PB 0x000000070d000000| Untracked |  0
|  60|0x000000070d200000, 0x000000070d200000, 0x000000070d400000|  0%| F|  |TAMS 0x000000070d200000| PB 0x000000070d200000| Untracked |  0
|  61|0x000000070d400000, 0x000000070d400000, 0x000000070d600000|  0%| F|  |TAMS 0x000000070d400000| PB 0x000000070d400000| Untracked |  0
|  62|0x000000070d600000, 0x000000070d600000, 0x000000070d800000|  0%| F|  |TAMS 0x000000070d600000| PB 0x000000070d600000| Untracked |  0
|  63|0x000000070d800000, 0x000000070d800000, 0x000000070da00000|  0%| F|  |TAMS 0x000000070d800000| PB 0x000000070d800000| Untracked |  0
|  64|0x000000070da00000, 0x000000070da00000, 0x000000070dc00000|  0%| F|  |TAMS 0x000000070da00000| PB 0x000000070da00000| Untracked |  0
|  65|0x000000070dc00000, 0x000000070dc00000, 0x000000070de00000|  0%| F|  |TAMS 0x000000070dc00000| PB 0x000000070dc00000| Untracked |  0
|  66|0x000000070de00000, 0x000000070de00000, 0x000000070e000000|  0%| F|  |TAMS 0x000000070de00000| PB 0x000000070de00000| Untracked |  0
|  67|0x000000070e000000, 0x000000070e000000, 0x000000070e200000|  0%| F|  |TAMS 0x000000070e000000| PB 0x000000070e000000| Untracked |  0
|  68|0x000000070e200000, 0x000000070e200000, 0x000000070e400000|  0%| F|  |TAMS 0x000000070e200000| PB 0x000000070e200000| Untracked |  0
|  69|0x000000070e400000, 0x000000070e400000, 0x000000070e600000|  0%| F|  |TAMS 0x000000070e400000| PB 0x000000070e400000| Untracked |  0
|  70|0x000000070e600000, 0x000000070e600000, 0x000000070e800000|  0%| F|  |TAMS 0x000000070e600000| PB 0x000000070e600000| Untracked |  0
|  71|0x000000070e800000, 0x000000070e800000, 0x000000070ea00000|  0%| F|  |TAMS 0x000000070e800000| PB 0x000000070e800000| Untracked |  0
|  72|0x000000070ea00000, 0x000000070ea00000, 0x000000070ec00000|  0%| F|  |TAMS 0x000000070ea00000| PB 0x000000070ea00000| Untracked |  0
|  73|0x000000070ec00000, 0x000000070ec00000, 0x000000070ee00000|  0%| F|  |TAMS 0x000000070ec00000| PB 0x000000070ec00000| Untracked |  0
|  74|0x000000070ee00000, 0x000000070ee00000, 0x000000070f000000|  0%| F|  |TAMS 0x000000070ee00000| PB 0x000000070ee00000| Untracked |  0
|  75|0x000000070f000000, 0x000000070f000000, 0x000000070f200000|  0%| F|  |TAMS 0x000000070f000000| PB 0x000000070f000000| Untracked |  0
|  76|0x000000070f200000, 0x000000070f200000, 0x000000070f400000|  0%| F|  |TAMS 0x000000070f200000| PB 0x000000070f200000| Untracked |  0
|  77|0x000000070f400000, 0x000000070f400000, 0x000000070f600000|  0%| F|  |TAMS 0x000000070f400000| PB 0x000000070f400000| Untracked |  0
|  78|0x000000070f600000, 0x000000070f600000, 0x000000070f800000|  0%| F|  |TAMS 0x000000070f600000| PB 0x000000070f600000| Untracked |  0
|  79|0x000000070f800000, 0x000000070f800000, 0x000000070fa00000|  0%| F|  |TAMS 0x000000070f800000| PB 0x000000070f800000| Untracked |  0
|  80|0x000000070fa00000, 0x000000070fa00000, 0x000000070fc00000|  0%| F|  |TAMS 0x000000070fa00000| PB 0x000000070fa00000| Untracked |  0
|  81|0x000000070fc00000, 0x000000070fc00000, 0x000000070fe00000|  0%| F|  |TAMS 0x000000070fc00000| PB 0x000000070fc00000| Untracked |  0
|  82|0x000000070fe00000, 0x000000070fe00000, 0x0000000710000000|  0%| F|  |TAMS 0x000000070fe00000| PB 0x000000070fe00000| Untracked |  0
|  83|0x0000000710000000, 0x0000000710000000, 0x0000000710200000|  0%| F|  |TAMS 0x0000000710000000| PB 0x0000000710000000| Untracked |  0
|  84|0x0000000710200000, 0x0000000710200000, 0x0000000710400000|  0%| F|  |TAMS 0x0000000710200000| PB 0x0000000710200000| Untracked |  0
|  85|0x0000000710400000, 0x0000000710400000, 0x0000000710600000|  0%| F|  |TAMS 0x0000000710400000| PB 0x0000000710400000| Untracked |  0
|  86|0x0000000710600000, 0x0000000710600000, 0x0000000710800000|  0%| F|  |TAMS 0x0000000710600000| PB 0x0000000710600000| Untracked |  0
|  87|0x0000000710800000, 0x0000000710800000, 0x0000000710a00000|  0%| F|  |TAMS 0x0000000710800000| PB 0x0000000710800000| Untracked |  0
|  88|0x0000000710a00000, 0x0000000710a00000, 0x0000000710c00000|  0%| F|  |TAMS 0x0000000710a00000| PB 0x0000000710a00000| Untracked |  0
|  89|0x0000000710c00000, 0x0000000710c00000, 0x0000000710e00000|  0%| F|  |TAMS 0x0000000710c00000| PB 0x0000000710c00000| Untracked |  0
|  90|0x0000000710e00000, 0x0000000710e00000, 0x0000000711000000|  0%| F|  |TAMS 0x0000000710e00000| PB 0x0000000710e00000| Untracked |  0
|  91|0x0000000711000000, 0x0000000711000000, 0x0000000711200000|  0%| F|  |TAMS 0x0000000711000000| PB 0x0000000711000000| Untracked |  0
|  92|0x0000000711200000, 0x0000000711200000, 0x0000000711400000|  0%| F|  |TAMS 0x0000000711200000| PB 0x0000000711200000| Untracked |  0
|  93|0x0000000711400000, 0x0000000711400000, 0x0000000711600000|  0%| F|  |TAMS 0x0000000711400000| PB 0x0000000711400000| Untracked |  0
|  94|0x0000000711600000, 0x0000000711600000, 0x0000000711800000|  0%| F|  |TAMS 0x0000000711600000| PB 0x0000000711600000| Untracked |  0
|  95|0x0000000711800000, 0x0000000711800000, 0x0000000711a00000|  0%| F|  |TAMS 0x0000000711800000| PB 0x0000000711800000| Untracked |  0
|  96|0x0000000711a00000, 0x0000000711a00000, 0x0000000711c00000|  0%| F|  |TAMS 0x0000000711a00000| PB 0x0000000711a00000| Untracked |  0
|  97|0x0000000711c00000, 0x0000000711c00000, 0x0000000711e00000|  0%| F|  |TAMS 0x0000000711c00000| PB 0x0000000711c00000| Untracked |  0
|  98|0x0000000711e00000, 0x0000000711e00000, 0x0000000712000000|  0%| F|  |TAMS 0x0000000711e00000| PB 0x0000000711e00000| Untracked |  0
|  99|0x0000000712000000, 0x0000000712000000, 0x0000000712200000|  0%| F|  |TAMS 0x0000000712000000| PB 0x0000000712000000| Untracked |  0
| 100|0x0000000712200000, 0x0000000712200000, 0x0000000712400000|  0%| F|  |TAMS 0x0000000712200000| PB 0x0000000712200000| Untracked |  0
| 101|0x0000000712400000, 0x0000000712400000, 0x0000000712600000|  0%| F|  |TAMS 0x0000000712400000| PB 0x0000000712400000| Untracked |  0
| 102|0x0000000712600000, 0x0000000712600000, 0x0000000712800000|  0%| F|  |TAMS 0x0000000712600000| PB 0x0000000712600000| Untracked |  0
| 103|0x0000000712800000, 0x0000000712800000, 0x0000000712a00000|  0%| F|  |TAMS 0x0000000712800000| PB 0x0000000712800000| Untracked |  0
| 104|0x0000000712a00000, 0x0000000712a00000, 0x0000000712c00000|  0%| F|  |TAMS 0x0000000712a00000| PB 0x0000000712a00000| Untracked |  0
| 105|0x0000000712c00000, 0x0000000712c00000, 0x0000000712e00000|  0%| F|  |TAMS 0x0000000712c00000| PB 0x0000000712c00000| Untracked |  0
| 106|0x0000000712e00000, 0x0000000712e00000, 0x0000000713000000|  0%| F|  |TAMS 0x0000000712e00000| PB 0x0000000712e00000| Untracked |  0
| 107|0x0000000713000000, 0x0000000713000000, 0x0000000713200000|  0%| F|  |TAMS 0x0000000713000000| PB 0x0000000713000000| Untracked |  0
| 108|0x0000000713200000, 0x0000000713200000, 0x0000000713400000|  0%| F|  |TAMS 0x0000000713200000| PB 0x0000000713200000| Untracked |  0
| 109|0x0000000713400000, 0x0000000713400000, 0x0000000713600000|  0%| F|  |TAMS 0x0000000713400000| PB 0x0000000713400000| Untracked |  0
| 110|0x0000000713600000, 0x0000000713600000, 0x0000000713800000|  0%| F|  |TAMS 0x0000000713600000| PB 0x0000000713600000| Untracked |  0
| 111|0x0000000713800000, 0x0000000713800000, 0x0000000713a00000|  0%| F|  |TAMS 0x0000000713800000| PB 0x0000000713800000| Untracked |  0
| 112|0x0000000713a00000, 0x0000000713a00000, 0x0000000713c00000|  0%| F|  |TAMS 0x0000000713a00000| PB 0x0000000713a00000| Untracked |  0
| 113|0x0000000713c00000, 0x0000000713c00000, 0x0000000713e00000|  0%| F|  |TAMS 0x0000000713c00000| PB 0x0000000713c00000| Untracked |  0
| 114|0x0000000713e00000, 0x0000000713e00000, 0x0000000714000000|  0%| F|  |TAMS 0x0000000713e00000| PB 0x0000000713e00000| Untracked |  0
| 115|0x0000000714000000, 0x0000000714000000, 0x0000000714200000|  0%| F|  |TAMS 0x0000000714000000| PB 0x0000000714000000| Untracked |  0
| 116|0x0000000714200000, 0x0000000714200000, 0x0000000714400000|  0%| F|  |TAMS 0x0000000714200000| PB 0x0000000714200000| Untracked |  0
| 117|0x0000000714400000, 0x0000000714400000, 0x0000000714600000|  0%| F|  |TAMS 0x0000000714400000| PB 0x0000000714400000| Untracked |  0
| 118|0x0000000714600000, 0x0000000714600000, 0x0000000714800000|  0%| F|  |TAMS 0x0000000714600000| PB 0x0000000714600000| Untracked |  0
| 119|0x0000000714800000, 0x0000000714800000, 0x0000000714a00000|  0%| F|  |TAMS 0x0000000714800000| PB 0x0000000714800000| Untracked |  0
| 120|0x0000000714a00000, 0x0000000714a00000, 0x0000000714c00000|  0%| F|  |TAMS 0x0000000714a00000| PB 0x0000000714a00000| Untracked |  0
| 121|0x0000000714c00000, 0x0000000714c00000, 0x0000000714e00000|  0%| F|  |TAMS 0x0000000714c00000| PB 0x0000000714c00000| Untracked |  0
| 122|0x0000000714e00000, 0x0000000714e00000, 0x0000000715000000|  0%| F|  |TAMS 0x0000000714e00000| PB 0x0000000714e00000| Untracked |  0
| 123|0x0000000715000000, 0x0000000715000000, 0x0000000715200000|  0%| F|  |TAMS 0x0000000715000000| PB 0x0000000715000000| Untracked |  0
| 124|0x0000000715200000, 0x0000000715400000, 0x0000000715400000|100%| E|  |TAMS 0x0000000715200000| PB 0x0000000715200000| Complete |  0
| 125|0x0000000715400000, 0x0000000715600000, 0x0000000715600000|100%| E|CS|TAMS 0x0000000715400000| PB 0x0000000715400000| Complete |  0

Card table byte_map: [0x00000191700e0000,0x00000191708c0000] _byte_map_base: 0x000001916c8b3000

Marking Bits: (CMBitMap*) 0x0000019157bc56e0
 Bits: [0x00000191708c0000, 0x0000019174758000)

Polling page: 0x00000191572e0000

Metaspace:

Usage:
  Non-class:    626.64 KB used.
      Class:     36.48 KB used.
       Both:    663.12 KB used.

Virtual space:
  Non-class space:       64.00 MB reserved,     704.00 KB (  1%) committed,  1 nodes.
      Class space:        1.00 GB reserved,     128.00 KB ( <1%) committed,  1 nodes.
             Both:        1.06 GB reserved,     832.00 KB ( <1%) committed. 

Chunk freelists:
   Non-Class:  11.96 MB
       Class:  15.73 MB
        Both:  27.70 MB

MaxMetaspaceSize: unlimited
CompressedClassSpaceSize: 1.00 GB
Initial GC threshold: 21.00 MB
Current GC threshold: 21.00 MB
CDS: on
 - commit_granule_bytes: 65536.
 - commit_granule_words: 8192.
 - virtual_space_node_default_size: 8388608.
 - enlarge_chunks_in_place: 1.
 - use_allocation_guard: 0.


Internal statistics:

num_allocs_failed_limit: 0.
num_arena_births: 22.
num_arena_deaths: 0.
num_vsnodes_births: 2.
num_vsnodes_deaths: 0.
num_space_committed: 13.
num_space_uncommitted: 0.
num_chunks_returned_to_freelist: 0.
num_chunks_taken_from_freelist: 28.
num_chunk_merges: 0.
num_chunk_splits: 18.
num_chunks_enlarged: 10.
num_inconsistent_stats: 0.

CodeHeap 'non-profiled nmethods': size=120000Kb used=71Kb max_used=71Kb free=119928Kb
 bounds [0x0000019167930000, 0x0000019167ba0000, 0x000001916ee60000]
CodeHeap 'profiled nmethods': size=120000Kb used=208Kb max_used=208Kb free=119791Kb
 bounds [0x000001915fe60000, 0x00000191600d0000, 0x0000019167390000]
CodeHeap 'non-nmethods': size=5760Kb used=1294Kb max_used=1294Kb free=4465Kb
 bounds [0x0000019167390000, 0x0000019167600000, 0x0000019167930000]
 total_blobs=616 nmethods=208 adapters=313
 compilation: enabled
              stopped_count=0, restarted_count=0
 full_count=0

Compilation events (20 events):
Event: 0.083 Thread 0x0000019145132da0  200       3       java.lang.String::getBytes (44 bytes)
Event: 0.083 Thread 0x0000019145132da0 nmethod 200 0x000001915fe90510 code [0x000001915fe906e0, 0x000001915fe909f0]
Event: 0.083 Thread 0x0000019145132da0  201       3       java.lang.StringBuilder::append (8 bytes)
Event: 0.083 Thread 0x0000019145132da0 nmethod 201 0x000001915fe90b10 code [0x000001915fe90cc0, 0x000001915fe90e10]
Event: 0.083 Thread 0x0000019145132da0  202       3       java.lang.AbstractStringBuilder::append (45 bytes)
Event: 0.084 Thread 0x0000019145132da0 nmethod 202 0x000001915fe90e90 code [0x000001915fe910a0, 0x000001915fe915d0]
Event: 0.084 Thread 0x0000019145132da0  203       3       jdk.internal.org.objectweb.asm.ByteVector::putShort (52 bytes)
Event: 0.084 Thread 0x0000019145132da0 nmethod 203 0x000001915fe91810 code [0x000001915fe919c0, 0x000001915fe91bd0]
Event: 0.084 Thread 0x0000019145132da0  204       1       java.lang.invoke.MethodTypeForm::erasedType (5 bytes)
Event: 0.084 Thread 0x0000019145132da0 nmethod 204 0x0000019167941990 code [0x0000019167941b20, 0x0000019167941bf0]
Event: 0.093 Thread 0x0000019145132da0  205       3       java.lang.System::getSecurityManager (12 bytes)
Event: 0.093 Thread 0x0000019145132da0 nmethod 205 0x000001915fe91d10 code [0x000001915fe91ea0, 0x000001915fe92010]
Event: 0.093 Thread 0x0000019145132da0  206       3       java.lang.StringUTF16::getChar (60 bytes)
Event: 0.093 Thread 0x0000019145132da0 nmethod 206 0x000001915fe92090 code [0x000001915fe92220, 0x000001915fe92390]
Event: 0.093 Thread 0x0000019145132da0  207       3       java.lang.String::charAt (25 bytes)
Event: 0.093 Thread 0x0000019145132da0 nmethod 207 0x000001915fe92490 code [0x000001915fe92680, 0x000001915fe92bc8]
Event: 0.093 Thread 0x0000019145132da0  209       3       java.lang.invoke.MethodType::checkPtypes (76 bytes)
Event: 0.094 Thread 0x0000019145132da0 nmethod 209 0x000001915fe92e90 code [0x000001915fe93120, 0x000001915fe93bb0]
Event: 0.094 Thread 0x0000019145132da0  208       3       java.lang.String::indexOf (7 bytes)
Event: 0.094 Thread 0x0000019145132da0 nmethod 208 0x000001915fe94010 code [0x000001915fe941c0, 0x000001915fe94300]

GC Heap History (0 events):
No events

Dll operation events (8 events):
Event: 0.010 Loaded shared library C:\Users\saimouli.maruvada\.jdks\openjdk-22.0.1\bin\java.dll
Event: 0.038 Loaded shared library C:\Users\saimouli.maruvada\.jdks\openjdk-22.0.1\bin\jsvml.dll
Event: 0.067 Loaded shared library C:\Users\saimouli.maruvada\.jdks\openjdk-22.0.1\bin\zip.dll
Event: 0.070 Loaded shared library C:\Users\saimouli.maruvada\.jdks\openjdk-22.0.1\bin\instrument.dll
Event: 0.074 Loaded shared library C:\Users\saimouli.maruvada\.jdks\openjdk-22.0.1\bin\net.dll
Event: 0.075 Loaded shared library C:\Users\saimouli.maruvada\.jdks\openjdk-22.0.1\bin\nio.dll
Event: 0.078 Loaded shared library C:\Users\saimouli.maruvada\.jdks\openjdk-22.0.1\bin\zip.dll
Event: 0.086 Loaded shared library C:\Program Files\JetBrains\IntelliJ IDEA Community Edition 2024.1.1\bin\breakgen64.dll

Deoptimization events (4 events):
Event: 0.093 Thread 0x0000019157b589f0 Uncommon trap: trap_request=0xffffff45 fr.pc=0x0000019167940be4 relative=0x00000000000000c4
Event: 0.093 Thread 0x0000019157b589f0 Uncommon trap: reason=unstable_if action=reinterpret pc=0x0000019167940be4 method=java.lang.String.isLatin1()Z @ 10 c2
Event: 0.093 Thread 0x0000019157b589f0 DEOPT PACKING pc=0x0000019167940be4 sp=0x00000048fbaff1f0
Event: 0.093 Thread 0x0000019157b589f0 DEOPT UNPACKING pc=0x00000191673e46a2 sp=0x00000048fbaff130 mode 2

Classes loaded (20 events):
Event: 0.088 Loading class java/lang/WeakPairMap$Pair$Weak done
Event: 0.088 Loading class java/lang/WeakPairMap$Pair$Weak$1
Event: 0.088 Loading class java/lang/WeakPairMap$Pair$Weak$1 done
Event: 0.093 Loading class java/net/Socket done
Event: 0.093 Loading class jdk/internal/vm/PostVMInitHook
Event: 0.093 Loading class jdk/internal/vm/PostVMInitHook done
Event: 0.093 Loading class java/lang/invoke/VarHandleInts$FieldInstanceReadWrite
Event: 0.093 Loading class java/lang/invoke/VarHandleInts$FieldInstanceReadOnly
Event: 0.093 Loading class java/lang/invoke/VarHandleInts$FieldInstanceReadOnly done
Event: 0.093 Loading class java/lang/invoke/VarHandleInts$FieldInstanceReadWrite done
Event: 0.093 Loading class jdk/internal/loader/URLClassPath$FileLoader$1
Event: 0.093 Loading class jdk/internal/loader/URLClassPath$FileLoader$1 done
Event: 0.093 Loading class java/net/InetSocketAddress
Event: 0.093 Loading class java/net/SocketAddress
Event: 0.094 Loading class java/net/SocketAddress done
Event: 0.094 Loading class java/net/InetSocketAddress done
Event: 0.095 Loading class java/net/InetSocketAddress$InetSocketAddressHolder
Event: 0.095 Loading class java/net/InetSocketAddress$InetSocketAddressHolder done
Event: 0.095 Loading class java/net/SocketImpl
Event: 0.095 Loading class java/net/SocketOptions

Classes unloaded (0 events):
No events

Classes redefined (4 events):
Event: 0.089 Thread 0x0000019176b6e1c0 redefined class name=java.io.FileOutputStream, count=1
Event: 0.090 Thread 0x0000019176b6e1c0 redefined class name=java.nio.file.Files, count=1
Event: 0.091 Thread 0x0000019176b6e1c0 redefined class name=java.io.File, count=1
Event: 0.092 Thread 0x0000019176b6e1c0 redefined class name=java.net.URLStreamHandler, count=1

Internal exceptions (2 events):
Event: 0.079 Thread 0x0000019157b589f0 Exception <a 'java/lang/NoSuchMethodError'{0x0000000715325ac8}: 'void java.lang.invoke.DirectMethodHandle$Holder.invokeStatic(java.lang.Object, java.lang.Object, java.lang.Object)'> (0x0000000715325ac8) 
thrown [s\open\src\hotspot\share\interpreter\linkResolver.cpp, line 774]
Event: 0.083 Thread 0x0000019157b589f0 Exception <a 'java/lang/NoSuchMethodError'{0x000000071533d560}: 'java.lang.Object java.lang.invoke.Invokers$Holder.invokeExact_MT(java.lang.Object, java.lang.Object, java.lang.Object, java.lang.Object, java.lang.Object)'> (0x000000071533d560) 
thrown [s\open\src\hotspot\share\interpreter\linkResolver.cpp, line 774]

ZGC Phase Switch (0 events):
No events

VM Operations (8 events):
Event: 0.088 Executing VM operation: RedefineClasses
Event: 0.089 Executing VM operation: RedefineClasses done
Event: 0.090 Executing VM operation: RedefineClasses
Event: 0.091 Executing VM operation: RedefineClasses done
Event: 0.091 Executing VM operation: RedefineClasses
Event: 0.092 Executing VM operation: RedefineClasses done
Event: 0.092 Executing VM operation: RedefineClasses
Event: 0.092 Executing VM operation: RedefineClasses done

Events (17 events):
Event: 0.026 Thread 0x0000019157b589f0 Thread added: 0x0000019157b589f0
Event: 0.036 Thread 0x0000019145124330 Thread added: 0x0000019145124330
Event: 0.036 Thread 0x0000019145125050 Thread added: 0x0000019145125050
Event: 0.036 Thread 0x0000019145129390 Thread added: 0x0000019145129390
Event: 0.036 Thread 0x000001914512df80 Thread added: 0x000001914512df80
Event: 0.036 Thread 0x000001914512e9e0 Thread added: 0x000001914512e9e0
Event: 0.036 Thread 0x000001914512f850 Thread added: 0x000001914512f850
Event: 0.036 Thread 0x0000019145132620 Thread added: 0x0000019145132620
Event: 0.036 Thread 0x0000019145132da0 Thread added: 0x0000019145132da0
Event: 0.055 Thread 0x000001914524c550 Thread added: 0x000001914524c550
Event: 0.064 Thread 0x0000019145262400 Thread added: 0x0000019145262400
Event: 0.086 Thread 0x00000191453fe6e0 Thread added: 0x00000191453fe6e0
Event: 0.093 Thread 0x00000191453c2bb0 Thread added: 0x00000191453c2bb0
Event: 0.094 Thread 0x0000019157b589f0 Thread exited: 0x0000019157b589f0
Event: 0.094 Thread 0x0000019157b589f0 Thread added: 0x0000019157b589f0
Event: 0.095 Thread 0x0000019157b589f0 Thread exited: 0x0000019157b589f0
Event: 0.095 Thread 0x0000019145129390 Thread exited: 0x0000019145129390


Dynamic libraries:
0x00007ff7cca50000 - 0x00007ff7cca5e000 	C:\Users\saimouli.maruvada\.jdks\openjdk-22.0.1\bin\java.exe
0x00007ff849610000 - 0x00007ff849808000 	C:\Windows\SYSTEM32\ntdll.dll
0x00007ff849360000 - 0x00007ff849421000 	C:\Windows\System32\KERNEL32.DLL
0x00007ff849060000 - 0x00007ff84935d000 	C:\Windows\System32\KERNELBASE.dll
0x000000007db50000 - 0x000000007db8c000 	C:\Windows\System32\cyinjct.dll
0x00007ff848ee0000 - 0x00007ff848ee9000 	C:\Windows\System32\ntnativeapi.dll
0x00007ff842f00000 - 0x00007ff842f17000 	C:\Users\saimouli.maruvada\.jdks\openjdk-22.0.1\bin\jli.dll
0x00000191555a0000 - 0x000001915573d000 	C:\Windows\System32\USER32.dll
0x00007ff847150000 - 0x00007ff847172000 	C:\Windows\System32\win32u.dll
0x00007ff847c30000 - 0x00007ff847c5b000 	C:\Windows\System32\GDI32.dll
0x00007ff846f30000 - 0x00007ff847047000 	C:\Windows\System32\gdi32full.dll
0x00007ff846b90000 - 0x00007ff846c2d000 	C:\Windows\System32\msvcp_win.dll
0x0000019155740000 - 0x0000019155840000 	C:\Windows\System32\ucrtbase.dll
0x00007ff842ee0000 - 0x00007ff842efb000 	C:\Users\saimouli.maruvada\.jdks\openjdk-22.0.1\bin\VCRUNTIME140.dll
0x00007ff80d860000 - 0x00007ff80dafa000 	C:\Windows\WinSxS\amd64_microsoft.windows.common-controls_6595b64144ccf1df_6.0.19041.4355_none_60b8b9eb71f62e16\COMCTL32.dll
0x00007ff847570000 - 0x00007ff84760e000 	C:\Windows\System32\msvcrt.dll
0x00007ff848ec0000 - 0x00007ff848ede000 	C:\Windows\System32\cyvera.dll
0x00007ff848e40000 - 0x00007ff848eb5000 	C:\Windows\System32\cyvrtrap.dll
0x00007ff848c20000 - 0x00007ff848c4f000 	C:\Windows\System32\IMM32.DLL
0x0000000050840000 - 0x00000000508b2000 	C:\Windows\System32\QIPCAP64.dll
0x00007ff847de0000 - 0x00007ff84854f000 	C:\Windows\System32\SHELL32.dll
0x00007ff848cb0000 - 0x00007ff848d60000 	C:\Windows\System32\ADVAPI32.dll
0x00007ff848d60000 - 0x00007ff848e00000 	C:\Windows\System32\sechost.dll
0x00007ff848f30000 - 0x00007ff849053000 	C:\Windows\System32\RPCRT4.dll
0x00007ff846d90000 - 0x00007ff846db7000 	C:\Windows\System32\bcrypt.dll
0x00007ff845f40000 - 0x00007ff84600a000 	C:\Windows\SYSTEM32\DNSAPI.dll
0x00007ff845ef0000 - 0x00007ff845f2b000 	C:\Windows\SYSTEM32\IPHLPAPI.DLL
0x00007ff847210000 - 0x00007ff847218000 	C:\Windows\System32\NSI.dll
0x00007ff842f50000 - 0x00007ff842f5c000 	C:\Users\saimouli.maruvada\.jdks\openjdk-22.0.1\bin\vcruntime140_1.dll
0x00007ff801cf0000 - 0x00007ff801d7e000 	C:\Users\saimouli.maruvada\.jdks\openjdk-22.0.1\bin\msvcp140.dll
0x00007fffebf80000 - 0x00007fffeccc7000 	C:\Users\saimouli.maruvada\.jdks\openjdk-22.0.1\bin\server\jvm.dll
0x00007ff848bb0000 - 0x00007ff848c1b000 	C:\Windows\System32\WS2_32.dll
0x00007ff846940000 - 0x00007ff84698b000 	C:\Windows\SYSTEM32\POWRPROF.dll
0x00007ff82bee0000 - 0x00007ff82bf07000 	C:\Windows\SYSTEM32\WINMM.dll
0x00007ff83f580000 - 0x00007ff83f58a000 	C:\Windows\SYSTEM32\VERSION.dll
0x00007ff846920000 - 0x00007ff846932000 	C:\Windows\SYSTEM32\UMPDC.dll
0x00007ff845400000 - 0x00007ff845412000 	C:\Windows\SYSTEM32\kernel.appcore.dll
0x00007ff842ed0000 - 0x00007ff842eda000 	C:\Users\saimouli.maruvada\.jdks\openjdk-22.0.1\bin\jimage.dll
0x00007ff844c80000 - 0x00007ff844e64000 	C:\Windows\SYSTEM32\DBGHELP.DLL
0x00007ff830ed0000 - 0x00007ff830f04000 	C:\Windows\SYSTEM32\dbgcore.DLL
0x00007ff847180000 - 0x00007ff847202000 	C:\Windows\System32\bcryptPrimitives.dll
0x00007ff842eb0000 - 0x00007ff842ebf000 	C:\Users\saimouli.maruvada\.jdks\openjdk-22.0.1\bin\instrument.dll
0x00007ff840b90000 - 0x00007ff840bae000 	C:\Users\saimouli.maruvada\.jdks\openjdk-22.0.1\bin\java.dll
0x00007ff847610000 - 0x00007ff84773b000 	C:\Windows\System32\ole32.dll
0x00000191572f0000 - 0x0000019157643000 	C:\Windows\System32\combase.dll
0x00007ff848e00000 - 0x00007ff848e37000 	C:\Program Files\Palo Alto Networks\Traps\cyjagent.dll
0x00007ff8443e0000 - 0x00007ff844b83000 	C:\Windows\SYSTEM32\windows.storage.dll
0x00007ff846410000 - 0x00007ff84643e000 	C:\Windows\SYSTEM32\Wldp.dll
0x00007ff8485e0000 - 0x00007ff8486ad000 	C:\Windows\System32\OLEAUT32.dll
0x00007ff8477c0000 - 0x00007ff84786d000 	C:\Windows\System32\SHCORE.dll
0x00007ff847d80000 - 0x00007ff847dd5000 	C:\Windows\System32\shlwapi.dll
0x00007ff846ac0000 - 0x00007ff846ae4000 	C:\Windows\SYSTEM32\profapi.dll
0x00007ff801bc0000 - 0x00007ff801c97000 	C:\Users\saimouli.maruvada\.jdks\openjdk-22.0.1\bin\jsvml.dll
0x00007ff83f4e0000 - 0x00007ff83f4f7000 	C:\Users\saimouli.maruvada\.jdks\openjdk-22.0.1\bin\zip.dll
0x00007ff840c00000 - 0x00007ff840c10000 	C:\Users\saimouli.maruvada\.jdks\openjdk-22.0.1\bin\net.dll
0x00007ff8461f0000 - 0x00007ff84625a000 	C:\Windows\system32\mswsock.dll
0x00007ff830770000 - 0x00007ff830786000 	C:\Users\saimouli.maruvada\.jdks\openjdk-22.0.1\bin\nio.dll
0x00007ff825d20000 - 0x00007ff825d3a000 	C:\Program Files\JetBrains\IntelliJ IDEA Community Edition 2024.1.1\bin\breakgen64.dll

dbghelp: loaded successfully - version: 4.0.5 - missing functions: none
symbol engine: initialized successfully - sym options: 0x614 - pdb path: .;C:\Users\saimouli.maruvada\.jdks\openjdk-22.0.1\bin;C:\Windows\SYSTEM32;C:\Windows\WinSxS\amd64_microsoft.windows.common-controls_6595b64144ccf1df_6.0.19041.4355_none_60b8b9eb71f62e16;C:\Users\saimouli.maruvada\.jdks\openjdk-22.0.1\bin\server;C:\Program Files\Palo Alto Networks\Traps;C:\Program Files\JetBrains\IntelliJ IDEA Community Edition 2024.1.1\bin

VM Arguments:
jvm_args: -javaagent:C:\Program Files\JetBrains\IntelliJ IDEA Community Edition 2024.1.1\lib\idea_rt.jar=50622:C:\Program Files\JetBrains\IntelliJ IDEA Community Edition 2024.1.1\bin -Dfile.encoding=UTF-8 -Dsun.stdout.encoding=UTF-8 -Dsun.stderr.encoding=UTF-8 -agentpath:C:\Program Files\Palo Alto Networks\Traps\cyjagent.dll 
java_command: MedianSortedArray
java_class_path (initial): C:\Users\saimouli.maruvada\IdeaProjects\Test2\out\production\Test2
Launcher Type: SUN_STANDARD

[Global flags]
     intx CICompilerCount                          = 4                                         {product} {ergonomic}
     uint ConcGCThreads                            = 3                                         {product} {ergonomic}
     uint G1ConcRefinementThreads                  = 10                                        {product} {ergonomic}
   size_t G1HeapRegionSize                         = 2097152                                   {product} {ergonomic}
   size_t InitialHeapSize                          = 264241152                                 {product} {ergonomic}
   size_t MarkStackSize                            = 4194304                                   {product} {ergonomic}
   size_t MaxHeapSize                              = 4200595456                                {product} {ergonomic}
   size_t MaxNewSize                               = 2518679552                                {product} {ergonomic}
   size_t MinHeapDeltaBytes                        = 2097152                                   {product} {ergonomic}
   size_t MinHeapSize                              = 8388608                                   {product} {ergonomic}
    uintx NonNMethodCodeHeapSize                   = 5839372                                {pd product} {ergonomic}
    uintx NonProfiledCodeHeapSize                  = 122909434                              {pd product} {ergonomic}
    uintx ProfiledCodeHeapSize                     = 122909434                              {pd product} {ergonomic}
    uintx ReservedCodeCacheSize                    = 251658240                              {pd product} {ergonomic}
     bool SegmentedCodeCache                       = true                                      {product} {ergonomic}
   size_t SoftMaxHeapSize                          = 4200595456                             {manageable} {ergonomic}
     bool UseCompressedOops                        = true                           {product lp64_product} {ergonomic}
     bool UseG1GC                                  = true                                      {product} {ergonomic}
     bool UseLargePagesIndividualAllocation        = false                                  {pd product} {ergonomic}

Logging:
Log output configuration:
 #0: stdout all=warning uptime,level,tags foldmultilines=false
 #1: stderr all=off uptime,level,tags foldmultilines=false

Environment Variables:
PATH=C:\Program Files (x86)\Common Files\Oracle\Java\java8path;C:\Program Files (x86)\Common Files\Oracle\Java\javapath;C:\Windows\system32;C:\Windows;C:\Windows\System32\Wbem;C:\Windows\System32\WindowsPowerShell\v1.0\;C:\Windows\System32\OpenSSH\;C:\Program Files\dotnet\;C:\Program Files (x86)\Java\jre-1.8;C:\Users\saimouli.maruvada\Downloads\apache-maven-3.9.9-bin\apache-maven-3.9.9\bin;C:\Users\saimouli.maruvada\AppData\Local\Microsoft\WindowsApps;C:\Users\saimouli.maruvada\AppData\Local\Programs\Git\cmd
USERNAME=Saimouli.Maruvada
OS=Windows_NT
PROCESSOR_IDENTIFIER=Intel64 Family 6 Model 186 Stepping 3, GenuineIntel
TMP=C:\Users\SAIMOU~1.MAR\AppData\Local\Temp
TEMP=C:\Users\SAIMOU~1.MAR\AppData\Local\Temp




Periodic native trim disabled

---------------  S Y S T E M  ---------------

OS:
 Windows 10 , 64 bit Build 19041 (10.0.19041.4842)
OS uptime: 11 days 5:06 hours
Hyper-V role detected

CPU: total 12 (initial active 12) (6 cores per cpu, 2 threads per core) family 6 model 186 stepping 3 microcode 0x411d, cx8, cmov, fxsr, ht, mmx, 3dnowpref, sse, sse2, sse3, ssse3, sse4.1, sse4.2, popcnt, lzcnt, tsc, tscinvbit, avx, avx2, aes, erms, clmul, bmi1, bmi2, adx, sha, fma, vzeroupper, clflush, clflushopt, clwb, hv, rdtscp, rdpid, fsrm, f16c, cet_ibt, cet_ss
Processor Information for processor 0
  Max Mhz: 1300, Current Mhz: 1300, Mhz Limit: 1300
Processor Information for processor 1
  Max Mhz: 1300, Current Mhz: 1300, Mhz Limit: 1300
Processor Information for processor 2
  Max Mhz: 1300, Current Mhz: 1300, Mhz Limit: 1300
Processor Information for processor 3
  Max Mhz: 1300, Current Mhz: 1300, Mhz Limit: 1300
Processor Information for processor 4
  Max Mhz: 1300, Current Mhz: 900, Mhz Limit: 897
Processor Information for processor 5
  Max Mhz: 1300, Current Mhz: 900, Mhz Limit: 897
Processor Information for processor 6
  Max Mhz: 1300, Current Mhz: 900, Mhz Limit: 897
Processor Information for processor 7
  Max Mhz: 1300, Current Mhz: 900, Mhz Limit: 897
Processor Information for processor 8
  Max Mhz: 1300, Current Mhz: 900, Mhz Limit: 897
Processor Information for processor 9
  Max Mhz: 1300, Current Mhz: 900, Mhz Limit: 897
Processor Information for processor 10
  Max Mhz: 1300, Current Mhz: 900, Mhz Limit: 897
Processor Information for processor 11
  Max Mhz: 1300, Current Mhz: 900, Mhz Limit: 897

Memory: 4k page, system-wide physical 16016M (4662M free)
TotalPageFile size 27833M (AvailPageFile size 7545M)
current process WorkingSet (physical memory assigned to process): 42M, peak: 42M
current process commit charge ("private bytes"): 344M, peak: 345M

vm_info: OpenJDK 64-Bit Server VM (22.0.1+8-16) for windows-amd64 JRE (22.0.1+8-16), built on 2024-03-12T10:33:16Z by "mach5one" with MS VC++ 17.6 (VS2022)

END.
