#
# A fatal error has been detected by the Java Runtime Environment:
#
#  EXCEPTION_ACCESS_VIOLATION (0xc0000005) at pc=0x00007ff99d08c2c4, pid=16512, tid=1312
#
# JRE version: OpenJDK Runtime Environment (22.0.1+8) (build 22.0.1+8-16)
# Java VM: OpenJDK 64-Bit Server VM (22.0.1+8-16, mixed mode, sharing, tiered, compressed oops, compressed class ptrs, g1 gc, windows-amd64)
# Problematic frame:
# C  [cyjagent.dll+0xc2c4]
#
# No core dump will be written. Minidumps are not enabled by default on client versions of Windows
#
# If you would like to submit a bug report, please visit:
#   https://bugreport.java.com/bugreport/crash.jsp
# The crash happened outside the Java Virtual Machine in native code.
# See problematic frame for where to report the bug.
#

---------------  S U M M A R Y ------------

Command Line: -javaagent:C:\Program Files\JetBrains\IntelliJ IDEA Community Edition 2024.1.1\lib\idea_rt.jar=57972:C:\Program Files\JetBrains\IntelliJ IDEA Community Edition 2024.1.1\bin -Dfile.encoding=UTF-8 -Dsun.stdout.encoding=UTF-8 -Dsun.stderr.encoding=UTF-8 -agentpath:C:\Program Files\Palo Alto Networks\Traps\cyjagent.dll MaximumPathSum

Host: 13th Gen Intel(R) Core(TM) i5-1335U, 12 cores, 15G,  Windows 10 , 64 bit Build 19041 (10.0.19041.4842)
Time: Sun Oct  6 18:04:03 2024 India Standard Time elapsed time: 0.192967 seconds (0d 0h 0m 0s)

---------------  T H R E A D  ---------------

Current thread (0x00000207502c8640):  JavaThread "Monitor Ctrl-Break" daemon [_thread_in_native, id=1312, stack(0x000000ac24300000,0x000000ac24400000) (1024K)]

Stack: [0x000000ac24300000,0x000000ac24400000],  sp=0x000000ac243fd970,  free space=1014k
Native frames: (J=compiled Java code, j=interpreted, Vv=VM code, C=native code)
C  [cyjagent.dll+0xc2c4]  (no source info available)
V  [jvm.dll+0x5a820e]  (no source info available)
V  [jvm.dll+0x59f7d2]  (no source info available)
V  [jvm.dll+0x59f8cb]  (no source info available)
V  [jvm.dll+0x5c4590]  (no source info available)
V  [jvm.dll+0x21cc6a]  (no source info available)
V  [jvm.dll+0x7eb6dc]  (no source info available)
V  [jvm.dll+0x7ec776]  (no source info available)
V  [jvm.dll+0x7ecfa0]  (no source info available)
V  [jvm.dll+0x21392b]  (no source info available)
V  [jvm.dll+0x2160fe]  (no source info available)
V  [jvm.dll+0x20b4ee]  (no source info available)
V  [jvm.dll+0x5c462f]  (no source info available)
V  [jvm.dll+0x21cc6a]  (no source info available)
V  [jvm.dll+0x7eb6dc]  (no source info available)
V  [jvm.dll+0x7ec776]  (no source info available)
V  [jvm.dll+0x7ecd84]  (no source info available)
V  [jvm.dll+0x7eca08]  (no source info available)
V  [jvm.dll+0x26d79b]  (no source info available)
V  [jvm.dll+0x3d9b4e]  (no source info available)
C  0x000002070754abf4  (no source info available)

The last pc belongs to new (printed below).
Java frames: (J=compiled Java code, j=interpreted, Vv=VM code)
j  java.net.SocketImpl.createPlatformSocketImpl(Z)Ljava/net/SocketImpl;+0 java.base@22.0.1
j  java.net.Socket.createImpl()Ljava/net/SocketImpl;+16 java.base@22.0.1
j  java.net.Socket.<init>(Ljava/net/SocketAddress;Ljava/net/SocketAddress;Z)V+20 java.base@22.0.1
j  java.net.Socket.<init>(Ljava/lang/String;I)V+34 java.base@22.0.1
j  com.intellij.rt.execution.application.AppMainV2$1.run()V+10
v  ~StubRoutines::call_stub 0x000002070753100d

siginfo: EXCEPTION_ACCESS_VIOLATION (0xc0000005), reading address 0x0000000000000000


Registers:
RAX=0x0000000000000000, RBX=0x00000207502c8a00, RCX=0x0000000000000000, RDX=0x000002076a127ec0
RSP=0x000000ac243fd970, RBP=0x000002076c1cf8d0, RSI=0x0000000000000000, RDI=0x0000020750209d30
R8 =0x000000ac243fd7b8, R9 =0x000002076c1cf8d0, R10=0x0000000000000000, R11=0x0000000000000246
R12=0x0000020750209d30, R13=0x0000020750202e50, R14=0x00000207502c8640, R15=0x0000000000000000
RIP=0x00007ff99d08c2c4, EFLAGS=0x0000000000010202


Register to memory mapping:

RAX=0x0 is null
RBX=0x00000207502c8a00 points into unknown readable memory: 0x00007ff8ded8dac0 | c0 da d8 de f8 7f 00 00
RCX=0x0 is null
RDX=0x000002076a127ec0 points into unknown readable memory: 0x00000207502c8640 | 40 86 2c 50 07 02 00 00
RSP=0x000000ac243fd970 is pointing into the stack for thread: 0x00000207502c8640
RBP=0x000002076c1cf8d0 points into unknown readable memory: 0x000002076c146ee0 | e0 6e 14 6c 07 02 00 00
RSI=0x0 is null
RDI=0x0000020750209d30 points into unknown readable memory: 0x2f74656e2f6e7573 | 73 75 6e 2f 6e 65 74 2f
R8 =0x000000ac243fd7b8 is pointing into the stack for thread: 0x00000207502c8640
R9 =0x000002076c1cf8d0 points into unknown readable memory: 0x000002076c146ee0 | e0 6e 14 6c 07 02 00 00
R10=0x0 is null
R11=0x0000000000000246 is an unknown value
R12=0x0000020750209d30 points into unknown readable memory: 0x2f74656e2f6e7573 | 73 75 6e 2f 6e 65 74 2f
R13=0x0000020750202e50 points into unknown readable memory: 0x0000000000000000 | 00 00 00 00 00 00 00 00
R14=0x00000207502c8640 is a thread
R15=0x0 is null

Top of Stack: (sp=0x000000ac243fd970)
0x000000ac243fd970:   0000020750209d30 00000207502c8a00
0x000000ac243fd980:   0000000000000028 0000000700000028
0x000000ac243fd990:   0000000000000000 00000000ffffffff
0x000000ac243fd9a0:   000002077c3bf4e8 000002076c1cf8d0
0x000000ac243fd9b0:   000000000000001a 000000ac243fdb90
0x000000ac243fd9c0:   000002076a1fb2e0 0000000000000000
0x000000ac243fd9d0:   000000ac243fdbc8 00007ff8de75820e
0x000000ac243fd9e0:   000002076a1fb2e0 0000000000000000
0x000000ac243fd9f0:   000000ac243fdb90 0000000000021abf
0x000000ac243fda00:   0000020750209d30 0000000000000000
0x000000ac243fda10:   000000000000007d 0000020750209c80
0x000000ac243fda20:   000000ac243fdb18 000000ac243fda38
0x000000ac243fda30:   0000000000000000 0000000000000000
0x000000ac243fda40:   0000000000000000 0000000000000000
0x000000ac243fda50:   0000020750297b70 0000020750202e50
0x000000ac243fda60:   0000020750209d50 000002075020ae38
0x000000ac243fda70:   00000000000083b0 00000207502c8640
0x000000ac243fda80:   00000207502c8640 0000020750297070
0x000000ac243fda90:   00000207500d6490 00000207500d64a8
0x000000ac243fdaa0:   00000207500d6578 00000000000000d8
0x000000ac243fdab0:   000000ac243fdca8 0000020750209c38
0x000000ac243fdac0:   0000000000000070 0000020750202e50
0x000000ac243fdad0:   0000000000000004 000002076a1fb2e0
0x000000ac243fdae0:   000000ac243fdb90 0000020750297b70
0x000000ac243fdaf0:   0000000000000020 00007ff8de74f7d2
0x000000ac243fdb00:   000002077c45d201 000002077c3bf968
0x000000ac243fdb10:   000000ac243fe401 000000ac00000000
0x000000ac243fdb20:   0000020750297b70 000002077c3bf4e8
0x000000ac243fdb30:   000000ac243fdf50 000002077c45d230
0x000000ac243fdb40:   0000000000000000 00007ff8de74f8cb
0x000000ac243fdb50:   000000ac243fdc58 0000000000000000
0x000000ac243fdb60:   0000020750202e50 000002077c45d230 

Instructions: (pc=0x00007ff99d08c2c4)
0x00007ff99d08c1c4:   00 00 03 72 2d 44 8b ce 48 8d 05 3d df 01 00 ba
0x00007ff99d08c1d4:   2f 00 00 00 4e 8b 0c c8 48 8b 89 10 03 00 00 4c
0x00007ff99d08c1e4:   8d 05 56 de 01 00 e8 51 4f ff ff 48 8b 0d ea 37
0x00007ff99d08c1f4:   02 00 48 3b cb 74 68 f6 81 1c 03 00 00 10 74 5f
0x00007ff99d08c204:   80 b9 19 03 00 00 02 72 56 4c 8b 8c 24 90 00 00
0x00007ff99d08c214:   00 4c 8d 05 24 de 01 00 48 8b 89 10 03 00 00 ba
0x00007ff99d08c224:   31 00 00 00 e8 13 4f ff ff eb 34 49 8b 0f 4c 8b
0x00007ff99d08c234:   c3 48 8b d6 e8 f3 63 00 00 48 8b 84 24 b0 00 00
0x00007ff99d08c244:   00 89 18 48 8b 0d 7a 4b 02 00 4c 8b c6 33 d2 ff
0x00007ff99d08c254:   15 a7 4f 01 00 eb 08 a8 02 75 04 c6 47 40 01 b8
0x00007ff99d08c264:   ff ff ff ff f0 0f c1 47 10 4c 8b b4 24 88 00 00
0x00007ff99d08c274:   00 83 f8 01 75 42 48 8b 4f 18 48 81 c1 70 01 00
0x00007ff99d08c284:   00 ff 15 1d 50 01 00 48 8b 0f 48 8b 47 08 48 89
0x00007ff99d08c294:   08 48 89 41 08 48 8b 4f 18 48 81 c1 70 01 00 00
0x00007ff99d08c2a4:   ff 15 06 50 01 00 48 8b 0d 17 4b 02 00 4c 8b c7
0x00007ff99d08c2b4:   33 d2 ff 15 44 4f 01 00 48 8b 4d 20 48 8b 55 10
0x00007ff99d08c2c4:   48 8b 01 48 8b 80 08 01 00 00 ff 15 0c 50 01 00
0x00007ff99d08c2d4:   85 c0 74 40 48 8b 0d 01 37 02 00 48 8d 15 fa 36
0x00007ff99d08c2e4:   02 00 48 3b ca 74 2d f6 81 1c 03 00 00 10 74 24
0x00007ff99d08c2f4:   80 b9 19 03 00 00 03 72 1b 48 8b 89 10 03 00 00
0x00007ff99d08c304:   4c 8d 05 35 dd 01 00 ba 15 00 00 00 44 8b c8 e8
0x00007ff99d08c314:   68 4d ff ff 48 8b 6c 24 78 48 8b b4 24 80 00 00
0x00007ff99d08c324:   00 48 83 c4 50 41 5f 5f 5b c3 cc cc 40 57 48 83
0x00007ff99d08c334:   ec 30 f6 81 78 01 00 00 04 48 8b f9 0f 85 87 02
0x00007ff99d08c344:   00 00 48 89 5c 24 40 45 33 c9 48 89 6c 24 48 33
0x00007ff99d08c354:   d2 48 89 74 24 50 48 8b 71 20 45 8d 41 32 48 8b
0x00007ff99d08c364:   ce 48 8b 06 48 8b 40 08 ff 15 6e 4f 01 00 48 8d
0x00007ff99d08c374:   2d 67 36 02 00 85 c0 74 37 48 8b 0d 5c 36 02 00
0x00007ff99d08c384:   48 3b cd 74 2b f6 81 1c 03 00 00 10 74 22 80 b9
0x00007ff99d08c394:   19 03 00 00 02 72 19 48 8b 89 10 03 00 00 ba 11
0x00007ff99d08c3a4:   00 00 00 89 44 24 20 44 8d 4a 21 e8 7c dc ff ff
0x00007ff99d08c3b4:   48 8b 06 45 33 c9 33 d2 48 8b ce 48 8b 40 08 45 


Stack slot to memory mapping:

stack at sp + 0 slots: 0x0000020750209d30 points into unknown readable memory: 0x2f74656e2f6e7573 | 73 75 6e 2f 6e 65 74 2f
stack at sp + 1 slots: 0x00000207502c8a00 points into unknown readable memory: 0x00007ff8ded8dac0 | c0 da d8 de f8 7f 00 00
stack at sp + 2 slots: 0x0000000000000028 is an unknown value
stack at sp + 3 slots: 0x0000000700000028 is an unknown value
stack at sp + 4 slots: 0x0 is null
stack at sp + 5 slots: 0x00000000ffffffff is an unknown value
stack at sp + 6 slots: 0x000002077c3bf4e8 points into unknown readable memory: 0x7573001a729effff | ff ff 9e 72 1a 00 73 75
stack at sp + 7 slots: 0x000002076c1cf8d0 points into unknown readable memory: 0x000002076c146ee0 | e0 6e 14 6c 07 02 00 00

new  187 new  [0x000002070754aa60, 0x000002070754ac68]  520 bytes
[MachCode]
  0x000002070754aa60: 4883 ec08 | c5fa 1104 | 24eb 1f48 | 83ec 10c5 | fb11 0424 | eb14 4883 | ec10 4889 | 0424 48c7 
  0x000002070754aa80: 4424 0800 | 0000 00eb | 0150 410f | b755 010f | cac1 ea10 | 488b 4de8 | 488b 4908 | 488b 4908 
  0x000002070754aaa0: 488b 4108 | 807c 1004 | 070f 85d3 | 0000 0066 | 8b54 d148 | 488b 4928 | 488b 4cd1 | 0851 80b9 
  0x000002070754aac0: 2001 0000 | 050f 85b6 | 0000 008b | 5108 f6c2 | 010f 85aa | 0000 0049 | 8b87 b801 | 0000 488d 
  0x000002070754aae0: 1c10 493b | 9fc8 0100 | 000f 8792 | 0000 0049 | 899f b801 | 0000 4883 | ea10 0f84 | 0f00 0000 
  0x000002070754ab00: 33c9 c1ea | 0348 894c | d008 48ff | ca75 f648 | c700 0100 | 0000 5933 | f689 700c | 49ba 0000 
  0x000002070754ab20: 000f 0702 | 0000 492b | ca89 4808 | 49ba 9d30 | dfde f87f | 0000 4180 | 3a00 0f84 | 3c00 0000 
  0x000002070754ab40: 5048 8bc8 | 4883 ec20 | 40f6 c40f | 0f84 1900 | 0000 4883 | ec08 48b8 | 80b5 8fde | f87f 0000 
  0x000002070754ab60: ffd0 4883 | c408 e90c | 0000 0048 | b880 b58f | def8 7f00 | 00ff d048 | 83c4 2058 | e9cb 0000 
  0x000002070754ab80: 0059 488b | 55e8 488b | 5208 488b | 5208 450f | b745 0141 | 0fc8 41c1 | e810 e805 | 0000 00e9 
  0x000002070754aba0: a800 0000 | 488d 4424 | 084c 896d | c049 8bcf | c5f8 7749 | 89af b003 | 0000 4989 | 87a0 0300 
  0x000002070754abc0: 0048 83ec | 2040 f6c4 | 0f0f 8419 | 0000 0048 | 83ec 0848 | b800 9b58 | def8 7f00 | 00ff d048 
  0x000002070754abe0: 83c4 08e9 | 0c00 0000 | 48b8 009b | 58de f87f | 0000 ffd0 | 4883 c420 | 49c7 87a0 | 0300 0000 
  0x000002070754ac00: 0000 0049 | c787 b003 | 0000 0000 | 0000 49c7 | 87a8 0300 | 0000 0000 | 00c5 f877 | 4983 7f08 
  0x000002070754ac20: 000f 8405 | 0000 00e9 | d462 feff | 498b 87f8 | 0300 0049 | c787 f803 | 0000 0000 | 0000 4c8b 
  0x000002070754ac40: 6dc0 4c8b | 75c8 4e8d | 74f5 00c3 | 410f b65d | 0349 83c5 | 0349 baf0 | f9e2 def8 | 7f00 0041 
  0x000002070754ac60: ff24 da0f | 1f44 0000 
[/MachCode]

---------------  P R O C E S S  ---------------

Threads class SMR info:
_java_thread_list=0x000002075008bcc0, length=11, elements={
0x000002077c44c470, 0x000002077c44d190, 0x000002077c454e30, 0x000002077c4588b0,
0x000002077c459310, 0x000002077c459d70, 0x000002077c45ef40, 0x000002077c466da0,
0x00000207500812f0, 0x00000207502c8640, 0x00000207502d2bc0
}

Java Threads: ( => current thread )
  0x000002077c44c470 JavaThread "Reference Handler"          daemon [_thread_blocked, id=17568, stack(0x000000ac23a00000,0x000000ac23b00000) (1024K)]
  0x000002077c44d190 JavaThread "Finalizer"                  daemon [_thread_blocked, id=5536, stack(0x000000ac23b00000,0x000000ac23c00000) (1024K)]
  0x000002077c454e30 JavaThread "Signal Dispatcher"          daemon [_thread_blocked, id=22080, stack(0x000000ac23c00000,0x000000ac23d00000) (1024K)]
  0x000002077c4588b0 JavaThread "Attach Listener"            daemon [_thread_blocked, id=18236, stack(0x000000ac23d00000,0x000000ac23e00000) (1024K)]
  0x000002077c459310 JavaThread "Service Thread"             daemon [_thread_blocked, id=23100, stack(0x000000ac23e00000,0x000000ac23f00000) (1024K)]
  0x000002077c459d70 JavaThread "Monitor Deflation Thread"   daemon [_thread_blocked, id=23016, stack(0x000000ac23f00000,0x000000ac24000000) (1024K)]
  0x000002077c45ef40 JavaThread "C2 CompilerThread0"         daemon [_thread_blocked, id=9572, stack(0x000000ac24000000,0x000000ac24100000) (1024K)]
  0x000002077c466da0 JavaThread "C1 CompilerThread0"         daemon [_thread_blocked, id=19980, stack(0x000000ac24100000,0x000000ac24200000) (1024K)]
  0x00000207500812f0 JavaThread "Common-Cleaner"             daemon [_thread_blocked, id=10980, stack(0x000000ac24200000,0x000000ac24300000) (1024K)]
=>0x00000207502c8640 JavaThread "Monitor Ctrl-Break"         daemon [_thread_in_native, id=1312, stack(0x000000ac24300000,0x000000ac24400000) (1024K)]
  0x00000207502d2bc0 JavaThread "Notification Thread"        daemon [_thread_blocked, id=21356, stack(0x000000ac24400000,0x000000ac24500000) (1024K)]
Total: 11

Other Threads:
  0x000002077c42caa0 VMThread "VM Thread"                           [id=13412, stack(0x000000ac23900000,0x000000ac23a00000) (1024K)] _threads_hazard_ptr=0x000002075008bcc0
  0x000002076c985ed0 WorkerThread "GC Thread#0"                     [id=14588, stack(0x000000ac23300000,0x000000ac23400000) (1024K)]
  0x000002076c996820 ConcurrentGCThread "G1 Main Marker"            terminated
  0x000002076c9973f0 WorkerThread "G1 Conc#0"                       [id=5764, stack(0x000000ac23500000,0x000000ac23600000) (1024K)]
  0x000002077c3670e0 ConcurrentGCThread "G1 Refine#0"               terminated
  0x000002077c367b70 ConcurrentGCThread "G1 Service"                terminated
Total: 6

Threads with active compile tasks:
Total: 0

VM state: at safepoint (normal execution)

VM Mutex/Monitor currently owned by a thread:  ([mutex/lock_event])
[0x00007ff8dee1bbb8] Threads_lock - owner thread: 0x000002077c42caa0
[0x00007ff8dee1bcb8] Heap_lock - owner thread: 0x000002076c919820

Heap address: 0x0000000705a00000, size: 4006 MB, Compressed Oops mode: Zero based, Oop shift amount: 3

CDS archive(s) mapped at: [0x000002070f000000-0x000002070fc50000-0x000002070fc50000), size 12910592, SharedBaseAddress: 0x000002070f000000, ArchiveRelocationMode: 1.
Compressed class space mapped at: 0x0000020710000000-0x0000020750000000, reserved size: 1073741824
Narrow klass base: 0x000002070f000000, Narrow klass shift: 0, Narrow klass range: 0x41000000

GC Precious Log:
 CardTable entry size: 512
 Card Set container configuration: InlinePtr #cards 4 size 8 Array Of Cards #cards 16 size 48 Howl #buckets 8 coarsen threshold 3686 Howl Bitmap #cards 512 size 80 coarsen threshold 460 Card regions per heap region 1 cards per card region 4096
 CPUs: 12 total, 12 available
 Memory: 16016M
 Large Page Support: Disabled
 NUMA Support: Disabled
 Compressed Oops: Enabled (Zero based)
 Heap Region Size: 2M
 Heap Min Capacity: 8M
 Heap Initial Capacity: 252M
 Heap Max Capacity: 4006M
 Pre-touch: Disabled
 Parallel Workers: 10
 Concurrent Workers: 3
 Concurrent Refinement Workers: 10
 Periodic GC: Disabled

Heap:
 garbage-first heap   total reserved 4102144K, committed 258048K, used 2048K [0x0000000705a00000, 0x0000000800000000)
  region size 2048K, 2 young (4096K), 0 survivors (0K)
 Metaspace       used 677K, committed 832K, reserved 1114112K
  class space    used 37K, committed 128K, reserved 1048576K

Heap Regions: E=young(eden), S=young(survivor), O=old, HS=humongous(starts), HC=humongous(continues), CS=collection set, F=free, TAMS=top-at-mark-start, PB=parsable bottom
|   0|0x0000000705a00000, 0x0000000705a00000, 0x0000000705c00000|  0%| F|  |TAMS 0x0000000705a00000| PB 0x0000000705a00000| Untracked |  0
|   1|0x0000000705c00000, 0x0000000705c00000, 0x0000000705e00000|  0%| F|  |TAMS 0x0000000705c00000| PB 0x0000000705c00000| Untracked |  0
|   2|0x0000000705e00000, 0x0000000705e00000, 0x0000000706000000|  0%| F|  |TAMS 0x0000000705e00000| PB 0x0000000705e00000| Untracked |  0
|   3|0x0000000706000000, 0x0000000706000000, 0x0000000706200000|  0%| F|  |TAMS 0x0000000706000000| PB 0x0000000706000000| Untracked |  0
|   4|0x0000000706200000, 0x0000000706200000, 0x0000000706400000|  0%| F|  |TAMS 0x0000000706200000| PB 0x0000000706200000| Untracked |  0
|   5|0x0000000706400000, 0x0000000706400000, 0x0000000706600000|  0%| F|  |TAMS 0x0000000706400000| PB 0x0000000706400000| Untracked |  0
|   6|0x0000000706600000, 0x0000000706600000, 0x0000000706800000|  0%| F|  |TAMS 0x0000000706600000| PB 0x0000000706600000| Untracked |  0
|   7|0x0000000706800000, 0x0000000706800000, 0x0000000706a00000|  0%| F|  |TAMS 0x0000000706800000| PB 0x0000000706800000| Untracked |  0
|   8|0x0000000706a00000, 0x0000000706a00000, 0x0000000706c00000|  0%| F|  |TAMS 0x0000000706a00000| PB 0x0000000706a00000| Untracked |  0
|   9|0x0000000706c00000, 0x0000000706c00000, 0x0000000706e00000|  0%| F|  |TAMS 0x0000000706c00000| PB 0x0000000706c00000| Untracked |  0
|  10|0x0000000706e00000, 0x0000000706e00000, 0x0000000707000000|  0%| F|  |TAMS 0x0000000706e00000| PB 0x0000000706e00000| Untracked |  0
|  11|0x0000000707000000, 0x0000000707000000, 0x0000000707200000|  0%| F|  |TAMS 0x0000000707000000| PB 0x0000000707000000| Untracked |  0
|  12|0x0000000707200000, 0x0000000707200000, 0x0000000707400000|  0%| F|  |TAMS 0x0000000707200000| PB 0x0000000707200000| Untracked |  0
|  13|0x0000000707400000, 0x0000000707400000, 0x0000000707600000|  0%| F|  |TAMS 0x0000000707400000| PB 0x0000000707400000| Untracked |  0
|  14|0x0000000707600000, 0x0000000707600000, 0x0000000707800000|  0%| F|  |TAMS 0x0000000707600000| PB 0x0000000707600000| Untracked |  0
|  15|0x0000000707800000, 0x0000000707800000, 0x0000000707a00000|  0%| F|  |TAMS 0x0000000707800000| PB 0x0000000707800000| Untracked |  0
|  16|0x0000000707a00000, 0x0000000707a00000, 0x0000000707c00000|  0%| F|  |TAMS 0x0000000707a00000| PB 0x0000000707a00000| Untracked |  0
|  17|0x0000000707c00000, 0x0000000707c00000, 0x0000000707e00000|  0%| F|  |TAMS 0x0000000707c00000| PB 0x0000000707c00000| Untracked |  0
|  18|0x0000000707e00000, 0x0000000707e00000, 0x0000000708000000|  0%| F|  |TAMS 0x0000000707e00000| PB 0x0000000707e00000| Untracked |  0
|  19|0x0000000708000000, 0x0000000708000000, 0x0000000708200000|  0%| F|  |TAMS 0x0000000708000000| PB 0x0000000708000000| Untracked |  0
|  20|0x0000000708200000, 0x0000000708200000, 0x0000000708400000|  0%| F|  |TAMS 0x0000000708200000| PB 0x0000000708200000| Untracked |  0
|  21|0x0000000708400000, 0x0000000708400000, 0x0000000708600000|  0%| F|  |TAMS 0x0000000708400000| PB 0x0000000708400000| Untracked |  0
|  22|0x0000000708600000, 0x0000000708600000, 0x0000000708800000|  0%| F|  |TAMS 0x0000000708600000| PB 0x0000000708600000| Untracked |  0
|  23|0x0000000708800000, 0x0000000708800000, 0x0000000708a00000|  0%| F|  |TAMS 0x0000000708800000| PB 0x0000000708800000| Untracked |  0
|  24|0x0000000708a00000, 0x0000000708a00000, 0x0000000708c00000|  0%| F|  |TAMS 0x0000000708a00000| PB 0x0000000708a00000| Untracked |  0
|  25|0x0000000708c00000, 0x0000000708c00000, 0x0000000708e00000|  0%| F|  |TAMS 0x0000000708c00000| PB 0x0000000708c00000| Untracked |  0
|  26|0x0000000708e00000, 0x0000000708e00000, 0x0000000709000000|  0%| F|  |TAMS 0x0000000708e00000| PB 0x0000000708e00000| Untracked |  0
|  27|0x0000000709000000, 0x0000000709000000, 0x0000000709200000|  0%| F|  |TAMS 0x0000000709000000| PB 0x0000000709000000| Untracked |  0
|  28|0x0000000709200000, 0x0000000709200000, 0x0000000709400000|  0%| F|  |TAMS 0x0000000709200000| PB 0x0000000709200000| Untracked |  0
|  29|0x0000000709400000, 0x0000000709400000, 0x0000000709600000|  0%| F|  |TAMS 0x0000000709400000| PB 0x0000000709400000| Untracked |  0
|  30|0x0000000709600000, 0x0000000709600000, 0x0000000709800000|  0%| F|  |TAMS 0x0000000709600000| PB 0x0000000709600000| Untracked |  0
|  31|0x0000000709800000, 0x0000000709800000, 0x0000000709a00000|  0%| F|  |TAMS 0x0000000709800000| PB 0x0000000709800000| Untracked |  0
|  32|0x0000000709a00000, 0x0000000709a00000, 0x0000000709c00000|  0%| F|  |TAMS 0x0000000709a00000| PB 0x0000000709a00000| Untracked |  0
|  33|0x0000000709c00000, 0x0000000709c00000, 0x0000000709e00000|  0%| F|  |TAMS 0x0000000709c00000| PB 0x0000000709c00000| Untracked |  0
|  34|0x0000000709e00000, 0x0000000709e00000, 0x000000070a000000|  0%| F|  |TAMS 0x0000000709e00000| PB 0x0000000709e00000| Untracked |  0
|  35|0x000000070a000000, 0x000000070a000000, 0x000000070a200000|  0%| F|  |TAMS 0x000000070a000000| PB 0x000000070a000000| Untracked |  0
|  36|0x000000070a200000, 0x000000070a200000, 0x000000070a400000|  0%| F|  |TAMS 0x000000070a200000| PB 0x000000070a200000| Untracked |  0
|  37|0x000000070a400000, 0x000000070a400000, 0x000000070a600000|  0%| F|  |TAMS 0x000000070a400000| PB 0x000000070a400000| Untracked |  0
|  38|0x000000070a600000, 0x000000070a600000, 0x000000070a800000|  0%| F|  |TAMS 0x000000070a600000| PB 0x000000070a600000| Untracked |  0
|  39|0x000000070a800000, 0x000000070a800000, 0x000000070aa00000|  0%| F|  |TAMS 0x000000070a800000| PB 0x000000070a800000| Untracked |  0
|  40|0x000000070aa00000, 0x000000070aa00000, 0x000000070ac00000|  0%| F|  |TAMS 0x000000070aa00000| PB 0x000000070aa00000| Untracked |  0
|  41|0x000000070ac00000, 0x000000070ac00000, 0x000000070ae00000|  0%| F|  |TAMS 0x000000070ac00000| PB 0x000000070ac00000| Untracked |  0
|  42|0x000000070ae00000, 0x000000070ae00000, 0x000000070b000000|  0%| F|  |TAMS 0x000000070ae00000| PB 0x000000070ae00000| Untracked |  0
|  43|0x000000070b000000, 0x000000070b000000, 0x000000070b200000|  0%| F|  |TAMS 0x000000070b000000| PB 0x000000070b000000| Untracked |  0
|  44|0x000000070b200000, 0x000000070b200000, 0x000000070b400000|  0%| F|  |TAMS 0x000000070b200000| PB 0x000000070b200000| Untracked |  0
|  45|0x000000070b400000, 0x000000070b400000, 0x000000070b600000|  0%| F|  |TAMS 0x000000070b400000| PB 0x000000070b400000| Untracked |  0
|  46|0x000000070b600000, 0x000000070b600000, 0x000000070b800000|  0%| F|  |TAMS 0x000000070b600000| PB 0x000000070b600000| Untracked |  0
|  47|0x000000070b800000, 0x000000070b800000, 0x000000070ba00000|  0%| F|  |TAMS 0x000000070b800000| PB 0x000000070b800000| Untracked |  0
|  48|0x000000070ba00000, 0x000000070ba00000, 0x000000070bc00000|  0%| F|  |TAMS 0x000000070ba00000| PB 0x000000070ba00000| Untracked |  0
|  49|0x000000070bc00000, 0x000000070bc00000, 0x000000070be00000|  0%| F|  |TAMS 0x000000070bc00000| PB 0x000000070bc00000| Untracked |  0
|  50|0x000000070be00000, 0x000000070be00000, 0x000000070c000000|  0%| F|  |TAMS 0x000000070be00000| PB 0x000000070be00000| Untracked |  0
|  51|0x000000070c000000, 0x000000070c000000, 0x000000070c200000|  0%| F|  |TAMS 0x000000070c000000| PB 0x000000070c000000| Untracked |  0
|  52|0x000000070c200000, 0x000000070c200000, 0x000000070c400000|  0%| F|  |TAMS 0x000000070c200000| PB 0x000000070c200000| Untracked |  0
|  53|0x000000070c400000, 0x000000070c400000, 0x000000070c600000|  0%| F|  |TAMS 0x000000070c400000| PB 0x000000070c400000| Untracked |  0
|  54|0x000000070c600000, 0x000000070c600000, 0x000000070c800000|  0%| F|  |TAMS 0x000000070c600000| PB 0x000000070c600000| Untracked |  0
|  55|0x000000070c800000, 0x000000070c800000, 0x000000070ca00000|  0%| F|  |TAMS 0x000000070c800000| PB 0x000000070c800000| Untracked |  0
|  56|0x000000070ca00000, 0x000000070ca00000, 0x000000070cc00000|  0%| F|  |TAMS 0x000000070ca00000| PB 0x000000070ca00000| Untracked |  0
|  57|0x000000070cc00000, 0x000000070cc00000, 0x000000070ce00000|  0%| F|  |TAMS 0x000000070cc00000| PB 0x000000070cc00000| Untracked |  0
|  58|0x000000070ce00000, 0x000000070ce00000, 0x000000070d000000|  0%| F|  |TAMS 0x000000070ce00000| PB 0x000000070ce00000| Untracked |  0
|  59|0x000000070d000000, 0x000000070d000000, 0x000000070d200000|  0%| F|  |TAMS 0x000000070d000000| PB 0x000000070d000000| Untracked |  0
|  60|0x000000070d200000, 0x000000070d200000, 0x000000070d400000|  0%| F|  |TAMS 0x000000070d200000| PB 0x000000070d200000| Untracked |  0
|  61|0x000000070d400000, 0x000000070d400000, 0x000000070d600000|  0%| F|  |TAMS 0x000000070d400000| PB 0x000000070d400000| Untracked |  0
|  62|0x000000070d600000, 0x000000070d600000, 0x000000070d800000|  0%| F|  |TAMS 0x000000070d600000| PB 0x000000070d600000| Untracked |  0
|  63|0x000000070d800000, 0x000000070d800000, 0x000000070da00000|  0%| F|  |TAMS 0x000000070d800000| PB 0x000000070d800000| Untracked |  0
|  64|0x000000070da00000, 0x000000070da00000, 0x000000070dc00000|  0%| F|  |TAMS 0x000000070da00000| PB 0x000000070da00000| Untracked |  0
|  65|0x000000070dc00000, 0x000000070dc00000, 0x000000070de00000|  0%| F|  |TAMS 0x000000070dc00000| PB 0x000000070dc00000| Untracked |  0
|  66|0x000000070de00000, 0x000000070de00000, 0x000000070e000000|  0%| F|  |TAMS 0x000000070de00000| PB 0x000000070de00000| Untracked |  0
|  67|0x000000070e000000, 0x000000070e000000, 0x000000070e200000|  0%| F|  |TAMS 0x000000070e000000| PB 0x000000070e000000| Untracked |  0
|  68|0x000000070e200000, 0x000000070e200000, 0x000000070e400000|  0%| F|  |TAMS 0x000000070e200000| PB 0x000000070e200000| Untracked |  0
|  69|0x000000070e400000, 0x000000070e400000, 0x000000070e600000|  0%| F|  |TAMS 0x000000070e400000| PB 0x000000070e400000| Untracked |  0
|  70|0x000000070e600000, 0x000000070e600000, 0x000000070e800000|  0%| F|  |TAMS 0x000000070e600000| PB 0x000000070e600000| Untracked |  0
|  71|0x000000070e800000, 0x000000070e800000, 0x000000070ea00000|  0%| F|  |TAMS 0x000000070e800000| PB 0x000000070e800000| Untracked |  0
|  72|0x000000070ea00000, 0x000000070ea00000, 0x000000070ec00000|  0%| F|  |TAMS 0x000000070ea00000| PB 0x000000070ea00000| Untracked |  0
|  73|0x000000070ec00000, 0x000000070ec00000, 0x000000070ee00000|  0%| F|  |TAMS 0x000000070ec00000| PB 0x000000070ec00000| Untracked |  0
|  74|0x000000070ee00000, 0x000000070ee00000, 0x000000070f000000|  0%| F|  |TAMS 0x000000070ee00000| PB 0x000000070ee00000| Untracked |  0
|  75|0x000000070f000000, 0x000000070f000000, 0x000000070f200000|  0%| F|  |TAMS 0x000000070f000000| PB 0x000000070f000000| Untracked |  0
|  76|0x000000070f200000, 0x000000070f200000, 0x000000070f400000|  0%| F|  |TAMS 0x000000070f200000| PB 0x000000070f200000| Untracked |  0
|  77|0x000000070f400000, 0x000000070f400000, 0x000000070f600000|  0%| F|  |TAMS 0x000000070f400000| PB 0x000000070f400000| Untracked |  0
|  78|0x000000070f600000, 0x000000070f600000, 0x000000070f800000|  0%| F|  |TAMS 0x000000070f600000| PB 0x000000070f600000| Untracked |  0
|  79|0x000000070f800000, 0x000000070f800000, 0x000000070fa00000|  0%| F|  |TAMS 0x000000070f800000| PB 0x000000070f800000| Untracked |  0
|  80|0x000000070fa00000, 0x000000070fa00000, 0x000000070fc00000|  0%| F|  |TAMS 0x000000070fa00000| PB 0x000000070fa00000| Untracked |  0
|  81|0x000000070fc00000, 0x000000070fc00000, 0x000000070fe00000|  0%| F|  |TAMS 0x000000070fc00000| PB 0x000000070fc00000| Untracked |  0
|  82|0x000000070fe00000, 0x000000070fe00000, 0x0000000710000000|  0%| F|  |TAMS 0x000000070fe00000| PB 0x000000070fe00000| Untracked |  0
|  83|0x0000000710000000, 0x0000000710000000, 0x0000000710200000|  0%| F|  |TAMS 0x0000000710000000| PB 0x0000000710000000| Untracked |  0
|  84|0x0000000710200000, 0x0000000710200000, 0x0000000710400000|  0%| F|  |TAMS 0x0000000710200000| PB 0x0000000710200000| Untracked |  0
|  85|0x0000000710400000, 0x0000000710400000, 0x0000000710600000|  0%| F|  |TAMS 0x0000000710400000| PB 0x0000000710400000| Untracked |  0
|  86|0x0000000710600000, 0x0000000710600000, 0x0000000710800000|  0%| F|  |TAMS 0x0000000710600000| PB 0x0000000710600000| Untracked |  0
|  87|0x0000000710800000, 0x0000000710800000, 0x0000000710a00000|  0%| F|  |TAMS 0x0000000710800000| PB 0x0000000710800000| Untracked |  0
|  88|0x0000000710a00000, 0x0000000710a00000, 0x0000000710c00000|  0%| F|  |TAMS 0x0000000710a00000| PB 0x0000000710a00000| Untracked |  0
|  89|0x0000000710c00000, 0x0000000710c00000, 0x0000000710e00000|  0%| F|  |TAMS 0x0000000710c00000| PB 0x0000000710c00000| Untracked |  0
|  90|0x0000000710e00000, 0x0000000710e00000, 0x0000000711000000|  0%| F|  |TAMS 0x0000000710e00000| PB 0x0000000710e00000| Untracked |  0
|  91|0x0000000711000000, 0x0000000711000000, 0x0000000711200000|  0%| F|  |TAMS 0x0000000711000000| PB 0x0000000711000000| Untracked |  0
|  92|0x0000000711200000, 0x0000000711200000, 0x0000000711400000|  0%| F|  |TAMS 0x0000000711200000| PB 0x0000000711200000| Untracked |  0
|  93|0x0000000711400000, 0x0000000711400000, 0x0000000711600000|  0%| F|  |TAMS 0x0000000711400000| PB 0x0000000711400000| Untracked |  0
|  94|0x0000000711600000, 0x0000000711600000, 0x0000000711800000|  0%| F|  |TAMS 0x0000000711600000| PB 0x0000000711600000| Untracked |  0
|  95|0x0000000711800000, 0x0000000711800000, 0x0000000711a00000|  0%| F|  |TAMS 0x0000000711800000| PB 0x0000000711800000| Untracked |  0
|  96|0x0000000711a00000, 0x0000000711a00000, 0x0000000711c00000|  0%| F|  |TAMS 0x0000000711a00000| PB 0x0000000711a00000| Untracked |  0
|  97|0x0000000711c00000, 0x0000000711c00000, 0x0000000711e00000|  0%| F|  |TAMS 0x0000000711c00000| PB 0x0000000711c00000| Untracked |  0
|  98|0x0000000711e00000, 0x0000000711e00000, 0x0000000712000000|  0%| F|  |TAMS 0x0000000711e00000| PB 0x0000000711e00000| Untracked |  0
|  99|0x0000000712000000, 0x0000000712000000, 0x0000000712200000|  0%| F|  |TAMS 0x0000000712000000| PB 0x0000000712000000| Untracked |  0
| 100|0x0000000712200000, 0x0000000712200000, 0x0000000712400000|  0%| F|  |TAMS 0x0000000712200000| PB 0x0000000712200000| Untracked |  0
| 101|0x0000000712400000, 0x0000000712400000, 0x0000000712600000|  0%| F|  |TAMS 0x0000000712400000| PB 0x0000000712400000| Untracked |  0
| 102|0x0000000712600000, 0x0000000712600000, 0x0000000712800000|  0%| F|  |TAMS 0x0000000712600000| PB 0x0000000712600000| Untracked |  0
| 103|0x0000000712800000, 0x0000000712800000, 0x0000000712a00000|  0%| F|  |TAMS 0x0000000712800000| PB 0x0000000712800000| Untracked |  0
| 104|0x0000000712a00000, 0x0000000712a00000, 0x0000000712c00000|  0%| F|  |TAMS 0x0000000712a00000| PB 0x0000000712a00000| Untracked |  0
| 105|0x0000000712c00000, 0x0000000712c00000, 0x0000000712e00000|  0%| F|  |TAMS 0x0000000712c00000| PB 0x0000000712c00000| Untracked |  0
| 106|0x0000000712e00000, 0x0000000712e00000, 0x0000000713000000|  0%| F|  |TAMS 0x0000000712e00000| PB 0x0000000712e00000| Untracked |  0
| 107|0x0000000713000000, 0x0000000713000000, 0x0000000713200000|  0%| F|  |TAMS 0x0000000713000000| PB 0x0000000713000000| Untracked |  0
| 108|0x0000000713200000, 0x0000000713200000, 0x0000000713400000|  0%| F|  |TAMS 0x0000000713200000| PB 0x0000000713200000| Untracked |  0
| 109|0x0000000713400000, 0x0000000713400000, 0x0000000713600000|  0%| F|  |TAMS 0x0000000713400000| PB 0x0000000713400000| Untracked |  0
| 110|0x0000000713600000, 0x0000000713600000, 0x0000000713800000|  0%| F|  |TAMS 0x0000000713600000| PB 0x0000000713600000| Untracked |  0
| 111|0x0000000713800000, 0x0000000713800000, 0x0000000713a00000|  0%| F|  |TAMS 0x0000000713800000| PB 0x0000000713800000| Untracked |  0
| 112|0x0000000713a00000, 0x0000000713a00000, 0x0000000713c00000|  0%| F|  |TAMS 0x0000000713a00000| PB 0x0000000713a00000| Untracked |  0
| 113|0x0000000713c00000, 0x0000000713c00000, 0x0000000713e00000|  0%| F|  |TAMS 0x0000000713c00000| PB 0x0000000713c00000| Untracked |  0
| 114|0x0000000713e00000, 0x0000000713e00000, 0x0000000714000000|  0%| F|  |TAMS 0x0000000713e00000| PB 0x0000000713e00000| Untracked |  0
| 115|0x0000000714000000, 0x0000000714000000, 0x0000000714200000|  0%| F|  |TAMS 0x0000000714000000| PB 0x0000000714000000| Untracked |  0
| 116|0x0000000714200000, 0x0000000714200000, 0x0000000714400000|  0%| F|  |TAMS 0x0000000714200000| PB 0x0000000714200000| Untracked |  0
| 117|0x0000000714400000, 0x0000000714400000, 0x0000000714600000|  0%| F|  |TAMS 0x0000000714400000| PB 0x0000000714400000| Untracked |  0
| 118|0x0000000714600000, 0x0000000714600000, 0x0000000714800000|  0%| F|  |TAMS 0x0000000714600000| PB 0x0000000714600000| Untracked |  0
| 119|0x0000000714800000, 0x0000000714800000, 0x0000000714a00000|  0%| F|  |TAMS 0x0000000714800000| PB 0x0000000714800000| Untracked |  0
| 120|0x0000000714a00000, 0x0000000714a00000, 0x0000000714c00000|  0%| F|  |TAMS 0x0000000714a00000| PB 0x0000000714a00000| Untracked |  0
| 121|0x0000000714c00000, 0x0000000714c00000, 0x0000000714e00000|  0%| F|  |TAMS 0x0000000714c00000| PB 0x0000000714c00000| Untracked |  0
| 122|0x0000000714e00000, 0x0000000714e00000, 0x0000000715000000|  0%| F|  |TAMS 0x0000000714e00000| PB 0x0000000714e00000| Untracked |  0
| 123|0x0000000715000000, 0x0000000715000000, 0x0000000715200000|  0%| F|  |TAMS 0x0000000715000000| PB 0x0000000715000000| Untracked |  0
| 124|0x0000000715200000, 0x0000000715400000, 0x0000000715400000|100%| E|  |TAMS 0x0000000715200000| PB 0x0000000715200000| Complete |  0
| 125|0x0000000715400000, 0x0000000715600000, 0x0000000715600000|100%| E|CS|TAMS 0x0000000715400000| PB 0x0000000715400000| Complete |  0

Card table byte_map: [0x0000020775a60000,0x0000020776240000] _byte_map_base: 0x0000020772233000

Marking Bits: (CMBitMap*) 0x000002076c9864f0
 Bits: [0x0000020776240000, 0x000002077a0d8000)

Polling page: 0x000002076c0a0000

Metaspace:

Usage:
  Non-class:    639.31 KB used.
      Class:     37.73 KB used.
       Both:    677.05 KB used.

Virtual space:
  Non-class space:       64.00 MB reserved,     704.00 KB (  1%) committed,  1 nodes.
      Class space:        1.00 GB reserved,     128.00 KB ( <1%) committed,  1 nodes.
             Both:        1.06 GB reserved,     832.00 KB ( <1%) committed. 

Chunk freelists:
   Non-Class:  11.96 MB
       Class:  15.73 MB
        Both:  27.70 MB

MaxMetaspaceSize: unlimited
CompressedClassSpaceSize: 1.00 GB
Initial GC threshold: 21.00 MB
Current GC threshold: 21.00 MB
CDS: on
 - commit_granule_bytes: 65536.
 - commit_granule_words: 8192.
 - virtual_space_node_default_size: 8388608.
 - enlarge_chunks_in_place: 1.
 - use_allocation_guard: 0.


Internal statistics:

num_allocs_failed_limit: 0.
num_arena_births: 22.
num_arena_deaths: 0.
num_vsnodes_births: 2.
num_vsnodes_deaths: 0.
num_space_committed: 13.
num_space_uncommitted: 0.
num_chunks_returned_to_freelist: 0.
num_chunks_taken_from_freelist: 28.
num_chunk_merges: 0.
num_chunk_splits: 18.
num_chunks_enlarged: 10.
num_inconsistent_stats: 0.

CodeHeap 'non-profiled nmethods': size=120000Kb used=70Kb max_used=70Kb free=119929Kb
 bounds [0x0000020707ad0000, 0x0000020707d40000, 0x000002070f000000]
CodeHeap 'profiled nmethods': size=120000Kb used=220Kb max_used=220Kb free=119779Kb
 bounds [0x0000020700000000, 0x0000020700270000, 0x0000020707530000]
CodeHeap 'non-nmethods': size=5760Kb used=1293Kb max_used=1293Kb free=4466Kb
 bounds [0x0000020707530000, 0x00000207077a0000, 0x0000020707ad0000]
 total_blobs=619 nmethods=212 adapters=312
 compilation: enabled
              stopped_count=0, restarted_count=0
 full_count=0

Compilation events (20 events):
Event: 0.149 Thread 0x000002077c466da0  204       3       java.lang.StringBuilder::append (8 bytes)
Event: 0.149 Thread 0x000002077c466da0 nmethod 204 0x0000020700033810 code [0x00000207000339c0, 0x0000020700033b10]
Event: 0.149 Thread 0x000002077c466da0  205       3       java.lang.AbstractStringBuilder::append (45 bytes)
Event: 0.149 Thread 0x000002077c466da0 nmethod 205 0x0000020700033b90 code [0x0000020700033da0, 0x00000207000342d0]
Event: 0.149 Thread 0x000002077c466da0  206       3       jdk.internal.org.objectweb.asm.ByteVector::putShort (52 bytes)
Event: 0.149 Thread 0x000002077c466da0 nmethod 206 0x0000020700034510 code [0x00000207000346c0, 0x00000207000348d0]
Event: 0.149 Thread 0x000002077c466da0  199       1       java.lang.invoke.MethodTypeForm::parameterSlotCount (5 bytes)
Event: 0.150 Thread 0x000002077c466da0 nmethod 199 0x0000020707ae1410 code [0x0000020707ae15a0, 0x0000020707ae1668]
Event: 0.150 Thread 0x000002077c466da0  207       1       java.lang.invoke.MethodTypeForm::erasedType (5 bytes)
Event: 0.150 Thread 0x000002077c466da0 nmethod 207 0x0000020707ae1710 code [0x0000020707ae18a0, 0x0000020707ae1970]
Event: 0.165 Thread 0x000002077c466da0  208       3       java.lang.System::getSecurityManager (12 bytes)
Event: 0.165 Thread 0x000002077c466da0 nmethod 208 0x0000020700034a10 code [0x0000020700034ba0, 0x0000020700034d10]
Event: 0.166 Thread 0x000002077c466da0  209       3       java.lang.StringUTF16::getChar (60 bytes)
Event: 0.166 Thread 0x000002077c466da0 nmethod 209 0x0000020700034d90 code [0x0000020700034f20, 0x0000020700035090]
Event: 0.166 Thread 0x000002077c466da0  210       3       java.lang.String::charAt (25 bytes)
Event: 0.167 Thread 0x000002077c466da0 nmethod 210 0x0000020700035190 code [0x0000020700035380, 0x00000207000358c8]
Event: 0.167 Thread 0x000002077c466da0  212       3       java.lang.invoke.MethodType::checkPtypes (76 bytes)
Event: 0.168 Thread 0x000002077c466da0 nmethod 212 0x0000020700035b90 code [0x0000020700035e20, 0x00000207000368b0]
Event: 0.168 Thread 0x000002077c466da0  211       3       java.lang.String::indexOf (7 bytes)
Event: 0.168 Thread 0x000002077c466da0 nmethod 211 0x0000020700036d10 code [0x0000020700036ec0, 0x0000020700037000]

GC Heap History (0 events):
No events

Dll operation events (8 events):
Event: 0.024 Loaded shared library C:\Users\saimouli.maruvada\.jdks\openjdk-22.0.1\bin\java.dll
Event: 0.067 Loaded shared library C:\Users\saimouli.maruvada\.jdks\openjdk-22.0.1\bin\jsvml.dll
Event: 0.121 Loaded shared library C:\Users\saimouli.maruvada\.jdks\openjdk-22.0.1\bin\zip.dll
Event: 0.126 Loaded shared library C:\Users\saimouli.maruvada\.jdks\openjdk-22.0.1\bin\instrument.dll
Event: 0.134 Loaded shared library C:\Users\saimouli.maruvada\.jdks\openjdk-22.0.1\bin\net.dll
Event: 0.136 Loaded shared library C:\Users\saimouli.maruvada\.jdks\openjdk-22.0.1\bin\nio.dll
Event: 0.141 Loaded shared library C:\Users\saimouli.maruvada\.jdks\openjdk-22.0.1\bin\zip.dll
Event: 0.152 Loaded shared library C:\Program Files\JetBrains\IntelliJ IDEA Community Edition 2024.1.1\bin\breakgen64.dll

Deoptimization events (4 events):
Event: 0.166 Thread 0x000002076c919820 Uncommon trap: trap_request=0xffffff45 fr.pc=0x0000020707ae0c64 relative=0x00000000000000c4
Event: 0.166 Thread 0x000002076c919820 Uncommon trap: reason=unstable_if action=reinterpret pc=0x0000020707ae0c64 method=java.lang.String.isLatin1()Z @ 10 c2
Event: 0.166 Thread 0x000002076c919820 DEOPT PACKING pc=0x0000020707ae0c64 sp=0x000000ac232ff440
Event: 0.166 Thread 0x000002076c919820 DEOPT UNPACKING pc=0x00000207075846a2 sp=0x000000ac232ff380 mode 2

Classes loaded (20 events):
Event: 0.165 Loading class jdk/internal/vm/PostVMInitHook done
Event: 0.165 Loading class java/net/Socket done
Event: 0.166 Loading class java/lang/invoke/VarHandleInts$FieldInstanceReadWrite
Event: 0.166 Loading class java/lang/invoke/VarHandleInts$FieldInstanceReadOnly
Event: 0.166 Loading class java/lang/invoke/VarHandleInts$FieldInstanceReadOnly done
Event: 0.166 Loading class java/lang/invoke/VarHandleInts$FieldInstanceReadWrite done
Event: 0.167 Loading class jdk/internal/loader/URLClassPath$FileLoader$1
Event: 0.167 Loading class jdk/internal/loader/URLClassPath$FileLoader$1 done
Event: 0.167 Loading class java/net/InetSocketAddress
Event: 0.167 Loading class java/net/SocketAddress
Event: 0.167 Loading class java/net/SocketAddress done
Event: 0.167 Loading class java/net/InetSocketAddress done
Event: 0.170 Loading class java/net/InetSocketAddress$InetSocketAddressHolder
Event: 0.170 Loading class java/net/InetSocketAddress$InetSocketAddressHolder done
Event: 0.170 Loading class java/net/SocketImpl
Event: 0.170 Loading class java/net/SocketOptions
Event: 0.170 Loading class java/net/SocketOptions done
Event: 0.170 Loading class java/net/SocketImpl done
Event: 0.170 Loading class sun/nio/ch/NioSocketImpl
Event: 0.171 Loading class sun/net/PlatformSocketImpl

Classes unloaded (0 events):
No events

Classes redefined (4 events):
Event: 0.158 Thread 0x000002077c42caa0 redefined class name=java.io.FileOutputStream, count=1
Event: 0.161 Thread 0x000002077c42caa0 redefined class name=java.nio.file.Files, count=1
Event: 0.163 Thread 0x000002077c42caa0 redefined class name=java.io.File, count=1
Event: 0.164 Thread 0x000002077c42caa0 redefined class name=java.net.URLStreamHandler, count=1

Internal exceptions (2 events):
Event: 0.142 Thread 0x000002076c919820 Exception <a 'java/lang/NoSuchMethodError'{0x0000000715325a90}: 'void java.lang.invoke.DirectMethodHandle$Holder.invokeStatic(java.lang.Object, java.lang.Object, java.lang.Object)'> (0x0000000715325a90) 
thrown [s\open\src\hotspot\share\interpreter\linkResolver.cpp, line 774]
Event: 0.148 Thread 0x000002076c919820 Exception <a 'java/lang/NoSuchMethodError'{0x000000071533d528}: 'java.lang.Object java.lang.invoke.Invokers$Holder.invokeExact_MT(java.lang.Object, java.lang.Object, java.lang.Object, java.lang.Object, java.lang.Object)'> (0x000000071533d528) 
thrown [s\open\src\hotspot\share\interpreter\linkResolver.cpp, line 774]

ZGC Phase Switch (0 events):
No events

VM Operations (10 events):
Event: 0.102 Executing VM operation: HandshakeAllThreads (Deoptimize)
Event: 0.102 Executing VM operation: HandshakeAllThreads (Deoptimize) done
Event: 0.157 Executing VM operation: RedefineClasses
Event: 0.158 Executing VM operation: RedefineClasses done
Event: 0.160 Executing VM operation: RedefineClasses
Event: 0.161 Executing VM operation: RedefineClasses done
Event: 0.162 Executing VM operation: RedefineClasses
Event: 0.163 Executing VM operation: RedefineClasses done
Event: 0.164 Executing VM operation: RedefineClasses
Event: 0.165 Executing VM operation: RedefineClasses done

Events (15 events):
Event: 0.041 Thread 0x000002076c919820 Thread added: 0x000002076c919820
Event: 0.060 Thread 0x000002077c44c470 Thread added: 0x000002077c44c470
Event: 0.060 Thread 0x000002077c44d190 Thread added: 0x000002077c44d190
Event: 0.061 Thread 0x000002077c454e30 Thread added: 0x000002077c454e30
Event: 0.061 Thread 0x000002077c4588b0 Thread added: 0x000002077c4588b0
Event: 0.061 Thread 0x000002077c459310 Thread added: 0x000002077c459310
Event: 0.061 Thread 0x000002077c459d70 Thread added: 0x000002077c459d70
Event: 0.061 Thread 0x000002077c45ef40 Thread added: 0x000002077c45ef40
Event: 0.061 Thread 0x000002077c466da0 Thread added: 0x000002077c466da0
Event: 0.094 Thread 0x00000207500812f0 Thread added: 0x00000207500812f0
Event: 0.153 Thread 0x00000207502c8640 Thread added: 0x00000207502c8640
Event: 0.165 Thread 0x00000207502d2bc0 Thread added: 0x00000207502d2bc0
Event: 0.170 Thread 0x000002076c919820 Thread exited: 0x000002076c919820
Event: 0.170 Thread 0x000002076c919820 Thread added: 0x000002076c919820
Event: 0.171 Thread 0x000002076c919820 Thread exited: 0x000002076c919820


Dynamic libraries:
0x00007ff709240000 - 0x00007ff70924e000 	C:\Users\saimouli.maruvada\.jdks\openjdk-22.0.1\bin\java.exe
0x00007ff99d890000 - 0x00007ff99da88000 	C:\Windows\SYSTEM32\ntdll.dll
0x00007ff99d5e0000 - 0x00007ff99d6a1000 	C:\Windows\System32\KERNEL32.DLL
0x00007ff99d2e0000 - 0x00007ff99d5dd000 	C:\Windows\System32\KERNELBASE.dll
0x0000000073b70000 - 0x0000000073bac000 	C:\Windows\System32\cyinjct.dll
0x00007ff99d160000 - 0x00007ff99d169000 	C:\Windows\System32\ntnativeapi.dll
0x00007ff996fa0000 - 0x00007ff996fb7000 	C:\Users\saimouli.maruvada\.jdks\openjdk-22.0.1\bin\jli.dll
0x000002076a340000 - 0x000002076a4dd000 	C:\Windows\System32\USER32.dll
0x00007ff99afc0000 - 0x00007ff99afe2000 	C:\Windows\System32\win32u.dll
0x00007ff99bd20000 - 0x00007ff99bd4b000 	C:\Windows\System32\GDI32.dll
0x00007ff99b190000 - 0x00007ff99b2a7000 	C:\Windows\System32\gdi32full.dll
0x00007ff99b060000 - 0x00007ff99b0fd000 	C:\Windows\System32\msvcp_win.dll
0x000002076a4e0000 - 0x000002076a5e0000 	C:\Windows\System32\ucrtbase.dll
0x00007ff996f40000 - 0x00007ff996f5b000 	C:\Users\saimouli.maruvada\.jdks\openjdk-22.0.1\bin\VCRUNTIME140.dll
0x00007ff97b800000 - 0x00007ff97ba9a000 	C:\Windows\WinSxS\amd64_microsoft.windows.common-controls_6595b64144ccf1df_6.0.19041.4355_none_60b8b9eb71f62e16\COMCTL32.dll
0x00007ff99bf60000 - 0x00007ff99bffe000 	C:\Windows\System32\msvcrt.dll
0x00007ff99d140000 - 0x00007ff99d15e000 	C:\Windows\System32\cyvera.dll
0x00007ff99d0c0000 - 0x00007ff99d135000 	C:\Windows\System32\cyvrtrap.dll
0x00007ff99c010000 - 0x00007ff99c03f000 	C:\Windows\System32\IMM32.DLL
0x0000000075e90000 - 0x0000000075f02000 	C:\Windows\System32\QIPCAP64.dll
0x00007ff99b5b0000 - 0x00007ff99bd1f000 	C:\Windows\System32\SHELL32.dll
0x00007ff99b490000 - 0x00007ff99b540000 	C:\Windows\System32\ADVAPI32.dll
0x00007ff99c470000 - 0x00007ff99c510000 	C:\Windows\System32\sechost.dll
0x00007ff99d1b0000 - 0x00007ff99d2d3000 	C:\Windows\System32\RPCRT4.dll
0x00007ff99b2b0000 - 0x00007ff99b2d7000 	C:\Windows\System32\bcrypt.dll
0x00007ff99a1c0000 - 0x00007ff99a28a000 	C:\Windows\SYSTEM32\DNSAPI.dll
0x00007ff99a170000 - 0x00007ff99a1ab000 	C:\Windows\SYSTEM32\IPHLPAPI.DLL
0x00007ff99c000000 - 0x00007ff99c008000 	C:\Windows\System32\NSI.dll
0x00007ff9965e0000 - 0x00007ff9965ec000 	C:\Users\saimouli.maruvada\.jdks\openjdk-22.0.1\bin\vcruntime140_1.dll
0x00007ff97aaa0000 - 0x00007ff97ab2e000 	C:\Users\saimouli.maruvada\.jdks\openjdk-22.0.1\bin\msvcp140.dll
0x00007ff8de1b0000 - 0x00007ff8deef7000 	C:\Users\saimouli.maruvada\.jdks\openjdk-22.0.1\bin\server\jvm.dll
0x00007ff99c1b0000 - 0x00007ff99c21b000 	C:\Windows\System32\WS2_32.dll
0x00007ff99ac70000 - 0x00007ff99acbb000 	C:\Windows\SYSTEM32\POWRPROF.dll
0x00007ff98f8b0000 - 0x00007ff98f8d7000 	C:\Windows\SYSTEM32\WINMM.dll
0x00007ff993150000 - 0x00007ff99315a000 	C:\Windows\SYSTEM32\VERSION.dll
0x00007ff99ac50000 - 0x00007ff99ac62000 	C:\Windows\SYSTEM32\UMPDC.dll
0x00007ff999320000 - 0x00007ff999332000 	C:\Windows\SYSTEM32\kernel.appcore.dll
0x00007ff9965b0000 - 0x00007ff9965ba000 	C:\Users\saimouli.maruvada\.jdks\openjdk-22.0.1\bin\jimage.dll
0x00007ff998ed0000 - 0x00007ff9990b4000 	C:\Windows\SYSTEM32\DBGHELP.DLL
0x00007ff973a70000 - 0x00007ff973aa4000 	C:\Windows\SYSTEM32\dbgcore.DLL
0x00007ff99b100000 - 0x00007ff99b182000 	C:\Windows\System32\bcryptPrimitives.dll
0x00007ff996580000 - 0x00007ff99658f000 	C:\Users\saimouli.maruvada\.jdks\openjdk-22.0.1\bin\instrument.dll
0x00007ff996590000 - 0x00007ff9965ae000 	C:\Users\saimouli.maruvada\.jdks\openjdk-22.0.1\bin\java.dll
0x00007ff99cf50000 - 0x00007ff99d07b000 	C:\Windows\System32\ole32.dll
0x00007ff99c660000 - 0x00007ff99c9b3000 	C:\Windows\System32\combase.dll
0x00007ff99d080000 - 0x00007ff99d0b7000 	C:\Program Files\Palo Alto Networks\Traps\cyjagent.dll
0x00007ff998720000 - 0x00007ff998ec3000 	C:\Windows\SYSTEM32\windows.storage.dll
0x00007ff99a690000 - 0x00007ff99a6be000 	C:\Windows\SYSTEM32\Wldp.dll
0x00007ff99c590000 - 0x00007ff99c65d000 	C:\Windows\System32\OLEAUT32.dll
0x00007ff99c340000 - 0x00007ff99c3ed000 	C:\Windows\System32\SHCORE.dll
0x00007ff99bf00000 - 0x00007ff99bf55000 	C:\Windows\System32\shlwapi.dll
0x00007ff99ad40000 - 0x00007ff99ad64000 	C:\Windows\SYSTEM32\profapi.dll
0x00007ff947b70000 - 0x00007ff947c47000 	C:\Users\saimouli.maruvada\.jdks\openjdk-22.0.1\bin\jsvml.dll
0x00007ff992c10000 - 0x00007ff992c27000 	C:\Users\saimouli.maruvada\.jdks\openjdk-22.0.1\bin\zip.dll
0x00007ff996520000 - 0x00007ff996530000 	C:\Users\saimouli.maruvada\.jdks\openjdk-22.0.1\bin\net.dll
0x00007ff99a470000 - 0x00007ff99a4da000 	C:\Windows\system32\mswsock.dll
0x00007ff992bd0000 - 0x00007ff992be6000 	C:\Users\saimouli.maruvada\.jdks\openjdk-22.0.1\bin\nio.dll
0x00007ff992650000 - 0x00007ff99266a000 	C:\Program Files\JetBrains\IntelliJ IDEA Community Edition 2024.1.1\bin\breakgen64.dll

dbghelp: loaded successfully - version: 4.0.5 - missing functions: none
symbol engine: initialized successfully - sym options: 0x614 - pdb path: .;C:\Users\saimouli.maruvada\.jdks\openjdk-22.0.1\bin;C:\Windows\SYSTEM32;C:\Windows\WinSxS\amd64_microsoft.windows.common-controls_6595b64144ccf1df_6.0.19041.4355_none_60b8b9eb71f62e16;C:\Users\saimouli.maruvada\.jdks\openjdk-22.0.1\bin\server;C:\Program Files\Palo Alto Networks\Traps;C:\Program Files\JetBrains\IntelliJ IDEA Community Edition 2024.1.1\bin

VM Arguments:
jvm_args: -javaagent:C:\Program Files\JetBrains\IntelliJ IDEA Community Edition 2024.1.1\lib\idea_rt.jar=57972:C:\Program Files\JetBrains\IntelliJ IDEA Community Edition 2024.1.1\bin -Dfile.encoding=UTF-8 -Dsun.stdout.encoding=UTF-8 -Dsun.stderr.encoding=UTF-8 -agentpath:C:\Program Files\Palo Alto Networks\Traps\cyjagent.dll 
java_command: MaximumPathSum
java_class_path (initial): C:\Users\saimouli.maruvada\IdeaProjects\Test2\out\production\Test2
Launcher Type: SUN_STANDARD

[Global flags]
     intx CICompilerCount                          = 4                                         {product} {ergonomic}
     uint ConcGCThreads                            = 3                                         {product} {ergonomic}
     uint G1ConcRefinementThreads                  = 10                                        {product} {ergonomic}
   size_t G1HeapRegionSize                         = 2097152                                   {product} {ergonomic}
   size_t InitialHeapSize                          = 264241152                                 {product} {ergonomic}
   size_t MarkStackSize                            = 4194304                                   {product} {ergonomic}
   size_t MaxHeapSize                              = 4200595456                                {product} {ergonomic}
   size_t MaxNewSize                               = 2518679552                                {product} {ergonomic}
   size_t MinHeapDeltaBytes                        = 2097152                                   {product} {ergonomic}
   size_t MinHeapSize                              = 8388608                                   {product} {ergonomic}
    uintx NonNMethodCodeHeapSize                   = 5839372                                {pd product} {ergonomic}
    uintx NonProfiledCodeHeapSize                  = 122909434                              {pd product} {ergonomic}
    uintx ProfiledCodeHeapSize                     = 122909434                              {pd product} {ergonomic}
    uintx ReservedCodeCacheSize                    = 251658240                              {pd product} {ergonomic}
     bool SegmentedCodeCache                       = true                                      {product} {ergonomic}
   size_t SoftMaxHeapSize                          = 4200595456                             {manageable} {ergonomic}
     bool UseCompressedOops                        = true                           {product lp64_product} {ergonomic}
     bool UseG1GC                                  = true                                      {product} {ergonomic}
     bool UseLargePagesIndividualAllocation        = false                                  {pd product} {ergonomic}

Logging:
Log output configuration:
 #0: stdout all=warning uptime,level,tags foldmultilines=false
 #1: stderr all=off uptime,level,tags foldmultilines=false

Environment Variables:
PATH=C:\Program Files (x86)\Common Files\Oracle\Java\java8path;C:\Program Files (x86)\Common Files\Oracle\Java\javapath;C:\Windows\system32;C:\Windows;C:\Windows\System32\Wbem;C:\Windows\System32\WindowsPowerShell\v1.0\;C:\Windows\System32\OpenSSH\;C:\Program Files\dotnet\;C:\Program Files (x86)\Java\jre-1.8;C:\Users\saimouli.maruvada\Downloads\apache-maven-3.9.9-bin\apache-maven-3.9.9\bin;C:\Users\saimouli.maruvada\AppData\Local\Microsoft\WindowsApps;C:\Users\saimouli.maruvada\AppData\Local\Programs\Git\cmd
USERNAME=Saimouli.Maruvada
OS=Windows_NT
PROCESSOR_IDENTIFIER=Intel64 Family 6 Model 186 Stepping 3, GenuineIntel
TMP=C:\Users\SAIMOU~1.MAR\AppData\Local\Temp
TEMP=C:\Users\SAIMOU~1.MAR\AppData\Local\Temp




Periodic native trim disabled

---------------  S Y S T E M  ---------------

OS:
 Windows 10 , 64 bit Build 19041 (10.0.19041.4842)
OS uptime: 2 days 2:18 hours
Hyper-V role detected

CPU: total 12 (initial active 12) (6 cores per cpu, 2 threads per core) family 6 model 186 stepping 3 microcode 0x411d, cx8, cmov, fxsr, ht, mmx, 3dnowpref, sse, sse2, sse3, ssse3, sse4.1, sse4.2, popcnt, lzcnt, tsc, tscinvbit, avx, avx2, aes, erms, clmul, bmi1, bmi2, adx, sha, fma, vzeroupper, clflush, clflushopt, clwb, hv, rdtscp, rdpid, fsrm, f16c, cet_ibt, cet_ss
Processor Information for processor 0
  Max Mhz: 1300, Current Mhz: 1300, Mhz Limit: 897
Processor Information for processor 1
  Max Mhz: 1300, Current Mhz: 1300, Mhz Limit: 897
Processor Information for processor 2
  Max Mhz: 1300, Current Mhz: 1300, Mhz Limit: 1300
Processor Information for processor 3
  Max Mhz: 1300, Current Mhz: 1300, Mhz Limit: 1300
Processor Information for processor 4
  Max Mhz: 1300, Current Mhz: 900, Mhz Limit: 897
Processor Information for processor 5
  Max Mhz: 1300, Current Mhz: 900, Mhz Limit: 897
Processor Information for processor 6
  Max Mhz: 1300, Current Mhz: 900, Mhz Limit: 897
Processor Information for processor 7
  Max Mhz: 1300, Current Mhz: 900, Mhz Limit: 897
Processor Information for processor 8
  Max Mhz: 1300, Current Mhz: 900, Mhz Limit: 897
Processor Information for processor 9
  Max Mhz: 1300, Current Mhz: 900, Mhz Limit: 897
Processor Information for processor 10
  Max Mhz: 1300, Current Mhz: 900, Mhz Limit: 897
Processor Information for processor 11
  Max Mhz: 1300, Current Mhz: 900, Mhz Limit: 897

Memory: 4k page, system-wide physical 16016M (5759M free)
TotalPageFile size 27792M (AvailPageFile size 12516M)
current process WorkingSet (physical memory assigned to process): 42M, peak: 42M
current process commit charge ("private bytes"): 344M, peak: 344M

vm_info: OpenJDK 64-Bit Server VM (22.0.1+8-16) for windows-amd64 JRE (22.0.1+8-16), built on 2024-03-12T10:33:16Z by "mach5one" with MS VC++ 17.6 (VS2022)

END.
