#
# A fatal error has been detected by the Java Runtime Environment:
#
#  EXCEPTION_ACCESS_VIOLATION (0xc0000005) at pc=0x00007fffe5c8c2c4, pid=10136, tid=20968
#
# JRE version: OpenJDK Runtime Environment (22.0.1+8) (build 22.0.1+8-16)
# Java VM: OpenJDK 64-Bit Server VM (22.0.1+8-16, mixed mode, sharing, tiered, compressed oops, compressed class ptrs, g1 gc, windows-amd64)
# Problematic frame:
# C  [cyjagent.dll+0xc2c4]
#
# No core dump will be written. Minidumps are not enabled by default on client versions of Windows
#
# If you would like to submit a bug report, please visit:
#   https://bugreport.java.com/bugreport/crash.jsp
# The crash happened outside the Java Virtual Machine in native code.
# See problematic frame for where to report the bug.
#

---------------  S U M M A R Y ------------

Command Line: -javaagent:C:\Program Files\JetBrains\IntelliJ IDEA Community Edition 2024.1.1\lib\idea_rt.jar=54132:C:\Program Files\JetBrains\IntelliJ IDEA Community Edition 2024.1.1\bin -Dfile.encoding=UTF-8 -Dsun.stdout.encoding=UTF-8 -Dsun.stderr.encoding=UTF-8 -agentpath:C:\Program Files\Palo Alto Networks\Traps\cyjagent.dll LatestTest

Host: 13th Gen Intel(R) Core(TM) i5-1335U, 12 cores, 15G,  Windows 10 , 64 bit Build 19041 (10.0.19041.3636)
Time: Thu Jul 11 18:47:55 2024 India Standard Time elapsed time: 0.121166 seconds (0d 0h 0m 0s)

---------------  T H R E A D  ---------------

Current thread (0x000001cdd3ac0df0):  JavaThread "Monitor Ctrl-Break" daemon [_thread_in_native, id=20968, stack(0x000000c483d00000,0x000000c483e00000) (1024K)]

Stack: [0x000000c483d00000,0x000000c483e00000],  sp=0x000000c483dfde60,  free space=1015k
Native frames: (J=compiled Java code, j=interpreted, Vv=VM code, C=native code)
C  [cyjagent.dll+0xc2c4]  (no source info available)
V  [jvm.dll+0x5a820e]  (no source info available)
V  [jvm.dll+0x59f7d2]  (no source info available)
V  [jvm.dll+0x59f8cb]  (no source info available)
V  [jvm.dll+0x5c4590]  (no source info available)
V  [jvm.dll+0x21cc6a]  (no source info available)
V  [jvm.dll+0x7eb6dc]  (no source info available)
V  [jvm.dll+0x7ec776]  (no source info available)
V  [jvm.dll+0x7ecd84]  (no source info available)
V  [jvm.dll+0x7eca08]  (no source info available)
V  [jvm.dll+0x26d79b]  (no source info available)
V  [jvm.dll+0x26d9ca]  (no source info available)
V  [jvm.dll+0x5e7d27]  (no source info available)
V  [jvm.dll+0x5ead26]  (no source info available)
V  [jvm.dll+0x3dd89d]  (no source info available)
V  [jvm.dll+0x3dce9d]  (no source info available)
C  0x000001cdc3a0997c  (no source info available)

The last pc belongs to invokestatic (printed below).
Java frames: (J=compiled Java code, j=interpreted, Vv=VM code)
j  java.net.Socket.createImpl()Ljava/net/SocketImpl;+16 java.base@22.0.1
j  java.net.Socket.<init>(Ljava/net/SocketAddress;Ljava/net/SocketAddress;Z)V+20 java.base@22.0.1
j  java.net.Socket.<init>(Ljava/lang/String;I)V+34 java.base@22.0.1
j  com.intellij.rt.execution.application.AppMainV2$1.run()V+10
v  ~StubRoutines::call_stub 0x000001cdc39f100d

siginfo: EXCEPTION_ACCESS_VIOLATION (0xc0000005), reading address 0x0000000000000000


Registers:
RAX=0x0000000000000000, RBX=0x000001cdd3ac11b0, RCX=0x0000000000000000, RDX=0x000001cdb19b5da0
RSP=0x000000c483dfde60, RBP=0x000001cdb3baf8d0, RSI=0x0000000000000000, RDI=0x000001cdd3a82d48
R8 =0x000000c483dfdca8, R9 =0x000001cdb3baf8d0, R10=0x0000000000000000, R11=0x0000000000000246
R12=0x000001cdd3a82d48, R13=0x000001cdd3a81d00, R14=0x000001cdd3ac0df0, R15=0x0000000000000000
RIP=0x00007fffe5c8c2c4, EFLAGS=0x0000000000010202


Register to memory mapping:

RAX=0x0 is null
RBX=0x000001cdd3ac11b0 points into unknown readable memory: 0x00007fff4197dac0 | c0 da 97 41 ff 7f 00 00
RCX=0x0 is null
RDX=0x000001cdb19b5da0 points into unknown readable memory: 0x000001cdd3ac0df0 | f0 0d ac d3 cd 01 00 00
RSP=0x000000c483dfde60 is pointing into the stack for thread: 0x000001cdd3ac0df0
RBP=0x000001cdb3baf8d0 points into unknown readable memory: 0x000001cdb3b26ec0 | c0 6e b2 b3 cd 01 00 00
RSI=0x0 is null
RDI=0x000001cdd3a82d48 points into unknown readable memory: 0x74656e2f6176616a | 6a 61 76 61 2f 6e 65 74
R8 =0x000000c483dfdca8 is pointing into the stack for thread: 0x000001cdd3ac0df0
R9 =0x000001cdb3baf8d0 points into unknown readable memory: 0x000001cdb3b26ec0 | c0 6e b2 b3 cd 01 00 00
R10=0x0 is null
R11=0x0000000000000246 is an unknown value
R12=0x000001cdd3a82d48 points into unknown readable memory: 0x74656e2f6176616a | 6a 61 76 61 2f 6e 65 74
R13=0x000001cdd3a81d00 points into unknown readable memory: 0x0000000000000000 | 00 00 00 00 00 00 00 00
R14=0x000001cdd3ac0df0 is a thread
R15=0x0 is null

Top of Stack: (sp=0x000000c483dfde60)
0x000000c483dfde60:   000001cdd3a82d48 000001cdd3ac11b0
0x000000c483dfde70:   0000000000000021 0000000700000021
0x000000c483dfde80:   0000000000000000 00000000ffffffff
0x000000c483dfde90:   000001cdd2eb1e68 000001cdb3baf8d0
0x000000c483dfdea0:   0000000000000013 000000c483dfe080
0x000000c483dfdeb0:   000001cdb41aa6a0 0000000000000000
0x000000c483dfdec0:   000000c483dfe0b8 00007fff4134820e
0x000000c483dfded0:   000001cdb41aa6a0 0000000000000000
0x000000c483dfdee0:   000000c483dfe080 000001cdd3a6da20
0x000000c483dfdef0:   000001cdd3a82d48 0000000000000000
0x000000c483dfdf00:   61622e6100001008 000001cdd3a81d10
0x000000c483dfdf10:   000000c483dfe008 000000c483dfdf28
0x000000c483dfdf20:   000001cd00000000 0000000000000000
0x000000c483dfdf30:   0000000000000000 0000000001000000
0x000000c483dfdf40:   000001cdd3a454f0 000001cdd3a81d00
0x000000c483dfdf50:   000001cdd3a82d60 000001cdd3a89ce8
0x000000c483dfdf60:   00000000000083b0 000001cdd3ac0df0
0x000000c483dfdf70:   000001cdd3ac0df0 000001cdd3a45670
0x000000c483dfdf80:   000001cdd38add90 000001cdd38adda8
0x000000c483dfdf90:   000001cdd38ade78 00000000000000d8
0x000000c483dfdfa0:   000000c483dfe198 0000000000000000
0x000000c483dfdfb0:   0000000000000070 000001cdd3a81d00
0x000000c483dfdfc0:   0000000000000004 000001cdb41aa6a0
0x000000c483dfdfd0:   000000c483dfe080 000001cdd3a454f0
0x000000c483dfdfe0:   0000000000000020 00007fff4133f7d2
0x000000c483dfdff0:   000001cdd385ec01 0000000000000001
0x000000c483dfe000:   0000000000000001 0000000300000000
0x000000c483dfe010:   000001cdd3a454f0 000001cdd2eb1e68
0x000000c483dfe020:   000000c483dfe440 000001cdd385ec50
0x000000c483dfe030:   0000000000000000 00007fff4133f8cb
0x000000c483dfe040:   000000c483dfe148 0000000000000000
0x000000c483dfe050:   000001cdd3a81d00 000001cdd385ec50 

Instructions: (pc=0x00007fffe5c8c2c4)
0x00007fffe5c8c1c4:   00 00 03 72 2d 44 8b ce 48 8d 05 3d df 01 00 ba
0x00007fffe5c8c1d4:   2f 00 00 00 4e 8b 0c c8 48 8b 89 10 03 00 00 4c
0x00007fffe5c8c1e4:   8d 05 56 de 01 00 e8 51 4f ff ff 48 8b 0d ea 37
0x00007fffe5c8c1f4:   02 00 48 3b cb 74 68 f6 81 1c 03 00 00 10 74 5f
0x00007fffe5c8c204:   80 b9 19 03 00 00 02 72 56 4c 8b 8c 24 90 00 00
0x00007fffe5c8c214:   00 4c 8d 05 24 de 01 00 48 8b 89 10 03 00 00 ba
0x00007fffe5c8c224:   31 00 00 00 e8 13 4f ff ff eb 34 49 8b 0f 4c 8b
0x00007fffe5c8c234:   c3 48 8b d6 e8 f3 63 00 00 48 8b 84 24 b0 00 00
0x00007fffe5c8c244:   00 89 18 48 8b 0d 7a 4b 02 00 4c 8b c6 33 d2 ff
0x00007fffe5c8c254:   15 a7 4f 01 00 eb 08 a8 02 75 04 c6 47 40 01 b8
0x00007fffe5c8c264:   ff ff ff ff f0 0f c1 47 10 4c 8b b4 24 88 00 00
0x00007fffe5c8c274:   00 83 f8 01 75 42 48 8b 4f 18 48 81 c1 70 01 00
0x00007fffe5c8c284:   00 ff 15 1d 50 01 00 48 8b 0f 48 8b 47 08 48 89
0x00007fffe5c8c294:   08 48 89 41 08 48 8b 4f 18 48 81 c1 70 01 00 00
0x00007fffe5c8c2a4:   ff 15 06 50 01 00 48 8b 0d 17 4b 02 00 4c 8b c7
0x00007fffe5c8c2b4:   33 d2 ff 15 44 4f 01 00 48 8b 4d 20 48 8b 55 10
0x00007fffe5c8c2c4:   48 8b 01 48 8b 80 08 01 00 00 ff 15 0c 50 01 00
0x00007fffe5c8c2d4:   85 c0 74 40 48 8b 0d 01 37 02 00 48 8d 15 fa 36
0x00007fffe5c8c2e4:   02 00 48 3b ca 74 2d f6 81 1c 03 00 00 10 74 24
0x00007fffe5c8c2f4:   80 b9 19 03 00 00 03 72 1b 48 8b 89 10 03 00 00
0x00007fffe5c8c304:   4c 8d 05 35 dd 01 00 ba 15 00 00 00 44 8b c8 e8
0x00007fffe5c8c314:   68 4d ff ff 48 8b 6c 24 78 48 8b b4 24 80 00 00
0x00007fffe5c8c324:   00 48 83 c4 50 41 5f 5f 5b c3 cc cc 40 57 48 83
0x00007fffe5c8c334:   ec 30 f6 81 78 01 00 00 04 48 8b f9 0f 85 87 02
0x00007fffe5c8c344:   00 00 48 89 5c 24 40 45 33 c9 48 89 6c 24 48 33
0x00007fffe5c8c354:   d2 48 89 74 24 50 48 8b 71 20 45 8d 41 32 48 8b
0x00007fffe5c8c364:   ce 48 8b 06 48 8b 40 08 ff 15 6e 4f 01 00 48 8d
0x00007fffe5c8c374:   2d 67 36 02 00 85 c0 74 37 48 8b 0d 5c 36 02 00
0x00007fffe5c8c384:   48 3b cd 74 2b f6 81 1c 03 00 00 10 74 22 80 b9
0x00007fffe5c8c394:   19 03 00 00 02 72 19 48 8b 89 10 03 00 00 ba 11
0x00007fffe5c8c3a4:   00 00 00 89 44 24 20 44 8d 4a 21 e8 7c dc ff ff
0x00007fffe5c8c3b4:   48 8b 06 45 33 c9 33 d2 48 8b ce 48 8b 40 08 45 


Stack slot to memory mapping:

stack at sp + 0 slots: 0x000001cdd3a82d48 points into unknown readable memory: 0x74656e2f6176616a | 6a 61 76 61 2f 6e 65 74
stack at sp + 1 slots: 0x000001cdd3ac11b0 points into unknown readable memory: 0x00007fff4197dac0 | c0 da 97 41 ff 7f 00 00
stack at sp + 2 slots: 0x0000000000000021 is an unknown value
stack at sp + 3 slots: 0x0000000700000021 is an unknown value
stack at sp + 4 slots: 0x0 is null
stack at sp + 5 slots: 0x00000000ffffffff is an unknown value
stack at sp + 6 slots: 0x000001cdd2eb1e68 points into unknown readable memory: 0x616a0013cdaaffff | ff ff aa cd 13 00 6a 61
stack at sp + 7 slots: 0x000001cdb3baf8d0 points into unknown readable memory: 0x000001cdb3b26ec0 | c0 6e b2 b3 cd 01 00 00

invokestatic  184 invokestatic  [0x000001cdc3a098e0, 0x000001cdc3a09bc0]  736 bytes
[MachCode]
  0x000001cdc3a098e0: 4883 ec08 | c5fa 1104 | 24eb 1f48 | 83ec 10c5 | fb11 0424 | eb14 4883 | ec10 4889 | 0424 48c7 
  0x000001cdc3a09900: 4424 0800 | 0000 00eb | 0150 488b | 4dd0 410f | b755 0148 | 8b49 306b | d218 488d | 4c11 080f 
  0x000001cdc3a09920: b659 1681 | fbb8 0000 | 000f 84bd | 0000 00bb | b800 0000 | e805 0000 | 00e9 9900 | 0000 488b 
  0x000001cdc3a09940: d348 8d44 | 2408 4c89 | 6dc0 498b | cfc5 f877 | 4989 afb0 | 0300 0049 | 8987 a003 | 0000 4883 
  0x000001cdc3a09960: ec20 40f6 | c40f 0f84 | 1900 0000 | 4883 ec08 | 48b8 30ce | 1741 ff7f | 0000 ffd0 | 4883 c408 
  0x000001cdc3a09980: e90c 0000 | 0048 b830 | ce17 41ff | 7f00 00ff | d048 83c4 | 2049 c787 | a003 0000 | 0000 0000 
  0x000001cdc3a099a0: 49c7 87b0 | 0300 0000 | 0000 0049 | c787 a803 | 0000 0000 | 0000 c5f8 | 7749 837f | 0800 0f84 
  0x000001cdc3a099c0: 0500 0000 | e937 75fe | ff4c 8b6d | c04c 8b75 | c84e 8d74 | f500 c348 | 8b4d d041 | 0fb7 5501 
  0x000001cdc3a099e0: 488b 4930 | 6bd2 1848 | 8d4c 1108 | 488b 1948 | 8b5b 0848 | 8b5b 0848 | 8b5b 1880 | bb20 0100 
  0x000001cdc3a09a00: 0005 0f84 | 0d00 0000 | 4c3b bb30 | 0100 000f | 851a ffff | ff0f b651 | 1548 8b19 | 4c89 6dc0 
  0x000001cdc3a09a20: 448b ea0f | b651 1449 | ba00 b9a1 | 41ff 7f00 | 0049 8b14 | d252 418b | d54c 8b6d | c048 8b45 
  0x000001cdc3a09a40: d848 85c0 | 0f84 1200 | 0000 4883 | 4008 0148 | 8358 0800 | 4883 c010 | 4889 45d8 | 488b 45d8 
  0x000001cdc3a09a60: 4885 c00f | 843d 0100 | 0080 78f0 | 0a0f 8533 | 0100 0048 | 83c0 084c | 8b68 f841 | 83ed 0041 
  0x000001cdc3a09a80: 83fd 020f | 8c12 0100 | 004c 8b6b | 0845 0fb7 | 6d2e 4c2b | 2841 83ed | 014e 8b6c | ec08 4d85 
  0x000001cdc3a09aa0: ed75 0ef6 | 4008 0175 | 58f0 4883 | 4808 01eb | 5045 8b6d | 0849 ba00 | 0000 d4cd | 0100 004d 
  0x000001cdc3a09ac0: 03ea 4d8b | d54c 3368 | 0849 f7c5 | fcff ffff | 742f 41f6 | c502 7529 | 4883 7808 | 0074 1e48 
  0x000001cdc3a09ae0: 8378 0801 | 7417 4d8b | ea4c 3368 | 0849 f7c5 | fcff ffff | 740b 4883 | 4808 02eb | 044c 8968 
  0x000001cdc3a09b00: 0848 83c0 | 104c 8b68 | e841 83ed | 0241 83fd | 020f 8c84 | 0000 004c | 8b6b 0845 | 0fb7 6d2e 
  0x000001cdc3a09b20: 4c2b 2841 | 83ed 014e | 8b6c ec08 | 4d85 ed75 | 0ef6 4008 | 0175 58f0 | 4883 4808 | 01eb 5045 
  0x000001cdc3a09b40: 8b6d 0849 | ba00 0000 | d4cd 0100 | 004d 03ea | 4d8b d54c | 3368 0849 | f7c5 fcff | ffff 742f 
  0x000001cdc3a09b60: 41f6 c502 | 7529 4883 | 7808 0074 | 1e48 8378 | 0801 7417 | 4d8b ea4c | 3368 0849 | f7c5 fcff 
  0x000001cdc3a09b80: ffff 740b | 4883 4808 | 02eb 044c | 8968 0848 | 83c0 104c | 8b68 d841 | 83ed 0441 | c1e5 0349 
  0x000001cdc3a09ba0: 03c5 4889 | 45d8 4c8d | 6c24 0849 | 8bcd 482b | cd48 c1f9 | 0348 894d | f0ff 6350 | 0f1f 4000 
[/MachCode]

---------------  P R O C E S S  ---------------

Threads class SMR info:
_java_thread_list=0x000001cdd3ac5700, length=12, elements={
0x000001cdd384e0c0, 0x000001cdd384ec80, 0x000001cdd38508f0, 0x000001cdd3856ef0,
0x000001cdd3857950, 0x000001cdd38589c0, 0x000001cdd385a040, 0x000001cdd3861300,
0x000001cdd2f8be60, 0x000001cdd3a78e30, 0x000001cdd3ac0df0, 0x000001cdd3ad4870
}

Java Threads: ( => current thread )
  0x000001cdd384e0c0 JavaThread "Reference Handler"          daemon [_thread_blocked, id=19444, stack(0x000000c483300000,0x000000c483400000) (1024K)]
  0x000001cdd384ec80 JavaThread "Finalizer"                  daemon [_thread_blocked, id=21336, stack(0x000000c483400000,0x000000c483500000) (1024K)]
  0x000001cdd38508f0 JavaThread "Signal Dispatcher"          daemon [_thread_blocked, id=19160, stack(0x000000c483500000,0x000000c483600000) (1024K)]
  0x000001cdd3856ef0 JavaThread "Attach Listener"            daemon [_thread_blocked, id=21608, stack(0x000000c483600000,0x000000c483700000) (1024K)]
  0x000001cdd3857950 JavaThread "Service Thread"             daemon [_thread_blocked, id=20712, stack(0x000000c483700000,0x000000c483800000) (1024K)]
  0x000001cdd38589c0 JavaThread "Monitor Deflation Thread"   daemon [_thread_blocked, id=19232, stack(0x000000c483800000,0x000000c483900000) (1024K)]
  0x000001cdd385a040 JavaThread "C2 CompilerThread0"         daemon [_thread_blocked, id=6704, stack(0x000000c483900000,0x000000c483a00000) (1024K)]
  0x000001cdd3861300 JavaThread "C1 CompilerThread0"         daemon [_thread_blocked, id=20200, stack(0x000000c483a00000,0x000000c483b00000) (1024K)]
  0x000001cdd2f8be60 JavaThread "Common-Cleaner"             daemon [_thread_blocked, id=21036, stack(0x000000c483b00000,0x000000c483c00000) (1024K)]
  0x000001cdd3a78e30 JavaThread "C2 CompilerThread1"         daemon [_thread_blocked, id=5604, stack(0x000000c483c00000,0x000000c483d00000) (1024K)]
=>0x000001cdd3ac0df0 JavaThread "Monitor Ctrl-Break"         daemon [_thread_in_native, id=20968, stack(0x000000c483d00000,0x000000c483e00000) (1024K)]
  0x000001cdd3ad4870 JavaThread "Notification Thread"        daemon [_thread_blocked, id=22160, stack(0x000000c483e00000,0x000000c483f00000) (1024K)]
Total: 12

Other Threads:
  0x000001cdd2fa8c20 VMThread "VM Thread"                           [id=5052, stack(0x000000c483200000,0x000000c483300000) (1024K)] _threads_hazard_ptr=0x000001cdd3ac5700
  0x000001cdb4222eb0 WorkerThread "GC Thread#0"                     [id=8100, stack(0x000000c482c00000,0x000000c482d00000) (1024K)]
  0x000001cdb4233800 ConcurrentGCThread "G1 Main Marker"            terminated
  0x000001cdb42343e0 WorkerThread "G1 Conc#0"                       [id=19460, stack(0x000000c482e00000,0x000000c482f00000) (1024K)]
  0x000001cdd2e5cd30 ConcurrentGCThread "G1 Refine#0"               terminated
  0x000001cdd2e5d6c0 ConcurrentGCThread "G1 Service"                terminated
Total: 6

Threads with active compile tasks:
Total: 0

VM state: at safepoint (normal execution)

VM Mutex/Monitor currently owned by a thread:  ([mutex/lock_event])
[0x00007fff41a0bbb8] Threads_lock - owner thread: 0x000001cdd2fa8c20
[0x00007fff41a0bcb8] Heap_lock - owner thread: 0x000001cdb41b86c0

Heap address: 0x0000000705a00000, size: 4006 MB, Compressed Oops mode: Zero based, Oop shift amount: 3

CDS archive(s) mapped at: [0x000001cdd4000000-0x000001cdd4c50000-0x000001cdd4c50000), size 12910592, SharedBaseAddress: 0x000001cdd4000000, ArchiveRelocationMode: 1.
Compressed class space mapped at: 0x000001cdd5000000-0x000001ce15000000, reserved size: 1073741824
Narrow klass base: 0x000001cdd4000000, Narrow klass shift: 0, Narrow klass range: 0x41000000

GC Precious Log:
 CardTable entry size: 512
 Card Set container configuration: InlinePtr #cards 4 size 8 Array Of Cards #cards 16 size 48 Howl #buckets 8 coarsen threshold 3686 Howl Bitmap #cards 512 size 80 coarsen threshold 460 Card regions per heap region 1 cards per card region 4096
 CPUs: 12 total, 12 available
 Memory: 16016M
 Large Page Support: Disabled
 NUMA Support: Disabled
 Compressed Oops: Enabled (Zero based)
 Heap Region Size: 2M
 Heap Min Capacity: 8M
 Heap Initial Capacity: 252M
 Heap Max Capacity: 4006M
 Pre-touch: Disabled
 Parallel Workers: 10
 Concurrent Workers: 3
 Concurrent Refinement Workers: 10
 Periodic GC: Disabled

Heap:
 garbage-first heap   total reserved 4102144K, committed 258048K, used 2048K [0x0000000705a00000, 0x0000000800000000)
  region size 2048K, 2 young (4096K), 0 survivors (0K)
 Metaspace       used 659K, committed 832K, reserved 1114112K
  class space    used 36K, committed 128K, reserved 1048576K

Heap Regions: E=young(eden), S=young(survivor), O=old, HS=humongous(starts), HC=humongous(continues), CS=collection set, F=free, TAMS=top-at-mark-start, PB=parsable bottom
|   0|0x0000000705a00000, 0x0000000705a00000, 0x0000000705c00000|  0%| F|  |TAMS 0x0000000705a00000| PB 0x0000000705a00000| Untracked |  0
|   1|0x0000000705c00000, 0x0000000705c00000, 0x0000000705e00000|  0%| F|  |TAMS 0x0000000705c00000| PB 0x0000000705c00000| Untracked |  0
|   2|0x0000000705e00000, 0x0000000705e00000, 0x0000000706000000|  0%| F|  |TAMS 0x0000000705e00000| PB 0x0000000705e00000| Untracked |  0
|   3|0x0000000706000000, 0x0000000706000000, 0x0000000706200000|  0%| F|  |TAMS 0x0000000706000000| PB 0x0000000706000000| Untracked |  0
|   4|0x0000000706200000, 0x0000000706200000, 0x0000000706400000|  0%| F|  |TAMS 0x0000000706200000| PB 0x0000000706200000| Untracked |  0
|   5|0x0000000706400000, 0x0000000706400000, 0x0000000706600000|  0%| F|  |TAMS 0x0000000706400000| PB 0x0000000706400000| Untracked |  0
|   6|0x0000000706600000, 0x0000000706600000, 0x0000000706800000|  0%| F|  |TAMS 0x0000000706600000| PB 0x0000000706600000| Untracked |  0
|   7|0x0000000706800000, 0x0000000706800000, 0x0000000706a00000|  0%| F|  |TAMS 0x0000000706800000| PB 0x0000000706800000| Untracked |  0
|   8|0x0000000706a00000, 0x0000000706a00000, 0x0000000706c00000|  0%| F|  |TAMS 0x0000000706a00000| PB 0x0000000706a00000| Untracked |  0
|   9|0x0000000706c00000, 0x0000000706c00000, 0x0000000706e00000|  0%| F|  |TAMS 0x0000000706c00000| PB 0x0000000706c00000| Untracked |  0
|  10|0x0000000706e00000, 0x0000000706e00000, 0x0000000707000000|  0%| F|  |TAMS 0x0000000706e00000| PB 0x0000000706e00000| Untracked |  0
|  11|0x0000000707000000, 0x0000000707000000, 0x0000000707200000|  0%| F|  |TAMS 0x0000000707000000| PB 0x0000000707000000| Untracked |  0
|  12|0x0000000707200000, 0x0000000707200000, 0x0000000707400000|  0%| F|  |TAMS 0x0000000707200000| PB 0x0000000707200000| Untracked |  0
|  13|0x0000000707400000, 0x0000000707400000, 0x0000000707600000|  0%| F|  |TAMS 0x0000000707400000| PB 0x0000000707400000| Untracked |  0
|  14|0x0000000707600000, 0x0000000707600000, 0x0000000707800000|  0%| F|  |TAMS 0x0000000707600000| PB 0x0000000707600000| Untracked |  0
|  15|0x0000000707800000, 0x0000000707800000, 0x0000000707a00000|  0%| F|  |TAMS 0x0000000707800000| PB 0x0000000707800000| Untracked |  0
|  16|0x0000000707a00000, 0x0000000707a00000, 0x0000000707c00000|  0%| F|  |TAMS 0x0000000707a00000| PB 0x0000000707a00000| Untracked |  0
|  17|0x0000000707c00000, 0x0000000707c00000, 0x0000000707e00000|  0%| F|  |TAMS 0x0000000707c00000| PB 0x0000000707c00000| Untracked |  0
|  18|0x0000000707e00000, 0x0000000707e00000, 0x0000000708000000|  0%| F|  |TAMS 0x0000000707e00000| PB 0x0000000707e00000| Untracked |  0
|  19|0x0000000708000000, 0x0000000708000000, 0x0000000708200000|  0%| F|  |TAMS 0x0000000708000000| PB 0x0000000708000000| Untracked |  0
|  20|0x0000000708200000, 0x0000000708200000, 0x0000000708400000|  0%| F|  |TAMS 0x0000000708200000| PB 0x0000000708200000| Untracked |  0
|  21|0x0000000708400000, 0x0000000708400000, 0x0000000708600000|  0%| F|  |TAMS 0x0000000708400000| PB 0x0000000708400000| Untracked |  0
|  22|0x0000000708600000, 0x0000000708600000, 0x0000000708800000|  0%| F|  |TAMS 0x0000000708600000| PB 0x0000000708600000| Untracked |  0
|  23|0x0000000708800000, 0x0000000708800000, 0x0000000708a00000|  0%| F|  |TAMS 0x0000000708800000| PB 0x0000000708800000| Untracked |  0
|  24|0x0000000708a00000, 0x0000000708a00000, 0x0000000708c00000|  0%| F|  |TAMS 0x0000000708a00000| PB 0x0000000708a00000| Untracked |  0
|  25|0x0000000708c00000, 0x0000000708c00000, 0x0000000708e00000|  0%| F|  |TAMS 0x0000000708c00000| PB 0x0000000708c00000| Untracked |  0
|  26|0x0000000708e00000, 0x0000000708e00000, 0x0000000709000000|  0%| F|  |TAMS 0x0000000708e00000| PB 0x0000000708e00000| Untracked |  0
|  27|0x0000000709000000, 0x0000000709000000, 0x0000000709200000|  0%| F|  |TAMS 0x0000000709000000| PB 0x0000000709000000| Untracked |  0
|  28|0x0000000709200000, 0x0000000709200000, 0x0000000709400000|  0%| F|  |TAMS 0x0000000709200000| PB 0x0000000709200000| Untracked |  0
|  29|0x0000000709400000, 0x0000000709400000, 0x0000000709600000|  0%| F|  |TAMS 0x0000000709400000| PB 0x0000000709400000| Untracked |  0
|  30|0x0000000709600000, 0x0000000709600000, 0x0000000709800000|  0%| F|  |TAMS 0x0000000709600000| PB 0x0000000709600000| Untracked |  0
|  31|0x0000000709800000, 0x0000000709800000, 0x0000000709a00000|  0%| F|  |TAMS 0x0000000709800000| PB 0x0000000709800000| Untracked |  0
|  32|0x0000000709a00000, 0x0000000709a00000, 0x0000000709c00000|  0%| F|  |TAMS 0x0000000709a00000| PB 0x0000000709a00000| Untracked |  0
|  33|0x0000000709c00000, 0x0000000709c00000, 0x0000000709e00000|  0%| F|  |TAMS 0x0000000709c00000| PB 0x0000000709c00000| Untracked |  0
|  34|0x0000000709e00000, 0x0000000709e00000, 0x000000070a000000|  0%| F|  |TAMS 0x0000000709e00000| PB 0x0000000709e00000| Untracked |  0
|  35|0x000000070a000000, 0x000000070a000000, 0x000000070a200000|  0%| F|  |TAMS 0x000000070a000000| PB 0x000000070a000000| Untracked |  0
|  36|0x000000070a200000, 0x000000070a200000, 0x000000070a400000|  0%| F|  |TAMS 0x000000070a200000| PB 0x000000070a200000| Untracked |  0
|  37|0x000000070a400000, 0x000000070a400000, 0x000000070a600000|  0%| F|  |TAMS 0x000000070a400000| PB 0x000000070a400000| Untracked |  0
|  38|0x000000070a600000, 0x000000070a600000, 0x000000070a800000|  0%| F|  |TAMS 0x000000070a600000| PB 0x000000070a600000| Untracked |  0
|  39|0x000000070a800000, 0x000000070a800000, 0x000000070aa00000|  0%| F|  |TAMS 0x000000070a800000| PB 0x000000070a800000| Untracked |  0
|  40|0x000000070aa00000, 0x000000070aa00000, 0x000000070ac00000|  0%| F|  |TAMS 0x000000070aa00000| PB 0x000000070aa00000| Untracked |  0
|  41|0x000000070ac00000, 0x000000070ac00000, 0x000000070ae00000|  0%| F|  |TAMS 0x000000070ac00000| PB 0x000000070ac00000| Untracked |  0
|  42|0x000000070ae00000, 0x000000070ae00000, 0x000000070b000000|  0%| F|  |TAMS 0x000000070ae00000| PB 0x000000070ae00000| Untracked |  0
|  43|0x000000070b000000, 0x000000070b000000, 0x000000070b200000|  0%| F|  |TAMS 0x000000070b000000| PB 0x000000070b000000| Untracked |  0
|  44|0x000000070b200000, 0x000000070b200000, 0x000000070b400000|  0%| F|  |TAMS 0x000000070b200000| PB 0x000000070b200000| Untracked |  0
|  45|0x000000070b400000, 0x000000070b400000, 0x000000070b600000|  0%| F|  |TAMS 0x000000070b400000| PB 0x000000070b400000| Untracked |  0
|  46|0x000000070b600000, 0x000000070b600000, 0x000000070b800000|  0%| F|  |TAMS 0x000000070b600000| PB 0x000000070b600000| Untracked |  0
|  47|0x000000070b800000, 0x000000070b800000, 0x000000070ba00000|  0%| F|  |TAMS 0x000000070b800000| PB 0x000000070b800000| Untracked |  0
|  48|0x000000070ba00000, 0x000000070ba00000, 0x000000070bc00000|  0%| F|  |TAMS 0x000000070ba00000| PB 0x000000070ba00000| Untracked |  0
|  49|0x000000070bc00000, 0x000000070bc00000, 0x000000070be00000|  0%| F|  |TAMS 0x000000070bc00000| PB 0x000000070bc00000| Untracked |  0
|  50|0x000000070be00000, 0x000000070be00000, 0x000000070c000000|  0%| F|  |TAMS 0x000000070be00000| PB 0x000000070be00000| Untracked |  0
|  51|0x000000070c000000, 0x000000070c000000, 0x000000070c200000|  0%| F|  |TAMS 0x000000070c000000| PB 0x000000070c000000| Untracked |  0
|  52|0x000000070c200000, 0x000000070c200000, 0x000000070c400000|  0%| F|  |TAMS 0x000000070c200000| PB 0x000000070c200000| Untracked |  0
|  53|0x000000070c400000, 0x000000070c400000, 0x000000070c600000|  0%| F|  |TAMS 0x000000070c400000| PB 0x000000070c400000| Untracked |  0
|  54|0x000000070c600000, 0x000000070c600000, 0x000000070c800000|  0%| F|  |TAMS 0x000000070c600000| PB 0x000000070c600000| Untracked |  0
|  55|0x000000070c800000, 0x000000070c800000, 0x000000070ca00000|  0%| F|  |TAMS 0x000000070c800000| PB 0x000000070c800000| Untracked |  0
|  56|0x000000070ca00000, 0x000000070ca00000, 0x000000070cc00000|  0%| F|  |TAMS 0x000000070ca00000| PB 0x000000070ca00000| Untracked |  0
|  57|0x000000070cc00000, 0x000000070cc00000, 0x000000070ce00000|  0%| F|  |TAMS 0x000000070cc00000| PB 0x000000070cc00000| Untracked |  0
|  58|0x000000070ce00000, 0x000000070ce00000, 0x000000070d000000|  0%| F|  |TAMS 0x000000070ce00000| PB 0x000000070ce00000| Untracked |  0
|  59|0x000000070d000000, 0x000000070d000000, 0x000000070d200000|  0%| F|  |TAMS 0x000000070d000000| PB 0x000000070d000000| Untracked |  0
|  60|0x000000070d200000, 0x000000070d200000, 0x000000070d400000|  0%| F|  |TAMS 0x000000070d200000| PB 0x000000070d200000| Untracked |  0
|  61|0x000000070d400000, 0x000000070d400000, 0x000000070d600000|  0%| F|  |TAMS 0x000000070d400000| PB 0x000000070d400000| Untracked |  0
|  62|0x000000070d600000, 0x000000070d600000, 0x000000070d800000|  0%| F|  |TAMS 0x000000070d600000| PB 0x000000070d600000| Untracked |  0
|  63|0x000000070d800000, 0x000000070d800000, 0x000000070da00000|  0%| F|  |TAMS 0x000000070d800000| PB 0x000000070d800000| Untracked |  0
|  64|0x000000070da00000, 0x000000070da00000, 0x000000070dc00000|  0%| F|  |TAMS 0x000000070da00000| PB 0x000000070da00000| Untracked |  0
|  65|0x000000070dc00000, 0x000000070dc00000, 0x000000070de00000|  0%| F|  |TAMS 0x000000070dc00000| PB 0x000000070dc00000| Untracked |  0
|  66|0x000000070de00000, 0x000000070de00000, 0x000000070e000000|  0%| F|  |TAMS 0x000000070de00000| PB 0x000000070de00000| Untracked |  0
|  67|0x000000070e000000, 0x000000070e000000, 0x000000070e200000|  0%| F|  |TAMS 0x000000070e000000| PB 0x000000070e000000| Untracked |  0
|  68|0x000000070e200000, 0x000000070e200000, 0x000000070e400000|  0%| F|  |TAMS 0x000000070e200000| PB 0x000000070e200000| Untracked |  0
|  69|0x000000070e400000, 0x000000070e400000, 0x000000070e600000|  0%| F|  |TAMS 0x000000070e400000| PB 0x000000070e400000| Untracked |  0
|  70|0x000000070e600000, 0x000000070e600000, 0x000000070e800000|  0%| F|  |TAMS 0x000000070e600000| PB 0x000000070e600000| Untracked |  0
|  71|0x000000070e800000, 0x000000070e800000, 0x000000070ea00000|  0%| F|  |TAMS 0x000000070e800000| PB 0x000000070e800000| Untracked |  0
|  72|0x000000070ea00000, 0x000000070ea00000, 0x000000070ec00000|  0%| F|  |TAMS 0x000000070ea00000| PB 0x000000070ea00000| Untracked |  0
|  73|0x000000070ec00000, 0x000000070ec00000, 0x000000070ee00000|  0%| F|  |TAMS 0x000000070ec00000| PB 0x000000070ec00000| Untracked |  0
|  74|0x000000070ee00000, 0x000000070ee00000, 0x000000070f000000|  0%| F|  |TAMS 0x000000070ee00000| PB 0x000000070ee00000| Untracked |  0
|  75|0x000000070f000000, 0x000000070f000000, 0x000000070f200000|  0%| F|  |TAMS 0x000000070f000000| PB 0x000000070f000000| Untracked |  0
|  76|0x000000070f200000, 0x000000070f200000, 0x000000070f400000|  0%| F|  |TAMS 0x000000070f200000| PB 0x000000070f200000| Untracked |  0
|  77|0x000000070f400000, 0x000000070f400000, 0x000000070f600000|  0%| F|  |TAMS 0x000000070f400000| PB 0x000000070f400000| Untracked |  0
|  78|0x000000070f600000, 0x000000070f600000, 0x000000070f800000|  0%| F|  |TAMS 0x000000070f600000| PB 0x000000070f600000| Untracked |  0
|  79|0x000000070f800000, 0x000000070f800000, 0x000000070fa00000|  0%| F|  |TAMS 0x000000070f800000| PB 0x000000070f800000| Untracked |  0
|  80|0x000000070fa00000, 0x000000070fa00000, 0x000000070fc00000|  0%| F|  |TAMS 0x000000070fa00000| PB 0x000000070fa00000| Untracked |  0
|  81|0x000000070fc00000, 0x000000070fc00000, 0x000000070fe00000|  0%| F|  |TAMS 0x000000070fc00000| PB 0x000000070fc00000| Untracked |  0
|  82|0x000000070fe00000, 0x000000070fe00000, 0x0000000710000000|  0%| F|  |TAMS 0x000000070fe00000| PB 0x000000070fe00000| Untracked |  0
|  83|0x0000000710000000, 0x0000000710000000, 0x0000000710200000|  0%| F|  |TAMS 0x0000000710000000| PB 0x0000000710000000| Untracked |  0
|  84|0x0000000710200000, 0x0000000710200000, 0x0000000710400000|  0%| F|  |TAMS 0x0000000710200000| PB 0x0000000710200000| Untracked |  0
|  85|0x0000000710400000, 0x0000000710400000, 0x0000000710600000|  0%| F|  |TAMS 0x0000000710400000| PB 0x0000000710400000| Untracked |  0
|  86|0x0000000710600000, 0x0000000710600000, 0x0000000710800000|  0%| F|  |TAMS 0x0000000710600000| PB 0x0000000710600000| Untracked |  0
|  87|0x0000000710800000, 0x0000000710800000, 0x0000000710a00000|  0%| F|  |TAMS 0x0000000710800000| PB 0x0000000710800000| Untracked |  0
|  88|0x0000000710a00000, 0x0000000710a00000, 0x0000000710c00000|  0%| F|  |TAMS 0x0000000710a00000| PB 0x0000000710a00000| Untracked |  0
|  89|0x0000000710c00000, 0x0000000710c00000, 0x0000000710e00000|  0%| F|  |TAMS 0x0000000710c00000| PB 0x0000000710c00000| Untracked |  0
|  90|0x0000000710e00000, 0x0000000710e00000, 0x0000000711000000|  0%| F|  |TAMS 0x0000000710e00000| PB 0x0000000710e00000| Untracked |  0
|  91|0x0000000711000000, 0x0000000711000000, 0x0000000711200000|  0%| F|  |TAMS 0x0000000711000000| PB 0x0000000711000000| Untracked |  0
|  92|0x0000000711200000, 0x0000000711200000, 0x0000000711400000|  0%| F|  |TAMS 0x0000000711200000| PB 0x0000000711200000| Untracked |  0
|  93|0x0000000711400000, 0x0000000711400000, 0x0000000711600000|  0%| F|  |TAMS 0x0000000711400000| PB 0x0000000711400000| Untracked |  0
|  94|0x0000000711600000, 0x0000000711600000, 0x0000000711800000|  0%| F|  |TAMS 0x0000000711600000| PB 0x0000000711600000| Untracked |  0
|  95|0x0000000711800000, 0x0000000711800000, 0x0000000711a00000|  0%| F|  |TAMS 0x0000000711800000| PB 0x0000000711800000| Untracked |  0
|  96|0x0000000711a00000, 0x0000000711a00000, 0x0000000711c00000|  0%| F|  |TAMS 0x0000000711a00000| PB 0x0000000711a00000| Untracked |  0
|  97|0x0000000711c00000, 0x0000000711c00000, 0x0000000711e00000|  0%| F|  |TAMS 0x0000000711c00000| PB 0x0000000711c00000| Untracked |  0
|  98|0x0000000711e00000, 0x0000000711e00000, 0x0000000712000000|  0%| F|  |TAMS 0x0000000711e00000| PB 0x0000000711e00000| Untracked |  0
|  99|0x0000000712000000, 0x0000000712000000, 0x0000000712200000|  0%| F|  |TAMS 0x0000000712000000| PB 0x0000000712000000| Untracked |  0
| 100|0x0000000712200000, 0x0000000712200000, 0x0000000712400000|  0%| F|  |TAMS 0x0000000712200000| PB 0x0000000712200000| Untracked |  0
| 101|0x0000000712400000, 0x0000000712400000, 0x0000000712600000|  0%| F|  |TAMS 0x0000000712400000| PB 0x0000000712400000| Untracked |  0
| 102|0x0000000712600000, 0x0000000712600000, 0x0000000712800000|  0%| F|  |TAMS 0x0000000712600000| PB 0x0000000712600000| Untracked |  0
| 103|0x0000000712800000, 0x0000000712800000, 0x0000000712a00000|  0%| F|  |TAMS 0x0000000712800000| PB 0x0000000712800000| Untracked |  0
| 104|0x0000000712a00000, 0x0000000712a00000, 0x0000000712c00000|  0%| F|  |TAMS 0x0000000712a00000| PB 0x0000000712a00000| Untracked |  0
| 105|0x0000000712c00000, 0x0000000712c00000, 0x0000000712e00000|  0%| F|  |TAMS 0x0000000712c00000| PB 0x0000000712c00000| Untracked |  0
| 106|0x0000000712e00000, 0x0000000712e00000, 0x0000000713000000|  0%| F|  |TAMS 0x0000000712e00000| PB 0x0000000712e00000| Untracked |  0
| 107|0x0000000713000000, 0x0000000713000000, 0x0000000713200000|  0%| F|  |TAMS 0x0000000713000000| PB 0x0000000713000000| Untracked |  0
| 108|0x0000000713200000, 0x0000000713200000, 0x0000000713400000|  0%| F|  |TAMS 0x0000000713200000| PB 0x0000000713200000| Untracked |  0
| 109|0x0000000713400000, 0x0000000713400000, 0x0000000713600000|  0%| F|  |TAMS 0x0000000713400000| PB 0x0000000713400000| Untracked |  0
| 110|0x0000000713600000, 0x0000000713600000, 0x0000000713800000|  0%| F|  |TAMS 0x0000000713600000| PB 0x0000000713600000| Untracked |  0
| 111|0x0000000713800000, 0x0000000713800000, 0x0000000713a00000|  0%| F|  |TAMS 0x0000000713800000| PB 0x0000000713800000| Untracked |  0
| 112|0x0000000713a00000, 0x0000000713a00000, 0x0000000713c00000|  0%| F|  |TAMS 0x0000000713a00000| PB 0x0000000713a00000| Untracked |  0
| 113|0x0000000713c00000, 0x0000000713c00000, 0x0000000713e00000|  0%| F|  |TAMS 0x0000000713c00000| PB 0x0000000713c00000| Untracked |  0
| 114|0x0000000713e00000, 0x0000000713e00000, 0x0000000714000000|  0%| F|  |TAMS 0x0000000713e00000| PB 0x0000000713e00000| Untracked |  0
| 115|0x0000000714000000, 0x0000000714000000, 0x0000000714200000|  0%| F|  |TAMS 0x0000000714000000| PB 0x0000000714000000| Untracked |  0
| 116|0x0000000714200000, 0x0000000714200000, 0x0000000714400000|  0%| F|  |TAMS 0x0000000714200000| PB 0x0000000714200000| Untracked |  0
| 117|0x0000000714400000, 0x0000000714400000, 0x0000000714600000|  0%| F|  |TAMS 0x0000000714400000| PB 0x0000000714400000| Untracked |  0
| 118|0x0000000714600000, 0x0000000714600000, 0x0000000714800000|  0%| F|  |TAMS 0x0000000714600000| PB 0x0000000714600000| Untracked |  0
| 119|0x0000000714800000, 0x0000000714800000, 0x0000000714a00000|  0%| F|  |TAMS 0x0000000714800000| PB 0x0000000714800000| Untracked |  0
| 120|0x0000000714a00000, 0x0000000714a00000, 0x0000000714c00000|  0%| F|  |TAMS 0x0000000714a00000| PB 0x0000000714a00000| Untracked |  0
| 121|0x0000000714c00000, 0x0000000714c00000, 0x0000000714e00000|  0%| F|  |TAMS 0x0000000714c00000| PB 0x0000000714c00000| Untracked |  0
| 122|0x0000000714e00000, 0x0000000714e00000, 0x0000000715000000|  0%| F|  |TAMS 0x0000000714e00000| PB 0x0000000714e00000| Untracked |  0
| 123|0x0000000715000000, 0x0000000715000000, 0x0000000715200000|  0%| F|  |TAMS 0x0000000715000000| PB 0x0000000715000000| Untracked |  0
| 124|0x0000000715200000, 0x0000000715400000, 0x0000000715400000|100%| E|  |TAMS 0x0000000715200000| PB 0x0000000715200000| Complete |  0
| 125|0x0000000715400000, 0x0000000715600000, 0x0000000715600000|100%| E|CS|TAMS 0x0000000715400000| PB 0x0000000715400000| Complete |  0

Card table byte_map: [0x000001cdcc410000,0x000001cdccbf0000] _byte_map_base: 0x000001cdc8be3000

Marking Bits: (CMBitMap*) 0x000001cdb42234d0
 Bits: [0x000001cdccbf0000, 0x000001cdd0a88000)

Polling page: 0x000001cdb3940000

Metaspace:

Usage:
  Non-class:    622.92 KB used.
      Class:     36.48 KB used.
       Both:    659.41 KB used.

Virtual space:
  Non-class space:       64.00 MB reserved,     704.00 KB (  1%) committed,  1 nodes.
      Class space:        1.00 GB reserved,     128.00 KB ( <1%) committed,  1 nodes.
             Both:        1.06 GB reserved,     832.00 KB ( <1%) committed. 

Chunk freelists:
   Non-Class:  11.96 MB
       Class:  15.73 MB
        Both:  27.70 MB

MaxMetaspaceSize: unlimited
CompressedClassSpaceSize: 1.00 GB
Initial GC threshold: 21.00 MB
Current GC threshold: 21.00 MB
CDS: on
 - commit_granule_bytes: 65536.
 - commit_granule_words: 8192.
 - virtual_space_node_default_size: 8388608.
 - enlarge_chunks_in_place: 1.
 - use_allocation_guard: 0.


Internal statistics:

num_allocs_failed_limit: 0.
num_arena_births: 22.
num_arena_deaths: 0.
num_vsnodes_births: 2.
num_vsnodes_deaths: 0.
num_space_committed: 13.
num_space_uncommitted: 0.
num_chunks_returned_to_freelist: 0.
num_chunks_taken_from_freelist: 28.
num_chunk_merges: 0.
num_chunk_splits: 18.
num_chunks_enlarged: 10.
num_inconsistent_stats: 0.

CodeHeap 'non-profiled nmethods': size=120000Kb used=70Kb max_used=70Kb free=119929Kb
 bounds [0x000001cdc3f90000, 0x000001cdc4200000, 0x000001cdcb4c0000]
CodeHeap 'profiled nmethods': size=120000Kb used=224Kb max_used=224Kb free=119775Kb
 bounds [0x000001cdbc4c0000, 0x000001cdbc730000, 0x000001cdc39f0000]
CodeHeap 'non-nmethods': size=5760Kb used=1293Kb max_used=1293Kb free=4466Kb
 bounds [0x000001cdc39f0000, 0x000001cdc3c60000, 0x000001cdc3f90000]
 total_blobs=621 nmethods=214 adapters=312
 compilation: enabled
              stopped_count=0, restarted_count=0
 full_count=0

Compilation events (20 events):
Event: 0.095 Thread 0x000001cdd3861300  207       3       java.lang.AbstractStringBuilder::append (77 bytes)
Event: 0.095 Thread 0x000001cdd3861300 nmethod 207 0x000001cdbc4f4690 code [0x000001cdbc4f48a0, 0x000001cdbc4f4f50]
Event: 0.095 Thread 0x000001cdd3861300  202       3       jdk.internal.org.objectweb.asm.ByteVector::putByte (39 bytes)
Event: 0.095 Thread 0x000001cdd3861300 nmethod 202 0x000001cdbc4f5210 code [0x000001cdbc4f53c0, 0x000001cdbc4f55a8]
Event: 0.095 Thread 0x000001cdd3861300  208       3       java.lang.StringBuilder::append (8 bytes)
Event: 0.095 Thread 0x000001cdd3861300 nmethod 208 0x000001cdbc4f5710 code [0x000001cdbc4f58c0, 0x000001cdbc4f5a10]
Event: 0.095 Thread 0x000001cdd3861300  209       3       java.lang.AbstractStringBuilder::append (45 bytes)
Event: 0.096 Thread 0x000001cdd3861300 nmethod 209 0x000001cdbc4f5a90 code [0x000001cdbc4f5ca0, 0x000001cdbc4f61d0]
Event: 0.096 Thread 0x000001cdd3861300  203       1       java.lang.invoke.MethodTypeForm::parameterSlotCount (5 bytes)
Event: 0.096 Thread 0x000001cdd3861300 nmethod 203 0x000001cdc3fa1410 code [0x000001cdc3fa15a0, 0x000001cdc3fa1668]
Event: 0.096 Thread 0x000001cdd3861300  210       1       java.lang.invoke.MethodTypeForm::erasedType (5 bytes)
Event: 0.096 Thread 0x000001cdd3861300 nmethod 210 0x000001cdc3fa1710 code [0x000001cdc3fa18a0, 0x000001cdc3fa1970]
Event: 0.101 Thread 0x000001cdd3861300  211       3       java.lang.invoke.MethodType::checkPtypes (76 bytes)
Event: 0.102 Thread 0x000001cdd3861300 nmethod 211 0x000001cdbc4f6410 code [0x000001cdbc4f66a0, 0x000001cdbc4f7130]
Event: 0.102 Thread 0x000001cdd3861300  212       3       java.lang.System::getSecurityManager (12 bytes)
Event: 0.102 Thread 0x000001cdd3861300 nmethod 212 0x000001cdbc4f7590 code [0x000001cdbc4f7720, 0x000001cdbc4f7890]
Event: 0.108 Thread 0x000001cdd3861300  213       3       java.lang.StringUTF16::getChar (60 bytes)
Event: 0.108 Thread 0x000001cdd3861300 nmethod 213 0x000001cdbc4f7910 code [0x000001cdbc4f7aa0, 0x000001cdbc4f7c10]
Event: 0.108 Thread 0x000001cdd3861300  214       3       java.lang.String::indexOf (7 bytes)
Event: 0.108 Thread 0x000001cdd3861300 nmethod 214 0x000001cdbc4f7d10 code [0x000001cdbc4f7ec0, 0x000001cdbc4f8000]

GC Heap History (0 events):
No events

Dll operation events (8 events):
Event: 0.021 Loaded shared library C:\Users\saimouli.maruvada\.jdks\openjdk-22.0.1\bin\java.dll
Event: 0.048 Loaded shared library C:\Users\saimouli.maruvada\.jdks\openjdk-22.0.1\bin\jsvml.dll
Event: 0.075 Loaded shared library C:\Users\saimouli.maruvada\.jdks\openjdk-22.0.1\bin\zip.dll
Event: 0.078 Loaded shared library C:\Users\saimouli.maruvada\.jdks\openjdk-22.0.1\bin\instrument.dll
Event: 0.084 Loaded shared library C:\Users\saimouli.maruvada\.jdks\openjdk-22.0.1\bin\net.dll
Event: 0.088 Loaded shared library C:\Users\saimouli.maruvada\.jdks\openjdk-22.0.1\bin\nio.dll
Event: 0.092 Loaded shared library C:\Users\saimouli.maruvada\.jdks\openjdk-22.0.1\bin\zip.dll
Event: 0.099 Loaded shared library C:\Program Files\JetBrains\IntelliJ IDEA Community Edition 2024.1.1\bin\breakgen64.dll

Deoptimization events (4 events):
Event: 0.108 Thread 0x000001cdb41b86c0 Uncommon trap: trap_request=0xffffff45 fr.pc=0x000001cdc3fa0c64 relative=0x00000000000000c4
Event: 0.108 Thread 0x000001cdb41b86c0 Uncommon trap: reason=unstable_if action=reinterpret pc=0x000001cdc3fa0c64 method=java.lang.String.isLatin1()Z @ 10 c2
Event: 0.108 Thread 0x000001cdb41b86c0 DEOPT PACKING pc=0x000001cdc3fa0c64 sp=0x000000c482bff240
Event: 0.108 Thread 0x000001cdb41b86c0 DEOPT UNPACKING pc=0x000001cdc3a446a2 sp=0x000000c482bff180 mode 2

Classes loaded (20 events):
Event: 0.101 Loading class java/lang/invoke/VarHandleInts$FieldInstanceReadOnly
Event: 0.101 Loading class java/lang/invoke/VarHandleInts$FieldInstanceReadOnly done
Event: 0.101 Loading class java/lang/invoke/VarHandleInts$FieldInstanceReadWrite done
Event: 0.101 Loading class java/net/InetSocketAddress
Event: 0.103 Loading class java/lang/WeakPairMap$Pair$Weak
Event: 0.103 Loading class java/lang/WeakPairMap$WeakRefPeer
Event: 0.103 Loading class java/lang/WeakPairMap$WeakRefPeer done
Event: 0.103 Loading class java/lang/WeakPairMap$Pair$Weak done
Event: 0.103 Loading class java/lang/WeakPairMap$Pair$Weak$1
Event: 0.103 Loading class java/lang/WeakPairMap$Pair$Weak$1 done
Event: 0.107 Loading class java/net/SocketAddress
Event: 0.107 Loading class java/net/SocketAddress done
Event: 0.107 Loading class java/net/InetSocketAddress done
Event: 0.107 Loading class jdk/internal/vm/PostVMInitHook
Event: 0.107 Loading class jdk/internal/vm/PostVMInitHook done
Event: 0.108 Loading class jdk/internal/loader/URLClassPath$FileLoader$1
Event: 0.108 Loading class jdk/internal/loader/URLClassPath$FileLoader$1 done
Event: 0.109 Loading class java/net/InetSocketAddress$InetSocketAddressHolder
Event: 0.109 Loading class java/net/InetSocketAddress$InetSocketAddressHolder done
Event: 0.109 Loading class java/net/SocketImpl

Classes unloaded (0 events):
No events

Classes redefined (4 events):
Event: 0.103 Thread 0x000001cdd2fa8c20 redefined class name=java.io.FileOutputStream, count=1
Event: 0.105 Thread 0x000001cdd2fa8c20 redefined class name=java.nio.file.Files, count=1
Event: 0.106 Thread 0x000001cdd2fa8c20 redefined class name=java.io.File, count=1
Event: 0.107 Thread 0x000001cdd2fa8c20 redefined class name=java.net.URLStreamHandler, count=1

Internal exceptions (2 events):
Event: 0.092 Thread 0x000001cdb41b86c0 Exception <a 'java/lang/NoSuchMethodError'{0x0000000715325940}: 'void java.lang.invoke.DirectMethodHandle$Holder.invokeStatic(java.lang.Object, java.lang.Object, java.lang.Object)'> (0x0000000715325940) 
thrown [s\open\src\hotspot\share\interpreter\linkResolver.cpp, line 774]
Event: 0.095 Thread 0x000001cdb41b86c0 Exception <a 'java/lang/NoSuchMethodError'{0x000000071533d3d8}: 'java.lang.Object java.lang.invoke.Invokers$Holder.invokeExact_MT(java.lang.Object, java.lang.Object, java.lang.Object, java.lang.Object, java.lang.Object)'> (0x000000071533d3d8) 
thrown [s\open\src\hotspot\share\interpreter\linkResolver.cpp, line 774]

ZGC Phase Switch (0 events):
No events

VM Operations (10 events):
Event: 0.063 Executing VM operation: HandshakeAllThreads (Deoptimize)
Event: 0.063 Executing VM operation: HandshakeAllThreads (Deoptimize) done
Event: 0.103 Executing VM operation: RedefineClasses
Event: 0.104 Executing VM operation: RedefineClasses done
Event: 0.105 Executing VM operation: RedefineClasses
Event: 0.105 Executing VM operation: RedefineClasses done
Event: 0.106 Executing VM operation: RedefineClasses
Event: 0.106 Executing VM operation: RedefineClasses done
Event: 0.106 Executing VM operation: RedefineClasses
Event: 0.107 Executing VM operation: RedefineClasses done

Events (16 events):
Event: 0.031 Thread 0x000001cdb41b86c0 Thread added: 0x000001cdb41b86c0
Event: 0.043 Thread 0x000001cdd384e0c0 Thread added: 0x000001cdd384e0c0
Event: 0.043 Thread 0x000001cdd384ec80 Thread added: 0x000001cdd384ec80
Event: 0.043 Thread 0x000001cdd38508f0 Thread added: 0x000001cdd38508f0
Event: 0.043 Thread 0x000001cdd3856ef0 Thread added: 0x000001cdd3856ef0
Event: 0.043 Thread 0x000001cdd3857950 Thread added: 0x000001cdd3857950
Event: 0.043 Thread 0x000001cdd38589c0 Thread added: 0x000001cdd38589c0
Event: 0.043 Thread 0x000001cdd385a040 Thread added: 0x000001cdd385a040
Event: 0.043 Thread 0x000001cdd3861300 Thread added: 0x000001cdd3861300
Event: 0.060 Thread 0x000001cdd2f8be60 Thread added: 0x000001cdd2f8be60
Event: 0.070 Thread 0x000001cdd3a78e30 Thread added: 0x000001cdd3a78e30
Event: 0.100 Thread 0x000001cdd3ac0df0 Thread added: 0x000001cdd3ac0df0
Event: 0.107 Thread 0x000001cdd3ad4870 Thread added: 0x000001cdd3ad4870
Event: 0.109 Thread 0x000001cdb41b86c0 Thread exited: 0x000001cdb41b86c0
Event: 0.109 Thread 0x000001cdb41b86c0 Thread added: 0x000001cdb41b86c0
Event: 0.109 Thread 0x000001cdb41b86c0 Thread exited: 0x000001cdb41b86c0


Dynamic libraries:
0x00007ff670e70000 - 0x00007ff670e7e000 	C:\Users\saimouli.maruvada\.jdks\openjdk-22.0.1\bin\java.exe
0x00007fffe6470000 - 0x00007fffe6668000 	C:\Windows\SYSTEM32\ntdll.dll
0x00007fffe61d0000 - 0x00007fffe628d000 	C:\Windows\System32\KERNEL32.DLL
0x00007fffe5ed0000 - 0x00007fffe61c6000 	C:\Windows\System32\KERNELBASE.dll
0x000000007e9d0000 - 0x000000007ea0c000 	C:\Windows\System32\cyinjct.dll
0x00007fffe5d50000 - 0x00007fffe5d59000 	C:\Windows\System32\ntnativeapi.dll
0x00007fffdce10000 - 0x00007fffdce27000 	C:\Users\saimouli.maruvada\.jdks\openjdk-22.0.1\bin\jli.dll
0x000001cdb1bd0000 - 0x000001cdb1d6f000 	C:\Windows\System32\USER32.dll
0x00007fffe3d70000 - 0x00007fffe3d92000 	C:\Windows\System32\win32u.dll
0x00007fffe5ba0000 - 0x00007fffe5bcb000 	C:\Windows\System32\GDI32.dll
0x00007fffe3a10000 - 0x00007fffe3b27000 	C:\Windows\System32\gdi32full.dll
0x00007fffe3ea0000 - 0x00007fffe3f3d000 	C:\Windows\System32\msvcp_win.dll
0x000001cdb1d70000 - 0x000001cdb1e70000 	C:\Windows\System32\ucrtbase.dll
0x00007fffdbcc0000 - 0x00007fffdbcdb000 	C:\Users\saimouli.maruvada\.jdks\openjdk-22.0.1\bin\VCRUNTIME140.dll
0x00007fffe3090000 - 0x00007fffe332a000 	C:\Windows\WinSxS\amd64_microsoft.windows.common-controls_6595b64144ccf1df_6.0.19041.4355_none_60b8b9eb71f62e16\COMCTL32.dll
0x00007fffe58c0000 - 0x00007fffe595e000 	C:\Windows\System32\msvcrt.dll
0x00007fffe5d30000 - 0x00007fffe5d4e000 	C:\Windows\System32\cyvera.dll
0x00007fffe5cc0000 - 0x00007fffe5d30000 	C:\Windows\System32\cyvrtrap.dll
0x00007fffe4090000 - 0x00007fffe40bf000 	C:\Windows\System32\IMM32.DLL
0x000000005e470000 - 0x000000005e4e2000 	C:\Windows\System32\QIPCAP64.dll
0x00007fffe4600000 - 0x00007fffe4d6c000 	C:\Windows\System32\SHELL32.dll
0x00007fffe56e0000 - 0x00007fffe5790000 	C:\Windows\System32\ADVAPI32.dll
0x00007fffe40c0000 - 0x00007fffe4160000 	C:\Windows\System32\sechost.dll
0x00007fffe5da0000 - 0x00007fffe5ec3000 	C:\Windows\System32\RPCRT4.dll
0x00007fffe3d40000 - 0x00007fffe3d67000 	C:\Windows\System32\bcrypt.dll
0x00007fffe2780000 - 0x00007fffe284a000 	C:\Windows\SYSTEM32\DNSAPI.dll
0x00007fffe2730000 - 0x00007fffe276b000 	C:\Windows\SYSTEM32\IPHLPAPI.DLL
0x00007fffe5960000 - 0x00007fffe5968000 	C:\Windows\System32\NSI.dll
0x00007fffdcda0000 - 0x00007fffdcdac000 	C:\Users\saimouli.maruvada\.jdks\openjdk-22.0.1\bin\vcruntime140_1.dll
0x00007fffc3270000 - 0x00007fffc32fe000 	C:\Users\saimouli.maruvada\.jdks\openjdk-22.0.1\bin\msvcp140.dll
0x00007fff40da0000 - 0x00007fff41ae7000 	C:\Users\saimouli.maruvada\.jdks\openjdk-22.0.1\bin\server\jvm.dll
0x00007fffe4f90000 - 0x00007fffe4ffb000 	C:\Windows\System32\WS2_32.dll
0x00007fffe3600000 - 0x00007fffe364b000 	C:\Windows\SYSTEM32\POWRPROF.dll
0x00007fffd7760000 - 0x00007fffd7787000 	C:\Windows\SYSTEM32\WINMM.dll
0x00007fffe1540000 - 0x00007fffe154a000 	C:\Windows\SYSTEM32\VERSION.dll
0x00007fffe3330000 - 0x00007fffe3342000 	C:\Windows\SYSTEM32\UMPDC.dll
0x00007fffe13e0000 - 0x00007fffe13f2000 	C:\Windows\SYSTEM32\kernel.appcore.dll
0x00007fffdc220000 - 0x00007fffdc22a000 	C:\Users\saimouli.maruvada\.jdks\openjdk-22.0.1\bin\jimage.dll
0x00007fffe3390000 - 0x00007fffe3574000 	C:\Windows\SYSTEM32\DBGHELP.DLL
0x00007fffe3350000 - 0x00007fffe3384000 	C:\Windows\SYSTEM32\dbgcore.DLL
0x00007fffe4000000 - 0x00007fffe4082000 	C:\Windows\System32\bcryptPrimitives.dll
0x00007fffdbd80000 - 0x00007fffdbd8f000 	C:\Users\saimouli.maruvada\.jdks\openjdk-22.0.1\bin\instrument.dll
0x00007fffce930000 - 0x00007fffce94e000 	C:\Users\saimouli.maruvada\.jdks\openjdk-22.0.1\bin\java.dll
0x00007fffe5790000 - 0x00007fffe58bb000 	C:\Windows\System32\ole32.dll
0x00007fffe4240000 - 0x00007fffe4593000 	C:\Windows\System32\combase.dll
0x00007fffe5c80000 - 0x00007fffe5cb7000 	C:\Program Files\Palo Alto Networks\Traps\cyjagent.dll
0x00007fffe0510000 - 0x00007fffe0cad000 	C:\Windows\SYSTEM32\windows.storage.dll
0x00007fffe2c90000 - 0x00007fffe2cbe000 	C:\Windows\SYSTEM32\Wldp.dll
0x00007fffe4160000 - 0x00007fffe422d000 	C:\Windows\System32\OLEAUT32.dll
0x00007fffe5bd0000 - 0x00007fffe5c7d000 	C:\Windows\System32\SHCORE.dll
0x00007fffe4d70000 - 0x00007fffe4dc5000 	C:\Windows\System32\shlwapi.dll
0x00007fffe3940000 - 0x00007fffe3964000 	C:\Windows\SYSTEM32\profapi.dll
0x00007fff79020000 - 0x00007fff790f7000 	C:\Users\saimouli.maruvada\.jdks\openjdk-22.0.1\bin\jsvml.dll
0x00007fffc5690000 - 0x00007fffc56a7000 	C:\Users\saimouli.maruvada\.jdks\openjdk-22.0.1\bin\zip.dll
0x00007fffdbc40000 - 0x00007fffdbc50000 	C:\Users\saimouli.maruvada\.jdks\openjdk-22.0.1\bin\net.dll
0x00007fffe2a30000 - 0x00007fffe2a9a000 	C:\Windows\system32\mswsock.dll
0x00007fffc45a0000 - 0x00007fffc45b6000 	C:\Users\saimouli.maruvada\.jdks\openjdk-22.0.1\bin\nio.dll
0x00007fffc3250000 - 0x00007fffc326a000 	C:\Program Files\JetBrains\IntelliJ IDEA Community Edition 2024.1.1\bin\breakgen64.dll

dbghelp: loaded successfully - version: 4.0.5 - missing functions: none
symbol engine: initialized successfully - sym options: 0x614 - pdb path: .;C:\Users\saimouli.maruvada\.jdks\openjdk-22.0.1\bin;C:\Windows\SYSTEM32;C:\Windows\WinSxS\amd64_microsoft.windows.common-controls_6595b64144ccf1df_6.0.19041.4355_none_60b8b9eb71f62e16;C:\Users\saimouli.maruvada\.jdks\openjdk-22.0.1\bin\server;C:\Program Files\Palo Alto Networks\Traps;C:\Program Files\JetBrains\IntelliJ IDEA Community Edition 2024.1.1\bin

VM Arguments:
jvm_args: -javaagent:C:\Program Files\JetBrains\IntelliJ IDEA Community Edition 2024.1.1\lib\idea_rt.jar=54132:C:\Program Files\JetBrains\IntelliJ IDEA Community Edition 2024.1.1\bin -Dfile.encoding=UTF-8 -Dsun.stdout.encoding=UTF-8 -Dsun.stderr.encoding=UTF-8 -agentpath:C:\Program Files\Palo Alto Networks\Traps\cyjagent.dll 
java_command: LatestTest
java_class_path (initial): C:\Users\saimouli.maruvada\IdeaProjects\Test2\out\production\Test2
Launcher Type: SUN_STANDARD

[Global flags]
     intx CICompilerCount                          = 4                                         {product} {ergonomic}
     uint ConcGCThreads                            = 3                                         {product} {ergonomic}
     uint G1ConcRefinementThreads                  = 10                                        {product} {ergonomic}
   size_t G1HeapRegionSize                         = 2097152                                   {product} {ergonomic}
   size_t InitialHeapSize                          = 264241152                                 {product} {ergonomic}
   size_t MarkStackSize                            = 4194304                                   {product} {ergonomic}
   size_t MaxHeapSize                              = 4200595456                                {product} {ergonomic}
   size_t MaxNewSize                               = 2518679552                                {product} {ergonomic}
   size_t MinHeapDeltaBytes                        = 2097152                                   {product} {ergonomic}
   size_t MinHeapSize                              = 8388608                                   {product} {ergonomic}
    uintx NonNMethodCodeHeapSize                   = 5839372                                {pd product} {ergonomic}
    uintx NonProfiledCodeHeapSize                  = 122909434                              {pd product} {ergonomic}
    uintx ProfiledCodeHeapSize                     = 122909434                              {pd product} {ergonomic}
    uintx ReservedCodeCacheSize                    = 251658240                              {pd product} {ergonomic}
     bool SegmentedCodeCache                       = true                                      {product} {ergonomic}
   size_t SoftMaxHeapSize                          = 4200595456                             {manageable} {ergonomic}
     bool UseCompressedOops                        = true                           {product lp64_product} {ergonomic}
     bool UseG1GC                                  = true                                      {product} {ergonomic}
     bool UseLargePagesIndividualAllocation        = false                                  {pd product} {ergonomic}

Logging:
Log output configuration:
 #0: stdout all=warning uptime,level,tags foldmultilines=false
 #1: stderr all=off uptime,level,tags foldmultilines=false

Environment Variables:
PATH=C:\Program Files (x86)\Common Files\Oracle\Java\java8path;C:\Program Files (x86)\Common Files\Oracle\Java\javapath;C:\Windows\system32;C:\Windows;C:\Windows\System32\Wbem;C:\Windows\System32\WindowsPowerShell\v1.0\;C:\Windows\System32\OpenSSH\;C:\Program Files\dotnet\;C:\Program Files (x86)\Java\jre-1.8;C:\Users\saimouli.maruvada\AppData\Local\Microsoft\WindowsApps;
USERNAME=Saimouli.Maruvada
OS=Windows_NT
PROCESSOR_IDENTIFIER=Intel64 Family 6 Model 186 Stepping 3, GenuineIntel
TMP=C:\Users\SAIMOU~1.MAR\AppData\Local\Temp
TEMP=C:\Users\SAIMOU~1.MAR\AppData\Local\Temp




Periodic native trim disabled

---------------  S Y S T E M  ---------------

OS:
 Windows 10 , 64 bit Build 19041 (10.0.19041.3636)
OS uptime: 3 days 2:12 hours
Hyper-V role detected

CPU: total 12 (initial active 12) (6 cores per cpu, 2 threads per core) family 6 model 186 stepping 3 microcode 0x411d, cx8, cmov, fxsr, ht, mmx, 3dnowpref, sse, sse2, sse3, ssse3, sse4.1, sse4.2, popcnt, lzcnt, tsc, tscinvbit, avx, avx2, aes, erms, clmul, bmi1, bmi2, adx, sha, fma, vzeroupper, clflush, clflushopt, clwb, hv, rdtscp, rdpid, fsrm, f16c, cet_ibt, cet_ss
Processor Information for processor 0
  Max Mhz: 1300, Current Mhz: 1300, Mhz Limit: 1300
Processor Information for processor 1
  Max Mhz: 1300, Current Mhz: 1300, Mhz Limit: 1300
Processor Information for processor 2
  Max Mhz: 1300, Current Mhz: 1300, Mhz Limit: 1300
Processor Information for processor 3
  Max Mhz: 1300, Current Mhz: 1300, Mhz Limit: 1300
Processor Information for processor 4
  Max Mhz: 1300, Current Mhz: 900, Mhz Limit: 897
Processor Information for processor 5
  Max Mhz: 1300, Current Mhz: 900, Mhz Limit: 897
Processor Information for processor 6
  Max Mhz: 1300, Current Mhz: 900, Mhz Limit: 897
Processor Information for processor 7
  Max Mhz: 1300, Current Mhz: 900, Mhz Limit: 897
Processor Information for processor 8
  Max Mhz: 1300, Current Mhz: 900, Mhz Limit: 897
Processor Information for processor 9
  Max Mhz: 1300, Current Mhz: 900, Mhz Limit: 897
Processor Information for processor 10
  Max Mhz: 1300, Current Mhz: 900, Mhz Limit: 897
Processor Information for processor 11
  Max Mhz: 1300, Current Mhz: 900, Mhz Limit: 897

Memory: 4k page, system-wide physical 16016M (5843M free)
TotalPageFile size 21136M (AvailPageFile size 7492M)
current process WorkingSet (physical memory assigned to process): 42M, peak: 42M
current process commit charge ("private bytes"): 344M, peak: 344M

vm_info: OpenJDK 64-Bit Server VM (22.0.1+8-16) for windows-amd64 JRE (22.0.1+8-16), built on 2024-03-12T10:33:16Z by "mach5one" with MS VC++ 17.6 (VS2022)

END.
