#
# A fatal error has been detected by the Java Runtime Environment:
#
#  EXCEPTION_ACCESS_VIOLATION (0xc0000005) at pc=0x00007ffa1f06c2c4, pid=33340, tid=8568
#
# JRE version: OpenJDK Runtime Environment (22.0.1+8) (build 22.0.1+8-16)
# Java VM: OpenJDK 64-Bit Server VM (22.0.1+8-16, mixed mode, sharing, tiered, compressed oops, compressed class ptrs, g1 gc, windows-amd64)
# Problematic frame:
# C  [cyjagent.dll+0xc2c4]
#
# No core dump will be written. Minidumps are not enabled by default on client versions of Windows
#
# If you would like to submit a bug report, please visit:
#   https://bugreport.java.com/bugreport/crash.jsp
# The crash happened outside the Java Virtual Machine in native code.
# See problematic frame for where to report the bug.
#

---------------  S U M M A R Y ------------

Command Line: -javaagent:C:\Program Files\JetBrains\IntelliJ IDEA Community Edition 2024.1.1\lib\idea_rt.jar=54971:C:\Program Files\JetBrains\IntelliJ IDEA Community Edition 2024.1.1\bin -Dfile.encoding=UTF-8 -Dsun.stdout.encoding=UTF-8 -Dsun.stderr.encoding=UTF-8 -agentpath:C:\Program Files\Palo Alto Networks\Traps\cyjagent.dll leet.Min

Host: 13th Gen Intel(R) Core(TM) i5-1335U, 12 cores, 15G,  Windows 10 , 64 bit Build 19041 (10.0.19041.4717)
Time: Wed Sep 18 15:39:59 2024 India Standard Time elapsed time: 0.232827 seconds (0d 0h 0m 0s)

---------------  T H R E A D  ---------------

Current thread (0x000002904540c610):  JavaThread "Monitor Ctrl-Break" daemon [_thread_in_native, id=8568, stack(0x0000009c63400000,0x0000009c63500000) (1024K)]

Stack: [0x0000009c63400000,0x0000009c63500000],  sp=0x0000009c634fd960,  free space=1014k
Native frames: (J=compiled Java code, j=interpreted, Vv=VM code, C=native code)
C  [cyjagent.dll+0xc2c4]  (no source info available)
V  [jvm.dll+0x5a820e]  (no source info available)
V  [jvm.dll+0x59f7d2]  (no source info available)
V  [jvm.dll+0x59f8cb]  (no source info available)
V  [jvm.dll+0x5c4242]  (no source info available)
V  [jvm.dll+0x7eb9c6]  (no source info available)
V  [jvm.dll+0x7eb66f]  (no source info available)
V  [jvm.dll+0x7ec776]  (no source info available)
V  [jvm.dll+0x7ecd84]  (no source info available)
V  [jvm.dll+0x7eca08]  (no source info available)
V  [jvm.dll+0x26d79b]  (no source info available)
V  [jvm.dll+0x3db61a]  (no source info available)
C  0x00000290578dec01  (no source info available)

The last pc belongs to ldc (printed below).
Java frames: (J=compiled Java code, j=interpreted, Vv=VM code)
j  java.util.concurrent.ConcurrentSkipListMap.<clinit>()V+33 java.base@22.0.1
v  ~StubRoutines::call_stub 0x00000290578d100d
j  java.util.concurrent.ConcurrentSkipListSet.<init>()V+5 java.base@22.0.1
j  java.net.InetAddress.<clinit>()V+83 java.base@22.0.1
v  ~StubRoutines::call_stub 0x00000290578d100d
j  java.net.InetSocketAddress.<init>(Ljava/lang/String;I)V+15 java.base@22.0.1
j  java.net.Socket.<init>(Ljava/lang/String;I)V+11 java.base@22.0.1
j  com.intellij.rt.execution.application.AppMainV2$1.run()V+10
v  ~StubRoutines::call_stub 0x00000290578d100d

siginfo: EXCEPTION_ACCESS_VIOLATION (0xc0000005), reading address 0x0000000000000000


Registers:
RAX=0x0000000000000000, RBX=0x000002904540c9d0, RCX=0x0000000000000000, RDX=0x0000029045e10cd0
RSP=0x0000009c634fd960, RBP=0x000002905038f8d0, RSI=0x0000000000000000, RDI=0x0000029045324518
R8 =0x0000009c634fd7a8, R9 =0x000002905038f8d0, R10=0x0000000000000000, R11=0x0000000000000246
R12=0x0000029045324518, R13=0x000002904540c610, R14=0x000002904540c610, R15=0x0000000000000000
RIP=0x00007ffa1f06c2c4, EFLAGS=0x0000000000010202


Register to memory mapping:

RAX=0x0 is null
RBX=0x000002904540c9d0 points into unknown readable memory: 0x00007ff98bcadac0 | c0 da ca 8b f9 7f 00 00
RCX=0x0 is null
RDX=0x0000029045e10cd0 points into unknown readable memory: 0x000002904540c610 | 10 c6 40 45 90 02 00 00
RSP=0x0000009c634fd960 is pointing into the stack for thread: 0x000002904540c610
RBP=0x000002905038f8d0 points into unknown readable memory: 0x0000029050306ee0 | e0 6e 30 50 90 02 00 00
RSI=0x0 is null
RDI=0x0000029045324518 points into unknown readable memory: 0x6974752f6176616a | 6a 61 76 61 2f 75 74 69
R8 =0x0000009c634fd7a8 is pointing into the stack for thread: 0x000002904540c610
R9 =0x000002905038f8d0 points into unknown readable memory: 0x0000029050306ee0 | e0 6e 30 50 90 02 00 00
R10=0x0 is null
R11=0x0000000000000246 is an unknown value
R12=0x0000029045324518 points into unknown readable memory: 0x6974752f6176616a | 6a 61 76 61 2f 75 74 69
R13=0x000002904540c610 is a thread
R14=0x000002904540c610 is a thread
R15=0x0 is null

Top of Stack: (sp=0x0000009c634fd960)
0x0000009c634fd960:   0000029045324518 000002904540c9d0
0x0000009c634fd970:   0000000000000000 0000000000000000
0x0000009c634fd980:   0000000000000000 0000000000000000
0x0000009c634fd990:   00000290005658d8 000002905038f8d0
0x0000009c634fd9a0:   000000000000002f 0000009c634fdb80
0x0000009c634fd9b0:   0000029045ed9d50 0000000000000000
0x0000009c634fd9c0:   0000009c634fdbb8 00007ff98b67820e
0x0000009c634fd9d0:   0000029045ed9d50 0000000000000000
0x0000009c634fd9e0:   0000009c634fdb80 0000000000000404
0x0000009c634fd9f0:   0000029045324518 0000000000000000
0x0000009c634fda00:   0000029000000404 00000290453240e0
0x0000009c634fda10:   0000009c634fdb08 0000009c634fda28
0x0000009c634fda20:   0000000000000000 0000000000000000
0x0000009c634fda30:   0000000000000000 00007ffa1f326b2d
0x0000009c634fda40:   0000029045384490 00000290453240d0
0x0000009c634fda50:   0000029045324548 000002904532c0b8
0x0000009c634fda60:   00000000000083b0 000002904540c610
0x0000009c634fda70:   000002904540c610 00000290453843d0
0x0000009c634fda80:   0000029045217d10 0000029045217d28
0x0000009c634fda90:   0000029045217df8 00000000000000d8
0x0000009c634fdaa0:   0000009c634fe150 0000000000003caf
0x0000009c634fdab0:   0000000000000070 000002904540c610
0x0000009c634fdac0:   0000000000000004 0000029045ed9d50
0x0000009c634fdad0:   0000009c634fdb80 00000290451c5360
0x0000009c634fdae0:   0000000000000020 00007ff98b66f7d2
0x0000009c634fdaf0:   00000290451b6a01 00007ffa18c925f6
0x0000009c634fdb00:   0000029067287a01 0000000000000000
0x0000009c634fdb10:   00000290451c5360 00000290005658d8
0x0000009c634fdb20:   00000290451c5370 00000290451b6a80
0x0000009c634fdb30:   0000000000000000 00007ff98b66f8cb
0x0000009c634fdb40:   0000009c634fdc48 0000000000000000
0x0000009c634fdb50:   000002904540c610 00000290451b6a80 

Instructions: (pc=0x00007ffa1f06c2c4)
0x00007ffa1f06c1c4:   00 00 03 72 2d 44 8b ce 48 8d 05 3d df 01 00 ba
0x00007ffa1f06c1d4:   2f 00 00 00 4e 8b 0c c8 48 8b 89 10 03 00 00 4c
0x00007ffa1f06c1e4:   8d 05 56 de 01 00 e8 51 4f ff ff 48 8b 0d ea 37
0x00007ffa1f06c1f4:   02 00 48 3b cb 74 68 f6 81 1c 03 00 00 10 74 5f
0x00007ffa1f06c204:   80 b9 19 03 00 00 02 72 56 4c 8b 8c 24 90 00 00
0x00007ffa1f06c214:   00 4c 8d 05 24 de 01 00 48 8b 89 10 03 00 00 ba
0x00007ffa1f06c224:   31 00 00 00 e8 13 4f ff ff eb 34 49 8b 0f 4c 8b
0x00007ffa1f06c234:   c3 48 8b d6 e8 f3 63 00 00 48 8b 84 24 b0 00 00
0x00007ffa1f06c244:   00 89 18 48 8b 0d 7a 4b 02 00 4c 8b c6 33 d2 ff
0x00007ffa1f06c254:   15 a7 4f 01 00 eb 08 a8 02 75 04 c6 47 40 01 b8
0x00007ffa1f06c264:   ff ff ff ff f0 0f c1 47 10 4c 8b b4 24 88 00 00
0x00007ffa1f06c274:   00 83 f8 01 75 42 48 8b 4f 18 48 81 c1 70 01 00
0x00007ffa1f06c284:   00 ff 15 1d 50 01 00 48 8b 0f 48 8b 47 08 48 89
0x00007ffa1f06c294:   08 48 89 41 08 48 8b 4f 18 48 81 c1 70 01 00 00
0x00007ffa1f06c2a4:   ff 15 06 50 01 00 48 8b 0d 17 4b 02 00 4c 8b c7
0x00007ffa1f06c2b4:   33 d2 ff 15 44 4f 01 00 48 8b 4d 20 48 8b 55 10
0x00007ffa1f06c2c4:   48 8b 01 48 8b 80 08 01 00 00 ff 15 0c 50 01 00
0x00007ffa1f06c2d4:   85 c0 74 40 48 8b 0d 01 37 02 00 48 8d 15 fa 36
0x00007ffa1f06c2e4:   02 00 48 3b ca 74 2d f6 81 1c 03 00 00 10 74 24
0x00007ffa1f06c2f4:   80 b9 19 03 00 00 03 72 1b 48 8b 89 10 03 00 00
0x00007ffa1f06c304:   4c 8d 05 35 dd 01 00 ba 15 00 00 00 44 8b c8 e8
0x00007ffa1f06c314:   68 4d ff ff 48 8b 6c 24 78 48 8b b4 24 80 00 00
0x00007ffa1f06c324:   00 48 83 c4 50 41 5f 5f 5b c3 cc cc 40 57 48 83
0x00007ffa1f06c334:   ec 30 f6 81 78 01 00 00 04 48 8b f9 0f 85 87 02
0x00007ffa1f06c344:   00 00 48 89 5c 24 40 45 33 c9 48 89 6c 24 48 33
0x00007ffa1f06c354:   d2 48 89 74 24 50 48 8b 71 20 45 8d 41 32 48 8b
0x00007ffa1f06c364:   ce 48 8b 06 48 8b 40 08 ff 15 6e 4f 01 00 48 8d
0x00007ffa1f06c374:   2d 67 36 02 00 85 c0 74 37 48 8b 0d 5c 36 02 00
0x00007ffa1f06c384:   48 3b cd 74 2b f6 81 1c 03 00 00 10 74 22 80 b9
0x00007ffa1f06c394:   19 03 00 00 02 72 19 48 8b 89 10 03 00 00 ba 11
0x00007ffa1f06c3a4:   00 00 00 89 44 24 20 44 8d 4a 21 e8 7c dc ff ff
0x00007ffa1f06c3b4:   48 8b 06 45 33 c9 33 d2 48 8b ce 48 8b 40 08 45 


Stack slot to memory mapping:

stack at sp + 0 slots: 0x0000029045324518 points into unknown readable memory: 0x6974752f6176616a | 6a 61 76 61 2f 75 74 69
stack at sp + 1 slots: 0x000002904540c9d0 points into unknown readable memory: 0x00007ff98bcadac0 | c0 da ca 8b f9 7f 00 00
stack at sp + 2 slots: 0x0 is null
stack at sp + 3 slots: 0x0 is null
stack at sp + 4 slots: 0x0 is null
stack at sp + 5 slots: 0x0 is null
stack at sp + 6 slots: 0x00000290005658d8 is pointing into metadata
stack at sp + 7 slots: 0x000002905038f8d0 points into unknown readable memory: 0x0000029050306ee0 | e0 6e 30 50 90 02 00 00

ldc  18 ldc  [0x00000290578deb60, 0x00000290578dee08]  680 bytes
[MachCode]
  0x00000290578deb60: 4883 ec08 | c5fa 1104 | 24eb 1f48 | 83ec 10c5 | fb11 0424 | eb14 4883 | ec10 4889 | 0424 48c7 
  0x00000290578deb80: 4424 0800 | 0000 00eb | 0150 410f | b65d 0148 | 8b4d e848 | 8b49 0848 | 8b49 0848 | 8b41 080f 
  0x00000290578deba0: b654 1804 | 83fa 6474 | 0e83 fa67 | 7409 83fa | 070f 85bd | 0000 00ba | 0000 0000 | e805 0000 
  0x00000290578debc0: 00e9 a800 | 0000 488d | 4424 084c | 896d c049 | 8bcf c5f8 | 7749 89af | b003 0000 | 4989 87a0 
  0x00000290578debe0: 0300 0048 | 83ec 2040 | f6c4 0f0f | 8419 0000 | 0048 83ec | 0848 b800 | b54a 8bf9 | 7f00 00ff 
  0x00000290578dec00: d048 83c4 | 08e9 0c00 | 0000 48b8 | 00b5 4a8b | f97f 0000 | ffd0 4883 | c420 49c7 | 87a0 0300 
  0x00000290578dec20: 0000 0000 | 0049 c787 | b003 0000 | 0000 0000 | 49c7 87a8 | 0300 0000 | 0000 00c5 | f877 4983 
  0x00000290578dec40: 7f08 000f | 8405 0000 | 00e9 b222 | ffff 498b | 87f8 0300 | 0049 c787 | f803 0000 | 0000 0000 
  0x00000290578dec60: 4c8b 6dc0 | 4c8b 75c8 | 4e8d 74f5 | 00c3 50e9 | 7c01 0000 | 83fa 0475 | 14c5 fa10 | 44d9 4848 
  0x00000290578dec80: 83ec 08c5 | fa11 0424 | e963 0100 | 0083 fa03 | 750a 8b44 | d948 50e9 | 5401 0000 | ba12 0000 
  0x00000290578deca0: 00e8 0500 | 0000 e9a8 | 0000 0048 | 8d44 2408 | 4c89 6dc0 | 498b cfc5 | f877 4989 | afb0 0300 
  0x00000290578decc0: 0049 8987 | a003 0000 | 4883 ec20 | 40f6 c40f | 0f84 1900 | 0000 4883 | ec08 48b8 | c0da 4a8b 
  0x00000290578dece0: f97f 0000 | ffd0 4883 | c408 e90c | 0000 0048 | b8c0 da4a | 8bf9 7f00 | 00ff d048 | 83c4 2049 
  0x00000290578ded00: c787 a003 | 0000 0000 | 0000 49c7 | 87b0 0300 | 0000 0000 | 0049 c787 | a803 0000 | 0000 0000 
  0x00000290578ded20: c5f8 7749 | 837f 0800 | 0f84 0500 | 0000 e9cd | 21ff ff49 | 8b87 f803 | 0000 49c7 | 87f8 0300 
  0x00000290578ded40: 0000 0000 | 004c 8b6d | c04c 8b75 | c84e 8d74 | f500 c349 | 8b8f 0004 | 0000 49c7 | 8700 0400 
  0x00000290578ded60: 0000 0000 | 008b d981 | e3ff ff00 | 00c1 e91c | 83e1 0f83 | f904 7509 | 8b04 1850 | e96f 0000 
  0x00000290578ded80: 0083 f906 | 7513 c5fa | 1004 1848 | 83ec 08c5 | fa11 0424 | e957 0000 | 0083 f903 | 750a 0fbf 
  0x00000290578deda0: 0418 50e9 | 4800 0000 | 83f9 0075 | 0a0f be04 | 1850 e939 | 0000 0083 | f902 750a | 0fb7 0418 
  0x00000290578dedc0: 50e9 2a00 | 0000 83f9 | 0175 0a0f | be04 1850 | e91b 0000 | 0048 b918 | 93b3 8bf9 | 7f00 0048 
  0x00000290578dede0: 83e4 f048 | b8c0 9470 | 8bf9 7f00 | 00ff d0f4 | 410f b65d | 0249 83c5 | 0249 baf0 | 01d5 8bf9 
  0x00000290578dee00: 7f00 0041 | ff24 da90 
[/MachCode]

---------------  P R O C E S S  ---------------

Threads class SMR info:
_java_thread_list=0x000002904540ee30, length=12, elements={
0x000002904517f5e0, 0x0000029045180400, 0x0000029045188520, 0x00000290451a93b0,
0x00000290451aae20, 0x00000290451ab880, 0x00000290451ac610, 0x00000290451b74e0,
0x00000290452930e0, 0x00000290452e0d00, 0x000002904540c610, 0x00000290454a1f50
}

Java Threads: ( => current thread )
  0x000002904517f5e0 JavaThread "Reference Handler"          daemon [_thread_blocked, id=21720, stack(0x0000009c62a00000,0x0000009c62b00000) (1024K)]
  0x0000029045180400 JavaThread "Finalizer"                  daemon [_thread_blocked, id=9548, stack(0x0000009c62b00000,0x0000009c62c00000) (1024K)]
  0x0000029045188520 JavaThread "Signal Dispatcher"          daemon [_thread_blocked, id=34376, stack(0x0000009c62c00000,0x0000009c62d00000) (1024K)]
  0x00000290451a93b0 JavaThread "Attach Listener"            daemon [_thread_blocked, id=8076, stack(0x0000009c62d00000,0x0000009c62e00000) (1024K)]
  0x00000290451aae20 JavaThread "Service Thread"             daemon [_thread_blocked, id=34304, stack(0x0000009c62e00000,0x0000009c62f00000) (1024K)]
  0x00000290451ab880 JavaThread "Monitor Deflation Thread"   daemon [_thread_blocked, id=20928, stack(0x0000009c62f00000,0x0000009c63000000) (1024K)]
  0x00000290451ac610 JavaThread "C2 CompilerThread0"         daemon [_thread_blocked, id=32076, stack(0x0000009c63000000,0x0000009c63100000) (1024K)]
  0x00000290451b74e0 JavaThread "C1 CompilerThread0"         daemon [_thread_blocked, id=16888, stack(0x0000009c63100000,0x0000009c63200000) (1024K)]
  0x00000290452930e0 JavaThread "Common-Cleaner"             daemon [_thread_blocked, id=24824, stack(0x0000009c63200000,0x0000009c63300000) (1024K)]
  0x00000290452e0d00 JavaThread "C2 CompilerThread1"         daemon [_thread_blocked, id=20388, stack(0x0000009c63300000,0x0000009c63400000) (1024K)]
=>0x000002904540c610 JavaThread "Monitor Ctrl-Break"         daemon [_thread_in_native, id=8568, stack(0x0000009c63400000,0x0000009c63500000) (1024K)]
  0x00000290454a1f50 JavaThread "Notification Thread"        daemon [_thread_blocked, id=4824, stack(0x0000009c63500000,0x0000009c63600000) (1024K)]
Total: 12

Other Threads:
  0x000002906729c710 VMThread "VM Thread"                           [id=23364, stack(0x0000009c62900000,0x0000009c62a00000) (1024K)] _threads_hazard_ptr=0x000002904540ee30
  0x00000290466f61e0 WorkerThread "GC Thread#0"                     [id=34412, stack(0x0000009c62300000,0x0000009c62400000) (1024K)]
  0x0000029046706b30 ConcurrentGCThread "G1 Main Marker"            terminated
  0x0000029046707700 WorkerThread "G1 Conc#0"                       [id=18952, stack(0x0000009c62500000,0x0000009c62600000) (1024K)]
  0x00000290671528d0 ConcurrentGCThread "G1 Refine#0"               terminated
  0x0000029067153360 ConcurrentGCThread "G1 Service"                terminated
Total: 6

Threads with active compile tasks:
Total: 0

VM state: at safepoint (normal execution)

VM Mutex/Monitor currently owned by a thread:  ([mutex/lock_event])
[0x00007ff98bd3bbb8] Threads_lock - owner thread: 0x000002906729c710
[0x00007ff98bd3bcb8] Heap_lock - owner thread: 0x0000029045e26c00

Heap address: 0x0000000705a00000, size: 4006 MB, Compressed Oops mode: Zero based, Oop shift amount: 3

CDS archive(s) mapped at: [0x0000029000000000-0x0000029000c50000-0x0000029000c50000), size 12910592, SharedBaseAddress: 0x0000029000000000, ArchiveRelocationMode: 1.
Compressed class space mapped at: 0x0000029001000000-0x0000029041000000, reserved size: 1073741824
Narrow klass base: 0x0000029000000000, Narrow klass shift: 0, Narrow klass range: 0x41000000

GC Precious Log:
 CardTable entry size: 512
 Card Set container configuration: InlinePtr #cards 4 size 8 Array Of Cards #cards 16 size 48 Howl #buckets 8 coarsen threshold 3686 Howl Bitmap #cards 512 size 80 coarsen threshold 460 Card regions per heap region 1 cards per card region 4096
 CPUs: 12 total, 12 available
 Memory: 16016M
 Large Page Support: Disabled
 NUMA Support: Disabled
 Compressed Oops: Enabled (Zero based)
 Heap Region Size: 2M
 Heap Min Capacity: 8M
 Heap Initial Capacity: 252M
 Heap Max Capacity: 4006M
 Pre-touch: Disabled
 Parallel Workers: 10
 Concurrent Workers: 3
 Concurrent Refinement Workers: 10
 Periodic GC: Disabled

Heap:
 garbage-first heap   total reserved 4102144K, committed 258048K, used 2048K [0x0000000705a00000, 0x0000000800000000)
  region size 2048K, 2 young (4096K), 0 survivors (0K)
 Metaspace       used 650K, committed 832K, reserved 1114112K
  class space    used 35K, committed 128K, reserved 1048576K

Heap Regions: E=young(eden), S=young(survivor), O=old, HS=humongous(starts), HC=humongous(continues), CS=collection set, F=free, TAMS=top-at-mark-start, PB=parsable bottom
|   0|0x0000000705a00000, 0x0000000705a00000, 0x0000000705c00000|  0%| F|  |TAMS 0x0000000705a00000| PB 0x0000000705a00000| Untracked |  0
|   1|0x0000000705c00000, 0x0000000705c00000, 0x0000000705e00000|  0%| F|  |TAMS 0x0000000705c00000| PB 0x0000000705c00000| Untracked |  0
|   2|0x0000000705e00000, 0x0000000705e00000, 0x0000000706000000|  0%| F|  |TAMS 0x0000000705e00000| PB 0x0000000705e00000| Untracked |  0
|   3|0x0000000706000000, 0x0000000706000000, 0x0000000706200000|  0%| F|  |TAMS 0x0000000706000000| PB 0x0000000706000000| Untracked |  0
|   4|0x0000000706200000, 0x0000000706200000, 0x0000000706400000|  0%| F|  |TAMS 0x0000000706200000| PB 0x0000000706200000| Untracked |  0
|   5|0x0000000706400000, 0x0000000706400000, 0x0000000706600000|  0%| F|  |TAMS 0x0000000706400000| PB 0x0000000706400000| Untracked |  0
|   6|0x0000000706600000, 0x0000000706600000, 0x0000000706800000|  0%| F|  |TAMS 0x0000000706600000| PB 0x0000000706600000| Untracked |  0
|   7|0x0000000706800000, 0x0000000706800000, 0x0000000706a00000|  0%| F|  |TAMS 0x0000000706800000| PB 0x0000000706800000| Untracked |  0
|   8|0x0000000706a00000, 0x0000000706a00000, 0x0000000706c00000|  0%| F|  |TAMS 0x0000000706a00000| PB 0x0000000706a00000| Untracked |  0
|   9|0x0000000706c00000, 0x0000000706c00000, 0x0000000706e00000|  0%| F|  |TAMS 0x0000000706c00000| PB 0x0000000706c00000| Untracked |  0
|  10|0x0000000706e00000, 0x0000000706e00000, 0x0000000707000000|  0%| F|  |TAMS 0x0000000706e00000| PB 0x0000000706e00000| Untracked |  0
|  11|0x0000000707000000, 0x0000000707000000, 0x0000000707200000|  0%| F|  |TAMS 0x0000000707000000| PB 0x0000000707000000| Untracked |  0
|  12|0x0000000707200000, 0x0000000707200000, 0x0000000707400000|  0%| F|  |TAMS 0x0000000707200000| PB 0x0000000707200000| Untracked |  0
|  13|0x0000000707400000, 0x0000000707400000, 0x0000000707600000|  0%| F|  |TAMS 0x0000000707400000| PB 0x0000000707400000| Untracked |  0
|  14|0x0000000707600000, 0x0000000707600000, 0x0000000707800000|  0%| F|  |TAMS 0x0000000707600000| PB 0x0000000707600000| Untracked |  0
|  15|0x0000000707800000, 0x0000000707800000, 0x0000000707a00000|  0%| F|  |TAMS 0x0000000707800000| PB 0x0000000707800000| Untracked |  0
|  16|0x0000000707a00000, 0x0000000707a00000, 0x0000000707c00000|  0%| F|  |TAMS 0x0000000707a00000| PB 0x0000000707a00000| Untracked |  0
|  17|0x0000000707c00000, 0x0000000707c00000, 0x0000000707e00000|  0%| F|  |TAMS 0x0000000707c00000| PB 0x0000000707c00000| Untracked |  0
|  18|0x0000000707e00000, 0x0000000707e00000, 0x0000000708000000|  0%| F|  |TAMS 0x0000000707e00000| PB 0x0000000707e00000| Untracked |  0
|  19|0x0000000708000000, 0x0000000708000000, 0x0000000708200000|  0%| F|  |TAMS 0x0000000708000000| PB 0x0000000708000000| Untracked |  0
|  20|0x0000000708200000, 0x0000000708200000, 0x0000000708400000|  0%| F|  |TAMS 0x0000000708200000| PB 0x0000000708200000| Untracked |  0
|  21|0x0000000708400000, 0x0000000708400000, 0x0000000708600000|  0%| F|  |TAMS 0x0000000708400000| PB 0x0000000708400000| Untracked |  0
|  22|0x0000000708600000, 0x0000000708600000, 0x0000000708800000|  0%| F|  |TAMS 0x0000000708600000| PB 0x0000000708600000| Untracked |  0
|  23|0x0000000708800000, 0x0000000708800000, 0x0000000708a00000|  0%| F|  |TAMS 0x0000000708800000| PB 0x0000000708800000| Untracked |  0
|  24|0x0000000708a00000, 0x0000000708a00000, 0x0000000708c00000|  0%| F|  |TAMS 0x0000000708a00000| PB 0x0000000708a00000| Untracked |  0
|  25|0x0000000708c00000, 0x0000000708c00000, 0x0000000708e00000|  0%| F|  |TAMS 0x0000000708c00000| PB 0x0000000708c00000| Untracked |  0
|  26|0x0000000708e00000, 0x0000000708e00000, 0x0000000709000000|  0%| F|  |TAMS 0x0000000708e00000| PB 0x0000000708e00000| Untracked |  0
|  27|0x0000000709000000, 0x0000000709000000, 0x0000000709200000|  0%| F|  |TAMS 0x0000000709000000| PB 0x0000000709000000| Untracked |  0
|  28|0x0000000709200000, 0x0000000709200000, 0x0000000709400000|  0%| F|  |TAMS 0x0000000709200000| PB 0x0000000709200000| Untracked |  0
|  29|0x0000000709400000, 0x0000000709400000, 0x0000000709600000|  0%| F|  |TAMS 0x0000000709400000| PB 0x0000000709400000| Untracked |  0
|  30|0x0000000709600000, 0x0000000709600000, 0x0000000709800000|  0%| F|  |TAMS 0x0000000709600000| PB 0x0000000709600000| Untracked |  0
|  31|0x0000000709800000, 0x0000000709800000, 0x0000000709a00000|  0%| F|  |TAMS 0x0000000709800000| PB 0x0000000709800000| Untracked |  0
|  32|0x0000000709a00000, 0x0000000709a00000, 0x0000000709c00000|  0%| F|  |TAMS 0x0000000709a00000| PB 0x0000000709a00000| Untracked |  0
|  33|0x0000000709c00000, 0x0000000709c00000, 0x0000000709e00000|  0%| F|  |TAMS 0x0000000709c00000| PB 0x0000000709c00000| Untracked |  0
|  34|0x0000000709e00000, 0x0000000709e00000, 0x000000070a000000|  0%| F|  |TAMS 0x0000000709e00000| PB 0x0000000709e00000| Untracked |  0
|  35|0x000000070a000000, 0x000000070a000000, 0x000000070a200000|  0%| F|  |TAMS 0x000000070a000000| PB 0x000000070a000000| Untracked |  0
|  36|0x000000070a200000, 0x000000070a200000, 0x000000070a400000|  0%| F|  |TAMS 0x000000070a200000| PB 0x000000070a200000| Untracked |  0
|  37|0x000000070a400000, 0x000000070a400000, 0x000000070a600000|  0%| F|  |TAMS 0x000000070a400000| PB 0x000000070a400000| Untracked |  0
|  38|0x000000070a600000, 0x000000070a600000, 0x000000070a800000|  0%| F|  |TAMS 0x000000070a600000| PB 0x000000070a600000| Untracked |  0
|  39|0x000000070a800000, 0x000000070a800000, 0x000000070aa00000|  0%| F|  |TAMS 0x000000070a800000| PB 0x000000070a800000| Untracked |  0
|  40|0x000000070aa00000, 0x000000070aa00000, 0x000000070ac00000|  0%| F|  |TAMS 0x000000070aa00000| PB 0x000000070aa00000| Untracked |  0
|  41|0x000000070ac00000, 0x000000070ac00000, 0x000000070ae00000|  0%| F|  |TAMS 0x000000070ac00000| PB 0x000000070ac00000| Untracked |  0
|  42|0x000000070ae00000, 0x000000070ae00000, 0x000000070b000000|  0%| F|  |TAMS 0x000000070ae00000| PB 0x000000070ae00000| Untracked |  0
|  43|0x000000070b000000, 0x000000070b000000, 0x000000070b200000|  0%| F|  |TAMS 0x000000070b000000| PB 0x000000070b000000| Untracked |  0
|  44|0x000000070b200000, 0x000000070b200000, 0x000000070b400000|  0%| F|  |TAMS 0x000000070b200000| PB 0x000000070b200000| Untracked |  0
|  45|0x000000070b400000, 0x000000070b400000, 0x000000070b600000|  0%| F|  |TAMS 0x000000070b400000| PB 0x000000070b400000| Untracked |  0
|  46|0x000000070b600000, 0x000000070b600000, 0x000000070b800000|  0%| F|  |TAMS 0x000000070b600000| PB 0x000000070b600000| Untracked |  0
|  47|0x000000070b800000, 0x000000070b800000, 0x000000070ba00000|  0%| F|  |TAMS 0x000000070b800000| PB 0x000000070b800000| Untracked |  0
|  48|0x000000070ba00000, 0x000000070ba00000, 0x000000070bc00000|  0%| F|  |TAMS 0x000000070ba00000| PB 0x000000070ba00000| Untracked |  0
|  49|0x000000070bc00000, 0x000000070bc00000, 0x000000070be00000|  0%| F|  |TAMS 0x000000070bc00000| PB 0x000000070bc00000| Untracked |  0
|  50|0x000000070be00000, 0x000000070be00000, 0x000000070c000000|  0%| F|  |TAMS 0x000000070be00000| PB 0x000000070be00000| Untracked |  0
|  51|0x000000070c000000, 0x000000070c000000, 0x000000070c200000|  0%| F|  |TAMS 0x000000070c000000| PB 0x000000070c000000| Untracked |  0
|  52|0x000000070c200000, 0x000000070c200000, 0x000000070c400000|  0%| F|  |TAMS 0x000000070c200000| PB 0x000000070c200000| Untracked |  0
|  53|0x000000070c400000, 0x000000070c400000, 0x000000070c600000|  0%| F|  |TAMS 0x000000070c400000| PB 0x000000070c400000| Untracked |  0
|  54|0x000000070c600000, 0x000000070c600000, 0x000000070c800000|  0%| F|  |TAMS 0x000000070c600000| PB 0x000000070c600000| Untracked |  0
|  55|0x000000070c800000, 0x000000070c800000, 0x000000070ca00000|  0%| F|  |TAMS 0x000000070c800000| PB 0x000000070c800000| Untracked |  0
|  56|0x000000070ca00000, 0x000000070ca00000, 0x000000070cc00000|  0%| F|  |TAMS 0x000000070ca00000| PB 0x000000070ca00000| Untracked |  0
|  57|0x000000070cc00000, 0x000000070cc00000, 0x000000070ce00000|  0%| F|  |TAMS 0x000000070cc00000| PB 0x000000070cc00000| Untracked |  0
|  58|0x000000070ce00000, 0x000000070ce00000, 0x000000070d000000|  0%| F|  |TAMS 0x000000070ce00000| PB 0x000000070ce00000| Untracked |  0
|  59|0x000000070d000000, 0x000000070d000000, 0x000000070d200000|  0%| F|  |TAMS 0x000000070d000000| PB 0x000000070d000000| Untracked |  0
|  60|0x000000070d200000, 0x000000070d200000, 0x000000070d400000|  0%| F|  |TAMS 0x000000070d200000| PB 0x000000070d200000| Untracked |  0
|  61|0x000000070d400000, 0x000000070d400000, 0x000000070d600000|  0%| F|  |TAMS 0x000000070d400000| PB 0x000000070d400000| Untracked |  0
|  62|0x000000070d600000, 0x000000070d600000, 0x000000070d800000|  0%| F|  |TAMS 0x000000070d600000| PB 0x000000070d600000| Untracked |  0
|  63|0x000000070d800000, 0x000000070d800000, 0x000000070da00000|  0%| F|  |TAMS 0x000000070d800000| PB 0x000000070d800000| Untracked |  0
|  64|0x000000070da00000, 0x000000070da00000, 0x000000070dc00000|  0%| F|  |TAMS 0x000000070da00000| PB 0x000000070da00000| Untracked |  0
|  65|0x000000070dc00000, 0x000000070dc00000, 0x000000070de00000|  0%| F|  |TAMS 0x000000070dc00000| PB 0x000000070dc00000| Untracked |  0
|  66|0x000000070de00000, 0x000000070de00000, 0x000000070e000000|  0%| F|  |TAMS 0x000000070de00000| PB 0x000000070de00000| Untracked |  0
|  67|0x000000070e000000, 0x000000070e000000, 0x000000070e200000|  0%| F|  |TAMS 0x000000070e000000| PB 0x000000070e000000| Untracked |  0
|  68|0x000000070e200000, 0x000000070e200000, 0x000000070e400000|  0%| F|  |TAMS 0x000000070e200000| PB 0x000000070e200000| Untracked |  0
|  69|0x000000070e400000, 0x000000070e400000, 0x000000070e600000|  0%| F|  |TAMS 0x000000070e400000| PB 0x000000070e400000| Untracked |  0
|  70|0x000000070e600000, 0x000000070e600000, 0x000000070e800000|  0%| F|  |TAMS 0x000000070e600000| PB 0x000000070e600000| Untracked |  0
|  71|0x000000070e800000, 0x000000070e800000, 0x000000070ea00000|  0%| F|  |TAMS 0x000000070e800000| PB 0x000000070e800000| Untracked |  0
|  72|0x000000070ea00000, 0x000000070ea00000, 0x000000070ec00000|  0%| F|  |TAMS 0x000000070ea00000| PB 0x000000070ea00000| Untracked |  0
|  73|0x000000070ec00000, 0x000000070ec00000, 0x000000070ee00000|  0%| F|  |TAMS 0x000000070ec00000| PB 0x000000070ec00000| Untracked |  0
|  74|0x000000070ee00000, 0x000000070ee00000, 0x000000070f000000|  0%| F|  |TAMS 0x000000070ee00000| PB 0x000000070ee00000| Untracked |  0
|  75|0x000000070f000000, 0x000000070f000000, 0x000000070f200000|  0%| F|  |TAMS 0x000000070f000000| PB 0x000000070f000000| Untracked |  0
|  76|0x000000070f200000, 0x000000070f200000, 0x000000070f400000|  0%| F|  |TAMS 0x000000070f200000| PB 0x000000070f200000| Untracked |  0
|  77|0x000000070f400000, 0x000000070f400000, 0x000000070f600000|  0%| F|  |TAMS 0x000000070f400000| PB 0x000000070f400000| Untracked |  0
|  78|0x000000070f600000, 0x000000070f600000, 0x000000070f800000|  0%| F|  |TAMS 0x000000070f600000| PB 0x000000070f600000| Untracked |  0
|  79|0x000000070f800000, 0x000000070f800000, 0x000000070fa00000|  0%| F|  |TAMS 0x000000070f800000| PB 0x000000070f800000| Untracked |  0
|  80|0x000000070fa00000, 0x000000070fa00000, 0x000000070fc00000|  0%| F|  |TAMS 0x000000070fa00000| PB 0x000000070fa00000| Untracked |  0
|  81|0x000000070fc00000, 0x000000070fc00000, 0x000000070fe00000|  0%| F|  |TAMS 0x000000070fc00000| PB 0x000000070fc00000| Untracked |  0
|  82|0x000000070fe00000, 0x000000070fe00000, 0x0000000710000000|  0%| F|  |TAMS 0x000000070fe00000| PB 0x000000070fe00000| Untracked |  0
|  83|0x0000000710000000, 0x0000000710000000, 0x0000000710200000|  0%| F|  |TAMS 0x0000000710000000| PB 0x0000000710000000| Untracked |  0
|  84|0x0000000710200000, 0x0000000710200000, 0x0000000710400000|  0%| F|  |TAMS 0x0000000710200000| PB 0x0000000710200000| Untracked |  0
|  85|0x0000000710400000, 0x0000000710400000, 0x0000000710600000|  0%| F|  |TAMS 0x0000000710400000| PB 0x0000000710400000| Untracked |  0
|  86|0x0000000710600000, 0x0000000710600000, 0x0000000710800000|  0%| F|  |TAMS 0x0000000710600000| PB 0x0000000710600000| Untracked |  0
|  87|0x0000000710800000, 0x0000000710800000, 0x0000000710a00000|  0%| F|  |TAMS 0x0000000710800000| PB 0x0000000710800000| Untracked |  0
|  88|0x0000000710a00000, 0x0000000710a00000, 0x0000000710c00000|  0%| F|  |TAMS 0x0000000710a00000| PB 0x0000000710a00000| Untracked |  0
|  89|0x0000000710c00000, 0x0000000710c00000, 0x0000000710e00000|  0%| F|  |TAMS 0x0000000710c00000| PB 0x0000000710c00000| Untracked |  0
|  90|0x0000000710e00000, 0x0000000710e00000, 0x0000000711000000|  0%| F|  |TAMS 0x0000000710e00000| PB 0x0000000710e00000| Untracked |  0
|  91|0x0000000711000000, 0x0000000711000000, 0x0000000711200000|  0%| F|  |TAMS 0x0000000711000000| PB 0x0000000711000000| Untracked |  0
|  92|0x0000000711200000, 0x0000000711200000, 0x0000000711400000|  0%| F|  |TAMS 0x0000000711200000| PB 0x0000000711200000| Untracked |  0
|  93|0x0000000711400000, 0x0000000711400000, 0x0000000711600000|  0%| F|  |TAMS 0x0000000711400000| PB 0x0000000711400000| Untracked |  0
|  94|0x0000000711600000, 0x0000000711600000, 0x0000000711800000|  0%| F|  |TAMS 0x0000000711600000| PB 0x0000000711600000| Untracked |  0
|  95|0x0000000711800000, 0x0000000711800000, 0x0000000711a00000|  0%| F|  |TAMS 0x0000000711800000| PB 0x0000000711800000| Untracked |  0
|  96|0x0000000711a00000, 0x0000000711a00000, 0x0000000711c00000|  0%| F|  |TAMS 0x0000000711a00000| PB 0x0000000711a00000| Untracked |  0
|  97|0x0000000711c00000, 0x0000000711c00000, 0x0000000711e00000|  0%| F|  |TAMS 0x0000000711c00000| PB 0x0000000711c00000| Untracked |  0
|  98|0x0000000711e00000, 0x0000000711e00000, 0x0000000712000000|  0%| F|  |TAMS 0x0000000711e00000| PB 0x0000000711e00000| Untracked |  0
|  99|0x0000000712000000, 0x0000000712000000, 0x0000000712200000|  0%| F|  |TAMS 0x0000000712000000| PB 0x0000000712000000| Untracked |  0
| 100|0x0000000712200000, 0x0000000712200000, 0x0000000712400000|  0%| F|  |TAMS 0x0000000712200000| PB 0x0000000712200000| Untracked |  0
| 101|0x0000000712400000, 0x0000000712400000, 0x0000000712600000|  0%| F|  |TAMS 0x0000000712400000| PB 0x0000000712400000| Untracked |  0
| 102|0x0000000712600000, 0x0000000712600000, 0x0000000712800000|  0%| F|  |TAMS 0x0000000712600000| PB 0x0000000712600000| Untracked |  0
| 103|0x0000000712800000, 0x0000000712800000, 0x0000000712a00000|  0%| F|  |TAMS 0x0000000712800000| PB 0x0000000712800000| Untracked |  0
| 104|0x0000000712a00000, 0x0000000712a00000, 0x0000000712c00000|  0%| F|  |TAMS 0x0000000712a00000| PB 0x0000000712a00000| Untracked |  0
| 105|0x0000000712c00000, 0x0000000712c00000, 0x0000000712e00000|  0%| F|  |TAMS 0x0000000712c00000| PB 0x0000000712c00000| Untracked |  0
| 106|0x0000000712e00000, 0x0000000712e00000, 0x0000000713000000|  0%| F|  |TAMS 0x0000000712e00000| PB 0x0000000712e00000| Untracked |  0
| 107|0x0000000713000000, 0x0000000713000000, 0x0000000713200000|  0%| F|  |TAMS 0x0000000713000000| PB 0x0000000713000000| Untracked |  0
| 108|0x0000000713200000, 0x0000000713200000, 0x0000000713400000|  0%| F|  |TAMS 0x0000000713200000| PB 0x0000000713200000| Untracked |  0
| 109|0x0000000713400000, 0x0000000713400000, 0x0000000713600000|  0%| F|  |TAMS 0x0000000713400000| PB 0x0000000713400000| Untracked |  0
| 110|0x0000000713600000, 0x0000000713600000, 0x0000000713800000|  0%| F|  |TAMS 0x0000000713600000| PB 0x0000000713600000| Untracked |  0
| 111|0x0000000713800000, 0x0000000713800000, 0x0000000713a00000|  0%| F|  |TAMS 0x0000000713800000| PB 0x0000000713800000| Untracked |  0
| 112|0x0000000713a00000, 0x0000000713a00000, 0x0000000713c00000|  0%| F|  |TAMS 0x0000000713a00000| PB 0x0000000713a00000| Untracked |  0
| 113|0x0000000713c00000, 0x0000000713c00000, 0x0000000713e00000|  0%| F|  |TAMS 0x0000000713c00000| PB 0x0000000713c00000| Untracked |  0
| 114|0x0000000713e00000, 0x0000000713e00000, 0x0000000714000000|  0%| F|  |TAMS 0x0000000713e00000| PB 0x0000000713e00000| Untracked |  0
| 115|0x0000000714000000, 0x0000000714000000, 0x0000000714200000|  0%| F|  |TAMS 0x0000000714000000| PB 0x0000000714000000| Untracked |  0
| 116|0x0000000714200000, 0x0000000714200000, 0x0000000714400000|  0%| F|  |TAMS 0x0000000714200000| PB 0x0000000714200000| Untracked |  0
| 117|0x0000000714400000, 0x0000000714400000, 0x0000000714600000|  0%| F|  |TAMS 0x0000000714400000| PB 0x0000000714400000| Untracked |  0
| 118|0x0000000714600000, 0x0000000714600000, 0x0000000714800000|  0%| F|  |TAMS 0x0000000714600000| PB 0x0000000714600000| Untracked |  0
| 119|0x0000000714800000, 0x0000000714800000, 0x0000000714a00000|  0%| F|  |TAMS 0x0000000714800000| PB 0x0000000714800000| Untracked |  0
| 120|0x0000000714a00000, 0x0000000714a00000, 0x0000000714c00000|  0%| F|  |TAMS 0x0000000714a00000| PB 0x0000000714a00000| Untracked |  0
| 121|0x0000000714c00000, 0x0000000714c00000, 0x0000000714e00000|  0%| F|  |TAMS 0x0000000714c00000| PB 0x0000000714c00000| Untracked |  0
| 122|0x0000000714e00000, 0x0000000714e00000, 0x0000000715000000|  0%| F|  |TAMS 0x0000000714e00000| PB 0x0000000714e00000| Untracked |  0
| 123|0x0000000715000000, 0x0000000715000000, 0x0000000715200000|  0%| F|  |TAMS 0x0000000715000000| PB 0x0000000715000000| Untracked |  0
| 124|0x0000000715200000, 0x0000000715400000, 0x0000000715400000|100%| E|  |TAMS 0x0000000715200000| PB 0x0000000715200000| Complete |  0
| 125|0x0000000715400000, 0x0000000715600000, 0x0000000715600000|100%| E|CS|TAMS 0x0000000715400000| PB 0x0000000715400000| Complete |  0

Card table byte_map: [0x0000029060810000,0x0000029060ff0000] _byte_map_base: 0x000002905cfe3000

Marking Bits: (CMBitMap*) 0x00000290466f6800
 Bits: [0x0000029060ff0000, 0x0000029064e88000)

Polling page: 0x0000029046710000

Metaspace:

Usage:
  Non-class:    614.52 KB used.
      Class:     35.49 KB used.
       Both:    650.01 KB used.

Virtual space:
  Non-class space:       64.00 MB reserved,     704.00 KB (  1%) committed,  1 nodes.
      Class space:        1.00 GB reserved,     128.00 KB ( <1%) committed,  1 nodes.
             Both:        1.06 GB reserved,     832.00 KB ( <1%) committed. 

Chunk freelists:
   Non-Class:  11.96 MB
       Class:  15.73 MB
        Both:  27.70 MB

MaxMetaspaceSize: unlimited
CompressedClassSpaceSize: 1.00 GB
Initial GC threshold: 21.00 MB
Current GC threshold: 21.00 MB
CDS: on
 - commit_granule_bytes: 65536.
 - commit_granule_words: 8192.
 - virtual_space_node_default_size: 8388608.
 - enlarge_chunks_in_place: 1.
 - use_allocation_guard: 0.


Internal statistics:

num_allocs_failed_limit: 0.
num_arena_births: 22.
num_arena_deaths: 0.
num_vsnodes_births: 2.
num_vsnodes_deaths: 0.
num_space_committed: 13.
num_space_uncommitted: 0.
num_chunks_returned_to_freelist: 0.
num_chunks_taken_from_freelist: 28.
num_chunk_merges: 0.
num_chunk_splits: 18.
num_chunks_enlarged: 10.
num_inconsistent_stats: 0.

CodeHeap 'non-profiled nmethods': size=120000Kb used=71Kb max_used=71Kb free=119928Kb
 bounds [0x0000029057e70000, 0x00000290580e0000, 0x000002905f3a0000]
CodeHeap 'profiled nmethods': size=120000Kb used=208Kb max_used=208Kb free=119792Kb
 bounds [0x00000290503a0000, 0x0000029050610000, 0x00000290578d0000]
CodeHeap 'non-nmethods': size=5760Kb used=1293Kb max_used=1293Kb free=4466Kb
 bounds [0x00000290578d0000, 0x0000029057b40000, 0x0000029057e70000]
 total_blobs=610 nmethods=204 adapters=311
 compilation: enabled
              stopped_count=0, restarted_count=0
 full_count=0

Compilation events (20 events):
Event: 0.166 Thread 0x00000290451b74e0  196       3       java.lang.StringBuilder::append (8 bytes)
Event: 0.166 Thread 0x00000290451b74e0 nmethod 196 0x00000290503d0790 code [0x00000290503d0940, 0x00000290503d0a90]
Event: 0.166 Thread 0x00000290451b74e0  197       3       java.lang.AbstractStringBuilder::append (45 bytes)
Event: 0.167 Thread 0x00000290451b74e0 nmethod 197 0x00000290503d0b10 code [0x00000290503d0d20, 0x00000290503d1250]
Event: 0.167 Thread 0x00000290451b74e0  198       3       jdk.internal.org.objectweb.asm.ByteVector::putShort (52 bytes)
Event: 0.167 Thread 0x00000290451b74e0 nmethod 198 0x00000290503d1490 code [0x00000290503d1640, 0x00000290503d1850]
Event: 0.167 Thread 0x00000290451b74e0  192       1       java.lang.invoke.MethodTypeForm::parameterSlotCount (5 bytes)
Event: 0.167 Thread 0x00000290451b74e0 nmethod 192 0x0000029057e81690 code [0x0000029057e81820, 0x0000029057e818e8]
Event: 0.167 Thread 0x00000290451b74e0  199       1       java.lang.invoke.MethodTypeForm::erasedType (5 bytes)
Event: 0.167 Thread 0x00000290451b74e0 nmethod 199 0x0000029057e81990 code [0x0000029057e81b20, 0x0000029057e81bf0]
Event: 0.183 Thread 0x00000290451b74e0  200       3       java.lang.System::getSecurityManager (12 bytes)
Event: 0.184 Thread 0x00000290451b74e0 nmethod 200 0x00000290503d1990 code [0x00000290503d1b20, 0x00000290503d1c90]
Event: 0.184 Thread 0x00000290451b74e0  201       3       java.lang.StringUTF16::getChar (60 bytes)
Event: 0.185 Thread 0x00000290451b74e0 nmethod 201 0x00000290503d1d10 code [0x00000290503d1ea0, 0x00000290503d2010]
Event: 0.185 Thread 0x00000290451b74e0  204       3       java.lang.String::charAt (25 bytes)
Event: 0.185 Thread 0x00000290451b74e0 nmethod 204 0x00000290503d2110 code [0x00000290503d2300, 0x00000290503d2848]
Event: 0.186 Thread 0x00000290451b74e0  203       3       java.lang.invoke.MethodType::checkPtypes (76 bytes)
Event: 0.187 Thread 0x00000290451b74e0 nmethod 203 0x00000290503d2b10 code [0x00000290503d2da0, 0x00000290503d3830]
Event: 0.187 Thread 0x00000290451b74e0  202       3       java.lang.String::indexOf (7 bytes)
Event: 0.187 Thread 0x00000290451b74e0 nmethod 202 0x00000290503d3c90 code [0x00000290503d3e40, 0x00000290503d3f80]

GC Heap History (0 events):
No events

Dll operation events (8 events):
Event: 0.029 Loaded shared library C:\Users\saimouli.maruvada\.jdks\openjdk-22.0.1\bin\java.dll
Event: 0.085 Loaded shared library C:\Users\saimouli.maruvada\.jdks\openjdk-22.0.1\bin\jsvml.dll
Event: 0.136 Loaded shared library C:\Users\saimouli.maruvada\.jdks\openjdk-22.0.1\bin\zip.dll
Event: 0.140 Loaded shared library C:\Users\saimouli.maruvada\.jdks\openjdk-22.0.1\bin\instrument.dll
Event: 0.148 Loaded shared library C:\Users\saimouli.maruvada\.jdks\openjdk-22.0.1\bin\net.dll
Event: 0.151 Loaded shared library C:\Users\saimouli.maruvada\.jdks\openjdk-22.0.1\bin\nio.dll
Event: 0.158 Loaded shared library C:\Users\saimouli.maruvada\.jdks\openjdk-22.0.1\bin\zip.dll
Event: 0.171 Loaded shared library C:\Program Files\JetBrains\IntelliJ IDEA Community Edition 2024.1.1\bin\breakgen64.dll

Deoptimization events (4 events):
Event: 0.184 Thread 0x0000029045e26c00 Uncommon trap: trap_request=0xffffff45 fr.pc=0x0000029057e80ee4 relative=0x00000000000000c4
Event: 0.184 Thread 0x0000029045e26c00 Uncommon trap: reason=unstable_if action=reinterpret pc=0x0000029057e80ee4 method=java.lang.String.isLatin1()Z @ 10 c2
Event: 0.184 Thread 0x0000029045e26c00 DEOPT PACKING pc=0x0000029057e80ee4 sp=0x0000009c622fec80
Event: 0.184 Thread 0x0000029045e26c00 DEOPT UNPACKING pc=0x00000290579246a2 sp=0x0000009c622febc0 mode 2

Classes loaded (20 events):
Event: 0.172 Loading class java/net/Socket
Event: 0.173 Loading class java/net/Socket done
Event: 0.175 Loading class java/lang/WeakPairMap$Pair$Weak
Event: 0.176 Loading class java/lang/WeakPairMap$WeakRefPeer
Event: 0.176 Loading class java/lang/WeakPairMap$WeakRefPeer done
Event: 0.176 Loading class java/lang/WeakPairMap$Pair$Weak done
Event: 0.176 Loading class java/lang/WeakPairMap$Pair$Weak$1
Event: 0.176 Loading class java/lang/WeakPairMap$Pair$Weak$1 done
Event: 0.183 Loading class jdk/internal/vm/PostVMInitHook
Event: 0.183 Loading class jdk/internal/vm/PostVMInitHook done
Event: 0.183 Loading class java/lang/invoke/VarHandleInts$FieldInstanceReadWrite
Event: 0.184 Loading class java/lang/invoke/VarHandleInts$FieldInstanceReadOnly
Event: 0.184 Loading class java/lang/invoke/VarHandleInts$FieldInstanceReadOnly done
Event: 0.184 Loading class java/lang/invoke/VarHandleInts$FieldInstanceReadWrite done
Event: 0.185 Loading class jdk/internal/loader/URLClassPath$FileLoader$1
Event: 0.185 Loading class java/net/InetSocketAddress
Event: 0.185 Loading class jdk/internal/loader/URLClassPath$FileLoader$1 done
Event: 0.185 Loading class java/net/SocketAddress
Event: 0.185 Loading class java/net/SocketAddress done
Event: 0.185 Loading class java/net/InetSocketAddress done

Classes unloaded (0 events):
No events

Classes redefined (4 events):
Event: 0.176 Thread 0x000002906729c710 redefined class name=java.io.FileOutputStream, count=1
Event: 0.179 Thread 0x000002906729c710 redefined class name=java.nio.file.Files, count=1
Event: 0.181 Thread 0x000002906729c710 redefined class name=java.io.File, count=1
Event: 0.182 Thread 0x000002906729c710 redefined class name=java.net.URLStreamHandler, count=1

Internal exceptions (2 events):
Event: 0.159 Thread 0x0000029045e26c00 Exception <a 'java/lang/NoSuchMethodError'{0x0000000715325ad8}: 'void java.lang.invoke.DirectMethodHandle$Holder.invokeStatic(java.lang.Object, java.lang.Object, java.lang.Object)'> (0x0000000715325ad8) 
thrown [s\open\src\hotspot\share\interpreter\linkResolver.cpp, line 774]
Event: 0.165 Thread 0x0000029045e26c00 Exception <a 'java/lang/NoSuchMethodError'{0x000000071533d570}: 'java.lang.Object java.lang.invoke.Invokers$Holder.invokeExact_MT(java.lang.Object, java.lang.Object, java.lang.Object, java.lang.Object, java.lang.Object)'> (0x000000071533d570) 
thrown [s\open\src\hotspot\share\interpreter\linkResolver.cpp, line 774]

ZGC Phase Switch (0 events):
No events

VM Operations (10 events):
Event: 0.123 Executing VM operation: HandshakeAllThreads (Deoptimize)
Event: 0.123 Executing VM operation: HandshakeAllThreads (Deoptimize) done
Event: 0.176 Executing VM operation: RedefineClasses
Event: 0.177 Executing VM operation: RedefineClasses done
Event: 0.179 Executing VM operation: RedefineClasses
Event: 0.180 Executing VM operation: RedefineClasses done
Event: 0.181 Executing VM operation: RedefineClasses
Event: 0.182 Executing VM operation: RedefineClasses done
Event: 0.182 Executing VM operation: RedefineClasses
Event: 0.183 Executing VM operation: RedefineClasses done

Events (16 events):
Event: 0.051 Thread 0x0000029045e26c00 Thread added: 0x0000029045e26c00
Event: 0.078 Thread 0x000002904517f5e0 Thread added: 0x000002904517f5e0
Event: 0.078 Thread 0x0000029045180400 Thread added: 0x0000029045180400
Event: 0.079 Thread 0x0000029045188520 Thread added: 0x0000029045188520
Event: 0.079 Thread 0x00000290451a93b0 Thread added: 0x00000290451a93b0
Event: 0.079 Thread 0x00000290451aae20 Thread added: 0x00000290451aae20
Event: 0.079 Thread 0x00000290451ab880 Thread added: 0x00000290451ab880
Event: 0.079 Thread 0x00000290451ac610 Thread added: 0x00000290451ac610
Event: 0.079 Thread 0x00000290451b74e0 Thread added: 0x00000290451b74e0
Event: 0.117 Thread 0x00000290452930e0 Thread added: 0x00000290452930e0
Event: 0.130 Thread 0x00000290452e0d00 Thread added: 0x00000290452e0d00
Event: 0.171 Thread 0x000002904540c610 Thread added: 0x000002904540c610
Event: 0.183 Thread 0x00000290454a1f50 Thread added: 0x00000290454a1f50
Event: 0.187 Thread 0x0000029045e26c00 Thread exited: 0x0000029045e26c00
Event: 0.187 Thread 0x0000029045e26c00 Thread added: 0x0000029045e26c00
Event: 0.188 Thread 0x0000029045e26c00 Thread exited: 0x0000029045e26c00


Dynamic libraries:
0x00007ff6b1f90000 - 0x00007ff6b1f9e000 	C:\Users\saimouli.maruvada\.jdks\openjdk-22.0.1\bin\java.exe
0x00007ffa1f870000 - 0x00007ffa1fa68000 	C:\Windows\SYSTEM32\ntdll.dll
0x00007ffa1f5c0000 - 0x00007ffa1f681000 	C:\Windows\System32\KERNEL32.DLL
0x00007ffa1f2c0000 - 0x00007ffa1f5bd000 	C:\Windows\System32\KERNELBASE.dll
0x000000007d930000 - 0x000000007d96c000 	C:\Windows\System32\cyinjct.dll
0x00007ffa1f140000 - 0x00007ffa1f149000 	C:\Windows\System32\ntnativeapi.dll
0x00007ffa18d10000 - 0x00007ffa18d27000 	C:\Users\saimouli.maruvada\.jdks\openjdk-22.0.1\bin\jli.dll
0x0000029046090000 - 0x000002904622d000 	C:\Windows\System32\USER32.dll
0x00007ffa1ce90000 - 0x00007ffa1ceb2000 	C:\Windows\System32\win32u.dll
0x00007ffa1ef70000 - 0x00007ffa1ef9b000 	C:\Windows\System32\GDI32.dll
0x00007ffa1d060000 - 0x00007ffa1d177000 	C:\Windows\System32\gdi32full.dll
0x00007ffa1cec0000 - 0x00007ffa1cf5d000 	C:\Windows\System32\msvcp_win.dll
0x0000029046230000 - 0x0000029046330000 	C:\Windows\System32\ucrtbase.dll
0x00007ffa16070000 - 0x00007ffa1608b000 	C:\Users\saimouli.maruvada\.jdks\openjdk-22.0.1\bin\VCRUNTIME140.dll
0x00007ff9fdab0000 - 0x00007ff9fdd4a000 	C:\Windows\WinSxS\amd64_microsoft.windows.common-controls_6595b64144ccf1df_6.0.19041.4355_none_60b8b9eb71f62e16\COMCTL32.dll
0x00007ffa1ede0000 - 0x00007ffa1ee7e000 	C:\Windows\System32\msvcrt.dll
0x00007ffa1f120000 - 0x00007ffa1f13e000 	C:\Windows\System32\cyvera.dll
0x00007ffa1f0a0000 - 0x00007ffa1f115000 	C:\Windows\System32\cyvrtrap.dll
0x00007ffa1d5a0000 - 0x00007ffa1d5cf000 	C:\Windows\System32\IMM32.DLL
0x000000005c840000 - 0x000000005c8b2000 	C:\Windows\System32\QIPCAP64.dll
0x00007ffa1da60000 - 0x00007ffa1e1cf000 	C:\Windows\System32\SHELL32.dll
0x00007ffa1ea10000 - 0x00007ffa1eac0000 	C:\Windows\System32\ADVAPI32.dll
0x00007ffa1d9c0000 - 0x00007ffa1da60000 	C:\Windows\System32\sechost.dll
0x00007ffa1f190000 - 0x00007ffa1f2b3000 	C:\Windows\System32\RPCRT4.dll
0x00007ffa1cdf0000 - 0x00007ffa1ce17000 	C:\Windows\System32\bcrypt.dll
0x00007ffa1c190000 - 0x00007ffa1c25a000 	C:\Windows\SYSTEM32\DNSAPI.dll
0x00007ffa1c140000 - 0x00007ffa1c17b000 	C:\Windows\SYSTEM32\IPHLPAPI.DLL
0x00007ffa1efa0000 - 0x00007ffa1efa8000 	C:\Windows\System32\NSI.dll
0x00007ffa18d00000 - 0x00007ffa18d0c000 	C:\Users\saimouli.maruvada\.jdks\openjdk-22.0.1\bin\vcruntime140_1.dll
0x00007ff9e0740000 - 0x00007ff9e07ce000 	C:\Users\saimouli.maruvada\.jdks\openjdk-22.0.1\bin\msvcp140.dll
0x00007ff98b0d0000 - 0x00007ff98be17000 	C:\Users\saimouli.maruvada\.jdks\openjdk-22.0.1\bin\server\jvm.dll
0x00007ffa1eb70000 - 0x00007ffa1ebdb000 	C:\Windows\System32\WS2_32.dll
0x00007ffa1cc40000 - 0x00007ffa1cc8b000 	C:\Windows\SYSTEM32\POWRPROF.dll
0x00007ffa11ed0000 - 0x00007ffa11ef7000 	C:\Windows\SYSTEM32\WINMM.dll
0x00007ffa14d60000 - 0x00007ffa14d6a000 	C:\Windows\SYSTEM32\VERSION.dll
0x00007ffa1cc20000 - 0x00007ffa1cc32000 	C:\Windows\SYSTEM32\UMPDC.dll
0x00007ffa1b2f0000 - 0x00007ffa1b302000 	C:\Windows\SYSTEM32\kernel.appcore.dll
0x00007ffa18c90000 - 0x00007ffa18c9a000 	C:\Users\saimouli.maruvada\.jdks\openjdk-22.0.1\bin\jimage.dll
0x00007ffa1aeb0000 - 0x00007ffa1b094000 	C:\Windows\SYSTEM32\DBGHELP.DLL
0x00007ff9f5580000 - 0x00007ff9f55b4000 	C:\Windows\SYSTEM32\dbgcore.DLL
0x00007ffa1d3e0000 - 0x00007ffa1d462000 	C:\Windows\System32\bcryptPrimitives.dll
0x00007ffa16040000 - 0x00007ffa1604f000 	C:\Users\saimouli.maruvada\.jdks\openjdk-22.0.1\bin\instrument.dll
0x00007ffa16050000 - 0x00007ffa1606e000 	C:\Users\saimouli.maruvada\.jdks\openjdk-22.0.1\bin\java.dll
0x00007ffa1d5d0000 - 0x00007ffa1d6fb000 	C:\Windows\System32\ole32.dll
0x00007ffa1e6b0000 - 0x00007ffa1ea03000 	C:\Windows\System32\combase.dll
0x00007ffa1f060000 - 0x00007ffa1f097000 	C:\Program Files\Palo Alto Networks\Traps\cyjagent.dll
0x00007ffa1a640000 - 0x00007ffa1addf000 	C:\Windows\SYSTEM32\windows.storage.dll
0x00007ffa1c660000 - 0x00007ffa1c68e000 	C:\Windows\SYSTEM32\Wldp.dll
0x00007ffa1d470000 - 0x00007ffa1d53d000 	C:\Windows\System32\OLEAUT32.dll
0x00007ffa1eac0000 - 0x00007ffa1eb6d000 	C:\Windows\System32\SHCORE.dll
0x0000029045110000 - 0x0000029045165000 	C:\Windows\System32\shlwapi.dll
0x00007ffa1cd20000 - 0x00007ffa1cd44000 	C:\Windows\SYSTEM32\profapi.dll
0x00007ff9d2330000 - 0x00007ff9d2407000 	C:\Users\saimouli.maruvada\.jdks\openjdk-22.0.1\bin\jsvml.dll
0x00007ffa15fe0000 - 0x00007ffa15ff7000 	C:\Users\saimouli.maruvada\.jdks\openjdk-22.0.1\bin\zip.dll
0x00007ffa18be0000 - 0x00007ffa18bf0000 	C:\Users\saimouli.maruvada\.jdks\openjdk-22.0.1\bin\net.dll
0x00007ffa1c440000 - 0x00007ffa1c4aa000 	C:\Windows\system32\mswsock.dll
0x00007ffa16000000 - 0x00007ffa16016000 	C:\Users\saimouli.maruvada\.jdks\openjdk-22.0.1\bin\nio.dll
0x00007ffa14640000 - 0x00007ffa1465a000 	C:\Program Files\JetBrains\IntelliJ IDEA Community Edition 2024.1.1\bin\breakgen64.dll

dbghelp: loaded successfully - version: 4.0.5 - missing functions: none
symbol engine: initialized successfully - sym options: 0x614 - pdb path: .;C:\Users\saimouli.maruvada\.jdks\openjdk-22.0.1\bin;C:\Windows\SYSTEM32;C:\Windows\WinSxS\amd64_microsoft.windows.common-controls_6595b64144ccf1df_6.0.19041.4355_none_60b8b9eb71f62e16;C:\Users\saimouli.maruvada\.jdks\openjdk-22.0.1\bin\server;C:\Program Files\Palo Alto Networks\Traps;C:\Program Files\JetBrains\IntelliJ IDEA Community Edition 2024.1.1\bin

VM Arguments:
jvm_args: -javaagent:C:\Program Files\JetBrains\IntelliJ IDEA Community Edition 2024.1.1\lib\idea_rt.jar=54971:C:\Program Files\JetBrains\IntelliJ IDEA Community Edition 2024.1.1\bin -Dfile.encoding=UTF-8 -Dsun.stdout.encoding=UTF-8 -Dsun.stderr.encoding=UTF-8 -agentpath:C:\Program Files\Palo Alto Networks\Traps\cyjagent.dll 
java_command: leet.Min
java_class_path (initial): C:\Users\saimouli.maruvada\IdeaProjects\Test2\out\production\Test2
Launcher Type: SUN_STANDARD

[Global flags]
     intx CICompilerCount                          = 4                                         {product} {ergonomic}
     uint ConcGCThreads                            = 3                                         {product} {ergonomic}
     uint G1ConcRefinementThreads                  = 10                                        {product} {ergonomic}
   size_t G1HeapRegionSize                         = 2097152                                   {product} {ergonomic}
   size_t InitialHeapSize                          = 264241152                                 {product} {ergonomic}
   size_t MarkStackSize                            = 4194304                                   {product} {ergonomic}
   size_t MaxHeapSize                              = 4200595456                                {product} {ergonomic}
   size_t MaxNewSize                               = 2518679552                                {product} {ergonomic}
   size_t MinHeapDeltaBytes                        = 2097152                                   {product} {ergonomic}
   size_t MinHeapSize                              = 8388608                                   {product} {ergonomic}
    uintx NonNMethodCodeHeapSize                   = 5839372                                {pd product} {ergonomic}
    uintx NonProfiledCodeHeapSize                  = 122909434                              {pd product} {ergonomic}
    uintx ProfiledCodeHeapSize                     = 122909434                              {pd product} {ergonomic}
    uintx ReservedCodeCacheSize                    = 251658240                              {pd product} {ergonomic}
     bool SegmentedCodeCache                       = true                                      {product} {ergonomic}
   size_t SoftMaxHeapSize                          = 4200595456                             {manageable} {ergonomic}
     bool UseCompressedOops                        = true                           {product lp64_product} {ergonomic}
     bool UseG1GC                                  = true                                      {product} {ergonomic}
     bool UseLargePagesIndividualAllocation        = false                                  {pd product} {ergonomic}

Logging:
Log output configuration:
 #0: stdout all=warning uptime,level,tags foldmultilines=false
 #1: stderr all=off uptime,level,tags foldmultilines=false

Environment Variables:
PATH=C:\Program Files (x86)\Common Files\Oracle\Java\java8path;C:\Program Files (x86)\Common Files\Oracle\Java\javapath;C:\Windows\system32;C:\Windows;C:\Windows\System32\Wbem;C:\Windows\System32\WindowsPowerShell\v1.0\;C:\Windows\System32\OpenSSH\;C:\Program Files\dotnet\;C:\Program Files (x86)\Java\jre-1.8;C:\Users\saimouli.maruvada\Downloads\apache-maven-3.9.9-bin\apache-maven-3.9.9\bin;C:\Users\saimouli.maruvada\AppData\Local\Microsoft\WindowsApps;C:\Users\saimouli.maruvada\AppData\Local\Programs\Git\cmd
USERNAME=Saimouli.Maruvada
OS=Windows_NT
PROCESSOR_IDENTIFIER=Intel64 Family 6 Model 186 Stepping 3, GenuineIntel
TMP=C:\Users\SAIMOU~1.MAR\AppData\Local\Temp
TEMP=C:\Users\SAIMOU~1.MAR\AppData\Local\Temp




Periodic native trim disabled

---------------  S Y S T E M  ---------------

OS:
 Windows 10 , 64 bit Build 19041 (10.0.19041.4717)
OS uptime: 9 days 5:57 hours
Hyper-V role detected

CPU: total 12 (initial active 12) (6 cores per cpu, 2 threads per core) family 6 model 186 stepping 3 microcode 0x411d, cx8, cmov, fxsr, ht, mmx, 3dnowpref, sse, sse2, sse3, ssse3, sse4.1, sse4.2, popcnt, lzcnt, tsc, tscinvbit, avx, avx2, aes, erms, clmul, bmi1, bmi2, adx, sha, fma, vzeroupper, clflush, clflushopt, clwb, hv, rdtscp, rdpid, fsrm, f16c, cet_ibt, cet_ss
Processor Information for processor 0
  Max Mhz: 1300, Current Mhz: 1300, Mhz Limit: 1300
Processor Information for processor 1
  Max Mhz: 1300, Current Mhz: 1300, Mhz Limit: 1300
Processor Information for processor 2
  Max Mhz: 1300, Current Mhz: 1300, Mhz Limit: 1300
Processor Information for processor 3
  Max Mhz: 1300, Current Mhz: 1300, Mhz Limit: 1300
Processor Information for processor 4
  Max Mhz: 1300, Current Mhz: 900, Mhz Limit: 897
Processor Information for processor 5
  Max Mhz: 1300, Current Mhz: 900, Mhz Limit: 897
Processor Information for processor 6
  Max Mhz: 1300, Current Mhz: 900, Mhz Limit: 897
Processor Information for processor 7
  Max Mhz: 1300, Current Mhz: 900, Mhz Limit: 897
Processor Information for processor 8
  Max Mhz: 1300, Current Mhz: 900, Mhz Limit: 897
Processor Information for processor 9
  Max Mhz: 1300, Current Mhz: 900, Mhz Limit: 897
Processor Information for processor 10
  Max Mhz: 1300, Current Mhz: 900, Mhz Limit: 897
Processor Information for processor 11
  Max Mhz: 1300, Current Mhz: 900, Mhz Limit: 897

Memory: 4k page, system-wide physical 16016M (2524M free)
TotalPageFile size 31014M (AvailPageFile size 4243M)
current process WorkingSet (physical memory assigned to process): 42M, peak: 42M
current process commit charge ("private bytes"): 344M, peak: 344M

vm_info: OpenJDK 64-Bit Server VM (22.0.1+8-16) for windows-amd64 JRE (22.0.1+8-16), built on 2024-03-12T10:33:16Z by "mach5one" with MS VC++ 17.6 (VS2022)

END.
